[0.013s] Invoking command in '/home/pranav/the_mapper/build/mapper_description': CMAKE_PREFIX_PATH=${CMAKE_PREFIX_PATH}:/opt/ros/humble /usr/bin/cmake /home/pranav/the_mapper/src/mapper_description -DCMAKE_INSTALL_PREFIX=/home/pranav/the_mapper/install/mapper_description
[0.090s] -- The C compiler identification is GNU 11.4.0
[0.156s] -- The CXX compiler identification is GNU 11.4.0
[0.168s] -- Detecting C compiler ABI info
[0.255s] -- Detecting C compiler ABI info - done
[0.264s] -- Check for working C compiler: /usr/bin/cc - skipped
[0.265s] -- Detecting C compile features
[0.267s] -- Detecting C compile features - done
[0.270s] -- Detecting CXX compiler ABI info
[0.368s] -- Detecting CXX compiler ABI info - done
[0.378s] -- Check for working CXX compiler: /usr/bin/c++ - skipped
[0.378s] -- Detecting CXX compile features
[0.378s] -- Detecting CXX compile features - done
[0.382s] -- Found ament_cmake: 1.3.10 (/opt/ros/humble/share/ament_cmake/cmake)
[0.550s] -- Found Python3: /usr/bin/python3 (found version "3.10.12") found components: Interpreter 
[0.736s] -- Configuring done
[0.738s] -- Generating done
[0.741s] -- Build files have been written to: /home/pranav/the_mapper/build/mapper_description
[0.746s] Invoked command in '/home/pranav/the_mapper/build/mapper_description' returned '0': CMAKE_PREFIX_PATH=${CMAKE_PREFIX_PATH}:/opt/ros/humble /usr/bin/cmake /home/pranav/the_mapper/src/mapper_description -DCMAKE_INSTALL_PREFIX=/home/pranav/the_mapper/install/mapper_description
[0.749s] Invoking command in '/home/pranav/the_mapper/build/mapper_description': CMAKE_PREFIX_PATH=${CMAKE_PREFIX_PATH}:/opt/ros/humble /usr/bin/cmake --build /home/pranav/the_mapper/build/mapper_description -- -j4 -l4
[0.799s] Invoked command in '/home/pranav/the_mapper/build/mapper_description' returned '0': CMAKE_PREFIX_PATH=${CMAKE_PREFIX_PATH}:/opt/ros/humble /usr/bin/cmake --build /home/pranav/the_mapper/build/mapper_description -- -j4 -l4
[0.845s] Invoking command in '/home/pranav/the_mapper/build/mapper_description': CMAKE_PREFIX_PATH=${CMAKE_PREFIX_PATH}:/opt/ros/humble /usr/bin/cmake --install /home/pranav/the_mapper/build/mapper_description
[0.854s] -- Install configuration: ""
[0.854s] -- Installing: /home/pranav/the_mapper/install/mapper_description/share/mapper_description//urdf
[0.854s] -- Installing: /home/pranav/the_mapper/install/mapper_description/share/mapper_description//urdf/sensors.xacro
[0.854s] -- Installing: /home/pranav/the_mapper/install/mapper_description/share/mapper_description//urdf/mobile_base_gazebo.xacro
[0.855s] -- Installing: /home/pranav/the_mapper/install/mapper_description/share/mapper_description//urdf/mapper.urdf.xacro
[0.856s] -- Installing: /home/pranav/the_mapper/install/mapper_description/share/mapper_description//urdf/common_properties.xacro
[0.857s] -- Installing: /home/pranav/the_mapper/install/mapper_description/share/mapper_description//urdf/mobile_base.xacro
[0.858s] -- Installing: /home/pranav/the_mapper/install/mapper_description/share/mapper_description//launch
[0.858s] -- Installing: /home/pranav/the_mapper/install/mapper_description/share/mapper_description//launch/display.launch.xml
[0.858s] -- Installing: /home/pranav/the_mapper/install/mapper_description/share/mapper_description//launch/display.launch.py
[0.858s] -- Installing: /home/pranav/the_mapper/install/mapper_description/share/mapper_description//rviz
[0.859s] -- Installing: /home/pranav/the_mapper/install/mapper_description/share/mapper_description//rviz/urdf_config.rviz
[0.862s] -- Installing: /home/pranav/the_mapper/install/mapper_description/share/ament_index/resource_index/package_run_dependencies/mapper_description
[0.862s] -- Installing: /home/pranav/the_mapper/install/mapper_description/share/ament_index/resource_index/parent_prefix_path/mapper_description
[0.862s] -- Installing: /home/pranav/the_mapper/install/mapper_description/share/mapper_description/environment/ament_prefix_path.sh
[0.862s] -- Installing: /home/pranav/the_mapper/install/mapper_description/share/mapper_description/environment/ament_prefix_path.dsv
[0.862s] -- Installing: /home/pranav/the_mapper/install/mapper_description/share/mapper_description/environment/path.sh
[0.862s] -- Installing: /home/pranav/the_mapper/install/mapper_description/share/mapper_description/environment/path.dsv
[0.862s] -- Installing: /home/pranav/the_mapper/install/mapper_description/share/mapper_description/local_setup.bash
[0.862s] -- Installing: /home/pranav/the_mapper/install/mapper_description/share/mapper_description/local_setup.sh
[0.862s] -- Installing: /home/pranav/the_mapper/install/mapper_description/share/mapper_description/local_setup.zsh
[0.862s] -- Installing: /home/pranav/the_mapper/install/mapper_description/share/mapper_description/local_setup.dsv
[0.862s] -- Installing: /home/pranav/the_mapper/install/mapper_description/share/mapper_description/package.dsv
[0.862s] -- Installing: /home/pranav/the_mapper/install/mapper_description/share/ament_index/resource_index/packages/mapper_description
[0.862s] -- Installing: /home/pranav/the_mapper/install/mapper_description/share/mapper_description/cmake/mapper_descriptionConfig.cmake
[0.862s] -- Installing: /home/pranav/the_mapper/install/mapper_description/share/mapper_description/cmake/mapper_descriptionConfig-version.cmake
[0.863s] -- Installing: /home/pranav/the_mapper/install/mapper_description/share/mapper_description/package.xml
[0.865s] Invoked command in '/home/pranav/the_mapper/build/mapper_description' returned '0': CMAKE_PREFIX_PATH=${CMAKE_PREFIX_PATH}:/opt/ros/humble /usr/bin/cmake --install /home/pranav/the_mapper/build/mapper_description
