[0.030s] Invoking command in '/home/pranav/the_mapper/build/ground_mapper': CMAKE_PREFIX_PATH=${CMAKE_PREFIX_PATH}:/opt/ros/humble /usr/bin/cmake --build /home/pranav/the_mapper/build/ground_mapper -- -j4 -l4
[0.333s] [ 50%] Built target mapping_node
[0.418s] [100%] Built target pointcloud_saver
[0.447s] Invoked command in '/home/pranav/the_mapper/build/ground_mapper' returned '0': CMAKE_PREFIX_PATH=${CMAKE_PREFIX_PATH}:/opt/ros/humble /usr/bin/cmake --build /home/pranav/the_mapper/build/ground_mapper -- -j4 -l4
[0.451s] Invoking command in '/home/pranav/the_mapper/build/ground_mapper': CMAKE_PREFIX_PATH=${CMAKE_PREFIX_PATH}:/opt/ros/humble /usr/bin/cmake --install /home/pranav/the_mapper/build/ground_mapper
[0.463s] -- Install configuration: ""
[0.464s] -- Execute custom install script
[0.466s] -- Up-to-date symlink: /home/pranav/the_mapper/install/ground_mapper/lib/ground_mapper/pointcloud_saver
[0.467s] -- Up-to-date symlink: /home/pranav/the_mapper/install/ground_mapper/lib/ground_mapper/mapping_node
[0.468s] -- Up-to-date symlink: /home/pranav/the_mapper/install/ground_mapper/share/ground_mapper/launch/ground_mapping.launch.py
[0.469s] -- Up-to-date symlink: /home/pranav/the_mapper/install/ground_mapper/share/ground_mapper/launch/octomap_server.launch.py
[0.470s] -- Up-to-date symlink: /home/pranav/the_mapper/install/ground_mapper/share/ament_index/resource_index/package_run_dependencies/ground_mapper
[0.471s] -- Up-to-date symlink: /home/pranav/the_mapper/install/ground_mapper/share/ament_index/resource_index/parent_prefix_path/ground_mapper
[0.471s] -- Up-to-date symlink: /home/pranav/the_mapper/install/ground_mapper/share/ground_mapper/environment/ament_prefix_path.sh
[0.472s] -- Up-to-date symlink: /home/pranav/the_mapper/install/ground_mapper/share/ground_mapper/environment/ament_prefix_path.dsv
[0.473s] -- Up-to-date symlink: /home/pranav/the_mapper/install/ground_mapper/share/ground_mapper/environment/path.sh
[0.473s] -- Up-to-date symlink: /home/pranav/the_mapper/install/ground_mapper/share/ground_mapper/environment/path.dsv
[0.474s] -- Up-to-date symlink: /home/pranav/the_mapper/install/ground_mapper/share/ground_mapper/local_setup.bash
[0.475s] -- Up-to-date symlink: /home/pranav/the_mapper/install/ground_mapper/share/ground_mapper/local_setup.sh
[0.487s] -- Up-to-date symlink: /home/pranav/the_mapper/install/ground_mapper/share/ground_mapper/local_setup.zsh
[0.487s] -- Up-to-date symlink: /home/pranav/the_mapper/install/ground_mapper/share/ground_mapper/local_setup.dsv
[0.488s] -- Symlinking: /home/pranav/the_mapper/install/ground_mapper/share/ground_mapper/package.dsv
[0.500s] -- Up-to-date symlink: /home/pranav/the_mapper/install/ground_mapper/share/ament_index/resource_index/packages/ground_mapper
[0.501s] -- Up-to-date symlink: /home/pranav/the_mapper/install/ground_mapper/share/ground_mapper/cmake/ground_mapperConfig.cmake
[0.502s] -- Up-to-date symlink: /home/pranav/the_mapper/install/ground_mapper/share/ground_mapper/cmake/ground_mapperConfig-version.cmake
[0.502s] -- Up-to-date symlink: /home/pranav/the_mapper/install/ground_mapper/share/ground_mapper/package.xml
[0.505s] Invoked command in '/home/pranav/the_mapper/build/ground_mapper' returned '0': CMAKE_PREFIX_PATH=${CMAKE_PREFIX_PATH}:/opt/ros/humble /usr/bin/cmake --install /home/pranav/the_mapper/build/ground_mapper
