[0.023s] Invoking command in '/home/pranav/the_mapper/build/ekf_fusion': CMAKE_PREFIX_PATH=${CMAKE_PREFIX_PATH}:/home/pranav/ws/install/mypkg:/home/pranav/learning_ws/install/mypkg:/opt/ros/humble /usr/bin/cmake /home/pranav/the_mapper/src/ekf_fusion -DCMAKE_INSTALL_PREFIX=/home/pranav/the_mapper/install/ekf_fusion
[0.184s] -- The C compiler identification is GNU 11.4.0
[0.305s] -- The CXX compiler identification is GNU 11.4.0
[0.323s] -- Detecting C compiler ABI info
[0.440s] -- Detecting C compiler ABI info - done
[0.451s] -- Check for working C compiler: /usr/bin/cc - skipped
[0.452s] -- Detecting C compile features
[0.453s] -- Detecting C compile features - done
[0.458s] -- Detecting CXX compiler ABI info
[0.579s] -- Detecting CXX compiler ABI info - done
[0.579s] -- Check for working CXX compiler: /usr/bin/c++ - skipped
[0.579s] -- Detecting CXX compile features
[0.579s] -- Detecting CXX compile features - done
[0.589s] -- Found ament_cmake: 1.3.10 (/opt/ros/humble/share/ament_cmake/cmake)
[0.765s] -- Found Python3: /usr/bin/python3 (found version "3.10.12") found components: Interpreter 
[0.935s] -- Found rclcpp: 16.0.10 (/opt/ros/humble/share/rclcpp/cmake)
[1.030s] -- Found rosidl_generator_c: 3.1.5 (/opt/ros/humble/share/rosidl_generator_c/cmake)
[1.043s] -- Found rosidl_adapter: 3.1.5 (/opt/ros/humble/share/rosidl_adapter/cmake)
[1.063s] -- Found rosidl_generator_cpp: 3.1.5 (/opt/ros/humble/share/rosidl_generator_cpp/cmake)
[1.093s] -- Using all available rosidl_typesupport_c: rosidl_typesupport_fastrtps_c;rosidl_typesupport_introspection_c
[1.125s] -- Using all available rosidl_typesupport_cpp: rosidl_typesupport_fastrtps_cpp;rosidl_typesupport_introspection_cpp
[1.222s] -- Found rmw_implementation_cmake: 6.1.2 (/opt/ros/humble/share/rmw_implementation_cmake/cmake)
[1.230s] -- Found rmw_cyclonedds_cpp: 1.3.4 (/opt/ros/humble/share/rmw_cyclonedds_cpp/cmake)
[1.284s] -- Using RMW implementation 'rmw_cyclonedds_cpp' as default
[1.305s] -- Looking for pthread.h
[1.414s] -- Looking for pthread.h - found
[1.414s] -- Performing Test CMAKE_HAVE_LIBC_PTHREAD
[1.510s] -- Performing Test CMAKE_HAVE_LIBC_PTHREAD - Success
[1.511s] -- Found Threads: TRUE  
[1.613s] -- Found sensor_msgs: 4.2.4 (/opt/ros/humble/share/sensor_msgs/cmake)
[1.674s] -- Found nav_msgs: 4.2.4 (/opt/ros/humble/share/nav_msgs/cmake)
[1.714s] -- Found ament_lint_auto: 0.12.11 (/opt/ros/humble/share/ament_lint_auto/cmake)
[1.821s] -- Added test 'cppcheck' to perform static code analysis on C / C++ code
[1.822s] -- Configured cppcheck include dirs: 
[1.822s] -- Configured cppcheck exclude dirs and/or files: 
[1.825s] -- Added test 'lint_cmake' to check CMake code style
[1.827s] -- Added test 'uncrustify' to check C / C++ code style
[1.827s] -- Configured uncrustify additional arguments: 
[1.829s] -- Added test 'xmllint' to check XML markup files
[1.831s] -- Configuring done
[1.836s] -- Generating done
[1.837s] -- Build files have been written to: /home/pranav/the_mapper/build/ekf_fusion
[1.849s] Invoked command in '/home/pranav/the_mapper/build/ekf_fusion' returned '0': CMAKE_PREFIX_PATH=${CMAKE_PREFIX_PATH}:/home/pranav/ws/install/mypkg:/home/pranav/learning_ws/install/mypkg:/opt/ros/humble /usr/bin/cmake /home/pranav/the_mapper/src/ekf_fusion -DCMAKE_INSTALL_PREFIX=/home/pranav/the_mapper/install/ekf_fusion
[1.858s] Invoking command in '/home/pranav/the_mapper/build/ekf_fusion': CMAKE_PREFIX_PATH=${CMAKE_PREFIX_PATH}:/home/pranav/ws/install/mypkg:/home/pranav/learning_ws/install/mypkg:/opt/ros/humble /usr/bin/cmake --build /home/pranav/the_mapper/build/ekf_fusion -- -j4 -l4
[1.913s] Invoked command in '/home/pranav/the_mapper/build/ekf_fusion' returned '0': CMAKE_PREFIX_PATH=${CMAKE_PREFIX_PATH}:/home/pranav/ws/install/mypkg:/home/pranav/learning_ws/install/mypkg:/opt/ros/humble /usr/bin/cmake --build /home/pranav/the_mapper/build/ekf_fusion -- -j4 -l4
[1.967s] Invoking command in '/home/pranav/the_mapper/build/ekf_fusion': CMAKE_PREFIX_PATH=${CMAKE_PREFIX_PATH}:/home/pranav/ws/install/mypkg:/home/pranav/learning_ws/install/mypkg:/opt/ros/humble /usr/bin/cmake --install /home/pranav/the_mapper/build/ekf_fusion
[1.969s] -- Install configuration: ""
[1.970s] -- Installing: /home/pranav/the_mapper/install/ekf_fusion/share/ament_index/resource_index/package_run_dependencies/ekf_fusion
[1.970s] -- Installing: /home/pranav/the_mapper/install/ekf_fusion/share/ament_index/resource_index/parent_prefix_path/ekf_fusion
[1.971s] -- Installing: /home/pranav/the_mapper/install/ekf_fusion/share/ekf_fusion/environment/ament_prefix_path.sh
[1.971s] -- Installing: /home/pranav/the_mapper/install/ekf_fusion/share/ekf_fusion/environment/ament_prefix_path.dsv
[1.972s] -- Installing: /home/pranav/the_mapper/install/ekf_fusion/share/ekf_fusion/environment/path.sh
[1.972s] -- Installing: /home/pranav/the_mapper/install/ekf_fusion/share/ekf_fusion/environment/path.dsv
[1.972s] -- Installing: /home/pranav/the_mapper/install/ekf_fusion/share/ekf_fusion/local_setup.bash
[1.973s] -- Installing: /home/pranav/the_mapper/install/ekf_fusion/share/ekf_fusion/local_setup.sh
[1.973s] -- Installing: /home/pranav/the_mapper/install/ekf_fusion/share/ekf_fusion/local_setup.zsh
[1.973s] -- Installing: /home/pranav/the_mapper/install/ekf_fusion/share/ekf_fusion/local_setup.dsv
[1.974s] -- Installing: /home/pranav/the_mapper/install/ekf_fusion/share/ekf_fusion/package.dsv
[1.974s] -- Installing: /home/pranav/the_mapper/install/ekf_fusion/share/ament_index/resource_index/packages/ekf_fusion
[1.975s] -- Installing: /home/pranav/the_mapper/install/ekf_fusion/share/ekf_fusion/cmake/ekf_fusionConfig.cmake
[1.975s] -- Installing: /home/pranav/the_mapper/install/ekf_fusion/share/ekf_fusion/cmake/ekf_fusionConfig-version.cmake
[1.975s] -- Installing: /home/pranav/the_mapper/install/ekf_fusion/share/ekf_fusion/package.xml
[1.979s] Invoked command in '/home/pranav/the_mapper/build/ekf_fusion' returned '0': CMAKE_PREFIX_PATH=${CMAKE_PREFIX_PATH}:/home/pranav/ws/install/mypkg:/home/pranav/learning_ws/install/mypkg:/opt/ros/humble /usr/bin/cmake --install /home/pranav/the_mapper/build/ekf_fusion
