[0.143s] DEBUG:colcon:Command line arguments: ['/usr/bin/colcon', 'build', '--symlink-install']
[0.143s] DEBUG:colcon:Parsed command line arguments: Namespace(log_base=None, log_level=None, verb_name='build', build_base='build', install_base='install', merge_install=False, symlink_install=True, test_result_base=None, continue_on_error=False, executor='parallel', parallel_workers=4, event_handlers=None, ignore_user_meta=False, metas=['./colcon.meta'], base_paths=['.'], packages_ignore=None, packages_ignore_regex=None, paths=None, packages_up_to=None, packages_up_to_regex=None, packages_above=None, packages_above_and_dependencies=None, packages_above_depth=None, packages_select_by_dep=None, packages_skip_by_dep=None, packages_skip_up_to=None, packages_select_build_failed=False, packages_skip_build_finished=False, packages_select_test_failures=False, packages_skip_test_passed=False, packages_select=None, packages_skip=None, packages_select_regex=None, packages_skip_regex=None, packages_start=None, packages_end=None, allow_overriding=[], cmake_args=None, cmake_target=None, cmake_target_skip_unavailable=False, cmake_clean_cache=False, cmake_clean_first=False, cmake_force_configure=False, ament_cmake_args=None, catkin_cmake_args=None, catkin_skip_building_tests=False, mixin_files=None, mixin=None, verb_parser=<colcon_mixin.mixin.mixin_argument.MixinArgumentDecorator object at 0x7a43c5556a10>, verb_extension=<colcon_core.verb.build.BuildVerb object at 0x7a43c5555b70>, main=<bound method BuildVerb.main of <colcon_core.verb.build.BuildVerb object at 0x7a43c5555b70>>, mixin_verb=('build',))
[0.360s] Level 1:colcon.colcon_core.package_discovery:discover_packages(colcon_meta) check parameters
[0.360s] Level 1:colcon.colcon_core.package_discovery:discover_packages(recursive) check parameters
[0.360s] Level 1:colcon.colcon_core.package_discovery:discover_packages(ignore) check parameters
[0.360s] Level 1:colcon.colcon_core.package_discovery:discover_packages(path) check parameters
[0.360s] Level 1:colcon.colcon_core.package_discovery:discover_packages(colcon_meta) discover
[0.360s] Level 1:colcon.colcon_core.package_discovery:discover_packages(recursive) discover
[0.360s] INFO:colcon.colcon_core.package_discovery:Crawling recursively for packages in '/home/pranav/the_mapper'
[0.361s] Level 1:colcon.colcon_core.package_identification:_identify(.) by extensions ['ignore', 'ignore_ament_install']
[0.361s] Level 1:colcon.colcon_core.package_identification:_identify(.) by extension 'ignore'
[0.361s] Level 1:colcon.colcon_core.package_identification:_identify(.) by extension 'ignore_ament_install'
[0.361s] Level 1:colcon.colcon_core.package_identification:_identify(.) by extensions ['colcon_pkg']
[0.361s] Level 1:colcon.colcon_core.package_identification:_identify(.) by extension 'colcon_pkg'
[0.361s] Level 1:colcon.colcon_core.package_identification:_identify(.) by extensions ['colcon_meta']
[0.361s] Level 1:colcon.colcon_core.package_identification:_identify(.) by extension 'colcon_meta'
[0.361s] Level 1:colcon.colcon_core.package_identification:_identify(.) by extensions ['ros']
[0.361s] Level 1:colcon.colcon_core.package_identification:_identify(.) by extension 'ros'
[0.379s] Level 1:colcon.colcon_core.package_identification:_identify(.) by extensions ['cmake', 'python']
[0.379s] Level 1:colcon.colcon_core.package_identification:_identify(.) by extension 'cmake'
[0.379s] Level 1:colcon.colcon_core.package_identification:_identify(.) by extension 'python'
[0.379s] Level 1:colcon.colcon_core.package_identification:_identify(.) by extensions ['python_setup_py']
[0.379s] Level 1:colcon.colcon_core.package_identification:_identify(.) by extension 'python_setup_py'
[0.379s] Level 1:colcon.colcon_core.package_identification:_identify(build) by extensions ['ignore', 'ignore_ament_install']
[0.379s] Level 1:colcon.colcon_core.package_identification:_identify(build) by extension 'ignore'
[0.379s] Level 1:colcon.colcon_core.package_identification:_identify(build) ignored
[0.379s] Level 1:colcon.colcon_core.package_identification:_identify(install) by extensions ['ignore', 'ignore_ament_install']
[0.379s] Level 1:colcon.colcon_core.package_identification:_identify(install) by extension 'ignore'
[0.379s] Level 1:colcon.colcon_core.package_identification:_identify(install) ignored
[0.379s] Level 1:colcon.colcon_core.package_identification:_identify(log) by extensions ['ignore', 'ignore_ament_install']
[0.380s] Level 1:colcon.colcon_core.package_identification:_identify(log) by extension 'ignore'
[0.380s] Level 1:colcon.colcon_core.package_identification:_identify(log) ignored
[0.380s] Level 1:colcon.colcon_core.package_identification:_identify(src) by extensions ['ignore', 'ignore_ament_install']
[0.380s] Level 1:colcon.colcon_core.package_identification:_identify(src) by extension 'ignore'
[0.380s] Level 1:colcon.colcon_core.package_identification:_identify(src) by extension 'ignore_ament_install'
[0.380s] Level 1:colcon.colcon_core.package_identification:_identify(src) by extensions ['colcon_pkg']
[0.380s] Level 1:colcon.colcon_core.package_identification:_identify(src) by extension 'colcon_pkg'
[0.380s] Level 1:colcon.colcon_core.package_identification:_identify(src) by extensions ['colcon_meta']
[0.381s] Level 1:colcon.colcon_core.package_identification:_identify(src) by extension 'colcon_meta'
[0.381s] Level 1:colcon.colcon_core.package_identification:_identify(src) by extensions ['ros']
[0.381s] Level 1:colcon.colcon_core.package_identification:_identify(src) by extension 'ros'
[0.381s] Level 1:colcon.colcon_core.package_identification:_identify(src) by extensions ['cmake', 'python']
[0.381s] Level 1:colcon.colcon_core.package_identification:_identify(src) by extension 'cmake'
[0.381s] Level 1:colcon.colcon_core.package_identification:_identify(src) by extension 'python'
[0.381s] Level 1:colcon.colcon_core.package_identification:_identify(src) by extensions ['python_setup_py']
[0.381s] Level 1:colcon.colcon_core.package_identification:_identify(src) by extension 'python_setup_py'
[0.381s] Level 1:colcon.colcon_core.package_identification:_identify(src/ground_mapper) by extensions ['ignore', 'ignore_ament_install']
[0.381s] Level 1:colcon.colcon_core.package_identification:_identify(src/ground_mapper) by extension 'ignore'
[0.381s] Level 1:colcon.colcon_core.package_identification:_identify(src/ground_mapper) by extension 'ignore_ament_install'
[0.381s] Level 1:colcon.colcon_core.package_identification:_identify(src/ground_mapper) by extensions ['colcon_pkg']
[0.381s] Level 1:colcon.colcon_core.package_identification:_identify(src/ground_mapper) by extension 'colcon_pkg'
[0.381s] Level 1:colcon.colcon_core.package_identification:_identify(src/ground_mapper) by extensions ['colcon_meta']
[0.382s] Level 1:colcon.colcon_core.package_identification:_identify(src/ground_mapper) by extension 'colcon_meta'
[0.382s] Level 1:colcon.colcon_core.package_identification:_identify(src/ground_mapper) by extensions ['ros']
[0.382s] Level 1:colcon.colcon_core.package_identification:_identify(src/ground_mapper) by extension 'ros'
[0.385s] DEBUG:colcon.colcon_core.package_identification:Package 'src/ground_mapper' with type 'ros.ament_cmake' and name 'ground_mapper'
[0.385s] Level 1:colcon.colcon_core.package_identification:_identify(src/mapper_bringup) by extensions ['ignore', 'ignore_ament_install']
[0.385s] Level 1:colcon.colcon_core.package_identification:_identify(src/mapper_bringup) by extension 'ignore'
[0.385s] Level 1:colcon.colcon_core.package_identification:_identify(src/mapper_bringup) by extension 'ignore_ament_install'
[0.386s] Level 1:colcon.colcon_core.package_identification:_identify(src/mapper_bringup) by extensions ['colcon_pkg']
[0.386s] Level 1:colcon.colcon_core.package_identification:_identify(src/mapper_bringup) by extension 'colcon_pkg'
[0.386s] Level 1:colcon.colcon_core.package_identification:_identify(src/mapper_bringup) by extensions ['colcon_meta']
[0.386s] Level 1:colcon.colcon_core.package_identification:_identify(src/mapper_bringup) by extension 'colcon_meta'
[0.386s] Level 1:colcon.colcon_core.package_identification:_identify(src/mapper_bringup) by extensions ['ros']
[0.386s] Level 1:colcon.colcon_core.package_identification:_identify(src/mapper_bringup) by extension 'ros'
[0.387s] DEBUG:colcon.colcon_core.package_identification:Package 'src/mapper_bringup' with type 'ros.ament_cmake' and name 'mapper_bringup'
[0.388s] Level 1:colcon.colcon_core.package_identification:_identify(src/mapper_description) by extensions ['ignore', 'ignore_ament_install']
[0.388s] Level 1:colcon.colcon_core.package_identification:_identify(src/mapper_description) by extension 'ignore'
[0.388s] Level 1:colcon.colcon_core.package_identification:_identify(src/mapper_description) by extension 'ignore_ament_install'
[0.388s] Level 1:colcon.colcon_core.package_identification:_identify(src/mapper_description) by extensions ['colcon_pkg']
[0.388s] Level 1:colcon.colcon_core.package_identification:_identify(src/mapper_description) by extension 'colcon_pkg'
[0.388s] Level 1:colcon.colcon_core.package_identification:_identify(src/mapper_description) by extensions ['colcon_meta']
[0.388s] Level 1:colcon.colcon_core.package_identification:_identify(src/mapper_description) by extension 'colcon_meta'
[0.388s] Level 1:colcon.colcon_core.package_identification:_identify(src/mapper_description) by extensions ['ros']
[0.388s] Level 1:colcon.colcon_core.package_identification:_identify(src/mapper_description) by extension 'ros'
[0.389s] DEBUG:colcon.colcon_core.package_identification:Package 'src/mapper_description' with type 'ros.ament_cmake' and name 'mapper_description'
[0.389s] Level 1:colcon.colcon_core.package_discovery:discover_packages(recursive) using defaults
[0.389s] Level 1:colcon.colcon_core.package_discovery:discover_packages(ignore) discover
[0.389s] Level 1:colcon.colcon_core.package_discovery:discover_packages(ignore) using defaults
[0.389s] Level 1:colcon.colcon_core.package_discovery:discover_packages(path) discover
[0.389s] Level 1:colcon.colcon_core.package_discovery:discover_packages(path) using defaults
[0.405s] Level 1:colcon.colcon_core.package_discovery:discover_packages(prefix_path) check parameters
[0.406s] Level 1:colcon.colcon_core.package_discovery:discover_packages(prefix_path) discover
[0.408s] DEBUG:colcon.colcon_installed_package_information.package_discovery:Found 295 installed packages in /opt/ros/humble
[0.410s] Level 1:colcon.colcon_core.package_discovery:discover_packages(prefix_path) using defaults
[0.447s] Level 5:colcon.colcon_core.verb:set package 'ground_mapper' build argument 'cmake_args' from command line to 'None'
[0.447s] Level 5:colcon.colcon_core.verb:set package 'ground_mapper' build argument 'cmake_target' from command line to 'None'
[0.447s] Level 5:colcon.colcon_core.verb:set package 'ground_mapper' build argument 'cmake_target_skip_unavailable' from command line to 'False'
[0.447s] Level 5:colcon.colcon_core.verb:set package 'ground_mapper' build argument 'cmake_clean_cache' from command line to 'False'
[0.447s] Level 5:colcon.colcon_core.verb:set package 'ground_mapper' build argument 'cmake_clean_first' from command line to 'False'
[0.447s] Level 5:colcon.colcon_core.verb:set package 'ground_mapper' build argument 'cmake_force_configure' from command line to 'False'
[0.447s] Level 5:colcon.colcon_core.verb:set package 'ground_mapper' build argument 'ament_cmake_args' from command line to 'None'
[0.447s] Level 5:colcon.colcon_core.verb:set package 'ground_mapper' build argument 'catkin_cmake_args' from command line to 'None'
[0.447s] Level 5:colcon.colcon_core.verb:set package 'ground_mapper' build argument 'catkin_skip_building_tests' from command line to 'False'
[0.447s] DEBUG:colcon.colcon_core.verb:Building package 'ground_mapper' with the following arguments: {'ament_cmake_args': None, 'build_base': '/home/pranav/the_mapper/build/ground_mapper', 'catkin_cmake_args': None, 'catkin_skip_building_tests': False, 'cmake_args': None, 'cmake_clean_cache': False, 'cmake_clean_first': False, 'cmake_force_configure': False, 'cmake_target': None, 'cmake_target_skip_unavailable': False, 'install_base': '/home/pranav/the_mapper/install/ground_mapper', 'merge_install': False, 'path': '/home/pranav/the_mapper/src/ground_mapper', 'symlink_install': True, 'test_result_base': None}
[0.447s] Level 5:colcon.colcon_core.verb:set package 'mapper_description' build argument 'cmake_args' from command line to 'None'
[0.447s] Level 5:colcon.colcon_core.verb:set package 'mapper_description' build argument 'cmake_target' from command line to 'None'
[0.447s] Level 5:colcon.colcon_core.verb:set package 'mapper_description' build argument 'cmake_target_skip_unavailable' from command line to 'False'
[0.447s] Level 5:colcon.colcon_core.verb:set package 'mapper_description' build argument 'cmake_clean_cache' from command line to 'False'
[0.447s] Level 5:colcon.colcon_core.verb:set package 'mapper_description' build argument 'cmake_clean_first' from command line to 'False'
[0.447s] Level 5:colcon.colcon_core.verb:set package 'mapper_description' build argument 'cmake_force_configure' from command line to 'False'
[0.447s] Level 5:colcon.colcon_core.verb:set package 'mapper_description' build argument 'ament_cmake_args' from command line to 'None'
[0.447s] Level 5:colcon.colcon_core.verb:set package 'mapper_description' build argument 'catkin_cmake_args' from command line to 'None'
[0.447s] Level 5:colcon.colcon_core.verb:set package 'mapper_description' build argument 'catkin_skip_building_tests' from command line to 'False'
[0.447s] DEBUG:colcon.colcon_core.verb:Building package 'mapper_description' with the following arguments: {'ament_cmake_args': None, 'build_base': '/home/pranav/the_mapper/build/mapper_description', 'catkin_cmake_args': None, 'catkin_skip_building_tests': False, 'cmake_args': None, 'cmake_clean_cache': False, 'cmake_clean_first': False, 'cmake_force_configure': False, 'cmake_target': None, 'cmake_target_skip_unavailable': False, 'install_base': '/home/pranav/the_mapper/install/mapper_description', 'merge_install': False, 'path': '/home/pranav/the_mapper/src/mapper_description', 'symlink_install': True, 'test_result_base': None}
[0.447s] Level 5:colcon.colcon_core.verb:set package 'mapper_bringup' build argument 'cmake_args' from command line to 'None'
[0.447s] Level 5:colcon.colcon_core.verb:set package 'mapper_bringup' build argument 'cmake_target' from command line to 'None'
[0.448s] Level 5:colcon.colcon_core.verb:set package 'mapper_bringup' build argument 'cmake_target_skip_unavailable' from command line to 'False'
[0.448s] Level 5:colcon.colcon_core.verb:set package 'mapper_bringup' build argument 'cmake_clean_cache' from command line to 'False'
[0.448s] Level 5:colcon.colcon_core.verb:set package 'mapper_bringup' build argument 'cmake_clean_first' from command line to 'False'
[0.448s] Level 5:colcon.colcon_core.verb:set package 'mapper_bringup' build argument 'cmake_force_configure' from command line to 'False'
[0.448s] Level 5:colcon.colcon_core.verb:set package 'mapper_bringup' build argument 'ament_cmake_args' from command line to 'None'
[0.448s] Level 5:colcon.colcon_core.verb:set package 'mapper_bringup' build argument 'catkin_cmake_args' from command line to 'None'
[0.448s] Level 5:colcon.colcon_core.verb:set package 'mapper_bringup' build argument 'catkin_skip_building_tests' from command line to 'False'
[0.448s] DEBUG:colcon.colcon_core.verb:Building package 'mapper_bringup' with the following arguments: {'ament_cmake_args': None, 'build_base': '/home/pranav/the_mapper/build/mapper_bringup', 'catkin_cmake_args': None, 'catkin_skip_building_tests': False, 'cmake_args': None, 'cmake_clean_cache': False, 'cmake_clean_first': False, 'cmake_force_configure': False, 'cmake_target': None, 'cmake_target_skip_unavailable': False, 'install_base': '/home/pranav/the_mapper/install/mapper_bringup', 'merge_install': False, 'path': '/home/pranav/the_mapper/src/mapper_bringup', 'symlink_install': True, 'test_result_base': None}
[0.448s] INFO:colcon.colcon_core.executor:Executing jobs using 'parallel' executor
[0.449s] DEBUG:colcon.colcon_parallel_executor.executor.parallel:run_until_complete
[0.449s] INFO:colcon.colcon_ros.task.ament_cmake.build:Building ROS package in '/home/pranav/the_mapper/src/mapper_description' with build type 'ament_cmake'
[0.449s] INFO:colcon.colcon_cmake.task.cmake.build:Building CMake package in '/home/pranav/the_mapper/src/mapper_description'
[0.452s] INFO:colcon.colcon_core.plugin_system:Skipping extension 'colcon_core.shell.bat': Not used on non-Windows systems
[0.452s] INFO:colcon.colcon_core.shell:Skip shell extension 'powershell' for command environment: Not usable outside of PowerShell
[0.452s] DEBUG:colcon.colcon_core.shell:Skip shell extension 'dsv' for command environment
[0.455s] INFO:colcon.colcon_ros.task.ament_cmake.build:Building ROS package in '/home/pranav/the_mapper/src/ground_mapper' with build type 'ament_cmake'
[0.455s] INFO:colcon.colcon_cmake.task.cmake.build:Building CMake package in '/home/pranav/the_mapper/src/ground_mapper'
[0.456s] INFO:colcon.colcon_core.shell:Skip shell extension 'powershell' for command environment: Not usable outside of PowerShell
[0.456s] DEBUG:colcon.colcon_core.shell:Skip shell extension 'dsv' for command environment
[0.470s] DEBUG:colcon.colcon_core.event_handler.log_command:Invoking command in '/home/pranav/the_mapper/build/mapper_description': CMAKE_PREFIX_PATH=/opt/ros/humble /usr/bin/cmake /home/pranav/the_mapper/src/mapper_description -DAMENT_CMAKE_SYMLINK_INSTALL=1 -DCMAKE_INSTALL_PREFIX=/home/pranav/the_mapper/install/mapper_description
[0.477s] DEBUG:colcon.colcon_core.event_handler.log_command:Invoking command in '/home/pranav/the_mapper/build/ground_mapper': CMAKE_PREFIX_PATH=/opt/ros/humble /usr/bin/cmake /home/pranav/the_mapper/src/ground_mapper -DAMENT_CMAKE_SYMLINK_INSTALL=1 -DCMAKE_INSTALL_PREFIX=/home/pranav/the_mapper/install/ground_mapper
[0.831s] DEBUG:colcon.colcon_core.event_handler.log_command:Invoked command in '/home/pranav/the_mapper/build/mapper_description' returned '0': CMAKE_PREFIX_PATH=/opt/ros/humble /usr/bin/cmake /home/pranav/the_mapper/src/mapper_description -DAMENT_CMAKE_SYMLINK_INSTALL=1 -DCMAKE_INSTALL_PREFIX=/home/pranav/the_mapper/install/mapper_description
[0.834s] DEBUG:colcon.colcon_core.event_handler.log_command:Invoking command in '/home/pranav/the_mapper/build/mapper_description': CMAKE_PREFIX_PATH=/opt/ros/humble /usr/bin/cmake --build /home/pranav/the_mapper/build/mapper_description -- -j4 -l4
[0.887s] DEBUG:colcon.colcon_core.event_handler.log_command:Invoked command in '/home/pranav/the_mapper/build/mapper_description' returned '0': CMAKE_PREFIX_PATH=/opt/ros/humble /usr/bin/cmake --build /home/pranav/the_mapper/build/mapper_description -- -j4 -l4
[0.904s] DEBUG:colcon.colcon_core.event_handler.log_command:Invoking command in '/home/pranav/the_mapper/build/mapper_description': CMAKE_PREFIX_PATH=/opt/ros/humble /usr/bin/cmake --install /home/pranav/the_mapper/build/mapper_description
[0.948s] Level 1:colcon.colcon_core.environment:create_environment_scripts_only(mapper_description)
[0.948s] DEBUG:colcon.colcon_core.event_handler.log_command:Invoked command in '/home/pranav/the_mapper/build/mapper_description' returned '0': CMAKE_PREFIX_PATH=/opt/ros/humble /usr/bin/cmake --install /home/pranav/the_mapper/build/mapper_description
[0.951s] Level 1:colcon.colcon_core.environment:checking '/home/pranav/the_mapper/install/mapper_description' for CMake module files
[0.951s] Level 1:colcon.colcon_core.environment:checking '/home/pranav/the_mapper/install/mapper_description' for CMake config files
[0.953s] Level 1:colcon.colcon_core.shell:create_environment_hook('mapper_description', 'cmake_prefix_path')
[0.953s] INFO:colcon.colcon_core.shell:Creating environment hook '/home/pranav/the_mapper/install/mapper_description/share/mapper_description/hook/cmake_prefix_path.ps1'
[0.954s] INFO:colcon.colcon_core.shell:Creating environment descriptor '/home/pranav/the_mapper/install/mapper_description/share/mapper_description/hook/cmake_prefix_path.dsv'
[0.955s] INFO:colcon.colcon_core.shell:Creating environment hook '/home/pranav/the_mapper/install/mapper_description/share/mapper_description/hook/cmake_prefix_path.sh'
[0.956s] Level 1:colcon.colcon_core.environment:checking '/home/pranav/the_mapper/install/mapper_description/bin'
[0.956s] Level 1:colcon.colcon_core.environment:checking '/home/pranav/the_mapper/install/mapper_description/lib/pkgconfig/mapper_description.pc'
[0.956s] Level 1:colcon.colcon_core.environment:checking '/home/pranav/the_mapper/install/mapper_description/lib/python3.10/site-packages'
[0.957s] Level 1:colcon.colcon_core.environment:checking '/home/pranav/the_mapper/install/mapper_description/bin'
[0.957s] INFO:colcon.colcon_core.shell:Creating package script '/home/pranav/the_mapper/install/mapper_description/share/mapper_description/package.ps1'
[0.958s] INFO:colcon.colcon_core.shell:Creating package descriptor '/home/pranav/the_mapper/install/mapper_description/share/mapper_description/package.dsv'
[0.958s] INFO:colcon.colcon_core.shell:Creating package script '/home/pranav/the_mapper/install/mapper_description/share/mapper_description/package.sh'
[0.960s] INFO:colcon.colcon_core.shell:Creating package script '/home/pranav/the_mapper/install/mapper_description/share/mapper_description/package.bash'
[0.960s] INFO:colcon.colcon_core.shell:Creating package script '/home/pranav/the_mapper/install/mapper_description/share/mapper_description/package.zsh'
[0.961s] Level 1:colcon.colcon_core.environment:create_file_with_runtime_dependencies(/home/pranav/the_mapper/install/mapper_description/share/colcon-core/packages/mapper_description)
[0.962s] Level 1:colcon.colcon_core.environment:create_environment_scripts_only(mapper_description)
[0.962s] Level 1:colcon.colcon_core.environment:checking '/home/pranav/the_mapper/install/mapper_description' for CMake module files
[0.962s] Level 1:colcon.colcon_core.environment:checking '/home/pranav/the_mapper/install/mapper_description' for CMake config files
[0.963s] Level 1:colcon.colcon_core.shell:create_environment_hook('mapper_description', 'cmake_prefix_path')
[0.963s] INFO:colcon.colcon_core.shell:Creating environment hook '/home/pranav/the_mapper/install/mapper_description/share/mapper_description/hook/cmake_prefix_path.ps1'
[0.963s] INFO:colcon.colcon_core.shell:Creating environment descriptor '/home/pranav/the_mapper/install/mapper_description/share/mapper_description/hook/cmake_prefix_path.dsv'
[0.964s] INFO:colcon.colcon_core.shell:Creating environment hook '/home/pranav/the_mapper/install/mapper_description/share/mapper_description/hook/cmake_prefix_path.sh'
[0.964s] Level 1:colcon.colcon_core.environment:checking '/home/pranav/the_mapper/install/mapper_description/bin'
[0.964s] Level 1:colcon.colcon_core.environment:checking '/home/pranav/the_mapper/install/mapper_description/lib/pkgconfig/mapper_description.pc'
[0.965s] Level 1:colcon.colcon_core.environment:checking '/home/pranav/the_mapper/install/mapper_description/lib/python3.10/site-packages'
[0.965s] Level 1:colcon.colcon_core.environment:checking '/home/pranav/the_mapper/install/mapper_description/bin'
[0.965s] INFO:colcon.colcon_core.shell:Creating package script '/home/pranav/the_mapper/install/mapper_description/share/mapper_description/package.ps1'
[0.966s] INFO:colcon.colcon_core.shell:Creating package descriptor '/home/pranav/the_mapper/install/mapper_description/share/mapper_description/package.dsv'
[0.966s] INFO:colcon.colcon_core.shell:Creating package script '/home/pranav/the_mapper/install/mapper_description/share/mapper_description/package.sh'
[0.967s] INFO:colcon.colcon_core.shell:Creating package script '/home/pranav/the_mapper/install/mapper_description/share/mapper_description/package.bash'
[0.967s] INFO:colcon.colcon_core.shell:Creating package script '/home/pranav/the_mapper/install/mapper_description/share/mapper_description/package.zsh'
[0.968s] Level 1:colcon.colcon_core.environment:create_file_with_runtime_dependencies(/home/pranav/the_mapper/install/mapper_description/share/colcon-core/packages/mapper_description)
[0.968s] INFO:colcon.colcon_ros.task.ament_cmake.build:Building ROS package in '/home/pranav/the_mapper/src/mapper_bringup' with build type 'ament_cmake'
[0.969s] INFO:colcon.colcon_cmake.task.cmake.build:Building CMake package in '/home/pranav/the_mapper/src/mapper_bringup'
[0.969s] INFO:colcon.colcon_core.shell:Skip shell extension 'powershell' for command environment: Not usable outside of PowerShell
[0.969s] DEBUG:colcon.colcon_core.shell:Skip shell extension 'dsv' for command environment
[0.983s] DEBUG:colcon.colcon_core.event_handler.log_command:Invoking command in '/home/pranav/the_mapper/build/mapper_bringup': AMENT_PREFIX_PATH=/home/pranav/the_mapper/install/mapper_description:${AMENT_PREFIX_PATH} CMAKE_PREFIX_PATH=/home/pranav/the_mapper/install/mapper_description:/opt/ros/humble /usr/bin/cmake /home/pranav/the_mapper/src/mapper_bringup -DAMENT_CMAKE_SYMLINK_INSTALL=1 -DCMAKE_INSTALL_PREFIX=/home/pranav/the_mapper/install/mapper_bringup
[1.229s] DEBUG:colcon.colcon_core.event_handler.log_command:Invoked command in '/home/pranav/the_mapper/build/mapper_bringup' returned '0': AMENT_PREFIX_PATH=/home/pranav/the_mapper/install/mapper_description:${AMENT_PREFIX_PATH} CMAKE_PREFIX_PATH=/home/pranav/the_mapper/install/mapper_description:/opt/ros/humble /usr/bin/cmake /home/pranav/the_mapper/src/mapper_bringup -DAMENT_CMAKE_SYMLINK_INSTALL=1 -DCMAKE_INSTALL_PREFIX=/home/pranav/the_mapper/install/mapper_bringup
[1.231s] DEBUG:colcon.colcon_core.event_handler.log_command:Invoking command in '/home/pranav/the_mapper/build/mapper_bringup': AMENT_PREFIX_PATH=/home/pranav/the_mapper/install/mapper_description:${AMENT_PREFIX_PATH} CMAKE_PREFIX_PATH=/home/pranav/the_mapper/install/mapper_description:/opt/ros/humble /usr/bin/cmake --build /home/pranav/the_mapper/build/mapper_bringup -- -j4 -l4
[1.282s] DEBUG:colcon.colcon_core.event_handler.log_command:Invoked command in '/home/pranav/the_mapper/build/mapper_bringup' returned '0': AMENT_PREFIX_PATH=/home/pranav/the_mapper/install/mapper_description:${AMENT_PREFIX_PATH} CMAKE_PREFIX_PATH=/home/pranav/the_mapper/install/mapper_description:/opt/ros/humble /usr/bin/cmake --build /home/pranav/the_mapper/build/mapper_bringup -- -j4 -l4
[1.284s] DEBUG:colcon.colcon_core.event_handler.log_command:Invoking command in '/home/pranav/the_mapper/build/mapper_bringup': AMENT_PREFIX_PATH=/home/pranav/the_mapper/install/mapper_description:${AMENT_PREFIX_PATH} CMAKE_PREFIX_PATH=/home/pranav/the_mapper/install/mapper_description:/opt/ros/humble /usr/bin/cmake --install /home/pranav/the_mapper/build/mapper_bringup
[1.343s] Level 1:colcon.colcon_core.environment:create_environment_scripts_only(mapper_bringup)
[1.343s] Level 1:colcon.colcon_core.environment:checking '/home/pranav/the_mapper/install/mapper_bringup' for CMake module files
[1.344s] DEBUG:colcon.colcon_core.event_handler.log_command:Invoked command in '/home/pranav/the_mapper/build/mapper_bringup' returned '0': AMENT_PREFIX_PATH=/home/pranav/the_mapper/install/mapper_description:${AMENT_PREFIX_PATH} CMAKE_PREFIX_PATH=/home/pranav/the_mapper/install/mapper_description:/opt/ros/humble /usr/bin/cmake --install /home/pranav/the_mapper/build/mapper_bringup
[1.344s] Level 1:colcon.colcon_core.environment:checking '/home/pranav/the_mapper/install/mapper_bringup' for CMake config files
[1.345s] Level 1:colcon.colcon_core.shell:create_environment_hook('mapper_bringup', 'cmake_prefix_path')
[1.345s] INFO:colcon.colcon_core.shell:Creating environment hook '/home/pranav/the_mapper/install/mapper_bringup/share/mapper_bringup/hook/cmake_prefix_path.ps1'
[1.346s] INFO:colcon.colcon_core.shell:Creating environment descriptor '/home/pranav/the_mapper/install/mapper_bringup/share/mapper_bringup/hook/cmake_prefix_path.dsv'
[1.346s] INFO:colcon.colcon_core.shell:Creating environment hook '/home/pranav/the_mapper/install/mapper_bringup/share/mapper_bringup/hook/cmake_prefix_path.sh'
[1.347s] Level 1:colcon.colcon_core.environment:checking '/home/pranav/the_mapper/install/mapper_bringup/bin'
[1.347s] Level 1:colcon.colcon_core.environment:checking '/home/pranav/the_mapper/install/mapper_bringup/lib/pkgconfig/mapper_bringup.pc'
[1.348s] Level 1:colcon.colcon_core.environment:checking '/home/pranav/the_mapper/install/mapper_bringup/lib/python3.10/site-packages'
[1.348s] Level 1:colcon.colcon_core.environment:checking '/home/pranav/the_mapper/install/mapper_bringup/bin'
[1.348s] INFO:colcon.colcon_core.shell:Creating package script '/home/pranav/the_mapper/install/mapper_bringup/share/mapper_bringup/package.ps1'
[1.349s] INFO:colcon.colcon_core.shell:Creating package descriptor '/home/pranav/the_mapper/install/mapper_bringup/share/mapper_bringup/package.dsv'
[1.349s] INFO:colcon.colcon_core.shell:Creating package script '/home/pranav/the_mapper/install/mapper_bringup/share/mapper_bringup/package.sh'
[1.350s] INFO:colcon.colcon_core.shell:Creating package script '/home/pranav/the_mapper/install/mapper_bringup/share/mapper_bringup/package.bash'
[1.351s] INFO:colcon.colcon_core.shell:Creating package script '/home/pranav/the_mapper/install/mapper_bringup/share/mapper_bringup/package.zsh'
[1.351s] Level 1:colcon.colcon_core.environment:create_file_with_runtime_dependencies(/home/pranav/the_mapper/install/mapper_bringup/share/colcon-core/packages/mapper_bringup)
[1.352s] Level 1:colcon.colcon_core.environment:create_environment_scripts_only(mapper_bringup)
[1.353s] Level 1:colcon.colcon_core.environment:checking '/home/pranav/the_mapper/install/mapper_bringup' for CMake module files
[1.353s] Level 1:colcon.colcon_core.environment:checking '/home/pranav/the_mapper/install/mapper_bringup' for CMake config files
[1.353s] Level 1:colcon.colcon_core.shell:create_environment_hook('mapper_bringup', 'cmake_prefix_path')
[1.354s] INFO:colcon.colcon_core.shell:Creating environment hook '/home/pranav/the_mapper/install/mapper_bringup/share/mapper_bringup/hook/cmake_prefix_path.ps1'
[1.354s] INFO:colcon.colcon_core.shell:Creating environment descriptor '/home/pranav/the_mapper/install/mapper_bringup/share/mapper_bringup/hook/cmake_prefix_path.dsv'
[1.354s] INFO:colcon.colcon_core.shell:Creating environment hook '/home/pranav/the_mapper/install/mapper_bringup/share/mapper_bringup/hook/cmake_prefix_path.sh'
[1.355s] Level 1:colcon.colcon_core.environment:checking '/home/pranav/the_mapper/install/mapper_bringup/bin'
[1.355s] Level 1:colcon.colcon_core.environment:checking '/home/pranav/the_mapper/install/mapper_bringup/lib/pkgconfig/mapper_bringup.pc'
[1.355s] Level 1:colcon.colcon_core.environment:checking '/home/pranav/the_mapper/install/mapper_bringup/lib/python3.10/site-packages'
[1.355s] Level 1:colcon.colcon_core.environment:checking '/home/pranav/the_mapper/install/mapper_bringup/bin'
[1.356s] INFO:colcon.colcon_core.shell:Creating package script '/home/pranav/the_mapper/install/mapper_bringup/share/mapper_bringup/package.ps1'
[1.356s] INFO:colcon.colcon_core.shell:Creating package descriptor '/home/pranav/the_mapper/install/mapper_bringup/share/mapper_bringup/package.dsv'
[1.357s] INFO:colcon.colcon_core.shell:Creating package script '/home/pranav/the_mapper/install/mapper_bringup/share/mapper_bringup/package.sh'
[1.358s] INFO:colcon.colcon_core.shell:Creating package script '/home/pranav/the_mapper/install/mapper_bringup/share/mapper_bringup/package.bash'
[1.358s] INFO:colcon.colcon_core.shell:Creating package script '/home/pranav/the_mapper/install/mapper_bringup/share/mapper_bringup/package.zsh'
[1.359s] Level 1:colcon.colcon_core.environment:create_file_with_runtime_dependencies(/home/pranav/the_mapper/install/mapper_bringup/share/colcon-core/packages/mapper_bringup)
[2.225s] DEBUG:colcon.colcon_core.event_handler.log_command:Invoked command in '/home/pranav/the_mapper/build/ground_mapper' returned '0': CMAKE_PREFIX_PATH=/opt/ros/humble /usr/bin/cmake /home/pranav/the_mapper/src/ground_mapper -DAMENT_CMAKE_SYMLINK_INSTALL=1 -DCMAKE_INSTALL_PREFIX=/home/pranav/the_mapper/install/ground_mapper
[2.228s] DEBUG:colcon.colcon_core.event_handler.log_command:Invoking command in '/home/pranav/the_mapper/build/ground_mapper': CMAKE_PREFIX_PATH=/opt/ros/humble /usr/bin/cmake --build /home/pranav/the_mapper/build/ground_mapper -- -j4 -l4
[2.335s] DEBUG:colcon.colcon_core.event_handler.log_command:Invoked command in '/home/pranav/the_mapper/build/ground_mapper' returned '0': CMAKE_PREFIX_PATH=/opt/ros/humble /usr/bin/cmake --build /home/pranav/the_mapper/build/ground_mapper -- -j4 -l4
[2.337s] DEBUG:colcon.colcon_core.event_handler.log_command:Invoking command in '/home/pranav/the_mapper/build/ground_mapper': CMAKE_PREFIX_PATH=/opt/ros/humble /usr/bin/cmake --install /home/pranav/the_mapper/build/ground_mapper
[2.372s] Level 1:colcon.colcon_core.environment:create_environment_scripts_only(ground_mapper)
[2.373s] Level 1:colcon.colcon_core.environment:checking '/home/pranav/the_mapper/install/ground_mapper' for CMake module files
[2.373s] DEBUG:colcon.colcon_core.event_handler.log_command:Invoked command in '/home/pranav/the_mapper/build/ground_mapper' returned '0': CMAKE_PREFIX_PATH=/opt/ros/humble /usr/bin/cmake --install /home/pranav/the_mapper/build/ground_mapper
[2.374s] Level 1:colcon.colcon_core.environment:checking '/home/pranav/the_mapper/install/ground_mapper' for CMake config files
[2.375s] Level 1:colcon.colcon_core.shell:create_environment_hook('ground_mapper', 'cmake_prefix_path')
[2.375s] INFO:colcon.colcon_core.shell:Creating environment hook '/home/pranav/the_mapper/install/ground_mapper/share/ground_mapper/hook/cmake_prefix_path.ps1'
[2.376s] INFO:colcon.colcon_core.shell:Creating environment descriptor '/home/pranav/the_mapper/install/ground_mapper/share/ground_mapper/hook/cmake_prefix_path.dsv'
[2.376s] INFO:colcon.colcon_core.shell:Creating environment hook '/home/pranav/the_mapper/install/ground_mapper/share/ground_mapper/hook/cmake_prefix_path.sh'
[2.377s] Level 1:colcon.colcon_core.environment:checking '/home/pranav/the_mapper/install/ground_mapper/lib'
[2.377s] Level 1:colcon.colcon_core.environment:checking '/home/pranav/the_mapper/install/ground_mapper/bin'
[2.377s] Level 1:colcon.colcon_core.environment:checking '/home/pranav/the_mapper/install/ground_mapper/lib/pkgconfig/ground_mapper.pc'
[2.377s] Level 1:colcon.colcon_core.environment:checking '/home/pranav/the_mapper/install/ground_mapper/lib/python3.10/site-packages'
[2.377s] Level 1:colcon.colcon_core.environment:checking '/home/pranav/the_mapper/install/ground_mapper/bin'
[2.378s] INFO:colcon.colcon_core.shell:Creating package script '/home/pranav/the_mapper/install/ground_mapper/share/ground_mapper/package.ps1'
[2.378s] INFO:colcon.colcon_core.shell:Creating package descriptor '/home/pranav/the_mapper/install/ground_mapper/share/ground_mapper/package.dsv'
[2.379s] INFO:colcon.colcon_core.shell:Creating package script '/home/pranav/the_mapper/install/ground_mapper/share/ground_mapper/package.sh'
[2.379s] INFO:colcon.colcon_core.shell:Creating package script '/home/pranav/the_mapper/install/ground_mapper/share/ground_mapper/package.bash'
[2.379s] INFO:colcon.colcon_core.shell:Creating package script '/home/pranav/the_mapper/install/ground_mapper/share/ground_mapper/package.zsh'
[2.380s] Level 1:colcon.colcon_core.environment:create_file_with_runtime_dependencies(/home/pranav/the_mapper/install/ground_mapper/share/colcon-core/packages/ground_mapper)
[2.380s] Level 1:colcon.colcon_core.environment:create_environment_scripts_only(ground_mapper)
[2.381s] Level 1:colcon.colcon_core.environment:checking '/home/pranav/the_mapper/install/ground_mapper' for CMake module files
[2.381s] Level 1:colcon.colcon_core.environment:checking '/home/pranav/the_mapper/install/ground_mapper' for CMake config files
[2.381s] Level 1:colcon.colcon_core.shell:create_environment_hook('ground_mapper', 'cmake_prefix_path')
[2.381s] INFO:colcon.colcon_core.shell:Creating environment hook '/home/pranav/the_mapper/install/ground_mapper/share/ground_mapper/hook/cmake_prefix_path.ps1'
[2.382s] INFO:colcon.colcon_core.shell:Creating environment descriptor '/home/pranav/the_mapper/install/ground_mapper/share/ground_mapper/hook/cmake_prefix_path.dsv'
[2.382s] INFO:colcon.colcon_core.shell:Creating environment hook '/home/pranav/the_mapper/install/ground_mapper/share/ground_mapper/hook/cmake_prefix_path.sh'
[2.383s] Level 1:colcon.colcon_core.environment:checking '/home/pranav/the_mapper/install/ground_mapper/lib'
[2.383s] Level 1:colcon.colcon_core.environment:checking '/home/pranav/the_mapper/install/ground_mapper/bin'
[2.383s] Level 1:colcon.colcon_core.environment:checking '/home/pranav/the_mapper/install/ground_mapper/lib/pkgconfig/ground_mapper.pc'
[2.383s] Level 1:colcon.colcon_core.environment:checking '/home/pranav/the_mapper/install/ground_mapper/lib/python3.10/site-packages'
[2.383s] Level 1:colcon.colcon_core.environment:checking '/home/pranav/the_mapper/install/ground_mapper/bin'
[2.383s] INFO:colcon.colcon_core.shell:Creating package script '/home/pranav/the_mapper/install/ground_mapper/share/ground_mapper/package.ps1'
[2.384s] INFO:colcon.colcon_core.shell:Creating package descriptor '/home/pranav/the_mapper/install/ground_mapper/share/ground_mapper/package.dsv'
[2.384s] INFO:colcon.colcon_core.shell:Creating package script '/home/pranav/the_mapper/install/ground_mapper/share/ground_mapper/package.sh'
[2.385s] INFO:colcon.colcon_core.shell:Creating package script '/home/pranav/the_mapper/install/ground_mapper/share/ground_mapper/package.bash'
[2.385s] INFO:colcon.colcon_core.shell:Creating package script '/home/pranav/the_mapper/install/ground_mapper/share/ground_mapper/package.zsh'
[2.386s] Level 1:colcon.colcon_core.environment:create_file_with_runtime_dependencies(/home/pranav/the_mapper/install/ground_mapper/share/colcon-core/packages/ground_mapper)
[2.386s] DEBUG:colcon.colcon_parallel_executor.executor.parallel:closing loop
[2.387s] DEBUG:colcon.colcon_parallel_executor.executor.parallel:loop closed
[2.387s] DEBUG:colcon.colcon_parallel_executor.executor.parallel:run_until_complete finished with '0'
[2.387s] DEBUG:colcon.colcon_core.event_reactor:joining thread
[2.392s] INFO:colcon.colcon_core.plugin_system:Skipping extension 'colcon_notification.desktop_notification.terminal_notifier': Not used on non-Darwin systems
[2.393s] INFO:colcon.colcon_core.plugin_system:Skipping extension 'colcon_notification.desktop_notification.win32': Not used on non-Windows systems
[2.393s] INFO:colcon.colcon_notification.desktop_notification:Sending desktop notification using 'notify2'
[2.406s] DEBUG:colcon.colcon_core.event_reactor:joined thread
[2.407s] INFO:colcon.colcon_core.shell:Creating prefix script '/home/pranav/the_mapper/install/local_setup.ps1'
[2.408s] INFO:colcon.colcon_core.shell:Creating prefix util module '/home/pranav/the_mapper/install/_local_setup_util_ps1.py'
[2.409s] INFO:colcon.colcon_core.shell:Creating prefix chain script '/home/pranav/the_mapper/install/setup.ps1'
[2.410s] INFO:colcon.colcon_core.shell:Creating prefix script '/home/pranav/the_mapper/install/local_setup.sh'
[2.411s] INFO:colcon.colcon_core.shell:Creating prefix util module '/home/pranav/the_mapper/install/_local_setup_util_sh.py'
[2.411s] INFO:colcon.colcon_core.shell:Creating prefix chain script '/home/pranav/the_mapper/install/setup.sh'
[2.412s] INFO:colcon.colcon_core.shell:Creating prefix script '/home/pranav/the_mapper/install/local_setup.bash'
[2.413s] INFO:colcon.colcon_core.shell:Creating prefix chain script '/home/pranav/the_mapper/install/setup.bash'
[2.414s] INFO:colcon.colcon_core.shell:Creating prefix script '/home/pranav/the_mapper/install/local_setup.zsh'
[2.415s] INFO:colcon.colcon_core.shell:Creating prefix chain script '/home/pranav/the_mapper/install/setup.zsh'
