[0.111s] DEBUG:colcon:Command line arguments: ['/usr/bin/colcon', 'build', '--packages-select', 'ekf_fusion']
[0.111s] DEBUG:colcon:Parsed command line arguments: Namespace(log_base=None, log_level=None, verb_name='build', build_base='build', install_base='install', merge_install=False, symlink_install=False, test_result_base=None, continue_on_error=False, executor='parallel', parallel_workers=4, event_handlers=None, ignore_user_meta=False, metas=['./colcon.meta'], base_paths=['.'], packages_ignore=None, packages_ignore_regex=None, paths=None, packages_up_to=None, packages_up_to_regex=None, packages_above=None, packages_above_and_dependencies=None, packages_above_depth=None, packages_select_by_dep=None, packages_skip_by_dep=None, packages_skip_up_to=None, packages_select_build_failed=False, packages_skip_build_finished=False, packages_select_test_failures=False, packages_skip_test_passed=False, packages_select=['ekf_fusion'], packages_skip=None, packages_select_regex=None, packages_skip_regex=None, packages_start=None, packages_end=None, allow_overriding=[], cmake_args=None, cmake_target=None, cmake_target_skip_unavailable=False, cmake_clean_cache=False, cmake_clean_first=False, cmake_force_configure=False, ament_cmake_args=None, catkin_cmake_args=None, catkin_skip_building_tests=False, mixin_files=None, mixin=None, verb_parser=<colcon_mixin.mixin.mixin_argument.MixinArgumentDecorator object at 0x707375012fe0>, verb_extension=<colcon_core.verb.build.BuildVerb object at 0x707375012140>, main=<bound method BuildVerb.main of <colcon_core.verb.build.BuildVerb object at 0x707375012140>>, mixin_verb=('build',))
[0.296s] Level 1:colcon.colcon_core.package_discovery:discover_packages(colcon_meta) check parameters
[0.296s] Level 1:colcon.colcon_core.package_discovery:discover_packages(recursive) check parameters
[0.296s] Level 1:colcon.colcon_core.package_discovery:discover_packages(ignore) check parameters
[0.296s] Level 1:colcon.colcon_core.package_discovery:discover_packages(path) check parameters
[0.296s] Level 1:colcon.colcon_core.package_discovery:discover_packages(colcon_meta) discover
[0.296s] Level 1:colcon.colcon_core.package_discovery:discover_packages(recursive) discover
[0.296s] INFO:colcon.colcon_core.package_discovery:Crawling recursively for packages in '/home/pranav/the_mapper'
[0.297s] Level 1:colcon.colcon_core.package_identification:_identify(.) by extensions ['ignore', 'ignore_ament_install']
[0.297s] Level 1:colcon.colcon_core.package_identification:_identify(.) by extension 'ignore'
[0.297s] Level 1:colcon.colcon_core.package_identification:_identify(.) by extension 'ignore_ament_install'
[0.297s] Level 1:colcon.colcon_core.package_identification:_identify(.) by extensions ['colcon_pkg']
[0.297s] Level 1:colcon.colcon_core.package_identification:_identify(.) by extension 'colcon_pkg'
[0.297s] Level 1:colcon.colcon_core.package_identification:_identify(.) by extensions ['colcon_meta']
[0.297s] Level 1:colcon.colcon_core.package_identification:_identify(.) by extension 'colcon_meta'
[0.297s] Level 1:colcon.colcon_core.package_identification:_identify(.) by extensions ['ros']
[0.297s] Level 1:colcon.colcon_core.package_identification:_identify(.) by extension 'ros'
[0.306s] Level 1:colcon.colcon_core.package_identification:_identify(.) by extensions ['cmake', 'python']
[0.307s] Level 1:colcon.colcon_core.package_identification:_identify(.) by extension 'cmake'
[0.307s] Level 1:colcon.colcon_core.package_identification:_identify(.) by extension 'python'
[0.307s] Level 1:colcon.colcon_core.package_identification:_identify(.) by extensions ['python_setup_py']
[0.307s] Level 1:colcon.colcon_core.package_identification:_identify(.) by extension 'python_setup_py'
[0.307s] Level 1:colcon.colcon_core.package_identification:_identify(build) by extensions ['ignore', 'ignore_ament_install']
[0.307s] Level 1:colcon.colcon_core.package_identification:_identify(build) by extension 'ignore'
[0.307s] Level 1:colcon.colcon_core.package_identification:_identify(build) ignored
[0.307s] Level 1:colcon.colcon_core.package_identification:_identify(install) by extensions ['ignore', 'ignore_ament_install']
[0.308s] Level 1:colcon.colcon_core.package_identification:_identify(install) by extension 'ignore'
[0.308s] Level 1:colcon.colcon_core.package_identification:_identify(install) ignored
[0.308s] Level 1:colcon.colcon_core.package_identification:_identify(log) by extensions ['ignore', 'ignore_ament_install']
[0.308s] Level 1:colcon.colcon_core.package_identification:_identify(log) by extension 'ignore'
[0.308s] Level 1:colcon.colcon_core.package_identification:_identify(log) ignored
[0.308s] Level 1:colcon.colcon_core.package_identification:_identify(src) by extensions ['ignore', 'ignore_ament_install']
[0.308s] Level 1:colcon.colcon_core.package_identification:_identify(src) by extension 'ignore'
[0.308s] Level 1:colcon.colcon_core.package_identification:_identify(src) by extension 'ignore_ament_install'
[0.308s] Level 1:colcon.colcon_core.package_identification:_identify(src) by extensions ['colcon_pkg']
[0.308s] Level 1:colcon.colcon_core.package_identification:_identify(src) by extension 'colcon_pkg'
[0.308s] Level 1:colcon.colcon_core.package_identification:_identify(src) by extensions ['colcon_meta']
[0.308s] Level 1:colcon.colcon_core.package_identification:_identify(src) by extension 'colcon_meta'
[0.308s] Level 1:colcon.colcon_core.package_identification:_identify(src) by extensions ['ros']
[0.308s] Level 1:colcon.colcon_core.package_identification:_identify(src) by extension 'ros'
[0.308s] Level 1:colcon.colcon_core.package_identification:_identify(src) by extensions ['cmake', 'python']
[0.309s] Level 1:colcon.colcon_core.package_identification:_identify(src) by extension 'cmake'
[0.309s] Level 1:colcon.colcon_core.package_identification:_identify(src) by extension 'python'
[0.309s] Level 1:colcon.colcon_core.package_identification:_identify(src) by extensions ['python_setup_py']
[0.309s] Level 1:colcon.colcon_core.package_identification:_identify(src) by extension 'python_setup_py'
[0.309s] Level 1:colcon.colcon_core.package_identification:_identify(src/ekf_fusion) by extensions ['ignore', 'ignore_ament_install']
[0.309s] Level 1:colcon.colcon_core.package_identification:_identify(src/ekf_fusion) by extension 'ignore'
[0.309s] Level 1:colcon.colcon_core.package_identification:_identify(src/ekf_fusion) by extension 'ignore_ament_install'
[0.309s] Level 1:colcon.colcon_core.package_identification:_identify(src/ekf_fusion) by extensions ['colcon_pkg']
[0.309s] Level 1:colcon.colcon_core.package_identification:_identify(src/ekf_fusion) by extension 'colcon_pkg'
[0.309s] Level 1:colcon.colcon_core.package_identification:_identify(src/ekf_fusion) by extensions ['colcon_meta']
[0.309s] Level 1:colcon.colcon_core.package_identification:_identify(src/ekf_fusion) by extension 'colcon_meta'
[0.309s] Level 1:colcon.colcon_core.package_identification:_identify(src/ekf_fusion) by extensions ['ros']
[0.309s] Level 1:colcon.colcon_core.package_identification:_identify(src/ekf_fusion) by extension 'ros'
[0.312s] DEBUG:colcon.colcon_core.package_identification:Package 'src/ekf_fusion' with type 'ros.ament_cmake' and name 'ekf_fusion'
[0.312s] Level 1:colcon.colcon_core.package_identification:_identify(src/mapper_bringup) by extensions ['ignore', 'ignore_ament_install']
[0.312s] Level 1:colcon.colcon_core.package_identification:_identify(src/mapper_bringup) by extension 'ignore'
[0.312s] Level 1:colcon.colcon_core.package_identification:_identify(src/mapper_bringup) by extension 'ignore_ament_install'
[0.312s] Level 1:colcon.colcon_core.package_identification:_identify(src/mapper_bringup) by extensions ['colcon_pkg']
[0.312s] Level 1:colcon.colcon_core.package_identification:_identify(src/mapper_bringup) by extension 'colcon_pkg'
[0.312s] Level 1:colcon.colcon_core.package_identification:_identify(src/mapper_bringup) by extensions ['colcon_meta']
[0.312s] Level 1:colcon.colcon_core.package_identification:_identify(src/mapper_bringup) by extension 'colcon_meta'
[0.312s] Level 1:colcon.colcon_core.package_identification:_identify(src/mapper_bringup) by extensions ['ros']
[0.312s] Level 1:colcon.colcon_core.package_identification:_identify(src/mapper_bringup) by extension 'ros'
[0.313s] DEBUG:colcon.colcon_core.package_identification:Package 'src/mapper_bringup' with type 'ros.ament_cmake' and name 'mapper_bringup'
[0.313s] Level 1:colcon.colcon_core.package_identification:_identify(src/mapper_description) by extensions ['ignore', 'ignore_ament_install']
[0.313s] Level 1:colcon.colcon_core.package_identification:_identify(src/mapper_description) by extension 'ignore'
[0.313s] Level 1:colcon.colcon_core.package_identification:_identify(src/mapper_description) by extension 'ignore_ament_install'
[0.313s] Level 1:colcon.colcon_core.package_identification:_identify(src/mapper_description) by extensions ['colcon_pkg']
[0.313s] Level 1:colcon.colcon_core.package_identification:_identify(src/mapper_description) by extension 'colcon_pkg'
[0.313s] Level 1:colcon.colcon_core.package_identification:_identify(src/mapper_description) by extensions ['colcon_meta']
[0.313s] Level 1:colcon.colcon_core.package_identification:_identify(src/mapper_description) by extension 'colcon_meta'
[0.313s] Level 1:colcon.colcon_core.package_identification:_identify(src/mapper_description) by extensions ['ros']
[0.314s] Level 1:colcon.colcon_core.package_identification:_identify(src/mapper_description) by extension 'ros'
[0.314s] DEBUG:colcon.colcon_core.package_identification:Package 'src/mapper_description' with type 'ros.ament_cmake' and name 'mapper_description'
[0.314s] Level 1:colcon.colcon_core.package_discovery:discover_packages(recursive) using defaults
[0.314s] Level 1:colcon.colcon_core.package_discovery:discover_packages(ignore) discover
[0.314s] Level 1:colcon.colcon_core.package_discovery:discover_packages(ignore) using defaults
[0.314s] Level 1:colcon.colcon_core.package_discovery:discover_packages(path) discover
[0.314s] Level 1:colcon.colcon_core.package_discovery:discover_packages(path) using defaults
[0.332s] INFO:colcon.colcon_core.package_selection:Skipping not selected package 'mapper_description' in 'src/mapper_description'
[0.332s] INFO:colcon.colcon_core.package_selection:Skipping not selected package 'mapper_bringup' in 'src/mapper_bringup'
[0.333s] Level 1:colcon.colcon_core.package_discovery:discover_packages(prefix_path) check parameters
[0.333s] Level 1:colcon.colcon_core.package_discovery:discover_packages(prefix_path) discover
[0.335s] DEBUG:colcon.colcon_installed_package_information.package_discovery:Found 3 installed packages in /home/pranav/the_mapper/install
[0.335s] DEBUG:colcon.colcon_installed_package_information.package_discovery:Found 2 installed packages in /home/pranav/project_robot_ws/install
[0.335s] DEBUG:colcon.colcon_installed_package_information.package_discovery:Found 5 installed packages in /home/pranav/ws/install
[0.336s] DEBUG:colcon.colcon_installed_package_information.package_discovery:Found 1 installed packages in /home/pranav/ws/src/my_robot_interfaces/install
[0.336s] DEBUG:colcon.colcon_installed_package_information.package_discovery:Found 1 installed packages in /home/pranav/learning_ws/install
[0.337s] DEBUG:colcon.colcon_installed_package_information.package_discovery:Found 2 installed packages in /home/pranav/amr/install
[0.338s] DEBUG:colcon.colcon_installed_package_information.package_discovery:Found 436 installed packages in /opt/ros/humble
[0.340s] Level 1:colcon.colcon_core.package_discovery:discover_packages(prefix_path) using defaults
[0.415s] Level 5:colcon.colcon_core.verb:set package 'ekf_fusion' build argument 'cmake_args' from command line to 'None'
[0.415s] Level 5:colcon.colcon_core.verb:set package 'ekf_fusion' build argument 'cmake_target' from command line to 'None'
[0.415s] Level 5:colcon.colcon_core.verb:set package 'ekf_fusion' build argument 'cmake_target_skip_unavailable' from command line to 'False'
[0.415s] Level 5:colcon.colcon_core.verb:set package 'ekf_fusion' build argument 'cmake_clean_cache' from command line to 'False'
[0.415s] Level 5:colcon.colcon_core.verb:set package 'ekf_fusion' build argument 'cmake_clean_first' from command line to 'False'
[0.415s] Level 5:colcon.colcon_core.verb:set package 'ekf_fusion' build argument 'cmake_force_configure' from command line to 'False'
[0.415s] Level 5:colcon.colcon_core.verb:set package 'ekf_fusion' build argument 'ament_cmake_args' from command line to 'None'
[0.415s] Level 5:colcon.colcon_core.verb:set package 'ekf_fusion' build argument 'catkin_cmake_args' from command line to 'None'
[0.415s] Level 5:colcon.colcon_core.verb:set package 'ekf_fusion' build argument 'catkin_skip_building_tests' from command line to 'False'
[0.415s] DEBUG:colcon.colcon_core.verb:Building package 'ekf_fusion' with the following arguments: {'ament_cmake_args': None, 'build_base': '/home/pranav/the_mapper/build/ekf_fusion', 'catkin_cmake_args': None, 'catkin_skip_building_tests': False, 'cmake_args': None, 'cmake_clean_cache': False, 'cmake_clean_first': False, 'cmake_force_configure': False, 'cmake_target': None, 'cmake_target_skip_unavailable': False, 'install_base': '/home/pranav/the_mapper/install/ekf_fusion', 'merge_install': False, 'path': '/home/pranav/the_mapper/src/ekf_fusion', 'symlink_install': False, 'test_result_base': None}
[0.416s] INFO:colcon.colcon_core.executor:Executing jobs using 'parallel' executor
[0.417s] DEBUG:colcon.colcon_parallel_executor.executor.parallel:run_until_complete
[0.418s] INFO:colcon.colcon_ros.task.ament_cmake.build:Building ROS package in '/home/pranav/the_mapper/src/ekf_fusion' with build type 'ament_cmake'
[0.418s] INFO:colcon.colcon_cmake.task.cmake.build:Building CMake package in '/home/pranav/the_mapper/src/ekf_fusion'
[0.421s] INFO:colcon.colcon_core.plugin_system:Skipping extension 'colcon_core.shell.bat': Not used on non-Windows systems
[0.421s] INFO:colcon.colcon_core.shell:Skip shell extension 'powershell' for command environment: Not usable outside of PowerShell
[0.421s] DEBUG:colcon.colcon_core.shell:Skip shell extension 'dsv' for command environment
[0.439s] DEBUG:colcon.colcon_core.event_handler.log_command:Invoking command in '/home/pranav/the_mapper/build/ekf_fusion': CMAKE_PREFIX_PATH=${CMAKE_PREFIX_PATH}:/home/pranav/ws/install/mypkg:/home/pranav/learning_ws/install/mypkg:/opt/ros/humble /usr/bin/cmake --build /home/pranav/the_mapper/build/ekf_fusion -- -j4 -l4
[19.292s] DEBUG:colcon.colcon_core.event_handler.log_command:Invoked command in '/home/pranav/the_mapper/build/ekf_fusion' returned '0': CMAKE_PREFIX_PATH=${CMAKE_PREFIX_PATH}:/home/pranav/ws/install/mypkg:/home/pranav/learning_ws/install/mypkg:/opt/ros/humble /usr/bin/cmake --build /home/pranav/the_mapper/build/ekf_fusion -- -j4 -l4
[19.343s] DEBUG:colcon.colcon_core.event_handler.log_command:Invoking command in '/home/pranav/the_mapper/build/ekf_fusion': CMAKE_PREFIX_PATH=${CMAKE_PREFIX_PATH}:/home/pranav/ws/install/mypkg:/home/pranav/learning_ws/install/mypkg:/opt/ros/humble /usr/bin/cmake --install /home/pranav/the_mapper/build/ekf_fusion
[19.377s] Level 1:colcon.colcon_core.environment:create_environment_scripts_only(ekf_fusion)
[19.378s] DEBUG:colcon.colcon_core.event_handler.log_command:Invoked command in '/home/pranav/the_mapper/build/ekf_fusion' returned '0': CMAKE_PREFIX_PATH=${CMAKE_PREFIX_PATH}:/home/pranav/ws/install/mypkg:/home/pranav/learning_ws/install/mypkg:/opt/ros/humble /usr/bin/cmake --install /home/pranav/the_mapper/build/ekf_fusion
[19.381s] Level 1:colcon.colcon_core.environment:checking '/home/pranav/the_mapper/install/ekf_fusion' for CMake module files
[19.381s] Level 1:colcon.colcon_core.environment:checking '/home/pranav/the_mapper/install/ekf_fusion' for CMake config files
[19.381s] Level 1:colcon.colcon_core.shell:create_environment_hook('ekf_fusion', 'cmake_prefix_path')
[19.382s] INFO:colcon.colcon_core.shell:Creating environment hook '/home/pranav/the_mapper/install/ekf_fusion/share/ekf_fusion/hook/cmake_prefix_path.ps1'
[19.384s] INFO:colcon.colcon_core.shell:Creating environment descriptor '/home/pranav/the_mapper/install/ekf_fusion/share/ekf_fusion/hook/cmake_prefix_path.dsv'
[19.384s] INFO:colcon.colcon_core.shell:Creating environment hook '/home/pranav/the_mapper/install/ekf_fusion/share/ekf_fusion/hook/cmake_prefix_path.sh'
[19.385s] Level 1:colcon.colcon_core.environment:checking '/home/pranav/the_mapper/install/ekf_fusion/lib'
[19.385s] Level 1:colcon.colcon_core.environment:checking '/home/pranav/the_mapper/install/ekf_fusion/bin'
[19.385s] Level 1:colcon.colcon_core.environment:checking '/home/pranav/the_mapper/install/ekf_fusion/lib/pkgconfig/ekf_fusion.pc'
[19.385s] Level 1:colcon.colcon_core.environment:checking '/home/pranav/the_mapper/install/ekf_fusion/lib/python3.10/site-packages'
[19.385s] Level 1:colcon.colcon_core.environment:checking '/home/pranav/the_mapper/install/ekf_fusion/bin'
[19.386s] INFO:colcon.colcon_core.shell:Creating package script '/home/pranav/the_mapper/install/ekf_fusion/share/ekf_fusion/package.ps1'
[19.387s] INFO:colcon.colcon_core.shell:Creating package descriptor '/home/pranav/the_mapper/install/ekf_fusion/share/ekf_fusion/package.dsv'
[19.388s] INFO:colcon.colcon_core.shell:Creating package script '/home/pranav/the_mapper/install/ekf_fusion/share/ekf_fusion/package.sh'
[19.389s] INFO:colcon.colcon_core.shell:Creating package script '/home/pranav/the_mapper/install/ekf_fusion/share/ekf_fusion/package.bash'
[19.390s] INFO:colcon.colcon_core.shell:Creating package script '/home/pranav/the_mapper/install/ekf_fusion/share/ekf_fusion/package.zsh'
[19.391s] Level 1:colcon.colcon_core.environment:create_file_with_runtime_dependencies(/home/pranav/the_mapper/install/ekf_fusion/share/colcon-core/packages/ekf_fusion)
[19.429s] Level 1:colcon.colcon_core.environment:create_environment_scripts_only(ekf_fusion)
[19.430s] Level 1:colcon.colcon_core.environment:checking '/home/pranav/the_mapper/install/ekf_fusion' for CMake module files
[19.431s] Level 1:colcon.colcon_core.environment:checking '/home/pranav/the_mapper/install/ekf_fusion' for CMake config files
[19.432s] Level 1:colcon.colcon_core.shell:create_environment_hook('ekf_fusion', 'cmake_prefix_path')
[19.432s] INFO:colcon.colcon_core.shell:Creating environment hook '/home/pranav/the_mapper/install/ekf_fusion/share/ekf_fusion/hook/cmake_prefix_path.ps1'
[19.433s] INFO:colcon.colcon_core.shell:Creating environment descriptor '/home/pranav/the_mapper/install/ekf_fusion/share/ekf_fusion/hook/cmake_prefix_path.dsv'
[19.434s] INFO:colcon.colcon_core.shell:Creating environment hook '/home/pranav/the_mapper/install/ekf_fusion/share/ekf_fusion/hook/cmake_prefix_path.sh'
[19.434s] Level 1:colcon.colcon_core.environment:checking '/home/pranav/the_mapper/install/ekf_fusion/lib'
[19.434s] Level 1:colcon.colcon_core.environment:checking '/home/pranav/the_mapper/install/ekf_fusion/bin'
[19.435s] Level 1:colcon.colcon_core.environment:checking '/home/pranav/the_mapper/install/ekf_fusion/lib/pkgconfig/ekf_fusion.pc'
[19.435s] Level 1:colcon.colcon_core.environment:checking '/home/pranav/the_mapper/install/ekf_fusion/lib/python3.10/site-packages'
[19.436s] Level 1:colcon.colcon_core.environment:checking '/home/pranav/the_mapper/install/ekf_fusion/bin'
[19.436s] INFO:colcon.colcon_core.shell:Creating package script '/home/pranav/the_mapper/install/ekf_fusion/share/ekf_fusion/package.ps1'
[19.438s] INFO:colcon.colcon_core.shell:Creating package descriptor '/home/pranav/the_mapper/install/ekf_fusion/share/ekf_fusion/package.dsv'
[19.439s] INFO:colcon.colcon_core.shell:Creating package script '/home/pranav/the_mapper/install/ekf_fusion/share/ekf_fusion/package.sh'
[19.440s] INFO:colcon.colcon_core.shell:Creating package script '/home/pranav/the_mapper/install/ekf_fusion/share/ekf_fusion/package.bash'
[19.440s] INFO:colcon.colcon_core.shell:Creating package script '/home/pranav/the_mapper/install/ekf_fusion/share/ekf_fusion/package.zsh'
[19.441s] Level 1:colcon.colcon_core.environment:create_file_with_runtime_dependencies(/home/pranav/the_mapper/install/ekf_fusion/share/colcon-core/packages/ekf_fusion)
[19.443s] DEBUG:colcon.colcon_parallel_executor.executor.parallel:closing loop
[19.443s] DEBUG:colcon.colcon_parallel_executor.executor.parallel:loop closed
[19.443s] DEBUG:colcon.colcon_parallel_executor.executor.parallel:run_until_complete finished with '0'
[19.443s] DEBUG:colcon.colcon_core.event_reactor:joining thread
[19.450s] INFO:colcon.colcon_core.plugin_system:Skipping extension 'colcon_notification.desktop_notification.terminal_notifier': Not used on non-Darwin systems
[19.451s] INFO:colcon.colcon_core.plugin_system:Skipping extension 'colcon_notification.desktop_notification.win32': Not used on non-Windows systems
[19.451s] INFO:colcon.colcon_notification.desktop_notification:Sending desktop notification using 'notify2'
[19.467s] DEBUG:colcon.colcon_core.event_reactor:joined thread
[19.467s] INFO:colcon.colcon_core.shell:Creating prefix script '/home/pranav/the_mapper/install/local_setup.ps1'
[19.469s] INFO:colcon.colcon_core.shell:Creating prefix util module '/home/pranav/the_mapper/install/_local_setup_util_ps1.py'
[19.470s] INFO:colcon.colcon_core.shell:Creating prefix chain script '/home/pranav/the_mapper/install/setup.ps1'
[19.472s] INFO:colcon.colcon_core.shell:Creating prefix script '/home/pranav/the_mapper/install/local_setup.sh'
[19.473s] INFO:colcon.colcon_core.shell:Creating prefix util module '/home/pranav/the_mapper/install/_local_setup_util_sh.py'
[19.473s] INFO:colcon.colcon_core.shell:Creating prefix chain script '/home/pranav/the_mapper/install/setup.sh'
[19.475s] INFO:colcon.colcon_core.shell:Creating prefix script '/home/pranav/the_mapper/install/local_setup.bash'
[19.476s] INFO:colcon.colcon_core.shell:Creating prefix chain script '/home/pranav/the_mapper/install/setup.bash'
[19.477s] INFO:colcon.colcon_core.shell:Creating prefix script '/home/pranav/the_mapper/install/local_setup.zsh'
[19.478s] INFO:colcon.colcon_core.shell:Creating prefix chain script '/home/pranav/the_mapper/install/setup.zsh'
