[0.018s] Invoking command in '/home/pranav/the_mapper/build/ekf_fusion': CMAKE_PREFIX_PATH=${CMAKE_PREFIX_PATH}:/opt/ros/humble /usr/bin/cmake /home/pranav/the_mapper/src/ekf_fusion -DCMAKE_INSTALL_PREFIX=/home/pranav/the_mapper/install/ekf_fusion
[0.363s] -- The C compiler identification is GNU 11.4.0
[0.532s] -- The CXX compiler identification is GNU 11.4.0
[0.559s] -- Detecting C compiler ABI info
[0.697s] -- Detecting C compiler ABI info - done
[0.708s] -- Check for working C compiler: /usr/bin/cc - skipped
[0.709s] -- Detecting C compile features
[0.709s] -- Detecting C compile features - done
[0.716s] -- Detecting CXX compiler ABI info
[0.863s] -- Detecting CXX compiler ABI info - done
[0.872s] -- Check for working CXX compiler: /usr/bin/c++ - skipped
[0.873s] -- Detecting CXX compile features
[0.874s] -- Detecting CXX compile features - done
[0.896s] -- Found ament_cmake: 1.3.10 (/opt/ros/humble/share/ament_cmake/cmake)
[1.110s] -- Found Python3: /usr/bin/python3 (found version "3.10.12") found components: Interpreter 
[1.280s] -- Found rclcpp: 16.0.10 (/opt/ros/humble/share/rclcpp/cmake)
[1.415s] -- Found rosidl_generator_c: 3.1.5 (/opt/ros/humble/share/rosidl_generator_c/cmake)
[1.442s] -- Found rosidl_adapter: 3.1.5 (/opt/ros/humble/share/rosidl_adapter/cmake)
[1.456s] -- Found rosidl_generator_cpp: 3.1.5 (/opt/ros/humble/share/rosidl_generator_cpp/cmake)
[1.493s] -- Using all available rosidl_typesupport_c: rosidl_typesupport_fastrtps_c;rosidl_typesupport_introspection_c
[1.523s] -- Using all available rosidl_typesupport_cpp: rosidl_typesupport_fastrtps_cpp;rosidl_typesupport_introspection_cpp
[1.627s] -- Found rmw_implementation_cmake: 6.1.2 (/opt/ros/humble/share/rmw_implementation_cmake/cmake)
[1.634s] -- Found rmw_cyclonedds_cpp: 1.3.4 (/opt/ros/humble/share/rmw_cyclonedds_cpp/cmake)
[1.688s] -- Using RMW implementation 'rmw_cyclonedds_cpp' as default
[1.709s] -- Looking for pthread.h
[1.832s] -- Looking for pthread.h - found
[1.832s] -- Performing Test CMAKE_HAVE_LIBC_PTHREAD
[1.962s] -- Performing Test CMAKE_HAVE_LIBC_PTHREAD - Success
[1.962s] -- Found Threads: TRUE  
[2.095s] -- Found sensor_msgs: 4.2.4 (/opt/ros/humble/share/sensor_msgs/cmake)
[2.168s] -- Found nav_msgs: 4.2.4 (/opt/ros/humble/share/nav_msgs/cmake)
[2.219s] -- Found ament_lint_auto: 0.12.11 (/opt/ros/humble/share/ament_lint_auto/cmake)
[2.356s] -- Added test 'copyright' to check source files copyright and LICENSE
[2.359s] -- Added test 'cppcheck' to perform static code analysis on C / C++ code
[2.359s] -- Configured cppcheck include dirs: 
[2.359s] -- Configured cppcheck exclude dirs and/or files: 
[2.363s] -- Added test 'lint_cmake' to check CMake code style
[2.367s] -- Added test 'uncrustify' to check C / C++ code style
[2.367s] -- Configured uncrustify additional arguments: 
[2.370s] -- Added test 'xmllint' to check XML markup files
[2.376s] -- Configuring done
[2.396s] -- Generating done
[2.399s] -- Build files have been written to: /home/pranav/the_mapper/build/ekf_fusion
[2.415s] Invoked command in '/home/pranav/the_mapper/build/ekf_fusion' returned '0': CMAKE_PREFIX_PATH=${CMAKE_PREFIX_PATH}:/opt/ros/humble /usr/bin/cmake /home/pranav/the_mapper/src/ekf_fusion -DCMAKE_INSTALL_PREFIX=/home/pranav/the_mapper/install/ekf_fusion
[2.415s] Invoking command in '/home/pranav/the_mapper/build/ekf_fusion': CMAKE_PREFIX_PATH=${CMAKE_PREFIX_PATH}:/opt/ros/humble /usr/bin/cmake --build /home/pranav/the_mapper/build/ekf_fusion -- -j4 -l4
[2.495s] [ 50%] [32mBuilding CXX object CMakeFiles/ekf_node.dir/src/ekf_node.cpp.o[0m
[20.323s] [100%] [32m[1mLinking CXX executable ekf_node[0m
[21.058s] [100%] Built target ekf_node
[21.073s] Invoked command in '/home/pranav/the_mapper/build/ekf_fusion' returned '0': CMAKE_PREFIX_PATH=${CMAKE_PREFIX_PATH}:/opt/ros/humble /usr/bin/cmake --build /home/pranav/the_mapper/build/ekf_fusion -- -j4 -l4
[21.103s] Invoking command in '/home/pranav/the_mapper/build/ekf_fusion': CMAKE_PREFIX_PATH=${CMAKE_PREFIX_PATH}:/opt/ros/humble /usr/bin/cmake --install /home/pranav/the_mapper/build/ekf_fusion
[21.111s] -- Install configuration: ""
[21.111s] -- Installing: /home/pranav/the_mapper/install/ekf_fusion/lib/ekf_fusion/ekf_node
[21.120s] -- Set runtime path of "/home/pranav/the_mapper/install/ekf_fusion/lib/ekf_fusion/ekf_node" to ""
[21.120s] -- Installing: /home/pranav/the_mapper/install/ekf_fusion/share/ament_index/resource_index/package_run_dependencies/ekf_fusion
[21.121s] -- Installing: /home/pranav/the_mapper/install/ekf_fusion/share/ament_index/resource_index/parent_prefix_path/ekf_fusion
[21.121s] -- Installing: /home/pranav/the_mapper/install/ekf_fusion/share/ekf_fusion/environment/ament_prefix_path.sh
[21.121s] -- Installing: /home/pranav/the_mapper/install/ekf_fusion/share/ekf_fusion/environment/ament_prefix_path.dsv
[21.121s] -- Installing: /home/pranav/the_mapper/install/ekf_fusion/share/ekf_fusion/environment/path.sh
[21.122s] -- Installing: /home/pranav/the_mapper/install/ekf_fusion/share/ekf_fusion/environment/path.dsv
[21.122s] -- Installing: /home/pranav/the_mapper/install/ekf_fusion/share/ekf_fusion/local_setup.bash
[21.122s] -- Installing: /home/pranav/the_mapper/install/ekf_fusion/share/ekf_fusion/local_setup.sh
[21.122s] -- Installing: /home/pranav/the_mapper/install/ekf_fusion/share/ekf_fusion/local_setup.zsh
[21.122s] -- Installing: /home/pranav/the_mapper/install/ekf_fusion/share/ekf_fusion/local_setup.dsv
[21.123s] -- Installing: /home/pranav/the_mapper/install/ekf_fusion/share/ekf_fusion/package.dsv
[21.123s] -- Installing: /home/pranav/the_mapper/install/ekf_fusion/share/ament_index/resource_index/packages/ekf_fusion
[21.123s] -- Installing: /home/pranav/the_mapper/install/ekf_fusion/share/ekf_fusion/cmake/ekf_fusionConfig.cmake
[21.123s] -- Installing: /home/pranav/the_mapper/install/ekf_fusion/share/ekf_fusion/cmake/ekf_fusionConfig-version.cmake
[21.124s] -- Installing: /home/pranav/the_mapper/install/ekf_fusion/share/ekf_fusion/package.xml
[21.127s] Invoked command in '/home/pranav/the_mapper/build/ekf_fusion' returned '0': CMAKE_PREFIX_PATH=${CMAKE_PREFIX_PATH}:/opt/ros/humble /usr/bin/cmake --install /home/pranav/the_mapper/build/ekf_fusion
