[0.015s] Invoking command in '/home/pranav/the_mapper/build/mapper_description': CMAKE_PREFIX_PATH=${CMAKE_PREFIX_PATH}:/opt/ros/humble /usr/bin/cmake /home/pranav/the_mapper/src/mapper_description -DCMAKE_INSTALL_PREFIX=/home/pranav/the_mapper/install/mapper_description
[0.159s] -- The C compiler identification is GNU 11.4.0
[0.272s] -- The CXX compiler identification is GNU 11.4.0
[0.280s] -- Detecting C compiler ABI info
[0.377s] -- Detecting C compiler ABI info - done
[0.385s] -- Check for working C compiler: /usr/bin/cc - skipped
[0.388s] -- Detecting C compile features
[0.389s] -- Detecting C compile features - done
[0.391s] -- Detecting CXX compiler ABI info
[0.495s] -- Detecting CXX compiler ABI info - done
[0.503s] -- Check for working CXX compiler: /usr/bin/c++ - skipped
[0.503s] -- Detecting CXX compile features
[0.505s] -- Detecting CXX compile features - done
[0.509s] -- Found ament_cmake: 1.3.10 (/opt/ros/humble/share/ament_cmake/cmake)
[0.664s] -- Found Python3: /usr/bin/python3 (found version "3.10.12") found components: Interpreter 
[0.821s] -- Configuring done
[0.822s] -- Generating done
[0.823s] -- Build files have been written to: /home/pranav/the_mapper/build/mapper_description
[0.829s] Invoked command in '/home/pranav/the_mapper/build/mapper_description' returned '0': CMAKE_PREFIX_PATH=${CMAKE_PREFIX_PATH}:/opt/ros/humble /usr/bin/cmake /home/pranav/the_mapper/src/mapper_description -DCMAKE_INSTALL_PREFIX=/home/pranav/the_mapper/install/mapper_description
[0.831s] Invoking command in '/home/pranav/the_mapper/build/mapper_description': CMAKE_PREFIX_PATH=${CMAKE_PREFIX_PATH}:/opt/ros/humble /usr/bin/cmake --build /home/pranav/the_mapper/build/mapper_description -- -j4 -l4
[0.885s] Invoked command in '/home/pranav/the_mapper/build/mapper_description' returned '0': CMAKE_PREFIX_PATH=${CMAKE_PREFIX_PATH}:/opt/ros/humble /usr/bin/cmake --build /home/pranav/the_mapper/build/mapper_description -- -j4 -l4
[0.927s] Invoking command in '/home/pranav/the_mapper/build/mapper_description': CMAKE_PREFIX_PATH=${CMAKE_PREFIX_PATH}:/opt/ros/humble /usr/bin/cmake --install /home/pranav/the_mapper/build/mapper_description
[0.938s] -- Install configuration: ""
[0.938s] -- Installing: /home/pranav/the_mapper/install/mapper_description/share/mapper_description//urdf
[0.938s] -- Installing: /home/pranav/the_mapper/install/mapper_description/share/mapper_description//urdf/sensors.xacro
[0.938s] -- Installing: /home/pranav/the_mapper/install/mapper_description/share/mapper_description//urdf/mobile_base_gazebo.xacro
[0.938s] -- Installing: /home/pranav/the_mapper/install/mapper_description/share/mapper_description//urdf/mapper.urdf.xacro
[0.939s] -- Installing: /home/pranav/the_mapper/install/mapper_description/share/mapper_description//urdf/common_properties.xacro
[0.939s] -- Installing: /home/pranav/the_mapper/install/mapper_description/share/mapper_description//urdf/mobile_base.xacro
[0.939s] -- Installing: /home/pranav/the_mapper/install/mapper_description/share/mapper_description//launch
[0.940s] -- Installing: /home/pranav/the_mapper/install/mapper_description/share/mapper_description//launch/display.launch.xml
[0.940s] -- Installing: /home/pranav/the_mapper/install/mapper_description/share/mapper_description//launch/display.launch.py
[0.940s] -- Installing: /home/pranav/the_mapper/install/mapper_description/share/mapper_description//rviz
[0.940s] -- Installing: /home/pranav/the_mapper/install/mapper_description/share/mapper_description//rviz/urdf_config.rviz
[0.941s] -- Installing: /home/pranav/the_mapper/install/mapper_description/share/ament_index/resource_index/package_run_dependencies/mapper_description
[0.941s] -- Installing: /home/pranav/the_mapper/install/mapper_description/share/ament_index/resource_index/parent_prefix_path/mapper_description
[0.941s] -- Installing: /home/pranav/the_mapper/install/mapper_description/share/mapper_description/environment/ament_prefix_path.sh
[0.944s] -- Installing: /home/pranav/the_mapper/install/mapper_description/share/mapper_description/environment/ament_prefix_path.dsv
[0.944s] -- Installing: /home/pranav/the_mapper/install/mapper_description/share/mapper_description/environment/path.sh
[0.944s] -- Installing: /home/pranav/the_mapper/install/mapper_description/share/mapper_description/environment/path.dsv
[0.944s] -- Installing: /home/pranav/the_mapper/install/mapper_description/share/mapper_description/local_setup.bash
[0.944s] -- Installing: /home/pranav/the_mapper/install/mapper_description/share/mapper_description/local_setup.sh
[0.944s] -- Installing: /home/pranav/the_mapper/install/mapper_description/share/mapper_description/local_setup.zsh
[0.944s] -- Installing: /home/pranav/the_mapper/install/mapper_description/share/mapper_description/local_setup.dsv
[0.944s] -- Installing: /home/pranav/the_mapper/install/mapper_description/share/mapper_description/package.dsv
[0.944s] -- Installing: /home/pranav/the_mapper/install/mapper_description/share/ament_index/resource_index/packages/mapper_description
[0.944s] -- Installing: /home/pranav/the_mapper/install/mapper_description/share/mapper_description/cmake/mapper_descriptionConfig.cmake
[0.944s] -- Installing: /home/pranav/the_mapper/install/mapper_description/share/mapper_description/cmake/mapper_descriptionConfig-version.cmake
[0.945s] -- Installing: /home/pranav/the_mapper/install/mapper_description/share/mapper_description/package.xml
[0.947s] Invoked command in '/home/pranav/the_mapper/build/mapper_description' returned '0': CMAKE_PREFIX_PATH=${CMAKE_PREFIX_PATH}:/opt/ros/humble /usr/bin/cmake --install /home/pranav/the_mapper/build/mapper_description
