[0.022s] Invoking command in '/home/pranav/the_mapper/build/ekf_fusion': CMAKE_PREFIX_PATH=${CMAKE_PREFIX_PATH}:/opt/ros/humble /usr/bin/cmake --build /home/pranav/the_mapper/build/ekf_fusion -- -j4 -l4
[0.080s] [35m[1mConsolidate compiler generated dependencies of target ekf_node[0m
[0.106s] [100%] Built target ekf_node
[0.125s] Invoked command in '/home/pranav/the_mapper/build/ekf_fusion' returned '0': CMAKE_PREFIX_PATH=${CMAKE_PREFIX_PATH}:/opt/ros/humble /usr/bin/cmake --build /home/pranav/the_mapper/build/ekf_fusion -- -j4 -l4
[0.157s] Invoking command in '/home/pranav/the_mapper/build/ekf_fusion': CMAKE_PREFIX_PATH=${CMAKE_PREFIX_PATH}:/opt/ros/humble /usr/bin/cmake --install /home/pranav/the_mapper/build/ekf_fusion
[0.166s] -- Install configuration: ""
[0.167s] -- Up-to-date: /home/pranav/the_mapper/install/ekf_fusion/lib/ekf_fusion/ekf_node
[0.167s] -- Up-to-date: /home/pranav/the_mapper/install/ekf_fusion/share/ament_index/resource_index/package_run_dependencies/ekf_fusion
[0.168s] -- Up-to-date: /home/pranav/the_mapper/install/ekf_fusion/share/ament_index/resource_index/parent_prefix_path/ekf_fusion
[0.169s] -- Up-to-date: /home/pranav/the_mapper/install/ekf_fusion/share/ekf_fusion/environment/ament_prefix_path.sh
[0.169s] -- Up-to-date: /home/pranav/the_mapper/install/ekf_fusion/share/ekf_fusion/environment/ament_prefix_path.dsv
[0.169s] -- Up-to-date: /home/pranav/the_mapper/install/ekf_fusion/share/ekf_fusion/environment/path.sh
[0.170s] -- Up-to-date: /home/pranav/the_mapper/install/ekf_fusion/share/ekf_fusion/environment/path.dsv
[0.170s] -- Up-to-date: /home/pranav/the_mapper/install/ekf_fusion/share/ekf_fusion/local_setup.bash
[0.170s] -- Up-to-date: /home/pranav/the_mapper/install/ekf_fusion/share/ekf_fusion/local_setup.sh
[0.173s] -- Up-to-date: /home/pranav/the_mapper/install/ekf_fusion/share/ekf_fusion/local_setup.zsh
[0.174s] -- Up-to-date: /home/pranav/the_mapper/install/ekf_fusion/share/ekf_fusion/local_setup.dsv
[0.174s] -- Installing: /home/pranav/the_mapper/install/ekf_fusion/share/ekf_fusion/package.dsv
[0.175s] -- Up-to-date: /home/pranav/the_mapper/install/ekf_fusion/share/ament_index/resource_index/packages/ekf_fusion
[0.175s] -- Up-to-date: /home/pranav/the_mapper/install/ekf_fusion/share/ekf_fusion/cmake/ekf_fusionConfig.cmake
[0.175s] -- Up-to-date: /home/pranav/the_mapper/install/ekf_fusion/share/ekf_fusion/cmake/ekf_fusionConfig-version.cmake
[0.177s] -- Up-to-date: /home/pranav/the_mapper/install/ekf_fusion/share/ekf_fusion/package.xml
[0.189s] Invoked command in '/home/pranav/the_mapper/build/ekf_fusion' returned '0': CMAKE_PREFIX_PATH=${CMAKE_PREFIX_PATH}:/opt/ros/humble /usr/bin/cmake --install /home/pranav/the_mapper/build/ekf_fusion
