-- Install configuration: ""
-- Up-to-date: /home/pranav/the_mapper/install/ekf_fusion/share/ekf_fusion/launch
-- Up-to-date: /home/pranav/the_mapper/install/ekf_fusion/share/ekf_fusion/launch/ekf_launch.py
-- Up-to-date: /home/pranav/the_mapper/install/ekf_fusion/share/ekf_fusion/config
-- Up-to-date: /home/pranav/the_mapper/install/ekf_fusion/share/ekf_fusion/config/ekf.yaml
-- Up-to-date: /home/pranav/the_mapper/install/ekf_fusion/share/ament_index/resource_index/package_run_dependencies/ekf_fusion
-- Up-to-date: /home/pranav/the_mapper/install/ekf_fusion/share/ament_index/resource_index/parent_prefix_path/ekf_fusion
-- Up-to-date: /home/pranav/the_mapper/install/ekf_fusion/share/ekf_fusion/environment/ament_prefix_path.sh
-- Up-to-date: /home/pranav/the_mapper/install/ekf_fusion/share/ekf_fusion/environment/ament_prefix_path.dsv
-- Up-to-date: /home/pranav/the_mapper/install/ekf_fusion/share/ekf_fusion/environment/path.sh
-- Up-to-date: /home/pranav/the_mapper/install/ekf_fusion/share/ekf_fusion/environment/path.dsv
-- Up-to-date: /home/pranav/the_mapper/install/ekf_fusion/share/ekf_fusion/local_setup.bash
-- Up-to-date: /home/pranav/the_mapper/install/ekf_fusion/share/ekf_fusion/local_setup.sh
-- Up-to-date: /home/pranav/the_mapper/install/ekf_fusion/share/ekf_fusion/local_setup.zsh
-- Up-to-date: /home/pranav/the_mapper/install/ekf_fusion/share/ekf_fusion/local_setup.dsv
-- Installing: /home/pranav/the_mapper/install/ekf_fusion/share/ekf_fusion/package.dsv
-- Up-to-date: /home/pranav/the_mapper/install/ekf_fusion/share/ament_index/resource_index/packages/ekf_fusion
-- Up-to-date: /home/pranav/the_mapper/install/ekf_fusion/share/ekf_fusion/cmake/ekf_fusionConfig.cmake
-- Up-to-date: /home/pranav/the_mapper/install/ekf_fusion/share/ekf_fusion/cmake/ekf_fusionConfig-version.cmake
-- Up-to-date: /home/pranav/the_mapper/install/ekf_fusion/share/ekf_fusion/package.xml
