[0.014s] Invoking command in '/home/pranav/the_mapper/build/mapper_bringup': CMAKE_PREFIX_PATH=${CMAKE_PREFIX_PATH}:/home/pranav/ws/install/mypkg:/home/pranav/learning_ws/install/mypkg:/opt/ros/humble /usr/bin/cmake /home/pranav/the_mapper/src/mapper_bringup -DCMAKE_INSTALL_PREFIX=/home/pranav/the_mapper/install/mapper_bringup
[0.092s] -- The C compiler identification is GNU 11.4.0
[0.164s] -- The CXX compiler identification is GNU 11.4.0
[0.173s] -- Detecting C compiler ABI info
[0.267s] -- Detecting C compiler ABI info - done
[0.271s] -- Check for working C compiler: /usr/bin/cc - skipped
[0.271s] -- Detecting C compile features
[0.272s] -- Detecting C compile features - done
[0.276s] -- Detecting CXX compiler ABI info
[0.394s] -- Detecting CXX compiler ABI info - done
[0.401s] -- Check for working CXX compiler: /usr/bin/c++ - skipped
[0.401s] -- Detecting CXX compile features
[0.401s] -- Detecting CXX compile features - done
[0.405s] -- Found ament_cmake: 1.3.10 (/opt/ros/humble/share/ament_cmake/cmake)
[0.598s] -- Found Python3: /usr/bin/python3 (found version "3.10.12") found components: Interpreter 
[0.799s] -- Configuring done
[0.804s] -- Generating done
[0.805s] -- Build files have been written to: /home/pranav/the_mapper/build/mapper_bringup
[0.810s] Invoked command in '/home/pranav/the_mapper/build/mapper_bringup' returned '0': CMAKE_PREFIX_PATH=${CMAKE_PREFIX_PATH}:/home/pranav/ws/install/mypkg:/home/pranav/learning_ws/install/mypkg:/opt/ros/humble /usr/bin/cmake /home/pranav/the_mapper/src/mapper_bringup -DCMAKE_INSTALL_PREFIX=/home/pranav/the_mapper/install/mapper_bringup
[0.812s] Invoking command in '/home/pranav/the_mapper/build/mapper_bringup': CMAKE_PREFIX_PATH=${CMAKE_PREFIX_PATH}:/home/pranav/ws/install/mypkg:/home/pranav/learning_ws/install/mypkg:/opt/ros/humble /usr/bin/cmake --build /home/pranav/the_mapper/build/mapper_bringup -- -j4 -l4
[0.868s] Invoked command in '/home/pranav/the_mapper/build/mapper_bringup' returned '0': CMAKE_PREFIX_PATH=${CMAKE_PREFIX_PATH}:/home/pranav/ws/install/mypkg:/home/pranav/learning_ws/install/mypkg:/opt/ros/humble /usr/bin/cmake --build /home/pranav/the_mapper/build/mapper_bringup -- -j4 -l4
[0.902s] Invoking command in '/home/pranav/the_mapper/build/mapper_bringup': CMAKE_PREFIX_PATH=${CMAKE_PREFIX_PATH}:/home/pranav/ws/install/mypkg:/home/pranav/learning_ws/install/mypkg:/opt/ros/humble /usr/bin/cmake --install /home/pranav/the_mapper/build/mapper_bringup
[0.912s] -- Install configuration: ""
[0.913s] -- Installing: /home/pranav/the_mapper/install/mapper_bringup/share/mapper_bringup//launch
[0.913s] -- Installing: /home/pranav/the_mapper/install/mapper_bringup/share/mapper_bringup//launch/gazebo.launch.xml
[0.913s] -- Installing: /home/pranav/the_mapper/install/mapper_bringup/share/mapper_bringup//launch/mapper_gazebo.launch.xml
[0.914s] -- Installing: /home/pranav/the_mapper/install/mapper_bringup/share/mapper_bringup//rviz
[0.914s] -- Installing: /home/pranav/the_mapper/install/mapper_bringup/share/mapper_bringup//rviz/urdf_config.rviz
[0.914s] -- Installing: /home/pranav/the_mapper/install/mapper_bringup/share/mapper_bringup//worlds
[0.914s] -- Installing: /home/pranav/the_mapper/install/mapper_bringup/share/mapper_bringup//worlds/svr.world
[0.914s] -- Installing: /home/pranav/the_mapper/install/mapper_bringup/share/mapper_bringup//worlds/test_world.world
[0.915s] -- Installing: /home/pranav/the_mapper/install/mapper_bringup/share/mapper_bringup//worlds/svr
[0.915s] -- Installing: /home/pranav/the_mapper/install/mapper_bringup/share/mapper_bringup//worlds/svr/model.sdf
[0.915s] -- Installing: /home/pranav/the_mapper/install/mapper_bringup/share/mapper_bringup//worlds/svr/model.config
[0.916s] -- Installing: /home/pranav/the_mapper/install/mapper_bringup/share/ament_index/resource_index/package_run_dependencies/mapper_bringup
[0.916s] -- Installing: /home/pranav/the_mapper/install/mapper_bringup/share/ament_index/resource_index/parent_prefix_path/mapper_bringup
[0.916s] -- Installing: /home/pranav/the_mapper/install/mapper_bringup/share/mapper_bringup/environment/ament_prefix_path.sh
[0.916s] -- Installing: /home/pranav/the_mapper/install/mapper_bringup/share/mapper_bringup/environment/ament_prefix_path.dsv
[0.917s] -- Installing: /home/pranav/the_mapper/install/mapper_bringup/share/mapper_bringup/environment/path.sh
[0.917s] -- Installing: /home/pranav/the_mapper/install/mapper_bringup/share/mapper_bringup/environment/path.dsv
[0.917s] -- Installing: /home/pranav/the_mapper/install/mapper_bringup/share/mapper_bringup/local_setup.bash
[0.918s] -- Installing: /home/pranav/the_mapper/install/mapper_bringup/share/mapper_bringup/local_setup.sh
[0.918s] -- Installing: /home/pranav/the_mapper/install/mapper_bringup/share/mapper_bringup/local_setup.zsh
[0.918s] -- Installing: /home/pranav/the_mapper/install/mapper_bringup/share/mapper_bringup/local_setup.dsv
[0.918s] -- Installing: /home/pranav/the_mapper/install/mapper_bringup/share/mapper_bringup/package.dsv
[0.919s] -- Installing: /home/pranav/the_mapper/install/mapper_bringup/share/ament_index/resource_index/packages/mapper_bringup
[0.919s] -- Installing: /home/pranav/the_mapper/install/mapper_bringup/share/mapper_bringup/cmake/mapper_bringupConfig.cmake
[0.919s] -- Installing: /home/pranav/the_mapper/install/mapper_bringup/share/mapper_bringup/cmake/mapper_bringupConfig-version.cmake
[0.919s] -- Installing: /home/pranav/the_mapper/install/mapper_bringup/share/mapper_bringup/package.xml
[0.922s] Invoked command in '/home/pranav/the_mapper/build/mapper_bringup' returned '0': CMAKE_PREFIX_PATH=${CMAKE_PREFIX_PATH}:/home/pranav/ws/install/mypkg:/home/pranav/learning_ws/install/mypkg:/opt/ros/humble /usr/bin/cmake --install /home/pranav/the_mapper/build/mapper_bringup
