[0.020s] Invoking command in '/home/pranav/the_mapper/build/ekf_fusion': CMAKE_PREFIX_PATH=${CMAKE_PREFIX_PATH}:/opt/ros/humble /usr/bin/cmake /home/pranav/the_mapper/src/ekf_fusion -DCMAKE_INSTALL_PREFIX=/home/pranav/the_mapper/install/ekf_fusion
[0.153s] -- The C compiler identification is GNU 11.4.0
[0.263s] -- The CXX compiler identification is GNU 11.4.0
[0.274s] -- Detecting C compiler ABI info
[0.372s] -- Detecting C compiler ABI info - done
[0.379s] -- Check for working C compiler: /usr/bin/cc - skipped
[0.380s] -- Detecting C compile features
[0.384s] -- Detecting C compile features - done
[0.385s] -- Detecting CXX compiler ABI info
[0.489s] -- Detecting CXX compiler ABI info - done
[0.497s] -- Check for working CXX compiler: /usr/bin/c++ - skipped
[0.497s] -- Detecting CXX compile features
[0.498s] -- Detecting CXX compile features - done
[0.504s] -- Found ament_cmake: 1.3.10 (/opt/ros/humble/share/ament_cmake/cmake)
[0.658s] -- Found Python3: /usr/bin/python3 (found version "3.10.12") found components: Interpreter 
[0.752s] -- Found rclcpp: 16.0.10 (/opt/ros/humble/share/rclcpp/cmake)
[0.834s] -- Found rosidl_generator_c: 3.1.5 (/opt/ros/humble/share/rosidl_generator_c/cmake)
[0.844s] -- Found rosidl_adapter: 3.1.5 (/opt/ros/humble/share/rosidl_adapter/cmake)
[0.861s] -- Found rosidl_generator_cpp: 3.1.5 (/opt/ros/humble/share/rosidl_generator_cpp/cmake)
[0.893s] -- Using all available rosidl_typesupport_c: rosidl_typesupport_fastrtps_c;rosidl_typesupport_introspection_c
[0.922s] -- Using all available rosidl_typesupport_cpp: rosidl_typesupport_fastrtps_cpp;rosidl_typesupport_introspection_cpp
[0.997s] -- Found rmw_implementation_cmake: 6.1.2 (/opt/ros/humble/share/rmw_implementation_cmake/cmake)
[1.005s] -- Found rmw_cyclonedds_cpp: 1.3.4 (/opt/ros/humble/share/rmw_cyclonedds_cpp/cmake)
[1.047s] -- Using RMW implementation 'rmw_cyclonedds_cpp' as default
[1.065s] -- Looking for pthread.h
[1.172s] -- Looking for pthread.h - found
[1.172s] -- Performing Test CMAKE_HAVE_LIBC_PTHREAD
[1.274s] -- Performing Test CMAKE_HAVE_LIBC_PTHREAD - Success
[1.275s] -- Found Threads: TRUE  
[1.368s] -- Found sensor_msgs: 4.2.4 (/opt/ros/humble/share/sensor_msgs/cmake)
[1.419s] -- Found nav_msgs: 4.2.4 (/opt/ros/humble/share/nav_msgs/cmake)
[1.461s] -- Found ament_lint_auto: 0.12.11 (/opt/ros/humble/share/ament_lint_auto/cmake)
[1.570s] -- Added test 'copyright' to check source files copyright and LICENSE
[1.572s] -- Added test 'cppcheck' to perform static code analysis on C / C++ code
[1.573s] -- Configured cppcheck include dirs: 
[1.573s] -- Configured cppcheck exclude dirs and/or files: 
[1.574s] -- Added test 'lint_cmake' to check CMake code style
[1.577s] -- Added test 'uncrustify' to check C / C++ code style
[1.577s] -- Configured uncrustify additional arguments: 
[1.578s] -- Added test 'xmllint' to check XML markup files
[1.583s] -- Configuring done
[1.596s] -- Generating done
[1.597s] -- Build files have been written to: /home/pranav/the_mapper/build/ekf_fusion
[1.607s] Invoked command in '/home/pranav/the_mapper/build/ekf_fusion' returned '0': CMAKE_PREFIX_PATH=${CMAKE_PREFIX_PATH}:/opt/ros/humble /usr/bin/cmake /home/pranav/the_mapper/src/ekf_fusion -DCMAKE_INSTALL_PREFIX=/home/pranav/the_mapper/install/ekf_fusion
[1.609s] Invoking command in '/home/pranav/the_mapper/build/ekf_fusion': CMAKE_PREFIX_PATH=${CMAKE_PREFIX_PATH}:/opt/ros/humble /usr/bin/cmake --build /home/pranav/the_mapper/build/ekf_fusion -- -j4 -l4
[1.681s] [ 50%] [32mBuilding CXX object CMakeFiles/ekf_node.dir/src/ekf_node.cpp.o[0m
[17.835s] [100%] [32m[1mLinking CXX executable ekf_node[0m
[18.544s] [100%] Built target ekf_node
[18.557s] Invoked command in '/home/pranav/the_mapper/build/ekf_fusion' returned '0': CMAKE_PREFIX_PATH=${CMAKE_PREFIX_PATH}:/opt/ros/humble /usr/bin/cmake --build /home/pranav/the_mapper/build/ekf_fusion -- -j4 -l4
[18.591s] Invoking command in '/home/pranav/the_mapper/build/ekf_fusion': CMAKE_PREFIX_PATH=${CMAKE_PREFIX_PATH}:/opt/ros/humble /usr/bin/cmake --install /home/pranav/the_mapper/build/ekf_fusion
[18.600s] -- Install configuration: ""
[18.600s] -- Installing: /home/pranav/the_mapper/install/ekf_fusion/lib/ekf_fusion/ekf_node
[18.608s] -- Set runtime path of "/home/pranav/the_mapper/install/ekf_fusion/lib/ekf_fusion/ekf_node" to ""
[18.608s] -- Installing: /home/pranav/the_mapper/install/ekf_fusion/share/ament_index/resource_index/package_run_dependencies/ekf_fusion
[18.609s] -- Installing: /home/pranav/the_mapper/install/ekf_fusion/share/ament_index/resource_index/parent_prefix_path/ekf_fusion
[18.609s] -- Installing: /home/pranav/the_mapper/install/ekf_fusion/share/ekf_fusion/environment/ament_prefix_path.sh
[18.609s] -- Installing: /home/pranav/the_mapper/install/ekf_fusion/share/ekf_fusion/environment/ament_prefix_path.dsv
[18.609s] -- Installing: /home/pranav/the_mapper/install/ekf_fusion/share/ekf_fusion/environment/path.sh
[18.609s] -- Installing: /home/pranav/the_mapper/install/ekf_fusion/share/ekf_fusion/environment/path.dsv
[18.609s] -- Installing: /home/pranav/the_mapper/install/ekf_fusion/share/ekf_fusion/local_setup.bash
[18.610s] -- Installing: /home/pranav/the_mapper/install/ekf_fusion/share/ekf_fusion/local_setup.sh
[18.610s] -- Installing: /home/pranav/the_mapper/install/ekf_fusion/share/ekf_fusion/local_setup.zsh
[18.610s] -- Installing: /home/pranav/the_mapper/install/ekf_fusion/share/ekf_fusion/local_setup.dsv
[18.611s] -- Installing: /home/pranav/the_mapper/install/ekf_fusion/share/ekf_fusion/package.dsv
[18.611s] -- Installing: /home/pranav/the_mapper/install/ekf_fusion/share/ament_index/resource_index/packages/ekf_fusion
[18.611s] -- Installing: /home/pranav/the_mapper/install/ekf_fusion/share/ekf_fusion/cmake/ekf_fusionConfig.cmake
[18.611s] -- Installing: /home/pranav/the_mapper/install/ekf_fusion/share/ekf_fusion/cmake/ekf_fusionConfig-version.cmake
[18.612s] -- Installing: /home/pranav/the_mapper/install/ekf_fusion/share/ekf_fusion/package.xml
[18.614s] Invoked command in '/home/pranav/the_mapper/build/ekf_fusion' returned '0': CMAKE_PREFIX_PATH=${CMAKE_PREFIX_PATH}:/opt/ros/humble /usr/bin/cmake --install /home/pranav/the_mapper/build/ekf_fusion
