[0.026s] Invoking command in '/home/pranav/the_mapper/build/ground_mapper': CMAKE_PREFIX_PATH=/opt/ros/humble /usr/bin/cmake /home/pranav/the_mapper/src/ground_mapper -DAMENT_CMAKE_SYMLINK_INSTALL=1 -DCMAKE_INSTALL_PREFIX=/home/pranav/the_mapper/install/ground_mapper
[0.081s] -- Found ament_cmake: 1.3.10 (/opt/ros/humble/share/ament_cmake/cmake)
[0.306s] -- Override CMake install command with custom implementation using symlinks instead of copying resources
[0.359s] -- Found rclcpp: 16.0.10 (/opt/ros/humble/share/rclcpp/cmake)
[0.462s] -- Found rosidl_generator_c: 3.1.5 (/opt/ros/humble/share/rosidl_generator_c/cmake)
[0.471s] -- Found rosidl_adapter: 3.1.5 (/opt/ros/humble/share/rosidl_adapter/cmake)
[0.490s] -- Found rosidl_generator_cpp: 3.1.5 (/opt/ros/humble/share/rosidl_generator_cpp/cmake)
[0.516s] -- Using all available rosidl_typesupport_c: rosidl_typesupport_fastrtps_c;rosidl_typesupport_introspection_c
[0.552s] -- Using all available rosidl_typesupport_cpp: rosidl_typesupport_fastrtps_cpp;rosidl_typesupport_introspection_cpp
[0.644s] -- Found rmw_implementation_cmake: 6.1.2 (/opt/ros/humble/share/rmw_implementation_cmake/cmake)
[0.659s] -- Found rmw_fastrtps_cpp: 6.2.7 (/opt/ros/humble/share/rmw_fastrtps_cpp/cmake)
[0.846s] -- Using RMW implementation 'rmw_fastrtps_cpp' as default
[0.979s] -- Found sensor_msgs: 4.2.4 (/opt/ros/humble/share/sensor_msgs/cmake)
[1.047s] -- Found nav_msgs: 4.2.4 (/opt/ros/humble/share/nav_msgs/cmake)
[1.082s] -- Found tf2: 0.25.8 (/opt/ros/humble/share/tf2/cmake)
[1.095s] -- Found tf2_ros: 0.25.8 (/opt/ros/humble/share/tf2_ros/cmake)
[1.293s] -- Eigen found (include: /usr/include/eigen3, version: 3.4.0)
[1.340s] -- OpenNI found (version: 1.5.4.0, include: /usr/include/ni, lib: /usr/lib/libOpenNI.so;libusb::libusb)
[1.350s] -- OpenNI2 found (version: 2.2.0.33, include: /usr/include/openni2, lib: /usr/lib/x86_64-linux-gnu/libOpenNI2.so;libusb::libusb)
[1.350s] [0m** WARNING ** io features related to pcap will be disabled[0m
[1.350s] [0m** WARNING ** io features related to png will be disabled[0m
[1.923s] -- Eigen found (include: /usr/include/eigen3, version: 3.4.0)
[1.923s] -- looking for PCL_COMMON
[1.923s] -- looking for PCL_OCTREE
[1.923s] -- looking for PCL_IO
[1.925s] -- Found pcl_conversions: 2.4.5 (/opt/ros/humble/share/pcl_conversions/cmake)
[2.058s] -- Configuring done
[2.172s] -- Generating done
[2.178s] -- Build files have been written to: /home/pranav/the_mapper/build/ground_mapper
[2.195s] Invoked command in '/home/pranav/the_mapper/build/ground_mapper' returned '0': CMAKE_PREFIX_PATH=/opt/ros/humble /usr/bin/cmake /home/pranav/the_mapper/src/ground_mapper -DAMENT_CMAKE_SYMLINK_INSTALL=1 -DCMAKE_INSTALL_PREFIX=/home/pranav/the_mapper/install/ground_mapper
[2.197s] Invoking command in '/home/pranav/the_mapper/build/ground_mapper': CMAKE_PREFIX_PATH=/opt/ros/humble /usr/bin/cmake --build /home/pranav/the_mapper/build/ground_mapper -- -j4 -l4
[2.259s] [35m[1mConsolidate compiler generated dependencies of target mapping_node[0m
[2.260s] [35m[1mConsolidate compiler generated dependencies of target pointcloud_saver[0m
[2.292s] [ 25%] [32m[1mLinking CXX executable mapping_node[0m
[2.307s] [ 50%] [32m[1mLinking CXX executable pointcloud_saver[0m
[3.232s] [ 75%] Built target mapping_node
[3.444s] [100%] Built target pointcloud_saver
[3.465s] Invoked command in '/home/pranav/the_mapper/build/ground_mapper' returned '0': CMAKE_PREFIX_PATH=/opt/ros/humble /usr/bin/cmake --build /home/pranav/the_mapper/build/ground_mapper -- -j4 -l4
[3.513s] Invoking command in '/home/pranav/the_mapper/build/ground_mapper': CMAKE_PREFIX_PATH=/opt/ros/humble /usr/bin/cmake --install /home/pranav/the_mapper/build/ground_mapper
[3.523s] -- Install configuration: ""
[3.523s] -- Execute custom install script
[3.524s] -- Symlinking: /home/pranav/the_mapper/install/ground_mapper/lib/ground_mapper/pointcloud_saver
[3.537s] -- Symlinking: /home/pranav/the_mapper/install/ground_mapper/lib/ground_mapper/mapping_node
[3.548s] -- Symlinking: /home/pranav/the_mapper/install/ground_mapper/share/ground_mapper/launch/ground_mapping.launch.py
[3.563s] -- Symlinking: /home/pranav/the_mapper/install/ground_mapper/share/ground_mapper/launch/octomap_server.launch.py
[3.576s] -- Symlinking: /home/pranav/the_mapper/install/ground_mapper/share/ament_index/resource_index/package_run_dependencies/ground_mapper
[3.587s] -- Symlinking: /home/pranav/the_mapper/install/ground_mapper/share/ament_index/resource_index/parent_prefix_path/ground_mapper
[3.598s] -- Symlinking: /home/pranav/the_mapper/install/ground_mapper/share/ground_mapper/environment/ament_prefix_path.sh
[3.610s] -- Symlinking: /home/pranav/the_mapper/install/ground_mapper/share/ground_mapper/environment/ament_prefix_path.dsv
[3.621s] -- Symlinking: /home/pranav/the_mapper/install/ground_mapper/share/ground_mapper/environment/path.sh
[3.633s] -- Symlinking: /home/pranav/the_mapper/install/ground_mapper/share/ground_mapper/environment/path.dsv
[3.643s] -- Symlinking: /home/pranav/the_mapper/install/ground_mapper/share/ground_mapper/local_setup.bash
[3.656s] -- Symlinking: /home/pranav/the_mapper/install/ground_mapper/share/ground_mapper/local_setup.sh
[3.669s] -- Symlinking: /home/pranav/the_mapper/install/ground_mapper/share/ground_mapper/local_setup.zsh
[3.681s] -- Symlinking: /home/pranav/the_mapper/install/ground_mapper/share/ground_mapper/local_setup.dsv
[3.693s] -- Symlinking: /home/pranav/the_mapper/install/ground_mapper/share/ground_mapper/package.dsv
[3.705s] -- Symlinking: /home/pranav/the_mapper/install/ground_mapper/share/ament_index/resource_index/packages/ground_mapper
[3.715s] -- Symlinking: /home/pranav/the_mapper/install/ground_mapper/share/ground_mapper/cmake/ground_mapperConfig.cmake
[3.727s] -- Symlinking: /home/pranav/the_mapper/install/ground_mapper/share/ground_mapper/cmake/ground_mapperConfig-version.cmake
[3.739s] -- Symlinking: /home/pranav/the_mapper/install/ground_mapper/share/ground_mapper/package.xml
[3.756s] Invoked command in '/home/pranav/the_mapper/build/ground_mapper' returned '0': CMAKE_PREFIX_PATH=/opt/ros/humble /usr/bin/cmake --install /home/pranav/the_mapper/build/ground_mapper
