[0.112s] DEBUG:colcon:Command line arguments: ['/usr/bin/colcon', 'build']
[0.112s] DEBUG:colcon:Parsed command line arguments: Namespace(log_base=None, log_level=None, verb_name='build', build_base='build', install_base='install', merge_install=False, symlink_install=False, test_result_base=None, continue_on_error=False, executor='parallel', parallel_workers=4, event_handlers=None, ignore_user_meta=False, metas=['./colcon.meta'], base_paths=['.'], packages_ignore=None, packages_ignore_regex=None, paths=None, packages_up_to=None, packages_up_to_regex=None, packages_above=None, packages_above_and_dependencies=None, packages_above_depth=None, packages_select_by_dep=None, packages_skip_by_dep=None, packages_skip_up_to=None, packages_select_build_failed=False, packages_skip_build_finished=False, packages_select_test_failures=False, packages_skip_test_passed=False, packages_select=None, packages_skip=None, packages_select_regex=None, packages_skip_regex=None, packages_start=None, packages_end=None, allow_overriding=[], cmake_args=None, cmake_target=None, cmake_target_skip_unavailable=False, cmake_clean_cache=False, cmake_clean_first=False, cmake_force_configure=False, ament_cmake_args=None, catkin_cmake_args=None, catkin_skip_building_tests=False, mixin_files=None, mixin=None, verb_parser=<colcon_mixin.mixin.mixin_argument.MixinArgumentDecorator object at 0x7948d403eda0>, verb_extension=<colcon_core.verb.build.BuildVerb object at 0x7948d403df00>, main=<bound method BuildVerb.main of <colcon_core.verb.build.BuildVerb object at 0x7948d403df00>>, mixin_verb=('build',))
[0.282s] Level 1:colcon.colcon_core.package_discovery:discover_packages(colcon_meta) check parameters
[0.282s] Level 1:colcon.colcon_core.package_discovery:discover_packages(recursive) check parameters
[0.283s] Level 1:colcon.colcon_core.package_discovery:discover_packages(ignore) check parameters
[0.283s] Level 1:colcon.colcon_core.package_discovery:discover_packages(path) check parameters
[0.283s] Level 1:colcon.colcon_core.package_discovery:discover_packages(colcon_meta) discover
[0.283s] Level 1:colcon.colcon_core.package_discovery:discover_packages(recursive) discover
[0.283s] INFO:colcon.colcon_core.package_discovery:Crawling recursively for packages in '/home/pranav/the_mapper'
[0.283s] Level 1:colcon.colcon_core.package_identification:_identify(.) by extensions ['ignore', 'ignore_ament_install']
[0.284s] Level 1:colcon.colcon_core.package_identification:_identify(.) by extension 'ignore'
[0.284s] Level 1:colcon.colcon_core.package_identification:_identify(.) by extension 'ignore_ament_install'
[0.284s] Level 1:colcon.colcon_core.package_identification:_identify(.) by extensions ['colcon_pkg']
[0.284s] Level 1:colcon.colcon_core.package_identification:_identify(.) by extension 'colcon_pkg'
[0.284s] Level 1:colcon.colcon_core.package_identification:_identify(.) by extensions ['colcon_meta']
[0.284s] Level 1:colcon.colcon_core.package_identification:_identify(.) by extension 'colcon_meta'
[0.284s] Level 1:colcon.colcon_core.package_identification:_identify(.) by extensions ['ros']
[0.284s] Level 1:colcon.colcon_core.package_identification:_identify(.) by extension 'ros'
[0.294s] Level 1:colcon.colcon_core.package_identification:_identify(.) by extensions ['cmake', 'python']
[0.294s] Level 1:colcon.colcon_core.package_identification:_identify(.) by extension 'cmake'
[0.295s] Level 1:colcon.colcon_core.package_identification:_identify(.) by extension 'python'
[0.295s] Level 1:colcon.colcon_core.package_identification:_identify(.) by extensions ['python_setup_py']
[0.295s] Level 1:colcon.colcon_core.package_identification:_identify(.) by extension 'python_setup_py'
[0.295s] Level 1:colcon.colcon_core.package_identification:_identify(build) by extensions ['ignore', 'ignore_ament_install']
[0.296s] Level 1:colcon.colcon_core.package_identification:_identify(build) by extension 'ignore'
[0.296s] Level 1:colcon.colcon_core.package_identification:_identify(build) ignored
[0.296s] Level 1:colcon.colcon_core.package_identification:_identify(install) by extensions ['ignore', 'ignore_ament_install']
[0.296s] Level 1:colcon.colcon_core.package_identification:_identify(install) by extension 'ignore'
[0.296s] Level 1:colcon.colcon_core.package_identification:_identify(install) ignored
[0.297s] Level 1:colcon.colcon_core.package_identification:_identify(log) by extensions ['ignore', 'ignore_ament_install']
[0.297s] Level 1:colcon.colcon_core.package_identification:_identify(log) by extension 'ignore'
[0.297s] Level 1:colcon.colcon_core.package_identification:_identify(log) ignored
[0.297s] Level 1:colcon.colcon_core.package_identification:_identify(src) by extensions ['ignore', 'ignore_ament_install']
[0.297s] Level 1:colcon.colcon_core.package_identification:_identify(src) by extension 'ignore'
[0.297s] Level 1:colcon.colcon_core.package_identification:_identify(src) by extension 'ignore_ament_install'
[0.297s] Level 1:colcon.colcon_core.package_identification:_identify(src) by extensions ['colcon_pkg']
[0.297s] Level 1:colcon.colcon_core.package_identification:_identify(src) by extension 'colcon_pkg'
[0.297s] Level 1:colcon.colcon_core.package_identification:_identify(src) by extensions ['colcon_meta']
[0.297s] Level 1:colcon.colcon_core.package_identification:_identify(src) by extension 'colcon_meta'
[0.297s] Level 1:colcon.colcon_core.package_identification:_identify(src) by extensions ['ros']
[0.297s] Level 1:colcon.colcon_core.package_identification:_identify(src) by extension 'ros'
[0.297s] Level 1:colcon.colcon_core.package_identification:_identify(src) by extensions ['cmake', 'python']
[0.297s] Level 1:colcon.colcon_core.package_identification:_identify(src) by extension 'cmake'
[0.297s] Level 1:colcon.colcon_core.package_identification:_identify(src) by extension 'python'
[0.297s] Level 1:colcon.colcon_core.package_identification:_identify(src) by extensions ['python_setup_py']
[0.297s] Level 1:colcon.colcon_core.package_identification:_identify(src) by extension 'python_setup_py'
[0.298s] Level 1:colcon.colcon_core.package_identification:_identify(src/ekf_fusion) by extensions ['ignore', 'ignore_ament_install']
[0.298s] Level 1:colcon.colcon_core.package_identification:_identify(src/ekf_fusion) by extension 'ignore'
[0.298s] Level 1:colcon.colcon_core.package_identification:_identify(src/ekf_fusion) by extension 'ignore_ament_install'
[0.298s] Level 1:colcon.colcon_core.package_identification:_identify(src/ekf_fusion) by extensions ['colcon_pkg']
[0.298s] Level 1:colcon.colcon_core.package_identification:_identify(src/ekf_fusion) by extension 'colcon_pkg'
[0.298s] Level 1:colcon.colcon_core.package_identification:_identify(src/ekf_fusion) by extensions ['colcon_meta']
[0.298s] Level 1:colcon.colcon_core.package_identification:_identify(src/ekf_fusion) by extension 'colcon_meta'
[0.298s] Level 1:colcon.colcon_core.package_identification:_identify(src/ekf_fusion) by extensions ['ros']
[0.298s] Level 1:colcon.colcon_core.package_identification:_identify(src/ekf_fusion) by extension 'ros'
[0.300s] DEBUG:colcon.colcon_core.package_identification:Package 'src/ekf_fusion' with type 'ros.ament_cmake' and name 'ekf_fusion'
[0.300s] Level 1:colcon.colcon_core.package_identification:_identify(src/mapper_bringup) by extensions ['ignore', 'ignore_ament_install']
[0.301s] Level 1:colcon.colcon_core.package_identification:_identify(src/mapper_bringup) by extension 'ignore'
[0.301s] Level 1:colcon.colcon_core.package_identification:_identify(src/mapper_bringup) by extension 'ignore_ament_install'
[0.301s] Level 1:colcon.colcon_core.package_identification:_identify(src/mapper_bringup) by extensions ['colcon_pkg']
[0.301s] Level 1:colcon.colcon_core.package_identification:_identify(src/mapper_bringup) by extension 'colcon_pkg'
[0.301s] Level 1:colcon.colcon_core.package_identification:_identify(src/mapper_bringup) by extensions ['colcon_meta']
[0.301s] Level 1:colcon.colcon_core.package_identification:_identify(src/mapper_bringup) by extension 'colcon_meta'
[0.301s] Level 1:colcon.colcon_core.package_identification:_identify(src/mapper_bringup) by extensions ['ros']
[0.301s] Level 1:colcon.colcon_core.package_identification:_identify(src/mapper_bringup) by extension 'ros'
[0.301s] DEBUG:colcon.colcon_core.package_identification:Package 'src/mapper_bringup' with type 'ros.ament_cmake' and name 'mapper_bringup'
[0.302s] Level 1:colcon.colcon_core.package_identification:_identify(src/mapper_description) by extensions ['ignore', 'ignore_ament_install']
[0.302s] Level 1:colcon.colcon_core.package_identification:_identify(src/mapper_description) by extension 'ignore'
[0.302s] Level 1:colcon.colcon_core.package_identification:_identify(src/mapper_description) by extension 'ignore_ament_install'
[0.302s] Level 1:colcon.colcon_core.package_identification:_identify(src/mapper_description) by extensions ['colcon_pkg']
[0.302s] Level 1:colcon.colcon_core.package_identification:_identify(src/mapper_description) by extension 'colcon_pkg'
[0.302s] Level 1:colcon.colcon_core.package_identification:_identify(src/mapper_description) by extensions ['colcon_meta']
[0.302s] Level 1:colcon.colcon_core.package_identification:_identify(src/mapper_description) by extension 'colcon_meta'
[0.302s] Level 1:colcon.colcon_core.package_identification:_identify(src/mapper_description) by extensions ['ros']
[0.302s] Level 1:colcon.colcon_core.package_identification:_identify(src/mapper_description) by extension 'ros'
[0.302s] DEBUG:colcon.colcon_core.package_identification:Package 'src/mapper_description' with type 'ros.ament_cmake' and name 'mapper_description'
[0.303s] Level 1:colcon.colcon_core.package_discovery:discover_packages(recursive) using defaults
[0.303s] Level 1:colcon.colcon_core.package_discovery:discover_packages(ignore) discover
[0.303s] Level 1:colcon.colcon_core.package_discovery:discover_packages(ignore) using defaults
[0.303s] Level 1:colcon.colcon_core.package_discovery:discover_packages(path) discover
[0.303s] Level 1:colcon.colcon_core.package_discovery:discover_packages(path) using defaults
[0.321s] Level 1:colcon.colcon_core.package_discovery:discover_packages(prefix_path) check parameters
[0.321s] Level 1:colcon.colcon_core.package_discovery:discover_packages(prefix_path) discover
[0.323s] DEBUG:colcon.colcon_installed_package_information.package_discovery:Found 3 installed packages in /home/pranav/the_mapper/install
[0.325s] DEBUG:colcon.colcon_installed_package_information.package_discovery:Found 521 installed packages in /opt/ros/humble
[0.327s] Level 1:colcon.colcon_core.package_discovery:discover_packages(prefix_path) using defaults
[0.386s] Level 5:colcon.colcon_core.verb:set package 'ekf_fusion' build argument 'cmake_args' from command line to 'None'
[0.386s] Level 5:colcon.colcon_core.verb:set package 'ekf_fusion' build argument 'cmake_target' from command line to 'None'
[0.387s] Level 5:colcon.colcon_core.verb:set package 'ekf_fusion' build argument 'cmake_target_skip_unavailable' from command line to 'False'
[0.387s] Level 5:colcon.colcon_core.verb:set package 'ekf_fusion' build argument 'cmake_clean_cache' from command line to 'False'
[0.387s] Level 5:colcon.colcon_core.verb:set package 'ekf_fusion' build argument 'cmake_clean_first' from command line to 'False'
[0.387s] Level 5:colcon.colcon_core.verb:set package 'ekf_fusion' build argument 'cmake_force_configure' from command line to 'False'
[0.387s] Level 5:colcon.colcon_core.verb:set package 'ekf_fusion' build argument 'ament_cmake_args' from command line to 'None'
[0.387s] Level 5:colcon.colcon_core.verb:set package 'ekf_fusion' build argument 'catkin_cmake_args' from command line to 'None'
[0.387s] Level 5:colcon.colcon_core.verb:set package 'ekf_fusion' build argument 'catkin_skip_building_tests' from command line to 'False'
[0.387s] DEBUG:colcon.colcon_core.verb:Building package 'ekf_fusion' with the following arguments: {'ament_cmake_args': None, 'build_base': '/home/pranav/the_mapper/build/ekf_fusion', 'catkin_cmake_args': None, 'catkin_skip_building_tests': False, 'cmake_args': None, 'cmake_clean_cache': False, 'cmake_clean_first': False, 'cmake_force_configure': False, 'cmake_target': None, 'cmake_target_skip_unavailable': False, 'install_base': '/home/pranav/the_mapper/install/ekf_fusion', 'merge_install': False, 'path': '/home/pranav/the_mapper/src/ekf_fusion', 'symlink_install': False, 'test_result_base': None}
[0.387s] Level 5:colcon.colcon_core.verb:set package 'mapper_description' build argument 'cmake_args' from command line to 'None'
[0.387s] Level 5:colcon.colcon_core.verb:set package 'mapper_description' build argument 'cmake_target' from command line to 'None'
[0.387s] Level 5:colcon.colcon_core.verb:set package 'mapper_description' build argument 'cmake_target_skip_unavailable' from command line to 'False'
[0.387s] Level 5:colcon.colcon_core.verb:set package 'mapper_description' build argument 'cmake_clean_cache' from command line to 'False'
[0.387s] Level 5:colcon.colcon_core.verb:set package 'mapper_description' build argument 'cmake_clean_first' from command line to 'False'
[0.387s] Level 5:colcon.colcon_core.verb:set package 'mapper_description' build argument 'cmake_force_configure' from command line to 'False'
[0.387s] Level 5:colcon.colcon_core.verb:set package 'mapper_description' build argument 'ament_cmake_args' from command line to 'None'
[0.387s] Level 5:colcon.colcon_core.verb:set package 'mapper_description' build argument 'catkin_cmake_args' from command line to 'None'
[0.387s] Level 5:colcon.colcon_core.verb:set package 'mapper_description' build argument 'catkin_skip_building_tests' from command line to 'False'
[0.387s] DEBUG:colcon.colcon_core.verb:Building package 'mapper_description' with the following arguments: {'ament_cmake_args': None, 'build_base': '/home/pranav/the_mapper/build/mapper_description', 'catkin_cmake_args': None, 'catkin_skip_building_tests': False, 'cmake_args': None, 'cmake_clean_cache': False, 'cmake_clean_first': False, 'cmake_force_configure': False, 'cmake_target': None, 'cmake_target_skip_unavailable': False, 'install_base': '/home/pranav/the_mapper/install/mapper_description', 'merge_install': False, 'path': '/home/pranav/the_mapper/src/mapper_description', 'symlink_install': False, 'test_result_base': None}
[0.388s] Level 5:colcon.colcon_core.verb:set package 'mapper_bringup' build argument 'cmake_args' from command line to 'None'
[0.388s] Level 5:colcon.colcon_core.verb:set package 'mapper_bringup' build argument 'cmake_target' from command line to 'None'
[0.388s] Level 5:colcon.colcon_core.verb:set package 'mapper_bringup' build argument 'cmake_target_skip_unavailable' from command line to 'False'
[0.388s] Level 5:colcon.colcon_core.verb:set package 'mapper_bringup' build argument 'cmake_clean_cache' from command line to 'False'
[0.388s] Level 5:colcon.colcon_core.verb:set package 'mapper_bringup' build argument 'cmake_clean_first' from command line to 'False'
[0.388s] Level 5:colcon.colcon_core.verb:set package 'mapper_bringup' build argument 'cmake_force_configure' from command line to 'False'
[0.388s] Level 5:colcon.colcon_core.verb:set package 'mapper_bringup' build argument 'ament_cmake_args' from command line to 'None'
[0.388s] Level 5:colcon.colcon_core.verb:set package 'mapper_bringup' build argument 'catkin_cmake_args' from command line to 'None'
[0.388s] Level 5:colcon.colcon_core.verb:set package 'mapper_bringup' build argument 'catkin_skip_building_tests' from command line to 'False'
[0.388s] DEBUG:colcon.colcon_core.verb:Building package 'mapper_bringup' with the following arguments: {'ament_cmake_args': None, 'build_base': '/home/pranav/the_mapper/build/mapper_bringup', 'catkin_cmake_args': None, 'catkin_skip_building_tests': False, 'cmake_args': None, 'cmake_clean_cache': False, 'cmake_clean_first': False, 'cmake_force_configure': False, 'cmake_target': None, 'cmake_target_skip_unavailable': False, 'install_base': '/home/pranav/the_mapper/install/mapper_bringup', 'merge_install': False, 'path': '/home/pranav/the_mapper/src/mapper_bringup', 'symlink_install': False, 'test_result_base': None}
[0.388s] INFO:colcon.colcon_core.executor:Executing jobs using 'parallel' executor
[0.389s] DEBUG:colcon.colcon_parallel_executor.executor.parallel:run_until_complete
[0.390s] INFO:colcon.colcon_ros.task.ament_cmake.build:Building ROS package in '/home/pranav/the_mapper/src/mapper_description' with build type 'ament_cmake'
[0.390s] INFO:colcon.colcon_cmake.task.cmake.build:Building CMake package in '/home/pranav/the_mapper/src/mapper_description'
[0.392s] INFO:colcon.colcon_core.plugin_system:Skipping extension 'colcon_core.shell.bat': Not used on non-Windows systems
[0.392s] INFO:colcon.colcon_core.shell:Skip shell extension 'powershell' for command environment: Not usable outside of PowerShell
[0.392s] DEBUG:colcon.colcon_core.shell:Skip shell extension 'dsv' for command environment
[0.397s] INFO:colcon.colcon_ros.task.ament_cmake.build:Building ROS package in '/home/pranav/the_mapper/src/ekf_fusion' with build type 'ament_cmake'
[0.397s] INFO:colcon.colcon_cmake.task.cmake.build:Building CMake package in '/home/pranav/the_mapper/src/ekf_fusion'
[0.397s] INFO:colcon.colcon_core.shell:Skip shell extension 'powershell' for command environment: Not usable outside of PowerShell
[0.397s] DEBUG:colcon.colcon_core.shell:Skip shell extension 'dsv' for command environment
[0.409s] DEBUG:colcon.colcon_core.event_handler.log_command:Invoking command in '/home/pranav/the_mapper/build/mapper_description': CMAKE_PREFIX_PATH=${CMAKE_PREFIX_PATH}:/opt/ros/humble /usr/bin/cmake --build /home/pranav/the_mapper/build/mapper_description -- -j4 -l4
[0.414s] DEBUG:colcon.colcon_core.event_handler.log_command:Invoking command in '/home/pranav/the_mapper/build/ekf_fusion': CMAKE_PREFIX_PATH=${CMAKE_PREFIX_PATH}:/opt/ros/humble /usr/bin/cmake --build /home/pranav/the_mapper/build/ekf_fusion -- -j4 -l4
[0.466s] DEBUG:colcon.colcon_core.event_handler.log_command:Invoked command in '/home/pranav/the_mapper/build/mapper_description' returned '0': CMAKE_PREFIX_PATH=${CMAKE_PREFIX_PATH}:/opt/ros/humble /usr/bin/cmake --build /home/pranav/the_mapper/build/mapper_description -- -j4 -l4
[0.468s] DEBUG:colcon.colcon_core.event_handler.log_command:Invoked command in '/home/pranav/the_mapper/build/ekf_fusion' returned '0': CMAKE_PREFIX_PATH=${CMAKE_PREFIX_PATH}:/opt/ros/humble /usr/bin/cmake --build /home/pranav/the_mapper/build/ekf_fusion -- -j4 -l4
[0.506s] DEBUG:colcon.colcon_core.event_handler.log_command:Invoking command in '/home/pranav/the_mapper/build/mapper_description': CMAKE_PREFIX_PATH=${CMAKE_PREFIX_PATH}:/opt/ros/humble /usr/bin/cmake --install /home/pranav/the_mapper/build/mapper_description
[0.507s] DEBUG:colcon.colcon_core.event_handler.log_command:Invoking command in '/home/pranav/the_mapper/build/ekf_fusion': CMAKE_PREFIX_PATH=${CMAKE_PREFIX_PATH}:/opt/ros/humble /usr/bin/cmake --install /home/pranav/the_mapper/build/ekf_fusion
[0.523s] Level 1:colcon.colcon_core.environment:create_environment_scripts_only(mapper_description)
[0.526s] DEBUG:colcon.colcon_core.event_handler.log_command:Invoked command in '/home/pranav/the_mapper/build/mapper_description' returned '0': CMAKE_PREFIX_PATH=${CMAKE_PREFIX_PATH}:/opt/ros/humble /usr/bin/cmake --install /home/pranav/the_mapper/build/mapper_description
[0.528s] Level 1:colcon.colcon_core.environment:checking '/home/pranav/the_mapper/install/mapper_description' for CMake module files
[0.529s] Level 1:colcon.colcon_core.environment:checking '/home/pranav/the_mapper/install/mapper_description' for CMake config files
[0.529s] Level 1:colcon.colcon_core.shell:create_environment_hook('mapper_description', 'cmake_prefix_path')
[0.529s] INFO:colcon.colcon_core.shell:Creating environment hook '/home/pranav/the_mapper/install/mapper_description/share/mapper_description/hook/cmake_prefix_path.ps1'
[0.530s] INFO:colcon.colcon_core.shell:Creating environment descriptor '/home/pranav/the_mapper/install/mapper_description/share/mapper_description/hook/cmake_prefix_path.dsv'
[0.531s] INFO:colcon.colcon_core.shell:Creating environment hook '/home/pranav/the_mapper/install/mapper_description/share/mapper_description/hook/cmake_prefix_path.sh'
[0.532s] Level 1:colcon.colcon_core.environment:checking '/home/pranav/the_mapper/install/mapper_description/bin'
[0.532s] Level 1:colcon.colcon_core.environment:checking '/home/pranav/the_mapper/install/mapper_description/lib/pkgconfig/mapper_description.pc'
[0.532s] Level 1:colcon.colcon_core.environment:checking '/home/pranav/the_mapper/install/mapper_description/lib/python3.10/site-packages'
[0.532s] Level 1:colcon.colcon_core.environment:checking '/home/pranav/the_mapper/install/mapper_description/bin'
[0.533s] INFO:colcon.colcon_core.shell:Creating package script '/home/pranav/the_mapper/install/mapper_description/share/mapper_description/package.ps1'
[0.534s] INFO:colcon.colcon_core.shell:Creating package descriptor '/home/pranav/the_mapper/install/mapper_description/share/mapper_description/package.dsv'
[0.534s] INFO:colcon.colcon_core.shell:Creating package script '/home/pranav/the_mapper/install/mapper_description/share/mapper_description/package.sh'
[0.535s] INFO:colcon.colcon_core.shell:Creating package script '/home/pranav/the_mapper/install/mapper_description/share/mapper_description/package.bash'
[0.536s] INFO:colcon.colcon_core.shell:Creating package script '/home/pranav/the_mapper/install/mapper_description/share/mapper_description/package.zsh'
[0.537s] Level 1:colcon.colcon_core.environment:create_file_with_runtime_dependencies(/home/pranav/the_mapper/install/mapper_description/share/colcon-core/packages/mapper_description)
[0.538s] Level 1:colcon.colcon_core.environment:create_environment_scripts_only(ekf_fusion)
[0.539s] Level 1:colcon.colcon_core.environment:checking '/home/pranav/the_mapper/install/ekf_fusion' for CMake module files
[0.539s] DEBUG:colcon.colcon_core.event_handler.log_command:Invoked command in '/home/pranav/the_mapper/build/ekf_fusion' returned '0': CMAKE_PREFIX_PATH=${CMAKE_PREFIX_PATH}:/opt/ros/humble /usr/bin/cmake --install /home/pranav/the_mapper/build/ekf_fusion
[0.540s] Level 1:colcon.colcon_core.environment:checking '/home/pranav/the_mapper/install/ekf_fusion' for CMake config files
[0.541s] Level 1:colcon.colcon_core.shell:create_environment_hook('ekf_fusion', 'cmake_prefix_path')
[0.541s] INFO:colcon.colcon_core.shell:Creating environment hook '/home/pranav/the_mapper/install/ekf_fusion/share/ekf_fusion/hook/cmake_prefix_path.ps1'
[0.541s] INFO:colcon.colcon_core.shell:Creating environment descriptor '/home/pranav/the_mapper/install/ekf_fusion/share/ekf_fusion/hook/cmake_prefix_path.dsv'
[0.542s] INFO:colcon.colcon_core.shell:Creating environment hook '/home/pranav/the_mapper/install/ekf_fusion/share/ekf_fusion/hook/cmake_prefix_path.sh'
[0.543s] Level 1:colcon.colcon_core.environment:checking '/home/pranav/the_mapper/install/ekf_fusion/bin'
[0.543s] Level 1:colcon.colcon_core.environment:checking '/home/pranav/the_mapper/install/ekf_fusion/lib/pkgconfig/ekf_fusion.pc'
[0.543s] Level 1:colcon.colcon_core.environment:checking '/home/pranav/the_mapper/install/ekf_fusion/lib/python3.10/site-packages'
[0.543s] Level 1:colcon.colcon_core.environment:checking '/home/pranav/the_mapper/install/ekf_fusion/bin'
[0.544s] INFO:colcon.colcon_core.shell:Creating package script '/home/pranav/the_mapper/install/ekf_fusion/share/ekf_fusion/package.ps1'
[0.544s] INFO:colcon.colcon_core.shell:Creating package descriptor '/home/pranav/the_mapper/install/ekf_fusion/share/ekf_fusion/package.dsv'
[0.545s] INFO:colcon.colcon_core.shell:Creating package script '/home/pranav/the_mapper/install/ekf_fusion/share/ekf_fusion/package.sh'
[0.545s] INFO:colcon.colcon_core.shell:Creating package script '/home/pranav/the_mapper/install/ekf_fusion/share/ekf_fusion/package.bash'
[0.546s] INFO:colcon.colcon_core.shell:Creating package script '/home/pranav/the_mapper/install/ekf_fusion/share/ekf_fusion/package.zsh'
[0.546s] Level 1:colcon.colcon_core.environment:create_file_with_runtime_dependencies(/home/pranav/the_mapper/install/ekf_fusion/share/colcon-core/packages/ekf_fusion)
[0.568s] Level 1:colcon.colcon_core.environment:create_environment_scripts_only(mapper_description)
[0.568s] Level 1:colcon.colcon_core.environment:checking '/home/pranav/the_mapper/install/mapper_description' for CMake module files
[0.569s] Level 1:colcon.colcon_core.environment:checking '/home/pranav/the_mapper/install/mapper_description' for CMake config files
[0.569s] Level 1:colcon.colcon_core.shell:create_environment_hook('mapper_description', 'cmake_prefix_path')
[0.570s] INFO:colcon.colcon_core.shell:Creating environment hook '/home/pranav/the_mapper/install/mapper_description/share/mapper_description/hook/cmake_prefix_path.ps1'
[0.570s] INFO:colcon.colcon_core.shell:Creating environment descriptor '/home/pranav/the_mapper/install/mapper_description/share/mapper_description/hook/cmake_prefix_path.dsv'
[0.571s] INFO:colcon.colcon_core.shell:Creating environment hook '/home/pranav/the_mapper/install/mapper_description/share/mapper_description/hook/cmake_prefix_path.sh'
[0.571s] Level 1:colcon.colcon_core.environment:checking '/home/pranav/the_mapper/install/mapper_description/bin'
[0.571s] Level 1:colcon.colcon_core.environment:checking '/home/pranav/the_mapper/install/mapper_description/lib/pkgconfig/mapper_description.pc'
[0.572s] Level 1:colcon.colcon_core.environment:checking '/home/pranav/the_mapper/install/mapper_description/lib/python3.10/site-packages'
[0.572s] Level 1:colcon.colcon_core.environment:checking '/home/pranav/the_mapper/install/mapper_description/bin'
[0.572s] INFO:colcon.colcon_core.shell:Creating package script '/home/pranav/the_mapper/install/mapper_description/share/mapper_description/package.ps1'
[0.573s] INFO:colcon.colcon_core.shell:Creating package descriptor '/home/pranav/the_mapper/install/mapper_description/share/mapper_description/package.dsv'
[0.573s] INFO:colcon.colcon_core.shell:Creating package script '/home/pranav/the_mapper/install/mapper_description/share/mapper_description/package.sh'
[0.574s] INFO:colcon.colcon_core.shell:Creating package script '/home/pranav/the_mapper/install/mapper_description/share/mapper_description/package.bash'
[0.574s] INFO:colcon.colcon_core.shell:Creating package script '/home/pranav/the_mapper/install/mapper_description/share/mapper_description/package.zsh'
[0.575s] Level 1:colcon.colcon_core.environment:create_file_with_runtime_dependencies(/home/pranav/the_mapper/install/mapper_description/share/colcon-core/packages/mapper_description)
[0.576s] INFO:colcon.colcon_ros.task.ament_cmake.build:Building ROS package in '/home/pranav/the_mapper/src/mapper_bringup' with build type 'ament_cmake'
[0.576s] INFO:colcon.colcon_cmake.task.cmake.build:Building CMake package in '/home/pranav/the_mapper/src/mapper_bringup'
[0.576s] INFO:colcon.colcon_core.shell:Skip shell extension 'powershell' for command environment: Not usable outside of PowerShell
[0.577s] DEBUG:colcon.colcon_core.shell:Skip shell extension 'dsv' for command environment
[0.582s] Level 1:colcon.colcon_core.environment:create_environment_scripts_only(ekf_fusion)
[0.582s] Level 1:colcon.colcon_core.environment:checking '/home/pranav/the_mapper/install/ekf_fusion' for CMake module files
[0.583s] Level 1:colcon.colcon_core.environment:checking '/home/pranav/the_mapper/install/ekf_fusion' for CMake config files
[0.583s] Level 1:colcon.colcon_core.shell:create_environment_hook('ekf_fusion', 'cmake_prefix_path')
[0.583s] INFO:colcon.colcon_core.shell:Creating environment hook '/home/pranav/the_mapper/install/ekf_fusion/share/ekf_fusion/hook/cmake_prefix_path.ps1'
[0.584s] INFO:colcon.colcon_core.shell:Creating environment descriptor '/home/pranav/the_mapper/install/ekf_fusion/share/ekf_fusion/hook/cmake_prefix_path.dsv'
[0.584s] INFO:colcon.colcon_core.shell:Creating environment hook '/home/pranav/the_mapper/install/ekf_fusion/share/ekf_fusion/hook/cmake_prefix_path.sh'
[0.585s] Level 1:colcon.colcon_core.environment:checking '/home/pranav/the_mapper/install/ekf_fusion/bin'
[0.585s] Level 1:colcon.colcon_core.environment:checking '/home/pranav/the_mapper/install/ekf_fusion/lib/pkgconfig/ekf_fusion.pc'
[0.585s] Level 1:colcon.colcon_core.environment:checking '/home/pranav/the_mapper/install/ekf_fusion/lib/python3.10/site-packages'
[0.585s] Level 1:colcon.colcon_core.environment:checking '/home/pranav/the_mapper/install/ekf_fusion/bin'
[0.586s] INFO:colcon.colcon_core.shell:Creating package script '/home/pranav/the_mapper/install/ekf_fusion/share/ekf_fusion/package.ps1'
[0.586s] INFO:colcon.colcon_core.shell:Creating package descriptor '/home/pranav/the_mapper/install/ekf_fusion/share/ekf_fusion/package.dsv'
[0.587s] INFO:colcon.colcon_core.shell:Creating package script '/home/pranav/the_mapper/install/ekf_fusion/share/ekf_fusion/package.sh'
[0.587s] INFO:colcon.colcon_core.shell:Creating package script '/home/pranav/the_mapper/install/ekf_fusion/share/ekf_fusion/package.bash'
[0.588s] INFO:colcon.colcon_core.shell:Creating package script '/home/pranav/the_mapper/install/ekf_fusion/share/ekf_fusion/package.zsh'
[0.588s] Level 1:colcon.colcon_core.environment:create_file_with_runtime_dependencies(/home/pranav/the_mapper/install/ekf_fusion/share/colcon-core/packages/ekf_fusion)
[0.593s] DEBUG:colcon.colcon_core.event_handler.log_command:Invoking command in '/home/pranav/the_mapper/build/mapper_bringup': CMAKE_PREFIX_PATH=/home/pranav/the_mapper/install/mapper_description:/home/pranav/the_mapper/install/mapper_bringup:/home/pranav/the_mapper/install/ekf_fusion:/opt/ros/humble /usr/bin/cmake --build /home/pranav/the_mapper/build/mapper_bringup -- -j4 -l4
[0.639s] DEBUG:colcon.colcon_core.event_handler.log_command:Invoked command in '/home/pranav/the_mapper/build/mapper_bringup' returned '0': CMAKE_PREFIX_PATH=/home/pranav/the_mapper/install/mapper_description:/home/pranav/the_mapper/install/mapper_bringup:/home/pranav/the_mapper/install/ekf_fusion:/opt/ros/humble /usr/bin/cmake --build /home/pranav/the_mapper/build/mapper_bringup -- -j4 -l4
[0.665s] DEBUG:colcon.colcon_core.event_handler.log_command:Invoking command in '/home/pranav/the_mapper/build/mapper_bringup': CMAKE_PREFIX_PATH=/home/pranav/the_mapper/install/mapper_description:/home/pranav/the_mapper/install/mapper_bringup:/home/pranav/the_mapper/install/ekf_fusion:/opt/ros/humble /usr/bin/cmake --install /home/pranav/the_mapper/build/mapper_bringup
[0.680s] Level 1:colcon.colcon_core.environment:create_environment_scripts_only(mapper_bringup)
[0.681s] Level 1:colcon.colcon_core.environment:checking '/home/pranav/the_mapper/install/mapper_bringup' for CMake module files
[0.681s] DEBUG:colcon.colcon_core.event_handler.log_command:Invoked command in '/home/pranav/the_mapper/build/mapper_bringup' returned '0': CMAKE_PREFIX_PATH=/home/pranav/the_mapper/install/mapper_description:/home/pranav/the_mapper/install/mapper_bringup:/home/pranav/the_mapper/install/ekf_fusion:/opt/ros/humble /usr/bin/cmake --install /home/pranav/the_mapper/build/mapper_bringup
[0.682s] Level 1:colcon.colcon_core.environment:checking '/home/pranav/the_mapper/install/mapper_bringup' for CMake config files
[0.682s] Level 1:colcon.colcon_core.shell:create_environment_hook('mapper_bringup', 'cmake_prefix_path')
[0.682s] INFO:colcon.colcon_core.shell:Creating environment hook '/home/pranav/the_mapper/install/mapper_bringup/share/mapper_bringup/hook/cmake_prefix_path.ps1'
[0.683s] INFO:colcon.colcon_core.shell:Creating environment descriptor '/home/pranav/the_mapper/install/mapper_bringup/share/mapper_bringup/hook/cmake_prefix_path.dsv'
[0.683s] INFO:colcon.colcon_core.shell:Creating environment hook '/home/pranav/the_mapper/install/mapper_bringup/share/mapper_bringup/hook/cmake_prefix_path.sh'
[0.684s] Level 1:colcon.colcon_core.environment:checking '/home/pranav/the_mapper/install/mapper_bringup/bin'
[0.684s] Level 1:colcon.colcon_core.environment:checking '/home/pranav/the_mapper/install/mapper_bringup/lib/pkgconfig/mapper_bringup.pc'
[0.685s] Level 1:colcon.colcon_core.environment:checking '/home/pranav/the_mapper/install/mapper_bringup/lib/python3.10/site-packages'
[0.685s] Level 1:colcon.colcon_core.environment:checking '/home/pranav/the_mapper/install/mapper_bringup/bin'
[0.685s] INFO:colcon.colcon_core.shell:Creating package script '/home/pranav/the_mapper/install/mapper_bringup/share/mapper_bringup/package.ps1'
[0.686s] INFO:colcon.colcon_core.shell:Creating package descriptor '/home/pranav/the_mapper/install/mapper_bringup/share/mapper_bringup/package.dsv'
[0.687s] INFO:colcon.colcon_core.shell:Creating package script '/home/pranav/the_mapper/install/mapper_bringup/share/mapper_bringup/package.sh'
[0.687s] INFO:colcon.colcon_core.shell:Creating package script '/home/pranav/the_mapper/install/mapper_bringup/share/mapper_bringup/package.bash'
[0.688s] INFO:colcon.colcon_core.shell:Creating package script '/home/pranav/the_mapper/install/mapper_bringup/share/mapper_bringup/package.zsh'
[0.688s] Level 1:colcon.colcon_core.environment:create_file_with_runtime_dependencies(/home/pranav/the_mapper/install/mapper_bringup/share/colcon-core/packages/mapper_bringup)
[0.721s] Level 1:colcon.colcon_core.environment:create_environment_scripts_only(mapper_bringup)
[0.721s] Level 1:colcon.colcon_core.environment:checking '/home/pranav/the_mapper/install/mapper_bringup' for CMake module files
[0.722s] Level 1:colcon.colcon_core.environment:checking '/home/pranav/the_mapper/install/mapper_bringup' for CMake config files
[0.722s] Level 1:colcon.colcon_core.shell:create_environment_hook('mapper_bringup', 'cmake_prefix_path')
[0.722s] INFO:colcon.colcon_core.shell:Creating environment hook '/home/pranav/the_mapper/install/mapper_bringup/share/mapper_bringup/hook/cmake_prefix_path.ps1'
[0.723s] INFO:colcon.colcon_core.shell:Creating environment descriptor '/home/pranav/the_mapper/install/mapper_bringup/share/mapper_bringup/hook/cmake_prefix_path.dsv'
[0.724s] INFO:colcon.colcon_core.shell:Creating environment hook '/home/pranav/the_mapper/install/mapper_bringup/share/mapper_bringup/hook/cmake_prefix_path.sh'
[0.724s] Level 1:colcon.colcon_core.environment:checking '/home/pranav/the_mapper/install/mapper_bringup/bin'
[0.725s] Level 1:colcon.colcon_core.environment:checking '/home/pranav/the_mapper/install/mapper_bringup/lib/pkgconfig/mapper_bringup.pc'
[0.725s] Level 1:colcon.colcon_core.environment:checking '/home/pranav/the_mapper/install/mapper_bringup/lib/python3.10/site-packages'
[0.725s] Level 1:colcon.colcon_core.environment:checking '/home/pranav/the_mapper/install/mapper_bringup/bin'
[0.725s] INFO:colcon.colcon_core.shell:Creating package script '/home/pranav/the_mapper/install/mapper_bringup/share/mapper_bringup/package.ps1'
[0.726s] INFO:colcon.colcon_core.shell:Creating package descriptor '/home/pranav/the_mapper/install/mapper_bringup/share/mapper_bringup/package.dsv'
[0.727s] INFO:colcon.colcon_core.shell:Creating package script '/home/pranav/the_mapper/install/mapper_bringup/share/mapper_bringup/package.sh'
[0.727s] INFO:colcon.colcon_core.shell:Creating package script '/home/pranav/the_mapper/install/mapper_bringup/share/mapper_bringup/package.bash'
[0.728s] INFO:colcon.colcon_core.shell:Creating package script '/home/pranav/the_mapper/install/mapper_bringup/share/mapper_bringup/package.zsh'
[0.728s] Level 1:colcon.colcon_core.environment:create_file_with_runtime_dependencies(/home/pranav/the_mapper/install/mapper_bringup/share/colcon-core/packages/mapper_bringup)
[0.729s] DEBUG:colcon.colcon_parallel_executor.executor.parallel:closing loop
[0.729s] DEBUG:colcon.colcon_parallel_executor.executor.parallel:loop closed
[0.730s] DEBUG:colcon.colcon_parallel_executor.executor.parallel:run_until_complete finished with '0'
[0.730s] DEBUG:colcon.colcon_core.event_reactor:joining thread
[0.735s] INFO:colcon.colcon_core.plugin_system:Skipping extension 'colcon_notification.desktop_notification.terminal_notifier': Not used on non-Darwin systems
[0.735s] INFO:colcon.colcon_core.plugin_system:Skipping extension 'colcon_notification.desktop_notification.win32': Not used on non-Windows systems
[0.735s] INFO:colcon.colcon_notification.desktop_notification:Sending desktop notification using 'notify2'
[0.749s] DEBUG:colcon.colcon_core.event_reactor:joined thread
[0.750s] INFO:colcon.colcon_core.shell:Creating prefix script '/home/pranav/the_mapper/install/local_setup.ps1'
[0.751s] INFO:colcon.colcon_core.shell:Creating prefix util module '/home/pranav/the_mapper/install/_local_setup_util_ps1.py'
[0.752s] INFO:colcon.colcon_core.shell:Creating prefix chain script '/home/pranav/the_mapper/install/setup.ps1'
[0.754s] INFO:colcon.colcon_core.shell:Creating prefix script '/home/pranav/the_mapper/install/local_setup.sh'
[0.755s] INFO:colcon.colcon_core.shell:Creating prefix util module '/home/pranav/the_mapper/install/_local_setup_util_sh.py'
[0.755s] INFO:colcon.colcon_core.shell:Creating prefix chain script '/home/pranav/the_mapper/install/setup.sh'
[0.757s] INFO:colcon.colcon_core.shell:Creating prefix script '/home/pranav/the_mapper/install/local_setup.bash'
[0.757s] INFO:colcon.colcon_core.shell:Creating prefix chain script '/home/pranav/the_mapper/install/setup.bash'
[0.759s] INFO:colcon.colcon_core.shell:Creating prefix script '/home/pranav/the_mapper/install/local_setup.zsh'
[0.759s] INFO:colcon.colcon_core.shell:Creating prefix chain script '/home/pranav/the_mapper/install/setup.zsh'
