[0.011s] Invoking command in '/home/pranav/the_mapper/build/mapper_bringup': CMAKE_PREFIX_PATH=/home/pranav/the_mapper/install/mapper_description:/home/pranav/the_mapper/install/mapper_bringup:/home/pranav/the_mapper/install/ekf_fusion:/opt/ros/humble /usr/bin/cmake --build /home/pranav/the_mapper/build/mapper_bringup -- -j4 -l4
[0.060s] Invoked command in '/home/pranav/the_mapper/build/mapper_bringup' returned '0': CMAKE_PREFIX_PATH=/home/pranav/the_mapper/install/mapper_description:/home/pranav/the_mapper/install/mapper_bringup:/home/pranav/the_mapper/install/ekf_fusion:/opt/ros/humble /usr/bin/cmake --build /home/pranav/the_mapper/build/mapper_bringup -- -j4 -l4
[0.087s] Invoking command in '/home/pranav/the_mapper/build/mapper_bringup': CMAKE_PREFIX_PATH=/home/pranav/the_mapper/install/mapper_description:/home/pranav/the_mapper/install/mapper_bringup:/home/pranav/the_mapper/install/ekf_fusion:/opt/ros/humble /usr/bin/cmake --install /home/pranav/the_mapper/build/mapper_bringup
[0.096s] -- Install configuration: ""
[0.097s] -- Up-to-date: /home/pranav/the_mapper/install/mapper_bringup/share/mapper_bringup//launch
[0.097s] -- Up-to-date: /home/pranav/the_mapper/install/mapper_bringup/share/mapper_bringup//launch/navigation.launch.xml
[0.097s] -- Up-to-date: /home/pranav/the_mapper/install/mapper_bringup/share/mapper_bringup//launch/gazebo.launch.xml
[0.097s] -- Up-to-date: /home/pranav/the_mapper/install/mapper_bringup/share/mapper_bringup//launch/mapper_gazebo.launch.xml
[0.097s] -- Up-to-date: /home/pranav/the_mapper/install/mapper_bringup/share/mapper_bringup//rviz
[0.097s] -- Up-to-date: /home/pranav/the_mapper/install/mapper_bringup/share/mapper_bringup//rviz/urdf_config.rviz
[0.097s] -- Up-to-date: /home/pranav/the_mapper/install/mapper_bringup/share/mapper_bringup//worlds
[0.098s] -- Up-to-date: /home/pranav/the_mapper/install/mapper_bringup/share/mapper_bringup//worlds/screenshot.png
[0.098s] -- Up-to-date: /home/pranav/the_mapper/install/mapper_bringup/share/mapper_bringup//worlds/terrain_1
[0.098s] -- Up-to-date: /home/pranav/the_mapper/install/mapper_bringup/share/mapper_bringup//worlds/terrain_1/model.sdf
[0.098s] -- Up-to-date: /home/pranav/the_mapper/install/mapper_bringup/share/mapper_bringup//worlds/terrain_1/media
[0.098s] -- Up-to-date: /home/pranav/the_mapper/install/mapper_bringup/share/mapper_bringup//worlds/terrain_1/media/Textures
[0.098s] -- Up-to-date: /home/pranav/the_mapper/install/mapper_bringup/share/mapper_bringup//worlds/terrain_1/media/Textures/Grass.png
[0.098s] -- Up-to-date: /home/pranav/the_mapper/install/mapper_bringup/share/mapper_bringup//worlds/terrain_1/media/scripts
[0.098s] -- Up-to-date: /home/pranav/the_mapper/install/mapper_bringup/share/mapper_bringup//worlds/terrain_1/media/scripts/repeated.material
[0.098s] -- Up-to-date: /home/pranav/the_mapper/install/mapper_bringup/share/mapper_bringup//worlds/terrain_1/media/terrain_1.dae
[0.099s] -- Up-to-date: /home/pranav/the_mapper/install/mapper_bringup/share/mapper_bringup//worlds/terrain_1/model.config
[0.099s] -- Up-to-date: /home/pranav/the_mapper/install/mapper_bringup/share/mapper_bringup//worlds/env.world
[0.099s] -- Up-to-date: /home/pranav/the_mapper/install/mapper_bringup/share/mapper_bringup//worlds/svr.world
[0.099s] -- Up-to-date: /home/pranav/the_mapper/install/mapper_bringup/share/mapper_bringup//worlds/terr
[0.099s] -- Up-to-date: /home/pranav/the_mapper/install/mapper_bringup/share/mapper_bringup//worlds/test_world.world
[0.099s] -- Up-to-date: /home/pranav/the_mapper/install/mapper_bringup/share/mapper_bringup//worlds/world.world
[0.099s] -- Up-to-date: /home/pranav/the_mapper/install/mapper_bringup/share/mapper_bringup//worlds/terr.world
[0.099s] -- Up-to-date: /home/pranav/the_mapper/install/mapper_bringup/share/mapper_bringup//worlds/farm.world
[0.099s] -- Up-to-date: /home/pranav/the_mapper/install/mapper_bringup/share/mapper_bringup//worlds/svr
[0.099s] -- Up-to-date: /home/pranav/the_mapper/install/mapper_bringup/share/mapper_bringup//worlds/svr/model.sdf
[0.099s] -- Up-to-date: /home/pranav/the_mapper/install/mapper_bringup/share/mapper_bringup//worlds/svr/model.config
[0.099s] -- Up-to-date: /home/pranav/the_mapper/install/mapper_bringup/share/mapper_bringup//worlds/terrain_1.world
[0.099s] -- Up-to-date: /home/pranav/the_mapper/install/mapper_bringup/share/mapper_bringup//models
[0.099s] -- Up-to-date: /home/pranav/the_mapper/install/mapper_bringup/share/ament_index/resource_index/package_run_dependencies/mapper_bringup
[0.100s] -- Up-to-date: /home/pranav/the_mapper/install/mapper_bringup/share/ament_index/resource_index/parent_prefix_path/mapper_bringup
[0.100s] -- Up-to-date: /home/pranav/the_mapper/install/mapper_bringup/share/mapper_bringup/environment/ament_prefix_path.sh
[0.100s] -- Up-to-date: /home/pranav/the_mapper/install/mapper_bringup/share/mapper_bringup/environment/ament_prefix_path.dsv
[0.100s] -- Up-to-date: /home/pranav/the_mapper/install/mapper_bringup/share/mapper_bringup/environment/path.sh
[0.100s] -- Up-to-date: /home/pranav/the_mapper/install/mapper_bringup/share/mapper_bringup/environment/path.dsv
[0.100s] -- Up-to-date: /home/pranav/the_mapper/install/mapper_bringup/share/mapper_bringup/local_setup.bash
[0.100s] -- Up-to-date: /home/pranav/the_mapper/install/mapper_bringup/share/mapper_bringup/local_setup.sh
[0.100s] -- Up-to-date: /home/pranav/the_mapper/install/mapper_bringup/share/mapper_bringup/local_setup.zsh
[0.100s] -- Up-to-date: /home/pranav/the_mapper/install/mapper_bringup/share/mapper_bringup/local_setup.dsv
[0.100s] -- Installing: /home/pranav/the_mapper/install/mapper_bringup/share/mapper_bringup/package.dsv
[0.100s] -- Up-to-date: /home/pranav/the_mapper/install/mapper_bringup/share/ament_index/resource_index/packages/mapper_bringup
[0.100s] -- Up-to-date: /home/pranav/the_mapper/install/mapper_bringup/share/mapper_bringup/cmake/mapper_bringupConfig.cmake
[0.100s] -- Up-to-date: /home/pranav/the_mapper/install/mapper_bringup/share/mapper_bringup/cmake/mapper_bringupConfig-version.cmake
[0.100s] -- Up-to-date: /home/pranav/the_mapper/install/mapper_bringup/share/mapper_bringup/package.xml
[0.105s] Invoked command in '/home/pranav/the_mapper/build/mapper_bringup' returned '0': CMAKE_PREFIX_PATH=/home/pranav/the_mapper/install/mapper_description:/home/pranav/the_mapper/install/mapper_bringup:/home/pranav/the_mapper/install/ekf_fusion:/opt/ros/humble /usr/bin/cmake --install /home/pranav/the_mapper/build/mapper_bringup
