[0.014s] Invoking command in '/home/pranav/the_mapper/build/mapper_bringup': CMAKE_PREFIX_PATH=/home/pranav/the_mapper/install/mapper_description:/home/pranav/the_mapper/install/mapper_bringup:/home/pranav/the_mapper/install/ground_mapper:/home/pranav/the_mapper/install/ekf_fusion:/opt/ros/humble /usr/bin/cmake /home/pranav/the_mapper/src/mapper_bringup -DCMAKE_INSTALL_PREFIX=/home/pranav/the_mapper/install/mapper_bringup
[0.076s] -- The C compiler identification is GNU 11.4.0
[0.153s] -- The CXX compiler identification is GNU 11.4.0
[0.160s] -- Detecting C compiler ABI info
[0.252s] -- Detecting C compiler ABI info - done
[0.258s] -- Check for working C compiler: /usr/bin/cc - skipped
[0.258s] -- Detecting C compile features
[0.259s] -- Detecting C compile features - done
[0.263s] -- Detecting CXX compiler ABI info
[0.362s] -- Detecting CXX compiler ABI info - done
[0.371s] -- Check for working CXX compiler: /usr/bin/c++ - skipped
[0.372s] -- Detecting CXX compile features
[0.372s] -- Detecting CXX compile features - done
[0.375s] -- Found ament_cmake: 1.3.10 (/opt/ros/humble/share/ament_cmake/cmake)
[0.540s] -- Found Python3: /usr/bin/python3 (found version "3.10.12") found components: Interpreter 
[0.716s] -- Configuring done
[0.720s] -- Generating done
[0.721s] -- Build files have been written to: /home/pranav/the_mapper/build/mapper_bringup
[0.728s] Invoked command in '/home/pranav/the_mapper/build/mapper_bringup' returned '0': CMAKE_PREFIX_PATH=/home/pranav/the_mapper/install/mapper_description:/home/pranav/the_mapper/install/mapper_bringup:/home/pranav/the_mapper/install/ground_mapper:/home/pranav/the_mapper/install/ekf_fusion:/opt/ros/humble /usr/bin/cmake /home/pranav/the_mapper/src/mapper_bringup -DCMAKE_INSTALL_PREFIX=/home/pranav/the_mapper/install/mapper_bringup
[0.729s] Invoking command in '/home/pranav/the_mapper/build/mapper_bringup': CMAKE_PREFIX_PATH=/home/pranav/the_mapper/install/mapper_description:/home/pranav/the_mapper/install/mapper_bringup:/home/pranav/the_mapper/install/ground_mapper:/home/pranav/the_mapper/install/ekf_fusion:/opt/ros/humble /usr/bin/cmake --build /home/pranav/the_mapper/build/mapper_bringup -- -j4 -l4
[0.776s] Invoked command in '/home/pranav/the_mapper/build/mapper_bringup' returned '0': CMAKE_PREFIX_PATH=/home/pranav/the_mapper/install/mapper_description:/home/pranav/the_mapper/install/mapper_bringup:/home/pranav/the_mapper/install/ground_mapper:/home/pranav/the_mapper/install/ekf_fusion:/opt/ros/humble /usr/bin/cmake --build /home/pranav/the_mapper/build/mapper_bringup -- -j4 -l4
[0.805s] Invoking command in '/home/pranav/the_mapper/build/mapper_bringup': CMAKE_PREFIX_PATH=/home/pranav/the_mapper/install/mapper_description:/home/pranav/the_mapper/install/mapper_bringup:/home/pranav/the_mapper/install/ground_mapper:/home/pranav/the_mapper/install/ekf_fusion:/opt/ros/humble /usr/bin/cmake --install /home/pranav/the_mapper/build/mapper_bringup
[0.815s] -- Install configuration: ""
[0.815s] -- Installing: /home/pranav/the_mapper/install/mapper_bringup/share/mapper_bringup//launch
[0.815s] -- Installing: /home/pranav/the_mapper/install/mapper_bringup/share/mapper_bringup//launch/mapper_map.py
[0.815s] -- Installing: /home/pranav/the_mapper/install/mapper_bringup/share/mapper_bringup//launch/gazebo.launch.xml
[0.816s] -- Installing: /home/pranav/the_mapper/install/mapper_bringup/share/mapper_bringup//launch/mapper_gazebo.launch.xml
[0.817s] -- Installing: /home/pranav/the_mapper/install/mapper_bringup/share/mapper_bringup//rviz
[0.817s] -- Installing: /home/pranav/the_mapper/install/mapper_bringup/share/mapper_bringup//rviz/urdf_config.rviz
[0.817s] -- Installing: /home/pranav/the_mapper/install/mapper_bringup/share/mapper_bringup//worlds
[0.818s] -- Installing: /home/pranav/the_mapper/install/mapper_bringup/share/mapper_bringup//worlds/screenshot.png
[0.821s] -- Installing: /home/pranav/the_mapper/install/mapper_bringup/share/mapper_bringup//worlds/terrain_1
[0.821s] -- Installing: /home/pranav/the_mapper/install/mapper_bringup/share/mapper_bringup//worlds/terrain_1/model.sdf
[0.822s] -- Installing: /home/pranav/the_mapper/install/mapper_bringup/share/mapper_bringup//worlds/terrain_1/media
[0.822s] -- Installing: /home/pranav/the_mapper/install/mapper_bringup/share/mapper_bringup//worlds/terrain_1/media/Textures
[0.822s] -- Installing: /home/pranav/the_mapper/install/mapper_bringup/share/mapper_bringup//worlds/terrain_1/media/Textures/Grass.png
[0.830s] -- Installing: /home/pranav/the_mapper/install/mapper_bringup/share/mapper_bringup//worlds/terrain_1/media/scripts
[0.830s] -- Installing: /home/pranav/the_mapper/install/mapper_bringup/share/mapper_bringup//worlds/terrain_1/media/scripts/repeated.material
[0.831s] -- Installing: /home/pranav/the_mapper/install/mapper_bringup/share/mapper_bringup//worlds/terrain_1/media/terrain_1.dae
[0.840s] -- Installing: /home/pranav/the_mapper/install/mapper_bringup/share/mapper_bringup//worlds/terrain_1/model.config
[0.840s] -- Installing: /home/pranav/the_mapper/install/mapper_bringup/share/mapper_bringup//worlds/env.world
[0.841s] -- Installing: /home/pranav/the_mapper/install/mapper_bringup/share/mapper_bringup//worlds/svr.world
[0.841s] -- Installing: /home/pranav/the_mapper/install/mapper_bringup/share/mapper_bringup//worlds/terr
[0.842s] -- Installing: /home/pranav/the_mapper/install/mapper_bringup/share/mapper_bringup//worlds/test_world.world
[0.843s] -- Installing: /home/pranav/the_mapper/install/mapper_bringup/share/mapper_bringup//worlds/world.world
[0.844s] -- Installing: /home/pranav/the_mapper/install/mapper_bringup/share/mapper_bringup//worlds/terr.world
[0.845s] -- Installing: /home/pranav/the_mapper/install/mapper_bringup/share/mapper_bringup//worlds/farm.world
[0.848s] -- Installing: /home/pranav/the_mapper/install/mapper_bringup/share/mapper_bringup//worlds/svr
[0.848s] -- Installing: /home/pranav/the_mapper/install/mapper_bringup/share/mapper_bringup//worlds/svr/model.sdf
[0.849s] -- Installing: /home/pranav/the_mapper/install/mapper_bringup/share/mapper_bringup//worlds/svr/model.config
[0.850s] -- Installing: /home/pranav/the_mapper/install/mapper_bringup/share/mapper_bringup//worlds/terrain_1.world
[0.850s] -- Installing: /home/pranav/the_mapper/install/mapper_bringup/share/mapper_bringup//models
[0.851s] -- Installing: /home/pranav/the_mapper/install/mapper_bringup/share/ament_index/resource_index/package_run_dependencies/mapper_bringup
[0.851s] -- Installing: /home/pranav/the_mapper/install/mapper_bringup/share/ament_index/resource_index/parent_prefix_path/mapper_bringup
[0.852s] -- Installing: /home/pranav/the_mapper/install/mapper_bringup/share/mapper_bringup/environment/ament_prefix_path.sh
[0.852s] -- Installing: /home/pranav/the_mapper/install/mapper_bringup/share/mapper_bringup/environment/ament_prefix_path.dsv
[0.853s] -- Installing: /home/pranav/the_mapper/install/mapper_bringup/share/mapper_bringup/environment/path.sh
[0.853s] -- Installing: /home/pranav/the_mapper/install/mapper_bringup/share/mapper_bringup/environment/path.dsv
[0.853s] -- Installing: /home/pranav/the_mapper/install/mapper_bringup/share/mapper_bringup/local_setup.bash
[0.854s] -- Installing: /home/pranav/the_mapper/install/mapper_bringup/share/mapper_bringup/local_setup.sh
[0.854s] -- Installing: /home/pranav/the_mapper/install/mapper_bringup/share/mapper_bringup/local_setup.zsh
[0.854s] -- Installing: /home/pranav/the_mapper/install/mapper_bringup/share/mapper_bringup/local_setup.dsv
[0.855s] -- Installing: /home/pranav/the_mapper/install/mapper_bringup/share/mapper_bringup/package.dsv
[0.855s] -- Installing: /home/pranav/the_mapper/install/mapper_bringup/share/ament_index/resource_index/packages/mapper_bringup
[0.855s] -- Installing: /home/pranav/the_mapper/install/mapper_bringup/share/mapper_bringup/cmake/mapper_bringupConfig.cmake
[0.856s] -- Installing: /home/pranav/the_mapper/install/mapper_bringup/share/mapper_bringup/cmake/mapper_bringupConfig-version.cmake
[0.857s] -- Installing: /home/pranav/the_mapper/install/mapper_bringup/share/mapper_bringup/package.xml
[0.863s] Invoked command in '/home/pranav/the_mapper/build/mapper_bringup' returned '0': CMAKE_PREFIX_PATH=/home/pranav/the_mapper/install/mapper_description:/home/pranav/the_mapper/install/mapper_bringup:/home/pranav/the_mapper/install/ground_mapper:/home/pranav/the_mapper/install/ekf_fusion:/opt/ros/humble /usr/bin/cmake --install /home/pranav/the_mapper/build/mapper_bringup
