[0.248s] DEBUG:colcon:Command line arguments: ['/usr/bin/colcon', 'list', '-p', '--base-paths', '/home/pranav/the_mapper']
[0.249s] DEBUG:colcon:Parsed command line arguments: Namespace(log_base=None, log_level=None, verb_name='list', build_base='build', ignore_user_meta=False, metas=['./colcon.meta'], base_paths=['/home/pranav/the_mapper'], packages_ignore=None, packages_ignore_regex=None, paths=None, packages_up_to=None, packages_up_to_regex=None, packages_above=None, packages_above_and_dependencies=None, packages_above_depth=None, packages_select_by_dep=None, packages_skip_by_dep=None, packages_skip_up_to=None, packages_select_build_failed=False, packages_skip_build_finished=False, packages_select_test_failures=False, packages_skip_test_passed=False, packages_select=None, packages_skip=None, packages_select_regex=None, packages_skip_regex=None, packages_start=None, packages_end=None, allow_overriding=[], topological_order=False, names_only=False, paths_only=True, topological_graph=False, topological_graph_dot=False, topological_graph_density=False, topological_graph_legend=False, topological_graph_dot_cluster=False, topological_graph_dot_include_skipped=False, mixin_files=None, mixin=None, verb_parser=<colcon_mixin.mixin.mixin_argument.MixinArgumentDecorator object at 0x722dd13577c0>, verb_extension=<colcon_package_information.verb.list.ListVerb object at 0x722dd1356860>, main=<bound method ListVerb.main of <colcon_package_information.verb.list.ListVerb object at 0x722dd1356860>>, mixin_verb=('list',))
[0.472s] Level 1:colcon.colcon_core.package_discovery:discover_packages(colcon_meta) check parameters
[0.473s] Level 1:colcon.colcon_core.package_discovery:discover_packages(recursive) check parameters
[0.473s] Level 1:colcon.colcon_core.package_discovery:discover_packages(ignore) check parameters
[0.473s] Level 1:colcon.colcon_core.package_discovery:discover_packages(path) check parameters
[0.473s] Level 1:colcon.colcon_core.package_discovery:discover_packages(recursive) discover
[0.473s] INFO:colcon.colcon_core.package_discovery:Crawling recursively for packages in '/home/pranav/the_mapper'
[0.474s] Level 1:colcon.colcon_core.package_identification:_identify(/home/pranav/the_mapper) by extensions ['ignore', 'ignore_ament_install']
[0.474s] Level 1:colcon.colcon_core.package_identification:_identify(/home/pranav/the_mapper) by extension 'ignore'
[0.474s] Level 1:colcon.colcon_core.package_identification:_identify(/home/pranav/the_mapper) by extension 'ignore_ament_install'
[0.474s] Level 1:colcon.colcon_core.package_identification:_identify(/home/pranav/the_mapper) by extensions ['colcon_pkg']
[0.474s] Level 1:colcon.colcon_core.package_identification:_identify(/home/pranav/the_mapper) by extension 'colcon_pkg'
[0.474s] Level 1:colcon.colcon_core.package_identification:_identify(/home/pranav/the_mapper) by extensions ['colcon_meta']
[0.474s] Level 1:colcon.colcon_core.package_identification:_identify(/home/pranav/the_mapper) by extension 'colcon_meta'
[0.474s] Level 1:colcon.colcon_core.package_identification:_identify(/home/pranav/the_mapper) by extensions ['ros']
[0.474s] Level 1:colcon.colcon_core.package_identification:_identify(/home/pranav/the_mapper) by extension 'ros'
[0.484s] Level 1:colcon.colcon_core.package_identification:_identify(/home/pranav/the_mapper) by extensions ['cmake', 'python']
[0.485s] Level 1:colcon.colcon_core.package_identification:_identify(/home/pranav/the_mapper) by extension 'cmake'
[0.485s] Level 1:colcon.colcon_core.package_identification:_identify(/home/pranav/the_mapper) by extension 'python'
[0.485s] Level 1:colcon.colcon_core.package_identification:_identify(/home/pranav/the_mapper) by extensions ['python_setup_py']
[0.485s] Level 1:colcon.colcon_core.package_identification:_identify(/home/pranav/the_mapper) by extension 'python_setup_py'
[0.485s] Level 1:colcon.colcon_core.package_identification:_identify(/home/pranav/the_mapper/build) by extensions ['ignore', 'ignore_ament_install']
[0.485s] Level 1:colcon.colcon_core.package_identification:_identify(/home/pranav/the_mapper/build) by extension 'ignore'
[0.485s] Level 1:colcon.colcon_core.package_identification:_identify(/home/pranav/the_mapper/build) ignored
[0.486s] Level 1:colcon.colcon_core.package_identification:_identify(/home/pranav/the_mapper/install) by extensions ['ignore', 'ignore_ament_install']
[0.486s] Level 1:colcon.colcon_core.package_identification:_identify(/home/pranav/the_mapper/install) by extension 'ignore'
[0.486s] Level 1:colcon.colcon_core.package_identification:_identify(/home/pranav/the_mapper/install) ignored
[0.486s] Level 1:colcon.colcon_core.package_identification:_identify(/home/pranav/the_mapper/log) by extensions ['ignore', 'ignore_ament_install']
[0.486s] Level 1:colcon.colcon_core.package_identification:_identify(/home/pranav/the_mapper/log) by extension 'ignore'
[0.486s] Level 1:colcon.colcon_core.package_identification:_identify(/home/pranav/the_mapper/log) ignored
[0.487s] Level 1:colcon.colcon_core.package_identification:_identify(/home/pranav/the_mapper/src) by extensions ['ignore', 'ignore_ament_install']
[0.487s] Level 1:colcon.colcon_core.package_identification:_identify(/home/pranav/the_mapper/src) by extension 'ignore'
[0.487s] Level 1:colcon.colcon_core.package_identification:_identify(/home/pranav/the_mapper/src) by extension 'ignore_ament_install'
[0.487s] Level 1:colcon.colcon_core.package_identification:_identify(/home/pranav/the_mapper/src) by extensions ['colcon_pkg']
[0.487s] Level 1:colcon.colcon_core.package_identification:_identify(/home/pranav/the_mapper/src) by extension 'colcon_pkg'
[0.487s] Level 1:colcon.colcon_core.package_identification:_identify(/home/pranav/the_mapper/src) by extensions ['colcon_meta']
[0.487s] Level 1:colcon.colcon_core.package_identification:_identify(/home/pranav/the_mapper/src) by extension 'colcon_meta'
[0.487s] Level 1:colcon.colcon_core.package_identification:_identify(/home/pranav/the_mapper/src) by extensions ['ros']
[0.487s] Level 1:colcon.colcon_core.package_identification:_identify(/home/pranav/the_mapper/src) by extension 'ros'
[0.488s] Level 1:colcon.colcon_core.package_identification:_identify(/home/pranav/the_mapper/src) by extensions ['cmake', 'python']
[0.488s] Level 1:colcon.colcon_core.package_identification:_identify(/home/pranav/the_mapper/src) by extension 'cmake'
[0.488s] Level 1:colcon.colcon_core.package_identification:_identify(/home/pranav/the_mapper/src) by extension 'python'
[0.488s] Level 1:colcon.colcon_core.package_identification:_identify(/home/pranav/the_mapper/src) by extensions ['python_setup_py']
[0.488s] Level 1:colcon.colcon_core.package_identification:_identify(/home/pranav/the_mapper/src) by extension 'python_setup_py'
[0.488s] Level 1:colcon.colcon_core.package_identification:_identify(/home/pranav/the_mapper/src/ekf_fusion) by extensions ['ignore', 'ignore_ament_install']
[0.488s] Level 1:colcon.colcon_core.package_identification:_identify(/home/pranav/the_mapper/src/ekf_fusion) by extension 'ignore'
[0.488s] Level 1:colcon.colcon_core.package_identification:_identify(/home/pranav/the_mapper/src/ekf_fusion) by extension 'ignore_ament_install'
[0.488s] Level 1:colcon.colcon_core.package_identification:_identify(/home/pranav/the_mapper/src/ekf_fusion) by extensions ['colcon_pkg']
[0.488s] Level 1:colcon.colcon_core.package_identification:_identify(/home/pranav/the_mapper/src/ekf_fusion) by extension 'colcon_pkg'
[0.488s] Level 1:colcon.colcon_core.package_identification:_identify(/home/pranav/the_mapper/src/ekf_fusion) by extensions ['colcon_meta']
[0.488s] Level 1:colcon.colcon_core.package_identification:_identify(/home/pranav/the_mapper/src/ekf_fusion) by extension 'colcon_meta'
[0.489s] Level 1:colcon.colcon_core.package_identification:_identify(/home/pranav/the_mapper/src/ekf_fusion) by extensions ['ros']
[0.489s] Level 1:colcon.colcon_core.package_identification:_identify(/home/pranav/the_mapper/src/ekf_fusion) by extension 'ros'
[0.491s] DEBUG:colcon.colcon_core.package_identification:Package '/home/pranav/the_mapper/src/ekf_fusion' with type 'ros.ament_cmake' and name 'ekf_fusion'
[0.492s] Level 1:colcon.colcon_core.package_identification:_identify(/home/pranav/the_mapper/src/mapper_bringup) by extensions ['ignore', 'ignore_ament_install']
[0.492s] Level 1:colcon.colcon_core.package_identification:_identify(/home/pranav/the_mapper/src/mapper_bringup) by extension 'ignore'
[0.492s] Level 1:colcon.colcon_core.package_identification:_identify(/home/pranav/the_mapper/src/mapper_bringup) by extension 'ignore_ament_install'
[0.492s] Level 1:colcon.colcon_core.package_identification:_identify(/home/pranav/the_mapper/src/mapper_bringup) by extensions ['colcon_pkg']
[0.492s] Level 1:colcon.colcon_core.package_identification:_identify(/home/pranav/the_mapper/src/mapper_bringup) by extension 'colcon_pkg'
[0.492s] Level 1:colcon.colcon_core.package_identification:_identify(/home/pranav/the_mapper/src/mapper_bringup) by extensions ['colcon_meta']
[0.492s] Level 1:colcon.colcon_core.package_identification:_identify(/home/pranav/the_mapper/src/mapper_bringup) by extension 'colcon_meta'
[0.492s] Level 1:colcon.colcon_core.package_identification:_identify(/home/pranav/the_mapper/src/mapper_bringup) by extensions ['ros']
[0.492s] Level 1:colcon.colcon_core.package_identification:_identify(/home/pranav/the_mapper/src/mapper_bringup) by extension 'ros'
[0.493s] DEBUG:colcon.colcon_core.package_identification:Package '/home/pranav/the_mapper/src/mapper_bringup' with type 'ros.ament_cmake' and name 'mapper_bringup'
[0.493s] Level 1:colcon.colcon_core.package_identification:_identify(/home/pranav/the_mapper/src/mapper_description) by extensions ['ignore', 'ignore_ament_install']
[0.493s] Level 1:colcon.colcon_core.package_identification:_identify(/home/pranav/the_mapper/src/mapper_description) by extension 'ignore'
[0.493s] Level 1:colcon.colcon_core.package_identification:_identify(/home/pranav/the_mapper/src/mapper_description) by extension 'ignore_ament_install'
[0.493s] Level 1:colcon.colcon_core.package_identification:_identify(/home/pranav/the_mapper/src/mapper_description) by extensions ['colcon_pkg']
[0.493s] Level 1:colcon.colcon_core.package_identification:_identify(/home/pranav/the_mapper/src/mapper_description) by extension 'colcon_pkg'
[0.494s] Level 1:colcon.colcon_core.package_identification:_identify(/home/pranav/the_mapper/src/mapper_description) by extensions ['colcon_meta']
[0.494s] Level 1:colcon.colcon_core.package_identification:_identify(/home/pranav/the_mapper/src/mapper_description) by extension 'colcon_meta'
[0.494s] Level 1:colcon.colcon_core.package_identification:_identify(/home/pranav/the_mapper/src/mapper_description) by extensions ['ros']
[0.494s] Level 1:colcon.colcon_core.package_identification:_identify(/home/pranav/the_mapper/src/mapper_description) by extension 'ros'
[0.494s] DEBUG:colcon.colcon_core.package_identification:Package '/home/pranav/the_mapper/src/mapper_description' with type 'ros.ament_cmake' and name 'mapper_description'
[0.494s] Level 1:colcon.colcon_core.package_discovery:discover_packages(recursive) using defaults
