[0.016s] Invoking command in '/home/pranav/the_mapper/build/ekf_fusion': CMAKE_PREFIX_PATH=/opt/ros/humble /usr/bin/cmake /home/pranav/the_mapper/src/ekf_fusion -DCMAKE_INSTALL_PREFIX=/home/pranav/the_mapper/install/ekf_fusion
[0.036s] -- Found ament_cmake: 1.3.10 (/opt/ros/humble/share/ament_cmake/cmake)
[0.159s] -- Override CMake install command with custom implementation using symlinks instead of copying resources
[0.170s] -- Found rclcpp: 16.0.10 (/opt/ros/humble/share/rclcpp/cmake)
[0.279s] -- Found rosidl_generator_c: 3.1.5 (/opt/ros/humble/share/rosidl_generator_c/cmake)
[0.279s] -- Found rosidl_adapter: 3.1.5 (/opt/ros/humble/share/rosidl_adapter/cmake)
[0.282s] -- Found rosidl_generator_cpp: 3.1.5 (/opt/ros/humble/share/rosidl_generator_cpp/cmake)
[0.296s] -- Using all available rosidl_typesupport_c: rosidl_typesupport_fastrtps_c;rosidl_typesupport_introspection_c
[0.313s] -- Using all available rosidl_typesupport_cpp: rosidl_typesupport_fastrtps_cpp;rosidl_typesupport_introspection_cpp
[0.372s] -- Found rmw_implementation_cmake: 6.1.2 (/opt/ros/humble/share/rmw_implementation_cmake/cmake)
[0.374s] -- Found rmw_cyclonedds_cpp: 1.3.4 (/opt/ros/humble/share/rmw_cyclonedds_cpp/cmake)
[0.408s] -- Using RMW implementation 'rmw_cyclonedds_cpp' as default
[0.488s] -- Found sensor_msgs: 4.2.4 (/opt/ros/humble/share/sensor_msgs/cmake)
[0.537s] -- Found nav_msgs: 4.2.4 (/opt/ros/humble/share/nav_msgs/cmake)
[0.566s] -- Found ament_lint_auto: 0.12.11 (/opt/ros/humble/share/ament_lint_auto/cmake)
[0.645s] -- Added test 'copyright' to check source files copyright and LICENSE
[0.647s] -- Added test 'cppcheck' to perform static code analysis on C / C++ code
[0.648s] -- Configured cppcheck include dirs: 
[0.648s] -- Configured cppcheck exclude dirs and/or files: 
[0.649s] -- Added test 'lint_cmake' to check CMake code style
[0.650s] -- Added test 'uncrustify' to check C / C++ code style
[0.651s] -- Configured uncrustify additional arguments: 
[0.651s] -- Added test 'xmllint' to check XML markup files
[0.653s] -- Configuring done
[0.671s] -- Generating done
[0.676s] -- Build files have been written to: /home/pranav/the_mapper/build/ekf_fusion
[0.685s] Invoked command in '/home/pranav/the_mapper/build/ekf_fusion' returned '0': CMAKE_PREFIX_PATH=/opt/ros/humble /usr/bin/cmake /home/pranav/the_mapper/src/ekf_fusion -DCMAKE_INSTALL_PREFIX=/home/pranav/the_mapper/install/ekf_fusion
[0.687s] Invoking command in '/home/pranav/the_mapper/build/ekf_fusion': CMAKE_PREFIX_PATH=/opt/ros/humble /usr/bin/cmake --build /home/pranav/the_mapper/build/ekf_fusion -- -j4 -l4
[0.751s] [35m[1mConsolidate compiler generated dependencies of target ekf_node[0m
[0.774s] [100%] Built target ekf_node
[0.787s] Invoked command in '/home/pranav/the_mapper/build/ekf_fusion' returned '0': CMAKE_PREFIX_PATH=/opt/ros/humble /usr/bin/cmake --build /home/pranav/the_mapper/build/ekf_fusion -- -j4 -l4
[0.825s] Invoking command in '/home/pranav/the_mapper/build/ekf_fusion': CMAKE_PREFIX_PATH=/opt/ros/humble /usr/bin/cmake --install /home/pranav/the_mapper/build/ekf_fusion
[0.837s] -- Install configuration: ""
[0.838s] -- Execute custom install script
[0.838s] -- Up-to-date symlink: /home/pranav/the_mapper/install/ekf_fusion/lib/ekf_fusion/ekf_node
[0.839s] -- Up-to-date symlink: /home/pranav/the_mapper/install/ekf_fusion/share/ament_index/resource_index/package_run_dependencies/ekf_fusion
[0.839s] -- Up-to-date symlink: /home/pranav/the_mapper/install/ekf_fusion/share/ament_index/resource_index/parent_prefix_path/ekf_fusion
[0.839s] -- Up-to-date symlink: /home/pranav/the_mapper/install/ekf_fusion/share/ekf_fusion/environment/ament_prefix_path.sh
[0.840s] -- Up-to-date symlink: /home/pranav/the_mapper/install/ekf_fusion/share/ekf_fusion/environment/ament_prefix_path.dsv
[0.840s] -- Up-to-date symlink: /home/pranav/the_mapper/install/ekf_fusion/share/ekf_fusion/environment/path.sh
[0.840s] -- Up-to-date symlink: /home/pranav/the_mapper/install/ekf_fusion/share/ekf_fusion/environment/path.dsv
[0.840s] -- Up-to-date symlink: /home/pranav/the_mapper/install/ekf_fusion/share/ekf_fusion/local_setup.bash
[0.841s] -- Up-to-date symlink: /home/pranav/the_mapper/install/ekf_fusion/share/ekf_fusion/local_setup.sh
[0.841s] -- Up-to-date symlink: /home/pranav/the_mapper/install/ekf_fusion/share/ekf_fusion/local_setup.zsh
[0.841s] -- Up-to-date symlink: /home/pranav/the_mapper/install/ekf_fusion/share/ekf_fusion/local_setup.dsv
[0.842s] -- Symlinking: /home/pranav/the_mapper/install/ekf_fusion/share/ekf_fusion/package.dsv
[0.856s] -- Up-to-date symlink: /home/pranav/the_mapper/install/ekf_fusion/share/ament_index/resource_index/packages/ekf_fusion
[0.856s] -- Up-to-date symlink: /home/pranav/the_mapper/install/ekf_fusion/share/ekf_fusion/cmake/ekf_fusionConfig.cmake
[0.856s] -- Up-to-date symlink: /home/pranav/the_mapper/install/ekf_fusion/share/ekf_fusion/cmake/ekf_fusionConfig-version.cmake
[0.857s] -- Up-to-date symlink: /home/pranav/the_mapper/install/ekf_fusion/share/ekf_fusion/package.xml
[0.860s] Invoked command in '/home/pranav/the_mapper/build/ekf_fusion' returned '0': CMAKE_PREFIX_PATH=/opt/ros/humble /usr/bin/cmake --install /home/pranav/the_mapper/build/ekf_fusion
