[0.019s] Invoking command in '/home/pranav/the_mapper/build/mapper_bringup': AMENT_PREFIX_PATH=/home/pranav/the_mapper/install/mapper_description:${AMENT_PREFIX_PATH} CMAKE_PREFIX_PATH=/home/pranav/the_mapper/install/mapper_description:/opt/ros/humble /usr/bin/cmake --build /home/pranav/the_mapper/build/mapper_bringup -- -j4 -l4
[0.084s] Invoked command in '/home/pranav/the_mapper/build/mapper_bringup' returned '0': AMENT_PREFIX_PATH=/home/pranav/the_mapper/install/mapper_description:${AMENT_PREFIX_PATH} CMAKE_PREFIX_PATH=/home/pranav/the_mapper/install/mapper_description:/opt/ros/humble /usr/bin/cmake --build /home/pranav/the_mapper/build/mapper_bringup -- -j4 -l4
[0.089s] Invoking command in '/home/pranav/the_mapper/build/mapper_bringup': AMENT_PREFIX_PATH=/home/pranav/the_mapper/install/mapper_description:${AMENT_PREFIX_PATH} CMAKE_PREFIX_PATH=/home/pranav/the_mapper/install/mapper_description:/opt/ros/humble /usr/bin/cmake --install /home/pranav/the_mapper/build/mapper_bringup
[0.103s] -- Install configuration: ""
[0.103s] -- Execute custom install script
[0.104s] -- Up-to-date symlink: /home/pranav/the_mapper/install/mapper_bringup/share/mapper_bringup//launch/gazebo.launch.xml
[0.104s] -- Up-to-date symlink: /home/pranav/the_mapper/install/mapper_bringup/share/mapper_bringup//launch/mapper_gazebo.launch.xml
[0.105s] -- Up-to-date symlink: /home/pranav/the_mapper/install/mapper_bringup/share/mapper_bringup//launch/mapper_map.launch.py
[0.105s] -- Up-to-date symlink: /home/pranav/the_mapper/install/mapper_bringup/share/mapper_bringup//rviz/Phase1.rviz
[0.105s] -- Up-to-date symlink: /home/pranav/the_mapper/install/mapper_bringup/share/mapper_bringup//rviz/urdf_config.rviz
[0.106s] -- Up-to-date symlink: /home/pranav/the_mapper/install/mapper_bringup/share/mapper_bringup//worlds/env.world
[0.107s] -- Up-to-date symlink: /home/pranav/the_mapper/install/mapper_bringup/share/mapper_bringup//worlds/farm.world
[0.107s] -- Up-to-date symlink: /home/pranav/the_mapper/install/mapper_bringup/share/mapper_bringup//worlds/screenshot.png
[0.107s] -- Up-to-date symlink: /home/pranav/the_mapper/install/mapper_bringup/share/mapper_bringup//worlds/svr.world
[0.107s] -- Up-to-date symlink: /home/pranav/the_mapper/install/mapper_bringup/share/mapper_bringup//worlds/svr/model.config
[0.108s] -- Up-to-date symlink: /home/pranav/the_mapper/install/mapper_bringup/share/mapper_bringup//worlds/svr/model.sdf
[0.108s] -- Up-to-date symlink: /home/pranav/the_mapper/install/mapper_bringup/share/mapper_bringup//worlds/terr
[0.108s] -- Up-to-date symlink: /home/pranav/the_mapper/install/mapper_bringup/share/mapper_bringup//worlds/terr.world
[0.108s] -- Up-to-date symlink: /home/pranav/the_mapper/install/mapper_bringup/share/mapper_bringup//worlds/terrain_1.world
[0.108s] -- Up-to-date symlink: /home/pranav/the_mapper/install/mapper_bringup/share/mapper_bringup//worlds/terrain_1/media/Textures/Grass.png
[0.108s] -- Up-to-date symlink: /home/pranav/the_mapper/install/mapper_bringup/share/mapper_bringup//worlds/terrain_1/media/scripts/repeated.material
[0.108s] -- Up-to-date symlink: /home/pranav/the_mapper/install/mapper_bringup/share/mapper_bringup//worlds/terrain_1/media/terrain_1.dae
[0.109s] -- Up-to-date symlink: /home/pranav/the_mapper/install/mapper_bringup/share/mapper_bringup//worlds/terrain_1/model.config
[0.109s] -- Up-to-date symlink: /home/pranav/the_mapper/install/mapper_bringup/share/mapper_bringup//worlds/terrain_1/model.sdf
[0.109s] -- Up-to-date symlink: /home/pranav/the_mapper/install/mapper_bringup/share/mapper_bringup//worlds/test_world.world
[0.109s] -- Up-to-date symlink: /home/pranav/the_mapper/install/mapper_bringup/share/mapper_bringup//worlds/world.world
[0.110s] -- Up-to-date symlink: /home/pranav/the_mapper/install/mapper_bringup/share/ament_index/resource_index/package_run_dependencies/mapper_bringup
[0.110s] -- Up-to-date symlink: /home/pranav/the_mapper/install/mapper_bringup/share/ament_index/resource_index/parent_prefix_path/mapper_bringup
[0.110s] -- Up-to-date symlink: /home/pranav/the_mapper/install/mapper_bringup/share/mapper_bringup/environment/ament_prefix_path.sh
[0.111s] -- Up-to-date symlink: /home/pranav/the_mapper/install/mapper_bringup/share/mapper_bringup/environment/ament_prefix_path.dsv
[0.111s] -- Up-to-date symlink: /home/pranav/the_mapper/install/mapper_bringup/share/mapper_bringup/environment/path.sh
[0.111s] -- Up-to-date symlink: /home/pranav/the_mapper/install/mapper_bringup/share/mapper_bringup/environment/path.dsv
[0.111s] -- Up-to-date symlink: /home/pranav/the_mapper/install/mapper_bringup/share/mapper_bringup/local_setup.bash
[0.112s] -- Up-to-date symlink: /home/pranav/the_mapper/install/mapper_bringup/share/mapper_bringup/local_setup.sh
[0.112s] -- Up-to-date symlink: /home/pranav/the_mapper/install/mapper_bringup/share/mapper_bringup/local_setup.zsh
[0.112s] -- Up-to-date symlink: /home/pranav/the_mapper/install/mapper_bringup/share/mapper_bringup/local_setup.dsv
[0.112s] -- Symlinking: /home/pranav/the_mapper/install/mapper_bringup/share/mapper_bringup/package.dsv
[0.128s] -- Up-to-date symlink: /home/pranav/the_mapper/install/mapper_bringup/share/ament_index/resource_index/packages/mapper_bringup
[0.129s] -- Up-to-date symlink: /home/pranav/the_mapper/install/mapper_bringup/share/mapper_bringup/cmake/mapper_bringupConfig.cmake
[0.129s] -- Up-to-date symlink: /home/pranav/the_mapper/install/mapper_bringup/share/mapper_bringup/cmake/mapper_bringupConfig-version.cmake
[0.129s] -- Up-to-date symlink: /home/pranav/the_mapper/install/mapper_bringup/share/mapper_bringup/package.xml
[0.133s] Invoked command in '/home/pranav/the_mapper/build/mapper_bringup' returned '0': AMENT_PREFIX_PATH=/home/pranav/the_mapper/install/mapper_description:${AMENT_PREFIX_PATH} CMAKE_PREFIX_PATH=/home/pranav/the_mapper/install/mapper_description:/opt/ros/humble /usr/bin/cmake --install /home/pranav/the_mapper/build/mapper_bringup
