[0.027s] Invoking command in '/home/pranav/the_mapper/build/mapper_description': CMAKE_PREFIX_PATH=${CMAKE_PREFIX_PATH}:/opt/ros/humble /usr/bin/cmake --build /home/pranav/the_mapper/build/mapper_description -- -j4 -l4
[0.121s] Invoked command in '/home/pranav/the_mapper/build/mapper_description' returned '0': CMAKE_PREFIX_PATH=${CMAKE_PREFIX_PATH}:/opt/ros/humble /usr/bin/cmake --build /home/pranav/the_mapper/build/mapper_description -- -j4 -l4
[0.168s] Invoking command in '/home/pranav/the_mapper/build/mapper_description': CMAKE_PREFIX_PATH=${CMAKE_PREFIX_PATH}:/opt/ros/humble /usr/bin/cmake --install /home/pranav/the_mapper/build/mapper_description
[0.184s] -- Install configuration: ""
[0.184s] -- Up-to-date: /home/pranav/the_mapper/install/mapper_description/share/mapper_description//urdf
[0.185s] -- Installing: /home/pranav/the_mapper/install/mapper_description/share/mapper_description//urdf/sensors.xacro
[0.188s] -- Up-to-date: /home/pranav/the_mapper/install/mapper_description/share/mapper_description//urdf/mobile_base_gazebo.xacro
[0.188s] -- Up-to-date: /home/pranav/the_mapper/install/mapper_description/share/mapper_description//urdf/mapper.urdf.xacro
[0.188s] -- Up-to-date: /home/pranav/the_mapper/install/mapper_description/share/mapper_description//urdf/common_properties.xacro
[0.188s] -- Up-to-date: /home/pranav/the_mapper/install/mapper_description/share/mapper_description//urdf/mobile_base.xacro
[0.188s] -- Up-to-date: /home/pranav/the_mapper/install/mapper_description/share/mapper_description//launch
[0.189s] -- Up-to-date: /home/pranav/the_mapper/install/mapper_description/share/mapper_description//launch/display.launch.xml
[0.189s] -- Up-to-date: /home/pranav/the_mapper/install/mapper_description/share/mapper_description//launch/display.launch.py
[0.189s] -- Up-to-date: /home/pranav/the_mapper/install/mapper_description/share/mapper_description//rviz
[0.189s] -- Up-to-date: /home/pranav/the_mapper/install/mapper_description/share/mapper_description//rviz/urdf_config.rviz
[0.189s] -- Up-to-date: /home/pranav/the_mapper/install/mapper_description/share/ament_index/resource_index/package_run_dependencies/mapper_description
[0.189s] -- Up-to-date: /home/pranav/the_mapper/install/mapper_description/share/ament_index/resource_index/parent_prefix_path/mapper_description
[0.189s] -- Up-to-date: /home/pranav/the_mapper/install/mapper_description/share/mapper_description/environment/ament_prefix_path.sh
[0.189s] -- Up-to-date: /home/pranav/the_mapper/install/mapper_description/share/mapper_description/environment/ament_prefix_path.dsv
[0.190s] -- Up-to-date: /home/pranav/the_mapper/install/mapper_description/share/mapper_description/environment/path.sh
[0.190s] -- Up-to-date: /home/pranav/the_mapper/install/mapper_description/share/mapper_description/environment/path.dsv
[0.190s] -- Up-to-date: /home/pranav/the_mapper/install/mapper_description/share/mapper_description/local_setup.bash
[0.190s] -- Up-to-date: /home/pranav/the_mapper/install/mapper_description/share/mapper_description/local_setup.sh
[0.191s] -- Up-to-date: /home/pranav/the_mapper/install/mapper_description/share/mapper_description/local_setup.zsh
[0.191s] -- Up-to-date: /home/pranav/the_mapper/install/mapper_description/share/mapper_description/local_setup.dsv
[0.191s] -- Installing: /home/pranav/the_mapper/install/mapper_description/share/mapper_description/package.dsv
[0.191s] -- Up-to-date: /home/pranav/the_mapper/install/mapper_description/share/ament_index/resource_index/packages/mapper_description
[0.191s] -- Up-to-date: /home/pranav/the_mapper/install/mapper_description/share/mapper_description/cmake/mapper_descriptionConfig.cmake
[0.191s] -- Up-to-date: /home/pranav/the_mapper/install/mapper_description/share/mapper_description/cmake/mapper_descriptionConfig-version.cmake
[0.192s] -- Up-to-date: /home/pranav/the_mapper/install/mapper_description/share/mapper_description/package.xml
[0.225s] Invoked command in '/home/pranav/the_mapper/build/mapper_description' returned '0': CMAKE_PREFIX_PATH=${CMAKE_PREFIX_PATH}:/opt/ros/humble /usr/bin/cmake --install /home/pranav/the_mapper/build/mapper_description
