[0.025s] Invoking command in '/home/pranav/the_mapper/build/mapper_bringup': CMAKE_PREFIX_PATH=/home/pranav/the_mapper/install/mapper_description:/home/pranav/the_mapper/install/mapper_bringup:/home/pranav/the_mapper/install/ekf_fusion:/home/pranav/amr/install/amr_bringup:/home/pranav/amr/install/amr_description:/home/pranav/ws/install/usb_cam:/home/pranav/ws/install/my_robot_bringup:/home/pranav/ws/install/my_robot_interfaces:/home/pranav/ws/install/my_cpp_pkg:/home/pranav/project_robot_ws/install/project_robot_description:/home/pranav/project_robot_ws/install/my_robot_bringup:/home/pranav/ws/src/my_robot_interfaces/install/my_robot_interfaces:/home/pranav/ws/install/mypkg:/home/pranav/learning_ws/install/mypkg:/opt/ros/humble /usr/bin/cmake /home/pranav/the_mapper/src/mapper_bringup -DCMAKE_INSTALL_PREFIX=/home/pranav/the_mapper/install/mapper_bringup
[0.061s] -- Found ament_cmake: 1.3.10 (/opt/ros/humble/share/ament_cmake/cmake)
[0.202s] -- Override CMake install command with custom implementation using symlinks instead of copying resources
[0.308s] -- Configuring done
[0.316s] -- Generating done
[0.317s] -- Build files have been written to: /home/pranav/the_mapper/build/mapper_bringup
[0.322s] Invoked command in '/home/pranav/the_mapper/build/mapper_bringup' returned '0': CMAKE_PREFIX_PATH=/home/pranav/the_mapper/install/mapper_description:/home/pranav/the_mapper/install/mapper_bringup:/home/pranav/the_mapper/install/ekf_fusion:/home/pranav/amr/install/amr_bringup:/home/pranav/amr/install/amr_description:/home/pranav/ws/install/usb_cam:/home/pranav/ws/install/my_robot_bringup:/home/pranav/ws/install/my_robot_interfaces:/home/pranav/ws/install/my_cpp_pkg:/home/pranav/project_robot_ws/install/project_robot_description:/home/pranav/project_robot_ws/install/my_robot_bringup:/home/pranav/ws/src/my_robot_interfaces/install/my_robot_interfaces:/home/pranav/ws/install/mypkg:/home/pranav/learning_ws/install/mypkg:/opt/ros/humble /usr/bin/cmake /home/pranav/the_mapper/src/mapper_bringup -DCMAKE_INSTALL_PREFIX=/home/pranav/the_mapper/install/mapper_bringup
[0.323s] Invoking command in '/home/pranav/the_mapper/build/mapper_bringup': CMAKE_PREFIX_PATH=/home/pranav/the_mapper/install/mapper_description:/home/pranav/the_mapper/install/mapper_bringup:/home/pranav/the_mapper/install/ekf_fusion:/home/pranav/amr/install/amr_bringup:/home/pranav/amr/install/amr_description:/home/pranav/ws/install/usb_cam:/home/pranav/ws/install/my_robot_bringup:/home/pranav/ws/install/my_robot_interfaces:/home/pranav/ws/install/my_cpp_pkg:/home/pranav/project_robot_ws/install/project_robot_description:/home/pranav/project_robot_ws/install/my_robot_bringup:/home/pranav/ws/src/my_robot_interfaces/install/my_robot_interfaces:/home/pranav/ws/install/mypkg:/home/pranav/learning_ws/install/mypkg:/opt/ros/humble /usr/bin/cmake --build /home/pranav/the_mapper/build/mapper_bringup -- -j4 -l4
[0.380s] Invoked command in '/home/pranav/the_mapper/build/mapper_bringup' returned '0': CMAKE_PREFIX_PATH=/home/pranav/the_mapper/install/mapper_description:/home/pranav/the_mapper/install/mapper_bringup:/home/pranav/the_mapper/install/ekf_fusion:/home/pranav/amr/install/amr_bringup:/home/pranav/amr/install/amr_description:/home/pranav/ws/install/usb_cam:/home/pranav/ws/install/my_robot_bringup:/home/pranav/ws/install/my_robot_interfaces:/home/pranav/ws/install/my_cpp_pkg:/home/pranav/project_robot_ws/install/project_robot_description:/home/pranav/project_robot_ws/install/my_robot_bringup:/home/pranav/ws/src/my_robot_interfaces/install/my_robot_interfaces:/home/pranav/ws/install/mypkg:/home/pranav/learning_ws/install/mypkg:/opt/ros/humble /usr/bin/cmake --build /home/pranav/the_mapper/build/mapper_bringup -- -j4 -l4
[0.419s] Invoking command in '/home/pranav/the_mapper/build/mapper_bringup': CMAKE_PREFIX_PATH=/home/pranav/the_mapper/install/mapper_description:/home/pranav/the_mapper/install/mapper_bringup:/home/pranav/the_mapper/install/ekf_fusion:/home/pranav/amr/install/amr_bringup:/home/pranav/amr/install/amr_description:/home/pranav/ws/install/usb_cam:/home/pranav/ws/install/my_robot_bringup:/home/pranav/ws/install/my_robot_interfaces:/home/pranav/ws/install/my_cpp_pkg:/home/pranav/project_robot_ws/install/project_robot_description:/home/pranav/project_robot_ws/install/my_robot_bringup:/home/pranav/ws/src/my_robot_interfaces/install/my_robot_interfaces:/home/pranav/ws/install/mypkg:/home/pranav/learning_ws/install/mypkg:/opt/ros/humble /usr/bin/cmake --install /home/pranav/the_mapper/build/mapper_bringup
[0.428s] -- Install configuration: ""
[0.428s] -- Execute custom install script
[0.429s] -- Up-to-date symlink: /home/pranav/the_mapper/install/mapper_bringup/share/mapper_bringup//launch/gazebo.launch.xml
[0.430s] -- Up-to-date symlink: /home/pranav/the_mapper/install/mapper_bringup/share/mapper_bringup//launch/mapper_gazebo.launch.xml
[0.430s] -- Up-to-date symlink: /home/pranav/the_mapper/install/mapper_bringup/share/mapper_bringup//launch/navigation.launch.xml
[0.430s] -- Up-to-date symlink: /home/pranav/the_mapper/install/mapper_bringup/share/mapper_bringup//rviz/urdf_config.rviz
[0.431s] -- Up-to-date symlink: /home/pranav/the_mapper/install/mapper_bringup/share/mapper_bringup//worlds/svr.world
[0.431s] -- Up-to-date symlink: /home/pranav/the_mapper/install/mapper_bringup/share/mapper_bringup//worlds/svr/model.config
[0.432s] -- Up-to-date symlink: /home/pranav/the_mapper/install/mapper_bringup/share/mapper_bringup//worlds/svr/model.sdf
[0.432s] -- Up-to-date symlink: /home/pranav/the_mapper/install/mapper_bringup/share/mapper_bringup//worlds/test_world.world
[0.432s] -- Up-to-date symlink: /home/pranav/the_mapper/install/mapper_bringup/share/ament_index/resource_index/package_run_dependencies/mapper_bringup
[0.433s] -- Up-to-date symlink: /home/pranav/the_mapper/install/mapper_bringup/share/ament_index/resource_index/parent_prefix_path/mapper_bringup
[0.433s] -- Up-to-date symlink: /home/pranav/the_mapper/install/mapper_bringup/share/mapper_bringup/environment/ament_prefix_path.sh
[0.434s] -- Up-to-date symlink: /home/pranav/the_mapper/install/mapper_bringup/share/mapper_bringup/environment/ament_prefix_path.dsv
[0.434s] -- Up-to-date symlink: /home/pranav/the_mapper/install/mapper_bringup/share/mapper_bringup/environment/path.sh
[0.434s] -- Up-to-date symlink: /home/pranav/the_mapper/install/mapper_bringup/share/mapper_bringup/environment/path.dsv
[0.435s] -- Up-to-date symlink: /home/pranav/the_mapper/install/mapper_bringup/share/mapper_bringup/local_setup.bash
[0.435s] -- Up-to-date symlink: /home/pranav/the_mapper/install/mapper_bringup/share/mapper_bringup/local_setup.sh
[0.436s] -- Up-to-date symlink: /home/pranav/the_mapper/install/mapper_bringup/share/mapper_bringup/local_setup.zsh
[0.436s] -- Up-to-date symlink: /home/pranav/the_mapper/install/mapper_bringup/share/mapper_bringup/local_setup.dsv
[0.436s] -- Symlinking: /home/pranav/the_mapper/install/mapper_bringup/share/mapper_bringup/package.dsv
[0.448s] -- Up-to-date symlink: /home/pranav/the_mapper/install/mapper_bringup/share/ament_index/resource_index/packages/mapper_bringup
[0.449s] -- Up-to-date symlink: /home/pranav/the_mapper/install/mapper_bringup/share/mapper_bringup/cmake/mapper_bringupConfig.cmake
[0.449s] -- Up-to-date symlink: /home/pranav/the_mapper/install/mapper_bringup/share/mapper_bringup/cmake/mapper_bringupConfig-version.cmake
[0.449s] -- Up-to-date symlink: /home/pranav/the_mapper/install/mapper_bringup/share/mapper_bringup/package.xml
[0.452s] Invoked command in '/home/pranav/the_mapper/build/mapper_bringup' returned '0': CMAKE_PREFIX_PATH=/home/pranav/the_mapper/install/mapper_description:/home/pranav/the_mapper/install/mapper_bringup:/home/pranav/the_mapper/install/ekf_fusion:/home/pranav/amr/install/amr_bringup:/home/pranav/amr/install/amr_description:/home/pranav/ws/install/usb_cam:/home/pranav/ws/install/my_robot_bringup:/home/pranav/ws/install/my_robot_interfaces:/home/pranav/ws/install/my_cpp_pkg:/home/pranav/project_robot_ws/install/project_robot_description:/home/pranav/project_robot_ws/install/my_robot_bringup:/home/pranav/ws/src/my_robot_interfaces/install/my_robot_interfaces:/home/pranav/ws/install/mypkg:/home/pranav/learning_ws/install/mypkg:/opt/ros/humble /usr/bin/cmake --install /home/pranav/the_mapper/build/mapper_bringup
