[0.032s] Invoking command in '/home/pranav/the_mapper/build/ekf_fusion': CMAKE_PREFIX_PATH=${CMAKE_PREFIX_PATH}:/opt/ros/humble /usr/bin/cmake --build /home/pranav/the_mapper/build/ekf_fusion -- -j4 -l4
[0.110s] [100%] Built target ekf_node
[0.159s] Invoked command in '/home/pranav/the_mapper/build/ekf_fusion' returned '0': CMAKE_PREFIX_PATH=${CMAKE_PREFIX_PATH}:/opt/ros/humble /usr/bin/cmake --build /home/pranav/the_mapper/build/ekf_fusion -- -j4 -l4
[0.215s] Invoking command in '/home/pranav/the_mapper/build/ekf_fusion': CMAKE_PREFIX_PATH=${CMAKE_PREFIX_PATH}:/opt/ros/humble /usr/bin/cmake --install /home/pranav/the_mapper/build/ekf_fusion
[0.222s] -- Install configuration: ""
[0.223s] -- Execute custom install script
[0.224s] -- Up-to-date symlink: /home/pranav/the_mapper/install/ekf_fusion/lib/ekf_fusion/ekf_node
[0.225s] -- Up-to-date symlink: /home/pranav/the_mapper/install/ekf_fusion/share/ament_index/resource_index/package_run_dependencies/ekf_fusion
[0.225s] -- Up-to-date symlink: /home/pranav/the_mapper/install/ekf_fusion/share/ament_index/resource_index/parent_prefix_path/ekf_fusion
[0.225s] -- Up-to-date symlink: /home/pranav/the_mapper/install/ekf_fusion/share/ekf_fusion/environment/ament_prefix_path.sh
[0.225s] -- Up-to-date symlink: /home/pranav/the_mapper/install/ekf_fusion/share/ekf_fusion/environment/ament_prefix_path.dsv
[0.226s] -- Up-to-date symlink: /home/pranav/the_mapper/install/ekf_fusion/share/ekf_fusion/environment/path.sh
[0.227s] -- Up-to-date symlink: /home/pranav/the_mapper/install/ekf_fusion/share/ekf_fusion/environment/path.dsv
[0.228s] -- Up-to-date symlink: /home/pranav/the_mapper/install/ekf_fusion/share/ekf_fusion/local_setup.bash
[0.228s] -- Up-to-date symlink: /home/pranav/the_mapper/install/ekf_fusion/share/ekf_fusion/local_setup.sh
[0.228s] -- Up-to-date symlink: /home/pranav/the_mapper/install/ekf_fusion/share/ekf_fusion/local_setup.zsh
[0.228s] -- Up-to-date symlink: /home/pranav/the_mapper/install/ekf_fusion/share/ekf_fusion/local_setup.dsv
[0.228s] -- Symlinking: /home/pranav/the_mapper/install/ekf_fusion/share/ekf_fusion/package.dsv
[0.244s] -- Up-to-date symlink: /home/pranav/the_mapper/install/ekf_fusion/share/ament_index/resource_index/packages/ekf_fusion
[0.244s] -- Up-to-date symlink: /home/pranav/the_mapper/install/ekf_fusion/share/ekf_fusion/cmake/ekf_fusionConfig.cmake
[0.244s] -- Up-to-date symlink: /home/pranav/the_mapper/install/ekf_fusion/share/ekf_fusion/cmake/ekf_fusionConfig-version.cmake
[0.244s] -- Up-to-date symlink: /home/pranav/the_mapper/install/ekf_fusion/share/ekf_fusion/package.xml
[0.247s] Invoked command in '/home/pranav/the_mapper/build/ekf_fusion' returned '0': CMAKE_PREFIX_PATH=${CMAKE_PREFIX_PATH}:/opt/ros/humble /usr/bin/cmake --install /home/pranav/the_mapper/build/ekf_fusion
