[0.016s] Invoking command in '/home/pranav/the_mapper/build/ground_mapper': CMAKE_PREFIX_PATH=${CMAKE_PREFIX_PATH}:/opt/ros/humble /usr/bin/cmake /home/pranav/the_mapper/src/ground_mapper -DCMAKE_INSTALL_PREFIX=/home/pranav/the_mapper/install/ground_mapper
[0.193s] -- The C compiler identification is GNU 11.4.0
[0.402s] -- The CXX compiler identification is GNU 11.4.0
[0.415s] -- Detecting C compiler ABI info
[0.524s] -- Detecting C compiler ABI info - done
[0.532s] -- Check for working C compiler: /usr/bin/cc - skipped
[0.532s] -- Detecting C compile features
[0.534s] -- Detecting C compile features - done
[0.540s] -- Detecting CXX compiler ABI info
[0.662s] -- Detecting CXX compiler ABI info - done
[0.672s] -- Check for working CXX compiler: /usr/bin/c++ - skipped
[0.672s] -- Detecting CXX compile features
[0.674s] -- Detecting CXX compile features - done
[0.677s] -- Found ament_cmake: 1.3.10 (/opt/ros/humble/share/ament_cmake/cmake)
[0.913s] -- Found Python3: /usr/bin/python3 (found version "3.10.12") found components: Interpreter 
[1.117s] -- Found rclcpp: 16.0.10 (/opt/ros/humble/share/rclcpp/cmake)
[1.212s] -- Found rosidl_generator_c: 3.1.5 (/opt/ros/humble/share/rosidl_generator_c/cmake)
[1.224s] -- Found rosidl_adapter: 3.1.5 (/opt/ros/humble/share/rosidl_adapter/cmake)
[1.244s] -- Found rosidl_generator_cpp: 3.1.5 (/opt/ros/humble/share/rosidl_generator_cpp/cmake)
[1.280s] -- Using all available rosidl_typesupport_c: rosidl_typesupport_fastrtps_c;rosidl_typesupport_introspection_c
[1.317s] -- Using all available rosidl_typesupport_cpp: rosidl_typesupport_fastrtps_cpp;rosidl_typesupport_introspection_cpp
[1.412s] -- Found rmw_implementation_cmake: 6.1.2 (/opt/ros/humble/share/rmw_implementation_cmake/cmake)
[1.418s] -- Found rmw_fastrtps_cpp: 6.2.7 (/opt/ros/humble/share/rmw_fastrtps_cpp/cmake)
[1.635s] -- Found OpenSSL: /usr/lib/x86_64-linux-gnu/libcrypto.so (found version "3.0.2")  
[1.686s] -- Found FastRTPS: /opt/ros/humble/include  
[1.759s] -- Using RMW implementation 'rmw_fastrtps_cpp' as default
[1.843s] -- Looking for pthread.h
[1.967s] -- Looking for pthread.h - found
[1.967s] -- Performing Test CMAKE_HAVE_LIBC_PTHREAD
[2.170s] -- Performing Test CMAKE_HAVE_LIBC_PTHREAD - Success
[2.171s] -- Found Threads: TRUE  
[2.296s] -- Found sensor_msgs: 4.2.4 (/opt/ros/humble/share/sensor_msgs/cmake)
[2.366s] -- Found nav_msgs: 4.2.4 (/opt/ros/humble/share/nav_msgs/cmake)
[2.405s] -- Found tf2: 0.25.8 (/opt/ros/humble/share/tf2/cmake)
[2.428s] -- Found tf2_ros: 0.25.8 (/opt/ros/humble/share/tf2_ros/cmake)
[2.650s] -- Checking for module 'eigen3'
[2.678s] --   Found eigen3, version 3.4.0
[2.738s] -- Found Eigen: /usr/include/eigen3 (Required is at least version "3.1") 
[2.738s] -- Eigen found (include: /usr/include/eigen3, version: 3.4.0)
[2.799s] -- Found Boost: /usr/lib/x86_64-linux-gnu/cmake/Boost-1.74.0/BoostConfig.cmake (found suitable version "1.74.0", minimum required is "1.65.0") found components: system filesystem date_time iostreams serialization 
[2.898s] -- Checking for module 'libusb-1.0'
[2.923s] --   Found libusb-1.0, version 1.0.25
[2.987s] -- Found libusb: /usr/lib/x86_64-linux-gnu/libusb-1.0.so  
[2.989s] -- Found OpenNI: /usr/lib/libOpenNI.so;libusb::libusb (found version "1.5.4.0") 
[2.989s] -- OpenNI found (version: 1.5.4.0, include: /usr/include/ni, lib: /usr/lib/libOpenNI.so;libusb::libusb)
[3.081s] -- Found OpenNI2: /usr/lib/x86_64-linux-gnu/libOpenNI2.so;libusb::libusb (found version "2.2.0.33") 
[3.081s] -- OpenNI2 found (version: 2.2.0.33, include: /usr/include/openni2, lib: /usr/lib/x86_64-linux-gnu/libOpenNI2.so;libusb::libusb)
[3.082s] [0m** WARNING ** io features related to pcap will be disabled[0m
[3.082s] [0m** WARNING ** io features related to png will be disabled[0m
[3.131s] -- Found GLEW: /usr/lib/x86_64-linux-gnu/libGLEW.so  
[3.146s] -- Found OpenGL: /usr/lib/x86_64-linux-gnu/libOpenGL.so  found components: OpenGL GLX 
[3.422s] -- Found MPI_C: /usr/lib/x86_64-linux-gnu/libmpi.so (found version "3.1") 
[3.423s] -- Found MPI: TRUE (found version "3.1") found components: C 
[3.428s] -- Found JsonCpp: /usr/lib/x86_64-linux-gnu/libjsoncpp.so (found suitable version "1.9.5", minimum required is "0.7.0") 
[3.448s] -- Found ZLIB: /usr/lib/x86_64-linux-gnu/libz.so (found version "1.2.11") 
[3.477s] -- Found PNG: /usr/lib/x86_64-linux-gnu/libpng.so (found version "1.6.37") 
[3.522s] -- Found Eigen3: /usr/include/eigen3 (found version "3.4.0") 
[3.691s] -- Found X11: /usr/include   
[3.692s] -- Looking for XOpenDisplay in /usr/lib/x86_64-linux-gnu/libX11.so;/usr/lib/x86_64-linux-gnu/libXext.so
[3.809s] -- Looking for XOpenDisplay in /usr/lib/x86_64-linux-gnu/libX11.so;/usr/lib/x86_64-linux-gnu/libXext.so - found
[3.809s] -- Looking for gethostbyname
[3.918s] -- Looking for gethostbyname - found
[3.918s] -- Looking for connect
[4.033s] -- Looking for connect - found
[4.034s] -- Looking for remove
[4.149s] -- Looking for remove - found
[4.149s] -- Looking for shmat
[4.261s] -- Looking for shmat - found
[4.261s] -- Looking for IceConnectionNumber in ICE
[4.374s] -- Looking for IceConnectionNumber in ICE - found
[4.494s] -- Found EXPAT: /usr/lib/x86_64-linux-gnu/libexpat.so (found version "2.4.7") 
[4.497s] -- Found double-conversion: /usr/lib/x86_64-linux-gnu/libdouble-conversion.so  
[4.500s] -- Found LZ4: /usr/lib/x86_64-linux-gnu/liblz4.so (found version "1.9.3") 
[4.503s] -- Found LZMA: /usr/lib/x86_64-linux-gnu/liblzma.so (found version "5.2.5") 
[4.586s] -- Found JPEG: /usr/lib/x86_64-linux-gnu/libjpeg.so (found version "80") 
[4.595s] -- Found TIFF: /usr/lib/x86_64-linux-gnu/libtiff.so (found version "4.3.0")  
[4.600s] -- Found Freetype: /usr/lib/x86_64-linux-gnu/libfreetype.so (found version "2.11.1") 
[4.607s] -- Found utf8cpp: /usr/include/utf8cpp  
[4.653s] -- Eigen found (include: /usr/include/eigen3, version: 3.4.0)
[4.654s] -- looking for PCL_COMMON
[4.656s] -- Found PCL_COMMON: /usr/lib/x86_64-linux-gnu/libpcl_common.so  
[4.656s] -- looking for PCL_OCTREE
[4.657s] -- Found PCL_OCTREE: /usr/lib/x86_64-linux-gnu/libpcl_octree.so  
[4.657s] -- looking for PCL_IO
[4.658s] -- Found PCL_IO: /usr/lib/x86_64-linux-gnu/libpcl_io.so  
[4.659s] -- Found PCL: pcl_common;pcl_octree;pcl_io;Boost::system;Boost::filesystem;Boost::date_time;Boost::iostreams;Boost::serialization;/usr/lib/libOpenNI.so;libusb::libusb;/usr/lib/x86_64-linux-gnu/libOpenNI2.so;libusb::libusb;VTK::ChartsCore;VTK::CommonColor;VTK::CommonComputationalGeometry;VTK::CommonCore;VTK::CommonDataModel;VTK::CommonExecutionModel;VTK::CommonMath;VTK::CommonMisc;VTK::CommonTransforms;VTK::FiltersCore;VTK::FiltersExtraction;VTK::FiltersGeneral;VTK::FiltersGeometry;VTK::FiltersModeling;VTK::FiltersSources;VTK::ImagingCore;VTK::ImagingSources;VTK::InteractionImage;VTK::InteractionStyle;VTK::InteractionWidgets;VTK::IOCore;VTK::IOGeometry;VTK::IOImage;VTK::IOLegacy;VTK::IOPLY;VTK::RenderingAnnotation;VTK::RenderingCore;VTK::RenderingContext2D;VTK::RenderingLOD;VTK::RenderingFreeType;VTK::ViewsCore;VTK::ViewsContext2D;VTK::RenderingOpenGL2;VTK::GUISupportQt  
[4.663s] -- Found pcl_conversions: 2.4.5 (/opt/ros/humble/share/pcl_conversions/cmake)
[4.787s] -- Configuring done
[4.843s] -- Generating done
[4.846s] -- Build files have been written to: /home/pranav/the_mapper/build/ground_mapper
[4.874s] Invoked command in '/home/pranav/the_mapper/build/ground_mapper' returned '0': CMAKE_PREFIX_PATH=${CMAKE_PREFIX_PATH}:/opt/ros/humble /usr/bin/cmake /home/pranav/the_mapper/src/ground_mapper -DCMAKE_INSTALL_PREFIX=/home/pranav/the_mapper/install/ground_mapper
[4.878s] Invoking command in '/home/pranav/the_mapper/build/ground_mapper': CMAKE_PREFIX_PATH=${CMAKE_PREFIX_PATH}:/opt/ros/humble /usr/bin/cmake --build /home/pranav/the_mapper/build/ground_mapper -- -j4 -l4
[4.970s] [ 25%] [32mBuilding CXX object CMakeFiles/mapping_node.dir/src/mapping_node.cpp.o[0m
[4.977s] [ 50%] [32mBuilding CXX object CMakeFiles/pointcloud_saver.dir/src/pointcloud_saver.cpp.o[0m
[19.220s] [ 75%] [32m[1mLinking CXX executable mapping_node[0m
[19.949s] [100%] [32m[1mLinking CXX executable pointcloud_saver[0m
[20.030s] [100%] Built target mapping_node
[20.765s] [100%] Built target pointcloud_saver
[20.782s] Invoked command in '/home/pranav/the_mapper/build/ground_mapper' returned '0': CMAKE_PREFIX_PATH=${CMAKE_PREFIX_PATH}:/opt/ros/humble /usr/bin/cmake --build /home/pranav/the_mapper/build/ground_mapper -- -j4 -l4
[20.826s] Invoking command in '/home/pranav/the_mapper/build/ground_mapper': CMAKE_PREFIX_PATH=${CMAKE_PREFIX_PATH}:/opt/ros/humble /usr/bin/cmake --install /home/pranav/the_mapper/build/ground_mapper
[20.836s] -- Install configuration: ""
[20.837s] -- Installing: /home/pranav/the_mapper/install/ground_mapper/lib/ground_mapper/pointcloud_saver
[20.842s] -- Set runtime path of "/home/pranav/the_mapper/install/ground_mapper/lib/ground_mapper/pointcloud_saver" to ""
[20.842s] -- Installing: /home/pranav/the_mapper/install/ground_mapper/lib/ground_mapper/mapping_node
[20.849s] -- Set runtime path of "/home/pranav/the_mapper/install/ground_mapper/lib/ground_mapper/mapping_node" to ""
[20.849s] -- Installing: /home/pranav/the_mapper/install/ground_mapper/share/ground_mapper/launch
[20.850s] -- Installing: /home/pranav/the_mapper/install/ground_mapper/share/ground_mapper/launch/octomap_server.launch.py
[20.850s] -- Installing: /home/pranav/the_mapper/install/ground_mapper/share/ground_mapper/launch/ground_mapping.launch.py
[20.851s] -- Installing: /home/pranav/the_mapper/install/ground_mapper/share/ament_index/resource_index/package_run_dependencies/ground_mapper
[20.851s] -- Installing: /home/pranav/the_mapper/install/ground_mapper/share/ament_index/resource_index/parent_prefix_path/ground_mapper
[20.852s] -- Installing: /home/pranav/the_mapper/install/ground_mapper/share/ground_mapper/environment/ament_prefix_path.sh
[20.853s] -- Installing: /home/pranav/the_mapper/install/ground_mapper/share/ground_mapper/environment/ament_prefix_path.dsv
[20.854s] -- Installing: /home/pranav/the_mapper/install/ground_mapper/share/ground_mapper/environment/path.sh
[20.854s] -- Installing: /home/pranav/the_mapper/install/ground_mapper/share/ground_mapper/environment/path.dsv
[20.855s] -- Installing: /home/pranav/the_mapper/install/ground_mapper/share/ground_mapper/local_setup.bash
[20.855s] -- Installing: /home/pranav/the_mapper/install/ground_mapper/share/ground_mapper/local_setup.sh
[20.855s] -- Installing: /home/pranav/the_mapper/install/ground_mapper/share/ground_mapper/local_setup.zsh
[20.856s] -- Installing: /home/pranav/the_mapper/install/ground_mapper/share/ground_mapper/local_setup.dsv
[20.856s] -- Installing: /home/pranav/the_mapper/install/ground_mapper/share/ground_mapper/package.dsv
[20.857s] -- Installing: /home/pranav/the_mapper/install/ground_mapper/share/ament_index/resource_index/packages/ground_mapper
[20.857s] -- Installing: /home/pranav/the_mapper/install/ground_mapper/share/ground_mapper/cmake/ground_mapperConfig.cmake
[20.857s] -- Installing: /home/pranav/the_mapper/install/ground_mapper/share/ground_mapper/cmake/ground_mapperConfig-version.cmake
[20.858s] -- Installing: /home/pranav/the_mapper/install/ground_mapper/share/ground_mapper/package.xml
[20.861s] Invoked command in '/home/pranav/the_mapper/build/ground_mapper' returned '0': CMAKE_PREFIX_PATH=${CMAKE_PREFIX_PATH}:/opt/ros/humble /usr/bin/cmake --install /home/pranav/the_mapper/build/ground_mapper
