-- Install configuration: ""
-- Up-to-date: /home/pranav/the_mapper/install/mapper_description/share/mapper_description//urdf
-- Up-to-date: /home/pranav/the_mapper/install/mapper_description/share/mapper_description//urdf/sensors.xacro
-- Up-to-date: /home/pranav/the_mapper/install/mapper_description/share/mapper_description//urdf/mobile_base_gazebo.xacro
-- Up-to-date: /home/pranav/the_mapper/install/mapper_description/share/mapper_description//urdf/mapper.urdf.xacro
-- Up-to-date: /home/pranav/the_mapper/install/mapper_description/share/mapper_description//urdf/common_properties.xacro
-- Installing: /home/pranav/the_mapper/install/mapper_description/share/mapper_description//urdf/mobile_base.xacro
-- Up-to-date: /home/pranav/the_mapper/install/mapper_description/share/mapper_description//launch
-- Up-to-date: /home/pranav/the_mapper/install/mapper_description/share/mapper_description//launch/display.launch.xml
-- Up-to-date: /home/pranav/the_mapper/install/mapper_description/share/mapper_description//launch/display.launch.py
-- Up-to-date: /home/pranav/the_mapper/install/mapper_description/share/mapper_description//rviz
-- Up-to-date: /home/pranav/the_mapper/install/mapper_description/share/mapper_description//rviz/urdf_config.rviz
-- Up-to-date: /home/pranav/the_mapper/install/mapper_description/share/ament_index/resource_index/package_run_dependencies/mapper_description
-- Up-to-date: /home/pranav/the_mapper/install/mapper_description/share/ament_index/resource_index/parent_prefix_path/mapper_description
-- Up-to-date: /home/pranav/the_mapper/install/mapper_description/share/mapper_description/environment/ament_prefix_path.sh
-- Up-to-date: /home/pranav/the_mapper/install/mapper_description/share/mapper_description/environment/ament_prefix_path.dsv
-- Up-to-date: /home/pranav/the_mapper/install/mapper_description/share/mapper_description/environment/path.sh
-- Up-to-date: /home/pranav/the_mapper/install/mapper_description/share/mapper_description/environment/path.dsv
-- Up-to-date: /home/pranav/the_mapper/install/mapper_description/share/mapper_description/local_setup.bash
-- Up-to-date: /home/pranav/the_mapper/install/mapper_description/share/mapper_description/local_setup.sh
-- Up-to-date: /home/pranav/the_mapper/install/mapper_description/share/mapper_description/local_setup.zsh
-- Up-to-date: /home/pranav/the_mapper/install/mapper_description/share/mapper_description/local_setup.dsv
-- Installing: /home/pranav/the_mapper/install/mapper_description/share/mapper_description/package.dsv
-- Up-to-date: /home/pranav/the_mapper/install/mapper_description/share/ament_index/resource_index/packages/mapper_description
-- Up-to-date: /home/pranav/the_mapper/install/mapper_description/share/mapper_description/cmake/mapper_descriptionConfig.cmake
-- Up-to-date: /home/pranav/the_mapper/install/mapper_description/share/mapper_description/cmake/mapper_descriptionConfig-version.cmake
-- Up-to-date: /home/pranav/the_mapper/install/mapper_description/share/mapper_description/package.xml
