[0.160s] DEBUG:colcon:Command line arguments: ['/usr/bin/colcon', 'build']
[0.160s] DEBUG:colcon:Parsed command line arguments: Namespace(log_base=None, log_level=None, verb_name='build', build_base='build', install_base='install', merge_install=False, symlink_install=False, test_result_base=None, continue_on_error=False, executor='parallel', parallel_workers=4, event_handlers=None, ignore_user_meta=False, metas=['./colcon.meta'], base_paths=['.'], packages_ignore=None, packages_ignore_regex=None, paths=None, packages_up_to=None, packages_up_to_regex=None, packages_above=None, packages_above_and_dependencies=None, packages_above_depth=None, packages_select_by_dep=None, packages_skip_by_dep=None, packages_skip_up_to=None, packages_select_build_failed=False, packages_skip_build_finished=False, packages_select_test_failures=False, packages_skip_test_passed=False, packages_select=None, packages_skip=None, packages_select_regex=None, packages_skip_regex=None, packages_start=None, packages_end=None, allow_overriding=[], cmake_args=None, cmake_target=None, cmake_target_skip_unavailable=False, cmake_clean_cache=False, cmake_clean_first=False, cmake_force_configure=False, ament_cmake_args=None, catkin_cmake_args=None, catkin_skip_building_tests=False, mixin_files=None, mixin=None, verb_parser=<colcon_mixin.mixin.mixin_argument.MixinArgumentDecorator object at 0x72787101eb60>, verb_extension=<colcon_core.verb.build.BuildVerb object at 0x72787101dcc0>, main=<bound method BuildVerb.main of <colcon_core.verb.build.BuildVerb object at 0x72787101dcc0>>, mixin_verb=('build',))
[0.342s] Level 1:colcon.colcon_core.package_discovery:discover_packages(colcon_meta) check parameters
[0.342s] Level 1:colcon.colcon_core.package_discovery:discover_packages(recursive) check parameters
[0.342s] Level 1:colcon.colcon_core.package_discovery:discover_packages(ignore) check parameters
[0.343s] Level 1:colcon.colcon_core.package_discovery:discover_packages(path) check parameters
[0.343s] Level 1:colcon.colcon_core.package_discovery:discover_packages(colcon_meta) discover
[0.343s] Level 1:colcon.colcon_core.package_discovery:discover_packages(recursive) discover
[0.343s] INFO:colcon.colcon_core.package_discovery:Crawling recursively for packages in '/home/pranav/the_mapper'
[0.343s] Level 1:colcon.colcon_core.package_identification:_identify(.) by extensions ['ignore', 'ignore_ament_install']
[0.343s] Level 1:colcon.colcon_core.package_identification:_identify(.) by extension 'ignore'
[0.344s] Level 1:colcon.colcon_core.package_identification:_identify(.) by extension 'ignore_ament_install'
[0.344s] Level 1:colcon.colcon_core.package_identification:_identify(.) by extensions ['colcon_pkg']
[0.344s] Level 1:colcon.colcon_core.package_identification:_identify(.) by extension 'colcon_pkg'
[0.344s] Level 1:colcon.colcon_core.package_identification:_identify(.) by extensions ['colcon_meta']
[0.344s] Level 1:colcon.colcon_core.package_identification:_identify(.) by extension 'colcon_meta'
[0.344s] Level 1:colcon.colcon_core.package_identification:_identify(.) by extensions ['ros']
[0.344s] Level 1:colcon.colcon_core.package_identification:_identify(.) by extension 'ros'
[0.355s] Level 1:colcon.colcon_core.package_identification:_identify(.) by extensions ['cmake', 'python']
[0.355s] Level 1:colcon.colcon_core.package_identification:_identify(.) by extension 'cmake'
[0.355s] Level 1:colcon.colcon_core.package_identification:_identify(.) by extension 'python'
[0.355s] Level 1:colcon.colcon_core.package_identification:_identify(.) by extensions ['python_setup_py']
[0.355s] Level 1:colcon.colcon_core.package_identification:_identify(.) by extension 'python_setup_py'
[0.355s] Level 1:colcon.colcon_core.package_identification:_identify(build) by extensions ['ignore', 'ignore_ament_install']
[0.355s] Level 1:colcon.colcon_core.package_identification:_identify(build) by extension 'ignore'
[0.355s] Level 1:colcon.colcon_core.package_identification:_identify(build) ignored
[0.356s] Level 1:colcon.colcon_core.package_identification:_identify(install) by extensions ['ignore', 'ignore_ament_install']
[0.356s] Level 1:colcon.colcon_core.package_identification:_identify(install) by extension 'ignore'
[0.356s] Level 1:colcon.colcon_core.package_identification:_identify(install) ignored
[0.356s] Level 1:colcon.colcon_core.package_identification:_identify(log) by extensions ['ignore', 'ignore_ament_install']
[0.356s] Level 1:colcon.colcon_core.package_identification:_identify(log) by extension 'ignore'
[0.356s] Level 1:colcon.colcon_core.package_identification:_identify(log) ignored
[0.356s] Level 1:colcon.colcon_core.package_identification:_identify(src) by extensions ['ignore', 'ignore_ament_install']
[0.356s] Level 1:colcon.colcon_core.package_identification:_identify(src) by extension 'ignore'
[0.356s] Level 1:colcon.colcon_core.package_identification:_identify(src) by extension 'ignore_ament_install'
[0.356s] Level 1:colcon.colcon_core.package_identification:_identify(src) by extensions ['colcon_pkg']
[0.357s] Level 1:colcon.colcon_core.package_identification:_identify(src) by extension 'colcon_pkg'
[0.357s] Level 1:colcon.colcon_core.package_identification:_identify(src) by extensions ['colcon_meta']
[0.357s] Level 1:colcon.colcon_core.package_identification:_identify(src) by extension 'colcon_meta'
[0.357s] Level 1:colcon.colcon_core.package_identification:_identify(src) by extensions ['ros']
[0.357s] Level 1:colcon.colcon_core.package_identification:_identify(src) by extension 'ros'
[0.357s] Level 1:colcon.colcon_core.package_identification:_identify(src) by extensions ['cmake', 'python']
[0.357s] Level 1:colcon.colcon_core.package_identification:_identify(src) by extension 'cmake'
[0.357s] Level 1:colcon.colcon_core.package_identification:_identify(src) by extension 'python'
[0.357s] Level 1:colcon.colcon_core.package_identification:_identify(src) by extensions ['python_setup_py']
[0.357s] Level 1:colcon.colcon_core.package_identification:_identify(src) by extension 'python_setup_py'
[0.357s] Level 1:colcon.colcon_core.package_identification:_identify(src/ekf_fusion) by extensions ['ignore', 'ignore_ament_install']
[0.357s] Level 1:colcon.colcon_core.package_identification:_identify(src/ekf_fusion) by extension 'ignore'
[0.357s] Level 1:colcon.colcon_core.package_identification:_identify(src/ekf_fusion) by extension 'ignore_ament_install'
[0.357s] Level 1:colcon.colcon_core.package_identification:_identify(src/ekf_fusion) by extensions ['colcon_pkg']
[0.357s] Level 1:colcon.colcon_core.package_identification:_identify(src/ekf_fusion) by extension 'colcon_pkg'
[0.357s] Level 1:colcon.colcon_core.package_identification:_identify(src/ekf_fusion) by extensions ['colcon_meta']
[0.357s] Level 1:colcon.colcon_core.package_identification:_identify(src/ekf_fusion) by extension 'colcon_meta'
[0.357s] Level 1:colcon.colcon_core.package_identification:_identify(src/ekf_fusion) by extensions ['ros']
[0.358s] Level 1:colcon.colcon_core.package_identification:_identify(src/ekf_fusion) by extension 'ros'
[0.361s] DEBUG:colcon.colcon_core.package_identification:Package 'src/ekf_fusion' with type 'ros.ament_cmake' and name 'ekf_fusion'
[0.361s] Level 1:colcon.colcon_core.package_identification:_identify(src/mapper_bringup) by extensions ['ignore', 'ignore_ament_install']
[0.361s] Level 1:colcon.colcon_core.package_identification:_identify(src/mapper_bringup) by extension 'ignore'
[0.361s] Level 1:colcon.colcon_core.package_identification:_identify(src/mapper_bringup) by extension 'ignore_ament_install'
[0.361s] Level 1:colcon.colcon_core.package_identification:_identify(src/mapper_bringup) by extensions ['colcon_pkg']
[0.361s] Level 1:colcon.colcon_core.package_identification:_identify(src/mapper_bringup) by extension 'colcon_pkg'
[0.361s] Level 1:colcon.colcon_core.package_identification:_identify(src/mapper_bringup) by extensions ['colcon_meta']
[0.361s] Level 1:colcon.colcon_core.package_identification:_identify(src/mapper_bringup) by extension 'colcon_meta'
[0.361s] Level 1:colcon.colcon_core.package_identification:_identify(src/mapper_bringup) by extensions ['ros']
[0.361s] Level 1:colcon.colcon_core.package_identification:_identify(src/mapper_bringup) by extension 'ros'
[0.362s] DEBUG:colcon.colcon_core.package_identification:Package 'src/mapper_bringup' with type 'ros.ament_cmake' and name 'mapper_bringup'
[0.362s] Level 1:colcon.colcon_core.package_identification:_identify(src/mapper_description) by extensions ['ignore', 'ignore_ament_install']
[0.362s] Level 1:colcon.colcon_core.package_identification:_identify(src/mapper_description) by extension 'ignore'
[0.362s] Level 1:colcon.colcon_core.package_identification:_identify(src/mapper_description) by extension 'ignore_ament_install'
[0.362s] Level 1:colcon.colcon_core.package_identification:_identify(src/mapper_description) by extensions ['colcon_pkg']
[0.362s] Level 1:colcon.colcon_core.package_identification:_identify(src/mapper_description) by extension 'colcon_pkg'
[0.363s] Level 1:colcon.colcon_core.package_identification:_identify(src/mapper_description) by extensions ['colcon_meta']
[0.363s] Level 1:colcon.colcon_core.package_identification:_identify(src/mapper_description) by extension 'colcon_meta'
[0.363s] Level 1:colcon.colcon_core.package_identification:_identify(src/mapper_description) by extensions ['ros']
[0.363s] Level 1:colcon.colcon_core.package_identification:_identify(src/mapper_description) by extension 'ros'
[0.363s] DEBUG:colcon.colcon_core.package_identification:Package 'src/mapper_description' with type 'ros.ament_cmake' and name 'mapper_description'
[0.363s] Level 1:colcon.colcon_core.package_discovery:discover_packages(recursive) using defaults
[0.363s] Level 1:colcon.colcon_core.package_discovery:discover_packages(ignore) discover
[0.364s] Level 1:colcon.colcon_core.package_discovery:discover_packages(ignore) using defaults
[0.364s] Level 1:colcon.colcon_core.package_discovery:discover_packages(path) discover
[0.364s] Level 1:colcon.colcon_core.package_discovery:discover_packages(path) using defaults
[0.450s] Level 1:colcon.colcon_core.package_discovery:discover_packages(prefix_path) check parameters
[0.450s] Level 1:colcon.colcon_core.package_discovery:discover_packages(prefix_path) discover
[0.459s] DEBUG:colcon.colcon_installed_package_information.package_discovery:Found 436 installed packages in /opt/ros/humble
[0.461s] Level 1:colcon.colcon_core.package_discovery:discover_packages(prefix_path) using defaults
[0.584s] Level 5:colcon.colcon_core.verb:set package 'ekf_fusion' build argument 'cmake_args' from command line to 'None'
[0.584s] Level 5:colcon.colcon_core.verb:set package 'ekf_fusion' build argument 'cmake_target' from command line to 'None'
[0.584s] Level 5:colcon.colcon_core.verb:set package 'ekf_fusion' build argument 'cmake_target_skip_unavailable' from command line to 'False'
[0.584s] Level 5:colcon.colcon_core.verb:set package 'ekf_fusion' build argument 'cmake_clean_cache' from command line to 'False'
[0.584s] Level 5:colcon.colcon_core.verb:set package 'ekf_fusion' build argument 'cmake_clean_first' from command line to 'False'
[0.584s] Level 5:colcon.colcon_core.verb:set package 'ekf_fusion' build argument 'cmake_force_configure' from command line to 'False'
[0.584s] Level 5:colcon.colcon_core.verb:set package 'ekf_fusion' build argument 'ament_cmake_args' from command line to 'None'
[0.584s] Level 5:colcon.colcon_core.verb:set package 'ekf_fusion' build argument 'catkin_cmake_args' from command line to 'None'
[0.584s] Level 5:colcon.colcon_core.verb:set package 'ekf_fusion' build argument 'catkin_skip_building_tests' from command line to 'False'
[0.584s] DEBUG:colcon.colcon_core.verb:Building package 'ekf_fusion' with the following arguments: {'ament_cmake_args': None, 'build_base': '/home/pranav/the_mapper/build/ekf_fusion', 'catkin_cmake_args': None, 'catkin_skip_building_tests': False, 'cmake_args': None, 'cmake_clean_cache': False, 'cmake_clean_first': False, 'cmake_force_configure': False, 'cmake_target': None, 'cmake_target_skip_unavailable': False, 'install_base': '/home/pranav/the_mapper/install/ekf_fusion', 'merge_install': False, 'path': '/home/pranav/the_mapper/src/ekf_fusion', 'symlink_install': False, 'test_result_base': None}
[0.585s] Level 5:colcon.colcon_core.verb:set package 'mapper_description' build argument 'cmake_args' from command line to 'None'
[0.585s] Level 5:colcon.colcon_core.verb:set package 'mapper_description' build argument 'cmake_target' from command line to 'None'
[0.585s] Level 5:colcon.colcon_core.verb:set package 'mapper_description' build argument 'cmake_target_skip_unavailable' from command line to 'False'
[0.585s] Level 5:colcon.colcon_core.verb:set package 'mapper_description' build argument 'cmake_clean_cache' from command line to 'False'
[0.585s] Level 5:colcon.colcon_core.verb:set package 'mapper_description' build argument 'cmake_clean_first' from command line to 'False'
[0.585s] Level 5:colcon.colcon_core.verb:set package 'mapper_description' build argument 'cmake_force_configure' from command line to 'False'
[0.585s] Level 5:colcon.colcon_core.verb:set package 'mapper_description' build argument 'ament_cmake_args' from command line to 'None'
[0.585s] Level 5:colcon.colcon_core.verb:set package 'mapper_description' build argument 'catkin_cmake_args' from command line to 'None'
[0.585s] Level 5:colcon.colcon_core.verb:set package 'mapper_description' build argument 'catkin_skip_building_tests' from command line to 'False'
[0.585s] DEBUG:colcon.colcon_core.verb:Building package 'mapper_description' with the following arguments: {'ament_cmake_args': None, 'build_base': '/home/pranav/the_mapper/build/mapper_description', 'catkin_cmake_args': None, 'catkin_skip_building_tests': False, 'cmake_args': None, 'cmake_clean_cache': False, 'cmake_clean_first': False, 'cmake_force_configure': False, 'cmake_target': None, 'cmake_target_skip_unavailable': False, 'install_base': '/home/pranav/the_mapper/install/mapper_description', 'merge_install': False, 'path': '/home/pranav/the_mapper/src/mapper_description', 'symlink_install': False, 'test_result_base': None}
[0.586s] Level 5:colcon.colcon_core.verb:set package 'mapper_bringup' build argument 'cmake_args' from command line to 'None'
[0.586s] Level 5:colcon.colcon_core.verb:set package 'mapper_bringup' build argument 'cmake_target' from command line to 'None'
[0.586s] Level 5:colcon.colcon_core.verb:set package 'mapper_bringup' build argument 'cmake_target_skip_unavailable' from command line to 'False'
[0.586s] Level 5:colcon.colcon_core.verb:set package 'mapper_bringup' build argument 'cmake_clean_cache' from command line to 'False'
[0.586s] Level 5:colcon.colcon_core.verb:set package 'mapper_bringup' build argument 'cmake_clean_first' from command line to 'False'
[0.586s] Level 5:colcon.colcon_core.verb:set package 'mapper_bringup' build argument 'cmake_force_configure' from command line to 'False'
[0.586s] Level 5:colcon.colcon_core.verb:set package 'mapper_bringup' build argument 'ament_cmake_args' from command line to 'None'
[0.586s] Level 5:colcon.colcon_core.verb:set package 'mapper_bringup' build argument 'catkin_cmake_args' from command line to 'None'
[0.586s] Level 5:colcon.colcon_core.verb:set package 'mapper_bringup' build argument 'catkin_skip_building_tests' from command line to 'False'
[0.586s] DEBUG:colcon.colcon_core.verb:Building package 'mapper_bringup' with the following arguments: {'ament_cmake_args': None, 'build_base': '/home/pranav/the_mapper/build/mapper_bringup', 'catkin_cmake_args': None, 'catkin_skip_building_tests': False, 'cmake_args': None, 'cmake_clean_cache': False, 'cmake_clean_first': False, 'cmake_force_configure': False, 'cmake_target': None, 'cmake_target_skip_unavailable': False, 'install_base': '/home/pranav/the_mapper/install/mapper_bringup', 'merge_install': False, 'path': '/home/pranav/the_mapper/src/mapper_bringup', 'symlink_install': False, 'test_result_base': None}
[0.586s] INFO:colcon.colcon_core.executor:Executing jobs using 'parallel' executor
[0.588s] DEBUG:colcon.colcon_parallel_executor.executor.parallel:run_until_complete
[0.588s] INFO:colcon.colcon_ros.task.ament_cmake.build:Building ROS package in '/home/pranav/the_mapper/src/mapper_description' with build type 'ament_cmake'
[0.588s] INFO:colcon.colcon_cmake.task.cmake.build:Building CMake package in '/home/pranav/the_mapper/src/mapper_description'
[0.599s] INFO:colcon.colcon_core.plugin_system:Skipping extension 'colcon_core.shell.bat': Not used on non-Windows systems
[0.599s] INFO:colcon.colcon_core.shell:Skip shell extension 'powershell' for command environment: Not usable outside of PowerShell
[0.599s] DEBUG:colcon.colcon_core.shell:Skip shell extension 'dsv' for command environment
[0.607s] INFO:colcon.colcon_ros.task.ament_cmake.build:Building ROS package in '/home/pranav/the_mapper/src/ekf_fusion' with build type 'ament_cmake'
[0.608s] INFO:colcon.colcon_cmake.task.cmake.build:Building CMake package in '/home/pranav/the_mapper/src/ekf_fusion'
[0.608s] INFO:colcon.colcon_core.shell:Skip shell extension 'powershell' for command environment: Not usable outside of PowerShell
[0.608s] DEBUG:colcon.colcon_core.shell:Skip shell extension 'dsv' for command environment
[0.624s] DEBUG:colcon.colcon_core.event_handler.log_command:Invoking command in '/home/pranav/the_mapper/build/mapper_description': CMAKE_PREFIX_PATH=/opt/ros/humble /usr/bin/cmake --build /home/pranav/the_mapper/build/mapper_description -- -j4 -l4
[0.650s] DEBUG:colcon.colcon_core.event_handler.log_command:Invoking command in '/home/pranav/the_mapper/build/ekf_fusion': CMAKE_PREFIX_PATH=/opt/ros/humble /usr/bin/cmake --build /home/pranav/the_mapper/build/ekf_fusion -- -j4 -l4
[0.772s] DEBUG:colcon.colcon_core.event_handler.log_command:Invoked command in '/home/pranav/the_mapper/build/mapper_description' returned '0': CMAKE_PREFIX_PATH=/opt/ros/humble /usr/bin/cmake --build /home/pranav/the_mapper/build/mapper_description -- -j4 -l4
[0.871s] DEBUG:colcon.colcon_core.event_handler.log_command:Invoking command in '/home/pranav/the_mapper/build/mapper_description': CMAKE_PREFIX_PATH=/opt/ros/humble /usr/bin/cmake --install /home/pranav/the_mapper/build/mapper_description
[0.905s] Level 1:colcon.colcon_core.environment:create_environment_scripts_only(mapper_description)
[0.908s] DEBUG:colcon.colcon_core.event_handler.log_command:Invoked command in '/home/pranav/the_mapper/build/mapper_description' returned '0': CMAKE_PREFIX_PATH=/opt/ros/humble /usr/bin/cmake --install /home/pranav/the_mapper/build/mapper_description
[0.937s] Level 1:colcon.colcon_core.environment:checking '/home/pranav/the_mapper/install/mapper_description' for CMake module files
[0.938s] Level 1:colcon.colcon_core.environment:checking '/home/pranav/the_mapper/install/mapper_description' for CMake config files
[0.938s] Level 1:colcon.colcon_core.shell:create_environment_hook('mapper_description', 'cmake_prefix_path')
[0.939s] INFO:colcon.colcon_core.shell:Creating environment hook '/home/pranav/the_mapper/install/mapper_description/share/mapper_description/hook/cmake_prefix_path.ps1'
[0.941s] INFO:colcon.colcon_core.shell:Creating environment descriptor '/home/pranav/the_mapper/install/mapper_description/share/mapper_description/hook/cmake_prefix_path.dsv'
[0.943s] INFO:colcon.colcon_core.shell:Creating environment hook '/home/pranav/the_mapper/install/mapper_description/share/mapper_description/hook/cmake_prefix_path.sh'
[0.945s] Level 1:colcon.colcon_core.environment:checking '/home/pranav/the_mapper/install/mapper_description/bin'
[0.945s] Level 1:colcon.colcon_core.environment:checking '/home/pranav/the_mapper/install/mapper_description/lib/pkgconfig/mapper_description.pc'
[0.945s] Level 1:colcon.colcon_core.environment:checking '/home/pranav/the_mapper/install/mapper_description/lib/python3.10/site-packages'
[0.945s] Level 1:colcon.colcon_core.environment:checking '/home/pranav/the_mapper/install/mapper_description/bin'
[0.946s] INFO:colcon.colcon_core.shell:Creating package script '/home/pranav/the_mapper/install/mapper_description/share/mapper_description/package.ps1'
[0.948s] INFO:colcon.colcon_core.shell:Creating package descriptor '/home/pranav/the_mapper/install/mapper_description/share/mapper_description/package.dsv'
[0.949s] INFO:colcon.colcon_core.shell:Creating package script '/home/pranav/the_mapper/install/mapper_description/share/mapper_description/package.sh'
[0.951s] INFO:colcon.colcon_core.shell:Creating package script '/home/pranav/the_mapper/install/mapper_description/share/mapper_description/package.bash'
[0.954s] INFO:colcon.colcon_core.shell:Creating package script '/home/pranav/the_mapper/install/mapper_description/share/mapper_description/package.zsh'
[0.956s] Level 1:colcon.colcon_core.environment:create_file_with_runtime_dependencies(/home/pranav/the_mapper/install/mapper_description/share/colcon-core/packages/mapper_description)
[1.012s] Level 1:colcon.colcon_core.environment:create_environment_scripts_only(mapper_description)
[1.012s] Level 1:colcon.colcon_core.environment:checking '/home/pranav/the_mapper/install/mapper_description' for CMake module files
[1.013s] Level 1:colcon.colcon_core.environment:checking '/home/pranav/the_mapper/install/mapper_description' for CMake config files
[1.013s] Level 1:colcon.colcon_core.shell:create_environment_hook('mapper_description', 'cmake_prefix_path')
[1.013s] INFO:colcon.colcon_core.shell:Creating environment hook '/home/pranav/the_mapper/install/mapper_description/share/mapper_description/hook/cmake_prefix_path.ps1'
[1.014s] INFO:colcon.colcon_core.shell:Creating environment descriptor '/home/pranav/the_mapper/install/mapper_description/share/mapper_description/hook/cmake_prefix_path.dsv'
[1.015s] INFO:colcon.colcon_core.shell:Creating environment hook '/home/pranav/the_mapper/install/mapper_description/share/mapper_description/hook/cmake_prefix_path.sh'
[1.016s] Level 1:colcon.colcon_core.environment:checking '/home/pranav/the_mapper/install/mapper_description/bin'
[1.016s] Level 1:colcon.colcon_core.environment:checking '/home/pranav/the_mapper/install/mapper_description/lib/pkgconfig/mapper_description.pc'
[1.017s] Level 1:colcon.colcon_core.environment:checking '/home/pranav/the_mapper/install/mapper_description/lib/python3.10/site-packages'
[1.017s] Level 1:colcon.colcon_core.environment:checking '/home/pranav/the_mapper/install/mapper_description/bin'
[1.017s] INFO:colcon.colcon_core.shell:Creating package script '/home/pranav/the_mapper/install/mapper_description/share/mapper_description/package.ps1'
[1.018s] INFO:colcon.colcon_core.shell:Creating package descriptor '/home/pranav/the_mapper/install/mapper_description/share/mapper_description/package.dsv'
[1.019s] INFO:colcon.colcon_core.shell:Creating package script '/home/pranav/the_mapper/install/mapper_description/share/mapper_description/package.sh'
[1.019s] INFO:colcon.colcon_core.shell:Creating package script '/home/pranav/the_mapper/install/mapper_description/share/mapper_description/package.bash'
[1.020s] INFO:colcon.colcon_core.shell:Creating package script '/home/pranav/the_mapper/install/mapper_description/share/mapper_description/package.zsh'
[1.021s] Level 1:colcon.colcon_core.environment:create_file_with_runtime_dependencies(/home/pranav/the_mapper/install/mapper_description/share/colcon-core/packages/mapper_description)
[1.022s] INFO:colcon.colcon_ros.task.ament_cmake.build:Building ROS package in '/home/pranav/the_mapper/src/mapper_bringup' with build type 'ament_cmake'
[1.022s] INFO:colcon.colcon_cmake.task.cmake.build:Building CMake package in '/home/pranav/the_mapper/src/mapper_bringup'
[1.023s] INFO:colcon.colcon_core.shell:Skip shell extension 'powershell' for command environment: Not usable outside of PowerShell
[1.024s] DEBUG:colcon.colcon_core.shell:Skip shell extension 'dsv' for command environment
[1.045s] DEBUG:colcon.colcon_core.event_handler.log_command:Invoking command in '/home/pranav/the_mapper/build/mapper_bringup': AMENT_PREFIX_PATH=/home/pranav/the_mapper/install/mapper_description:${AMENT_PREFIX_PATH} CMAKE_PREFIX_PATH=/home/pranav/the_mapper/install/mapper_description:/opt/ros/humble /usr/bin/cmake --build /home/pranav/the_mapper/build/mapper_bringup -- -j4 -l4
[1.144s] DEBUG:colcon.colcon_core.event_handler.log_command:Invoked command in '/home/pranav/the_mapper/build/mapper_bringup' returned '0': AMENT_PREFIX_PATH=/home/pranav/the_mapper/install/mapper_description:${AMENT_PREFIX_PATH} CMAKE_PREFIX_PATH=/home/pranav/the_mapper/install/mapper_description:/opt/ros/humble /usr/bin/cmake --build /home/pranav/the_mapper/build/mapper_bringup -- -j4 -l4
[1.206s] DEBUG:colcon.colcon_core.event_handler.log_command:Invoking command in '/home/pranav/the_mapper/build/mapper_bringup': AMENT_PREFIX_PATH=/home/pranav/the_mapper/install/mapper_description:${AMENT_PREFIX_PATH} CMAKE_PREFIX_PATH=/home/pranav/the_mapper/install/mapper_description:/opt/ros/humble /usr/bin/cmake --install /home/pranav/the_mapper/build/mapper_bringup
[1.236s] Level 1:colcon.colcon_core.environment:create_environment_scripts_only(mapper_bringup)
[1.236s] Level 1:colcon.colcon_core.environment:checking '/home/pranav/the_mapper/install/mapper_bringup' for CMake module files
[1.237s] Level 1:colcon.colcon_core.environment:checking '/home/pranav/the_mapper/install/mapper_bringup' for CMake config files
[1.237s] Level 1:colcon.colcon_core.shell:create_environment_hook('mapper_bringup', 'cmake_prefix_path')
[1.237s] INFO:colcon.colcon_core.shell:Creating environment hook '/home/pranav/the_mapper/install/mapper_bringup/share/mapper_bringup/hook/cmake_prefix_path.ps1'
[1.239s] INFO:colcon.colcon_core.shell:Creating environment descriptor '/home/pranav/the_mapper/install/mapper_bringup/share/mapper_bringup/hook/cmake_prefix_path.dsv'
[1.239s] INFO:colcon.colcon_core.shell:Creating environment hook '/home/pranav/the_mapper/install/mapper_bringup/share/mapper_bringup/hook/cmake_prefix_path.sh'
[1.241s] DEBUG:colcon.colcon_core.event_handler.log_command:Invoked command in '/home/pranav/the_mapper/build/mapper_bringup' returned '0': AMENT_PREFIX_PATH=/home/pranav/the_mapper/install/mapper_description:${AMENT_PREFIX_PATH} CMAKE_PREFIX_PATH=/home/pranav/the_mapper/install/mapper_description:/opt/ros/humble /usr/bin/cmake --install /home/pranav/the_mapper/build/mapper_bringup
[1.242s] Level 1:colcon.colcon_core.environment:checking '/home/pranav/the_mapper/install/mapper_bringup/bin'
[1.242s] Level 1:colcon.colcon_core.environment:checking '/home/pranav/the_mapper/install/mapper_bringup/lib/pkgconfig/mapper_bringup.pc'
[1.242s] Level 1:colcon.colcon_core.environment:checking '/home/pranav/the_mapper/install/mapper_bringup/lib/python3.10/site-packages'
[1.242s] Level 1:colcon.colcon_core.environment:checking '/home/pranav/the_mapper/install/mapper_bringup/bin'
[1.243s] INFO:colcon.colcon_core.shell:Creating package script '/home/pranav/the_mapper/install/mapper_bringup/share/mapper_bringup/package.ps1'
[1.247s] INFO:colcon.colcon_core.shell:Creating package descriptor '/home/pranav/the_mapper/install/mapper_bringup/share/mapper_bringup/package.dsv'
[1.252s] INFO:colcon.colcon_core.shell:Creating package script '/home/pranav/the_mapper/install/mapper_bringup/share/mapper_bringup/package.sh'
[1.255s] INFO:colcon.colcon_core.shell:Creating package script '/home/pranav/the_mapper/install/mapper_bringup/share/mapper_bringup/package.bash'
[1.256s] INFO:colcon.colcon_core.shell:Creating package script '/home/pranav/the_mapper/install/mapper_bringup/share/mapper_bringup/package.zsh'
[1.257s] Level 1:colcon.colcon_core.environment:create_file_with_runtime_dependencies(/home/pranav/the_mapper/install/mapper_bringup/share/colcon-core/packages/mapper_bringup)
[1.298s] Level 1:colcon.colcon_core.environment:create_environment_scripts_only(mapper_bringup)
[1.299s] Level 1:colcon.colcon_core.environment:checking '/home/pranav/the_mapper/install/mapper_bringup' for CMake module files
[1.302s] Level 1:colcon.colcon_core.environment:checking '/home/pranav/the_mapper/install/mapper_bringup' for CMake config files
[1.303s] Level 1:colcon.colcon_core.shell:create_environment_hook('mapper_bringup', 'cmake_prefix_path')
[1.303s] INFO:colcon.colcon_core.shell:Creating environment hook '/home/pranav/the_mapper/install/mapper_bringup/share/mapper_bringup/hook/cmake_prefix_path.ps1'
[1.306s] INFO:colcon.colcon_core.shell:Creating environment descriptor '/home/pranav/the_mapper/install/mapper_bringup/share/mapper_bringup/hook/cmake_prefix_path.dsv'
[1.308s] INFO:colcon.colcon_core.shell:Creating environment hook '/home/pranav/the_mapper/install/mapper_bringup/share/mapper_bringup/hook/cmake_prefix_path.sh'
[1.309s] Level 1:colcon.colcon_core.environment:checking '/home/pranav/the_mapper/install/mapper_bringup/bin'
[1.309s] Level 1:colcon.colcon_core.environment:checking '/home/pranav/the_mapper/install/mapper_bringup/lib/pkgconfig/mapper_bringup.pc'
[1.310s] Level 1:colcon.colcon_core.environment:checking '/home/pranav/the_mapper/install/mapper_bringup/lib/python3.10/site-packages'
[1.310s] Level 1:colcon.colcon_core.environment:checking '/home/pranav/the_mapper/install/mapper_bringup/bin'
[1.311s] INFO:colcon.colcon_core.shell:Creating package script '/home/pranav/the_mapper/install/mapper_bringup/share/mapper_bringup/package.ps1'
[1.312s] INFO:colcon.colcon_core.shell:Creating package descriptor '/home/pranav/the_mapper/install/mapper_bringup/share/mapper_bringup/package.dsv'
[1.313s] INFO:colcon.colcon_core.shell:Creating package script '/home/pranav/the_mapper/install/mapper_bringup/share/mapper_bringup/package.sh'
[1.314s] INFO:colcon.colcon_core.shell:Creating package script '/home/pranav/the_mapper/install/mapper_bringup/share/mapper_bringup/package.bash'
[1.315s] INFO:colcon.colcon_core.shell:Creating package script '/home/pranav/the_mapper/install/mapper_bringup/share/mapper_bringup/package.zsh'
[1.316s] Level 1:colcon.colcon_core.environment:create_file_with_runtime_dependencies(/home/pranav/the_mapper/install/mapper_bringup/share/colcon-core/packages/mapper_bringup)
[20.029s] DEBUG:colcon.colcon_core.event_handler.log_command:Invoked command in '/home/pranav/the_mapper/build/ekf_fusion' returned '0': CMAKE_PREFIX_PATH=/opt/ros/humble /usr/bin/cmake --build /home/pranav/the_mapper/build/ekf_fusion -- -j4 -l4
[20.068s] DEBUG:colcon.colcon_core.event_handler.log_command:Invoking command in '/home/pranav/the_mapper/build/ekf_fusion': CMAKE_PREFIX_PATH=/opt/ros/humble /usr/bin/cmake --install /home/pranav/the_mapper/build/ekf_fusion
[20.162s] Level 1:colcon.colcon_core.environment:create_environment_scripts_only(ekf_fusion)
[20.163s] Level 1:colcon.colcon_core.environment:checking '/home/pranav/the_mapper/install/ekf_fusion' for CMake module files
[20.164s] Level 1:colcon.colcon_core.environment:checking '/home/pranav/the_mapper/install/ekf_fusion' for CMake config files
[20.164s] Level 1:colcon.colcon_core.shell:create_environment_hook('ekf_fusion', 'cmake_prefix_path')
[20.164s] INFO:colcon.colcon_core.shell:Creating environment hook '/home/pranav/the_mapper/install/ekf_fusion/share/ekf_fusion/hook/cmake_prefix_path.ps1'
[20.163s] DEBUG:colcon.colcon_core.event_handler.log_command:Invoked command in '/home/pranav/the_mapper/build/ekf_fusion' returned '0': CMAKE_PREFIX_PATH=/opt/ros/humble /usr/bin/cmake --install /home/pranav/the_mapper/build/ekf_fusion
[20.165s] INFO:colcon.colcon_core.shell:Creating environment descriptor '/home/pranav/the_mapper/install/ekf_fusion/share/ekf_fusion/hook/cmake_prefix_path.dsv'
[20.166s] INFO:colcon.colcon_core.shell:Creating environment hook '/home/pranav/the_mapper/install/ekf_fusion/share/ekf_fusion/hook/cmake_prefix_path.sh'
[20.166s] Level 1:colcon.colcon_core.environment:checking '/home/pranav/the_mapper/install/ekf_fusion/lib'
[20.167s] Level 1:colcon.colcon_core.environment:checking '/home/pranav/the_mapper/install/ekf_fusion/bin'
[20.167s] Level 1:colcon.colcon_core.environment:checking '/home/pranav/the_mapper/install/ekf_fusion/lib/pkgconfig/ekf_fusion.pc'
[20.167s] Level 1:colcon.colcon_core.environment:checking '/home/pranav/the_mapper/install/ekf_fusion/lib/python3.10/site-packages'
[20.167s] Level 1:colcon.colcon_core.environment:checking '/home/pranav/the_mapper/install/ekf_fusion/bin'
[20.168s] INFO:colcon.colcon_core.shell:Creating package script '/home/pranav/the_mapper/install/ekf_fusion/share/ekf_fusion/package.ps1'
[20.168s] INFO:colcon.colcon_core.shell:Creating package descriptor '/home/pranav/the_mapper/install/ekf_fusion/share/ekf_fusion/package.dsv'
[20.169s] INFO:colcon.colcon_core.shell:Creating package script '/home/pranav/the_mapper/install/ekf_fusion/share/ekf_fusion/package.sh'
[20.170s] INFO:colcon.colcon_core.shell:Creating package script '/home/pranav/the_mapper/install/ekf_fusion/share/ekf_fusion/package.bash'
[20.170s] INFO:colcon.colcon_core.shell:Creating package script '/home/pranav/the_mapper/install/ekf_fusion/share/ekf_fusion/package.zsh'
[20.171s] Level 1:colcon.colcon_core.environment:create_file_with_runtime_dependencies(/home/pranav/the_mapper/install/ekf_fusion/share/colcon-core/packages/ekf_fusion)
[20.213s] Level 1:colcon.colcon_core.environment:create_environment_scripts_only(ekf_fusion)
[20.214s] Level 1:colcon.colcon_core.environment:checking '/home/pranav/the_mapper/install/ekf_fusion' for CMake module files
[20.214s] Level 1:colcon.colcon_core.environment:checking '/home/pranav/the_mapper/install/ekf_fusion' for CMake config files
[20.215s] Level 1:colcon.colcon_core.shell:create_environment_hook('ekf_fusion', 'cmake_prefix_path')
[20.215s] INFO:colcon.colcon_core.shell:Creating environment hook '/home/pranav/the_mapper/install/ekf_fusion/share/ekf_fusion/hook/cmake_prefix_path.ps1'
[20.216s] INFO:colcon.colcon_core.shell:Creating environment descriptor '/home/pranav/the_mapper/install/ekf_fusion/share/ekf_fusion/hook/cmake_prefix_path.dsv'
[20.217s] INFO:colcon.colcon_core.shell:Creating environment hook '/home/pranav/the_mapper/install/ekf_fusion/share/ekf_fusion/hook/cmake_prefix_path.sh'
[20.217s] Level 1:colcon.colcon_core.environment:checking '/home/pranav/the_mapper/install/ekf_fusion/lib'
[20.218s] Level 1:colcon.colcon_core.environment:checking '/home/pranav/the_mapper/install/ekf_fusion/bin'
[20.218s] Level 1:colcon.colcon_core.environment:checking '/home/pranav/the_mapper/install/ekf_fusion/lib/pkgconfig/ekf_fusion.pc'
[20.218s] Level 1:colcon.colcon_core.environment:checking '/home/pranav/the_mapper/install/ekf_fusion/lib/python3.10/site-packages'
[20.218s] Level 1:colcon.colcon_core.environment:checking '/home/pranav/the_mapper/install/ekf_fusion/bin'
[20.218s] INFO:colcon.colcon_core.shell:Creating package script '/home/pranav/the_mapper/install/ekf_fusion/share/ekf_fusion/package.ps1'
[20.219s] INFO:colcon.colcon_core.shell:Creating package descriptor '/home/pranav/the_mapper/install/ekf_fusion/share/ekf_fusion/package.dsv'
[20.220s] INFO:colcon.colcon_core.shell:Creating package script '/home/pranav/the_mapper/install/ekf_fusion/share/ekf_fusion/package.sh'
[20.220s] INFO:colcon.colcon_core.shell:Creating package script '/home/pranav/the_mapper/install/ekf_fusion/share/ekf_fusion/package.bash'
[20.221s] INFO:colcon.colcon_core.shell:Creating package script '/home/pranav/the_mapper/install/ekf_fusion/share/ekf_fusion/package.zsh'
[20.222s] Level 1:colcon.colcon_core.environment:create_file_with_runtime_dependencies(/home/pranav/the_mapper/install/ekf_fusion/share/colcon-core/packages/ekf_fusion)
[20.224s] DEBUG:colcon.colcon_parallel_executor.executor.parallel:closing loop
[20.224s] DEBUG:colcon.colcon_parallel_executor.executor.parallel:loop closed
[20.224s] DEBUG:colcon.colcon_parallel_executor.executor.parallel:run_until_complete finished with '0'
[20.224s] DEBUG:colcon.colcon_core.event_reactor:joining thread
[20.232s] INFO:colcon.colcon_core.plugin_system:Skipping extension 'colcon_notification.desktop_notification.terminal_notifier': Not used on non-Darwin systems
[20.232s] INFO:colcon.colcon_core.plugin_system:Skipping extension 'colcon_notification.desktop_notification.win32': Not used on non-Windows systems
[20.232s] INFO:colcon.colcon_notification.desktop_notification:Sending desktop notification using 'notify2'
[20.260s] DEBUG:colcon.colcon_core.event_reactor:joined thread
[20.260s] INFO:colcon.colcon_core.shell:Creating prefix script '/home/pranav/the_mapper/install/local_setup.ps1'
[20.262s] INFO:colcon.colcon_core.shell:Creating prefix util module '/home/pranav/the_mapper/install/_local_setup_util_ps1.py'
[20.264s] INFO:colcon.colcon_core.shell:Creating prefix chain script '/home/pranav/the_mapper/install/setup.ps1'
[20.265s] INFO:colcon.colcon_core.shell:Creating prefix script '/home/pranav/the_mapper/install/local_setup.sh'
[20.267s] INFO:colcon.colcon_core.shell:Creating prefix util module '/home/pranav/the_mapper/install/_local_setup_util_sh.py'
[20.268s] INFO:colcon.colcon_core.shell:Creating prefix chain script '/home/pranav/the_mapper/install/setup.sh'
[20.270s] INFO:colcon.colcon_core.shell:Creating prefix script '/home/pranav/the_mapper/install/local_setup.bash'
[20.272s] INFO:colcon.colcon_core.shell:Creating prefix chain script '/home/pranav/the_mapper/install/setup.bash'
[20.274s] INFO:colcon.colcon_core.shell:Creating prefix script '/home/pranav/the_mapper/install/local_setup.zsh'
[20.275s] INFO:colcon.colcon_core.shell:Creating prefix chain script '/home/pranav/the_mapper/install/setup.zsh'
