[0.023s] Invoking command in '/home/pranav/the_mapper/build/ekf_fusion': CMAKE_PREFIX_PATH=${CMAKE_PREFIX_PATH}:/opt/ros/humble /usr/bin/cmake --build /home/pranav/the_mapper/build/ekf_fusion -- -j4 -l4
[0.115s] [100%] Built target ekf_node
[0.138s] Invoked command in '/home/pranav/the_mapper/build/ekf_fusion' returned '0': CMAKE_PREFIX_PATH=${CMAKE_PREFIX_PATH}:/opt/ros/humble /usr/bin/cmake --build /home/pranav/the_mapper/build/ekf_fusion -- -j4 -l4
[0.188s] Invoking command in '/home/pranav/the_mapper/build/ekf_fusion': CMAKE_PREFIX_PATH=${CMAKE_PREFIX_PATH}:/opt/ros/humble /usr/bin/cmake --install /home/pranav/the_mapper/build/ekf_fusion
[0.198s] -- Install configuration: ""
[0.199s] -- Execute custom install script
[0.199s] -- Up-to-date symlink: /home/pranav/the_mapper/install/ekf_fusion/lib/ekf_fusion/ekf_node
[0.201s] -- Up-to-date symlink: /home/pranav/the_mapper/install/ekf_fusion/share/ament_index/resource_index/package_run_dependencies/ekf_fusion
[0.201s] -- Up-to-date symlink: /home/pranav/the_mapper/install/ekf_fusion/share/ament_index/resource_index/parent_prefix_path/ekf_fusion
[0.201s] -- Up-to-date symlink: /home/pranav/the_mapper/install/ekf_fusion/share/ekf_fusion/environment/ament_prefix_path.sh
[0.202s] -- Up-to-date symlink: /home/pranav/the_mapper/install/ekf_fusion/share/ekf_fusion/environment/ament_prefix_path.dsv
[0.202s] -- Up-to-date symlink: /home/pranav/the_mapper/install/ekf_fusion/share/ekf_fusion/environment/path.sh
[0.202s] -- Up-to-date symlink: /home/pranav/the_mapper/install/ekf_fusion/share/ekf_fusion/environment/path.dsv
[0.202s] -- Up-to-date symlink: /home/pranav/the_mapper/install/ekf_fusion/share/ekf_fusion/local_setup.bash
[0.202s] -- Up-to-date symlink: /home/pranav/the_mapper/install/ekf_fusion/share/ekf_fusion/local_setup.sh
[0.202s] -- Up-to-date symlink: /home/pranav/the_mapper/install/ekf_fusion/share/ekf_fusion/local_setup.zsh
[0.202s] -- Up-to-date symlink: /home/pranav/the_mapper/install/ekf_fusion/share/ekf_fusion/local_setup.dsv
[0.202s] -- Symlinking: /home/pranav/the_mapper/install/ekf_fusion/share/ekf_fusion/package.dsv
[0.215s] -- Up-to-date symlink: /home/pranav/the_mapper/install/ekf_fusion/share/ament_index/resource_index/packages/ekf_fusion
[0.217s] -- Up-to-date symlink: /home/pranav/the_mapper/install/ekf_fusion/share/ekf_fusion/cmake/ekf_fusionConfig.cmake
[0.217s] -- Up-to-date symlink: /home/pranav/the_mapper/install/ekf_fusion/share/ekf_fusion/cmake/ekf_fusionConfig-version.cmake
[0.217s] -- Up-to-date symlink: /home/pranav/the_mapper/install/ekf_fusion/share/ekf_fusion/package.xml
[0.238s] Invoked command in '/home/pranav/the_mapper/build/ekf_fusion' returned '0': CMAKE_PREFIX_PATH=${CMAKE_PREFIX_PATH}:/opt/ros/humble /usr/bin/cmake --install /home/pranav/the_mapper/build/ekf_fusion
