[0.012s] Invoking command in '/home/pranav/the_mapper/build/mapper_bringup': CMAKE_PREFIX_PATH=/home/pranav/the_mapper/install/mapper_description:/home/pranav/the_mapper/install/mapper_bringup:/home/pranav/the_mapper/install/ekf_fusion:/opt/ros/humble /usr/bin/cmake /home/pranav/the_mapper/src/mapper_bringup -DCMAKE_INSTALL_PREFIX=/home/pranav/the_mapper/install/mapper_bringup
[0.115s] -- The C compiler identification is GNU 11.4.0
[0.179s] -- The CXX compiler identification is GNU 11.4.0
[0.194s] -- Detecting C compiler ABI info
[0.296s] -- Detecting C compiler ABI info - done
[0.302s] -- Check for working C compiler: /usr/bin/cc - skipped
[0.302s] -- Detecting C compile features
[0.302s] -- Detecting C compile features - done
[0.306s] -- Detecting CXX compiler ABI info
[0.414s] -- Detecting CXX compiler ABI info - done
[0.424s] -- Check for working CXX compiler: /usr/bin/c++ - skipped
[0.425s] -- Detecting CXX compile features
[0.426s] -- Detecting CXX compile features - done
[0.429s] -- Found ament_cmake: 1.3.10 (/opt/ros/humble/share/ament_cmake/cmake)
[0.590s] -- Found Python3: /usr/bin/python3 (found version "3.10.12") found components: Interpreter 
[0.777s] -- Configuring done
[0.781s] -- Generating done
[0.782s] -- Build files have been written to: /home/pranav/the_mapper/build/mapper_bringup
[0.787s] Invoked command in '/home/pranav/the_mapper/build/mapper_bringup' returned '0': CMAKE_PREFIX_PATH=/home/pranav/the_mapper/install/mapper_description:/home/pranav/the_mapper/install/mapper_bringup:/home/pranav/the_mapper/install/ekf_fusion:/opt/ros/humble /usr/bin/cmake /home/pranav/the_mapper/src/mapper_bringup -DCMAKE_INSTALL_PREFIX=/home/pranav/the_mapper/install/mapper_bringup
[0.788s] Invoking command in '/home/pranav/the_mapper/build/mapper_bringup': CMAKE_PREFIX_PATH=/home/pranav/the_mapper/install/mapper_description:/home/pranav/the_mapper/install/mapper_bringup:/home/pranav/the_mapper/install/ekf_fusion:/opt/ros/humble /usr/bin/cmake --build /home/pranav/the_mapper/build/mapper_bringup -- -j4 -l4
[0.838s] Invoked command in '/home/pranav/the_mapper/build/mapper_bringup' returned '0': CMAKE_PREFIX_PATH=/home/pranav/the_mapper/install/mapper_description:/home/pranav/the_mapper/install/mapper_bringup:/home/pranav/the_mapper/install/ekf_fusion:/opt/ros/humble /usr/bin/cmake --build /home/pranav/the_mapper/build/mapper_bringup -- -j4 -l4
[0.871s] Invoking command in '/home/pranav/the_mapper/build/mapper_bringup': CMAKE_PREFIX_PATH=/home/pranav/the_mapper/install/mapper_description:/home/pranav/the_mapper/install/mapper_bringup:/home/pranav/the_mapper/install/ekf_fusion:/opt/ros/humble /usr/bin/cmake --install /home/pranav/the_mapper/build/mapper_bringup
[0.877s] -- Install configuration: ""
[0.877s] -- Installing: /home/pranav/the_mapper/install/mapper_bringup/share/mapper_bringup//launch
[0.878s] -- Installing: /home/pranav/the_mapper/install/mapper_bringup/share/mapper_bringup//launch/gazebo.launch.xml
[0.882s] -- Installing: /home/pranav/the_mapper/install/mapper_bringup/share/mapper_bringup//launch/mapper_gazebo.launch.xml
[0.887s] -- Installing: /home/pranav/the_mapper/install/mapper_bringup/share/mapper_bringup//rviz
[0.888s] -- Installing: /home/pranav/the_mapper/install/mapper_bringup/share/mapper_bringup//rviz/urdf_config.rviz
[0.890s] -- Installing: /home/pranav/the_mapper/install/mapper_bringup/share/mapper_bringup//worlds
[0.890s] -- Installing: /home/pranav/the_mapper/install/mapper_bringup/share/mapper_bringup//worlds/screenshot.png
[0.895s] -- Installing: /home/pranav/the_mapper/install/mapper_bringup/share/mapper_bringup//worlds/terrain_1
[0.895s] -- Installing: /home/pranav/the_mapper/install/mapper_bringup/share/mapper_bringup//worlds/terrain_1/model.sdf
[0.895s] -- Installing: /home/pranav/the_mapper/install/mapper_bringup/share/mapper_bringup//worlds/terrain_1/media
[0.896s] -- Installing: /home/pranav/the_mapper/install/mapper_bringup/share/mapper_bringup//worlds/terrain_1/media/Textures
[0.896s] -- Installing: /home/pranav/the_mapper/install/mapper_bringup/share/mapper_bringup//worlds/terrain_1/media/Textures/Grass.png
[0.902s] -- Installing: /home/pranav/the_mapper/install/mapper_bringup/share/mapper_bringup//worlds/terrain_1/media/scripts
[0.903s] -- Installing: /home/pranav/the_mapper/install/mapper_bringup/share/mapper_bringup//worlds/terrain_1/media/scripts/repeated.material
[0.903s] -- Installing: /home/pranav/the_mapper/install/mapper_bringup/share/mapper_bringup//worlds/terrain_1/media/terrain_1.dae
[0.914s] -- Installing: /home/pranav/the_mapper/install/mapper_bringup/share/mapper_bringup//worlds/terrain_1/model.config
[0.917s] -- Installing: /home/pranav/the_mapper/install/mapper_bringup/share/mapper_bringup//worlds/env.world
[0.917s] -- Installing: /home/pranav/the_mapper/install/mapper_bringup/share/mapper_bringup//worlds/svr.world
[0.921s] -- Installing: /home/pranav/the_mapper/install/mapper_bringup/share/mapper_bringup//worlds/terr
[0.924s] -- Installing: /home/pranav/the_mapper/install/mapper_bringup/share/mapper_bringup//worlds/test_world.world
[0.925s] -- Installing: /home/pranav/the_mapper/install/mapper_bringup/share/mapper_bringup//worlds/world.world
[0.928s] -- Installing: /home/pranav/the_mapper/install/mapper_bringup/share/mapper_bringup//worlds/terr.world
[0.929s] -- Installing: /home/pranav/the_mapper/install/mapper_bringup/share/mapper_bringup//worlds/farm.world
[0.932s] -- Installing: /home/pranav/the_mapper/install/mapper_bringup/share/mapper_bringup//worlds/svr
[0.933s] -- Installing: /home/pranav/the_mapper/install/mapper_bringup/share/mapper_bringup//worlds/svr/model.sdf
[0.934s] -- Installing: /home/pranav/the_mapper/install/mapper_bringup/share/mapper_bringup//worlds/svr/model.config
[0.936s] -- Installing: /home/pranav/the_mapper/install/mapper_bringup/share/mapper_bringup//worlds/terrain_1.world
[0.936s] -- Installing: /home/pranav/the_mapper/install/mapper_bringup/share/mapper_bringup//models
[0.936s] -- Installing: /home/pranav/the_mapper/install/mapper_bringup/share/ament_index/resource_index/package_run_dependencies/mapper_bringup
[0.937s] -- Installing: /home/pranav/the_mapper/install/mapper_bringup/share/ament_index/resource_index/parent_prefix_path/mapper_bringup
[0.941s] -- Installing: /home/pranav/the_mapper/install/mapper_bringup/share/mapper_bringup/environment/ament_prefix_path.sh
[0.941s] -- Installing: /home/pranav/the_mapper/install/mapper_bringup/share/mapper_bringup/environment/ament_prefix_path.dsv
[0.942s] -- Installing: /home/pranav/the_mapper/install/mapper_bringup/share/mapper_bringup/environment/path.sh
[0.942s] -- Installing: /home/pranav/the_mapper/install/mapper_bringup/share/mapper_bringup/environment/path.dsv
[0.942s] -- Installing: /home/pranav/the_mapper/install/mapper_bringup/share/mapper_bringup/local_setup.bash
[0.942s] -- Installing: /home/pranav/the_mapper/install/mapper_bringup/share/mapper_bringup/local_setup.sh
[0.942s] -- Installing: /home/pranav/the_mapper/install/mapper_bringup/share/mapper_bringup/local_setup.zsh
[0.942s] -- Installing: /home/pranav/the_mapper/install/mapper_bringup/share/mapper_bringup/local_setup.dsv
[0.943s] -- Installing: /home/pranav/the_mapper/install/mapper_bringup/share/mapper_bringup/package.dsv
[0.943s] -- Installing: /home/pranav/the_mapper/install/mapper_bringup/share/ament_index/resource_index/packages/mapper_bringup
[0.943s] -- Installing: /home/pranav/the_mapper/install/mapper_bringup/share/mapper_bringup/cmake/mapper_bringupConfig.cmake
[0.943s] -- Installing: /home/pranav/the_mapper/install/mapper_bringup/share/mapper_bringup/cmake/mapper_bringupConfig-version.cmake
[0.943s] -- Installing: /home/pranav/the_mapper/install/mapper_bringup/share/mapper_bringup/package.xml
[0.948s] Invoked command in '/home/pranav/the_mapper/build/mapper_bringup' returned '0': CMAKE_PREFIX_PATH=/home/pranav/the_mapper/install/mapper_description:/home/pranav/the_mapper/install/mapper_bringup:/home/pranav/the_mapper/install/ekf_fusion:/opt/ros/humble /usr/bin/cmake --install /home/pranav/the_mapper/build/mapper_bringup
