[0.018s] Invoking command in '/home/pranav/the_mapper/build/mapper_description': CMAKE_PREFIX_PATH=${CMAKE_PREFIX_PATH}:/opt/ros/humble /usr/bin/cmake /home/pranav/the_mapper/src/mapper_description -DCMAKE_INSTALL_PREFIX=/home/pranav/the_mapper/install/mapper_description
[0.201s] -- The C compiler identification is GNU 11.4.0
[0.399s] -- The CXX compiler identification is GNU 11.4.0
[0.422s] -- Detecting C compiler ABI info
[0.531s] -- Detecting C compiler ABI info - done
[0.539s] -- Check for working C compiler: /usr/bin/cc - skipped
[0.540s] -- Detecting C compile features
[0.540s] -- Detecting C compile features - done
[0.547s] -- Detecting CXX compiler ABI info
[0.668s] -- Detecting CXX compiler ABI info - done
[0.677s] -- Check for working CXX compiler: /usr/bin/c++ - skipped
[0.677s] -- Detecting CXX compile features
[0.678s] -- Detecting CXX compile features - done
[0.683s] -- Found ament_cmake: 1.3.10 (/opt/ros/humble/share/ament_cmake/cmake)
[0.924s] -- Found Python3: /usr/bin/python3 (found version "3.10.12") found components: Interpreter 
[1.213s] -- Configuring done
[1.217s] -- Generating done
[1.219s] -- Build files have been written to: /home/pranav/the_mapper/build/mapper_description
[1.229s] Invoked command in '/home/pranav/the_mapper/build/mapper_description' returned '0': CMAKE_PREFIX_PATH=${CMAKE_PREFIX_PATH}:/opt/ros/humble /usr/bin/cmake /home/pranav/the_mapper/src/mapper_description -DCMAKE_INSTALL_PREFIX=/home/pranav/the_mapper/install/mapper_description
[1.229s] Invoking command in '/home/pranav/the_mapper/build/mapper_description': CMAKE_PREFIX_PATH=${CMAKE_PREFIX_PATH}:/opt/ros/humble /usr/bin/cmake --build /home/pranav/the_mapper/build/mapper_description -- -j4 -l4
[1.308s] Invoked command in '/home/pranav/the_mapper/build/mapper_description' returned '0': CMAKE_PREFIX_PATH=${CMAKE_PREFIX_PATH}:/opt/ros/humble /usr/bin/cmake --build /home/pranav/the_mapper/build/mapper_description -- -j4 -l4
[1.365s] Invoking command in '/home/pranav/the_mapper/build/mapper_description': CMAKE_PREFIX_PATH=${CMAKE_PREFIX_PATH}:/opt/ros/humble /usr/bin/cmake --install /home/pranav/the_mapper/build/mapper_description
[1.379s] -- Install configuration: ""
[1.379s] -- Installing: /home/pranav/the_mapper/install/mapper_description/share/mapper_description//urdf
[1.379s] -- Installing: /home/pranav/the_mapper/install/mapper_description/share/mapper_description//urdf/sensors.xacro
[1.379s] -- Installing: /home/pranav/the_mapper/install/mapper_description/share/mapper_description//urdf/mobile_base_gazebo.xacro
[1.379s] -- Installing: /home/pranav/the_mapper/install/mapper_description/share/mapper_description//urdf/mapper.urdf.xacro
[1.380s] -- Installing: /home/pranav/the_mapper/install/mapper_description/share/mapper_description//urdf/common_properties.xacro
[1.380s] -- Installing: /home/pranav/the_mapper/install/mapper_description/share/mapper_description//urdf/mobile_base.xacro
[1.382s] -- Installing: /home/pranav/the_mapper/install/mapper_description/share/mapper_description//launch
[1.383s] -- Installing: /home/pranav/the_mapper/install/mapper_description/share/mapper_description//launch/display.launch.xml
[1.383s] -- Installing: /home/pranav/the_mapper/install/mapper_description/share/mapper_description//launch/display.launch.py
[1.384s] -- Installing: /home/pranav/the_mapper/install/mapper_description/share/mapper_description//rviz
[1.384s] -- Installing: /home/pranav/the_mapper/install/mapper_description/share/mapper_description//rviz/urdf_config.rviz
[1.384s] -- Installing: /home/pranav/the_mapper/install/mapper_description/share/ament_index/resource_index/package_run_dependencies/mapper_description
[1.384s] -- Installing: /home/pranav/the_mapper/install/mapper_description/share/ament_index/resource_index/parent_prefix_path/mapper_description
[1.384s] -- Installing: /home/pranav/the_mapper/install/mapper_description/share/mapper_description/environment/ament_prefix_path.sh
[1.384s] -- Installing: /home/pranav/the_mapper/install/mapper_description/share/mapper_description/environment/ament_prefix_path.dsv
[1.386s] -- Installing: /home/pranav/the_mapper/install/mapper_description/share/mapper_description/environment/path.sh
[1.386s] -- Installing: /home/pranav/the_mapper/install/mapper_description/share/mapper_description/environment/path.dsv
[1.386s] -- Installing: /home/pranav/the_mapper/install/mapper_description/share/mapper_description/local_setup.bash
[1.386s] -- Installing: /home/pranav/the_mapper/install/mapper_description/share/mapper_description/local_setup.sh
[1.386s] -- Installing: /home/pranav/the_mapper/install/mapper_description/share/mapper_description/local_setup.zsh
[1.386s] -- Installing: /home/pranav/the_mapper/install/mapper_description/share/mapper_description/local_setup.dsv
[1.386s] -- Installing: /home/pranav/the_mapper/install/mapper_description/share/mapper_description/package.dsv
[1.386s] -- Installing: /home/pranav/the_mapper/install/mapper_description/share/ament_index/resource_index/packages/mapper_description
[1.386s] -- Installing: /home/pranav/the_mapper/install/mapper_description/share/mapper_description/cmake/mapper_descriptionConfig.cmake
[1.386s] -- Installing: /home/pranav/the_mapper/install/mapper_description/share/mapper_description/cmake/mapper_descriptionConfig-version.cmake
[1.386s] -- Installing: /home/pranav/the_mapper/install/mapper_description/share/mapper_description/package.xml
[1.390s] Invoked command in '/home/pranav/the_mapper/build/mapper_description' returned '0': CMAKE_PREFIX_PATH=${CMAKE_PREFIX_PATH}:/opt/ros/humble /usr/bin/cmake --install /home/pranav/the_mapper/build/mapper_description
