[0.028s] Invoking command in '/home/pranav/the_mapper/build/ekf_fusion': CMAKE_PREFIX_PATH=${CMAKE_PREFIX_PATH}:/opt/ros/humble /usr/bin/cmake /home/pranav/the_mapper/src/ekf_fusion -DAMENT_CMAKE_SYMLINK_INSTALL=1 -DCMAKE_INSTALL_PREFIX=/home/pranav/the_mapper/install/ekf_fusion
[0.054s] -- Found ament_cmake: 1.3.10 (/opt/ros/humble/share/ament_cmake/cmake)
[0.232s] -- Override CMake install command with custom implementation using symlinks instead of copying resources
[0.270s] -- Found rclcpp: 16.0.10 (/opt/ros/humble/share/rclcpp/cmake)
[0.358s] -- Found rosidl_generator_c: 3.1.5 (/opt/ros/humble/share/rosidl_generator_c/cmake)
[0.366s] -- Found rosidl_adapter: 3.1.5 (/opt/ros/humble/share/rosidl_adapter/cmake)
[0.383s] -- Found rosidl_generator_cpp: 3.1.5 (/opt/ros/humble/share/rosidl_generator_cpp/cmake)
[0.421s] -- Using all available rosidl_typesupport_c: rosidl_typesupport_fastrtps_c;rosidl_typesupport_introspection_c
[0.456s] -- Using all available rosidl_typesupport_cpp: rosidl_typesupport_fastrtps_cpp;rosidl_typesupport_introspection_cpp
[0.535s] -- Found rmw_implementation_cmake: 6.1.2 (/opt/ros/humble/share/rmw_implementation_cmake/cmake)
[0.544s] -- Found rmw_cyclonedds_cpp: 1.3.4 (/opt/ros/humble/share/rmw_cyclonedds_cpp/cmake)
[0.591s] -- Using RMW implementation 'rmw_cyclonedds_cpp' as default
[0.695s] -- Found sensor_msgs: 4.2.4 (/opt/ros/humble/share/sensor_msgs/cmake)
[0.754s] -- Found nav_msgs: 4.2.4 (/opt/ros/humble/share/nav_msgs/cmake)
[0.789s] -- Found ament_lint_auto: 0.12.11 (/opt/ros/humble/share/ament_lint_auto/cmake)
[0.891s] -- Added test 'copyright' to check source files copyright and LICENSE
[0.892s] -- Added test 'cppcheck' to perform static code analysis on C / C++ code
[0.892s] -- Configured cppcheck include dirs: 
[0.892s] -- Configured cppcheck exclude dirs and/or files: 
[0.893s] -- Added test 'lint_cmake' to check CMake code style
[0.896s] -- Added test 'uncrustify' to check C / C++ code style
[0.896s] -- Configured uncrustify additional arguments: 
[0.896s] -- Added test 'xmllint' to check XML markup files
[0.898s] -- Configuring done
[0.913s] -- Generating done
[0.916s] -- Build files have been written to: /home/pranav/the_mapper/build/ekf_fusion
[0.930s] Invoked command in '/home/pranav/the_mapper/build/ekf_fusion' returned '0': CMAKE_PREFIX_PATH=${CMAKE_PREFIX_PATH}:/opt/ros/humble /usr/bin/cmake /home/pranav/the_mapper/src/ekf_fusion -DAMENT_CMAKE_SYMLINK_INSTALL=1 -DCMAKE_INSTALL_PREFIX=/home/pranav/the_mapper/install/ekf_fusion
[0.932s] Invoking command in '/home/pranav/the_mapper/build/ekf_fusion': CMAKE_PREFIX_PATH=${CMAKE_PREFIX_PATH}:/opt/ros/humble /usr/bin/cmake --build /home/pranav/the_mapper/build/ekf_fusion -- -j4 -l4
[1.000s] [35m[1mConsolidate compiler generated dependencies of target ekf_node[0m
[1.027s] [ 50%] [32m[1mLinking CXX executable ekf_node[0m
[1.983s] [100%] Built target ekf_node
[1.999s] Invoked command in '/home/pranav/the_mapper/build/ekf_fusion' returned '0': CMAKE_PREFIX_PATH=${CMAKE_PREFIX_PATH}:/opt/ros/humble /usr/bin/cmake --build /home/pranav/the_mapper/build/ekf_fusion -- -j4 -l4
[2.034s] Invoking command in '/home/pranav/the_mapper/build/ekf_fusion': CMAKE_PREFIX_PATH=${CMAKE_PREFIX_PATH}:/opt/ros/humble /usr/bin/cmake --install /home/pranav/the_mapper/build/ekf_fusion
[2.044s] -- Install configuration: ""
[2.046s] -- Execute custom install script
[2.046s] -- Symlinking: /home/pranav/the_mapper/install/ekf_fusion/lib/ekf_fusion/ekf_node
[2.059s] -- Symlinking: /home/pranav/the_mapper/install/ekf_fusion/share/ament_index/resource_index/package_run_dependencies/ekf_fusion
[2.074s] -- Symlinking: /home/pranav/the_mapper/install/ekf_fusion/share/ament_index/resource_index/parent_prefix_path/ekf_fusion
[2.085s] -- Symlinking: /home/pranav/the_mapper/install/ekf_fusion/share/ekf_fusion/environment/ament_prefix_path.sh
[2.099s] -- Symlinking: /home/pranav/the_mapper/install/ekf_fusion/share/ekf_fusion/environment/ament_prefix_path.dsv
[2.110s] -- Symlinking: /home/pranav/the_mapper/install/ekf_fusion/share/ekf_fusion/environment/path.sh
[2.122s] -- Symlinking: /home/pranav/the_mapper/install/ekf_fusion/share/ekf_fusion/environment/path.dsv
[2.137s] -- Symlinking: /home/pranav/the_mapper/install/ekf_fusion/share/ekf_fusion/local_setup.bash
[2.150s] -- Symlinking: /home/pranav/the_mapper/install/ekf_fusion/share/ekf_fusion/local_setup.sh
[2.163s] -- Symlinking: /home/pranav/the_mapper/install/ekf_fusion/share/ekf_fusion/local_setup.zsh
[2.173s] -- Symlinking: /home/pranav/the_mapper/install/ekf_fusion/share/ekf_fusion/local_setup.dsv
[2.186s] -- Symlinking: /home/pranav/the_mapper/install/ekf_fusion/share/ekf_fusion/package.dsv
[2.197s] -- Symlinking: /home/pranav/the_mapper/install/ekf_fusion/share/ament_index/resource_index/packages/ekf_fusion
[2.209s] -- Symlinking: /home/pranav/the_mapper/install/ekf_fusion/share/ekf_fusion/cmake/ekf_fusionConfig.cmake
[2.222s] -- Symlinking: /home/pranav/the_mapper/install/ekf_fusion/share/ekf_fusion/cmake/ekf_fusionConfig-version.cmake
[2.233s] -- Symlinking: /home/pranav/the_mapper/install/ekf_fusion/share/ekf_fusion/package.xml
[2.252s] Invoked command in '/home/pranav/the_mapper/build/ekf_fusion' returned '0': CMAKE_PREFIX_PATH=${CMAKE_PREFIX_PATH}:/opt/ros/humble /usr/bin/cmake --install /home/pranav/the_mapper/build/ekf_fusion
