[0.012s] Invoking command in '/home/pranav/the_mapper/build/mapper_bringup': CMAKE_PREFIX_PATH=/home/pranav/the_mapper/install/mapper_description:/home/pranav/the_mapper/install/mapper_bringup:/home/pranav/the_mapper/install/ground_mapper:/opt/ros/humble /usr/bin/cmake /home/pranav/the_mapper/src/mapper_bringup -DCMAKE_INSTALL_PREFIX=/home/pranav/the_mapper/install/mapper_bringup
[0.029s] -- Found ament_cmake: 1.3.10 (/opt/ros/humble/share/ament_cmake/cmake)
[0.171s] -- Override CMake install command with custom implementation using symlinks instead of copying resources
[0.265s] -- Configuring done
[0.272s] -- Generating done
[0.277s] -- Build files have been written to: /home/pranav/the_mapper/build/mapper_bringup
[0.282s] Invoked command in '/home/pranav/the_mapper/build/mapper_bringup' returned '0': CMAKE_PREFIX_PATH=/home/pranav/the_mapper/install/mapper_description:/home/pranav/the_mapper/install/mapper_bringup:/home/pranav/the_mapper/install/ground_mapper:/opt/ros/humble /usr/bin/cmake /home/pranav/the_mapper/src/mapper_bringup -DCMAKE_INSTALL_PREFIX=/home/pranav/the_mapper/install/mapper_bringup
[0.282s] Invoking command in '/home/pranav/the_mapper/build/mapper_bringup': CMAKE_PREFIX_PATH=/home/pranav/the_mapper/install/mapper_description:/home/pranav/the_mapper/install/mapper_bringup:/home/pranav/the_mapper/install/ground_mapper:/opt/ros/humble /usr/bin/cmake --build /home/pranav/the_mapper/build/mapper_bringup -- -j4 -l4
[0.336s] Invoked command in '/home/pranav/the_mapper/build/mapper_bringup' returned '0': CMAKE_PREFIX_PATH=/home/pranav/the_mapper/install/mapper_description:/home/pranav/the_mapper/install/mapper_bringup:/home/pranav/the_mapper/install/ground_mapper:/opt/ros/humble /usr/bin/cmake --build /home/pranav/the_mapper/build/mapper_bringup -- -j4 -l4
[0.337s] Invoking command in '/home/pranav/the_mapper/build/mapper_bringup': CMAKE_PREFIX_PATH=/home/pranav/the_mapper/install/mapper_description:/home/pranav/the_mapper/install/mapper_bringup:/home/pranav/the_mapper/install/ground_mapper:/opt/ros/humble /usr/bin/cmake --install /home/pranav/the_mapper/build/mapper_bringup
[0.347s] -- Install configuration: ""
[0.347s] -- Execute custom install script
[0.348s] -- Up-to-date symlink: /home/pranav/the_mapper/install/mapper_bringup/share/mapper_bringup//launch/gazebo.launch.xml
[0.348s] -- Up-to-date symlink: /home/pranav/the_mapper/install/mapper_bringup/share/mapper_bringup//launch/mapper_gazebo.launch.xml
[0.348s] -- Up-to-date symlink: /home/pranav/the_mapper/install/mapper_bringup/share/mapper_bringup//launch/mapper_map.launch.py
[0.348s] -- Up-to-date symlink: /home/pranav/the_mapper/install/mapper_bringup/share/mapper_bringup//rviz/Phase1.rviz
[0.348s] -- Up-to-date symlink: /home/pranav/the_mapper/install/mapper_bringup/share/mapper_bringup//rviz/urdf_config.rviz
[0.349s] -- Up-to-date symlink: /home/pranav/the_mapper/install/mapper_bringup/share/mapper_bringup//worlds/env.world
[0.349s] -- Up-to-date symlink: /home/pranav/the_mapper/install/mapper_bringup/share/mapper_bringup//worlds/farm.world
[0.349s] -- Up-to-date symlink: /home/pranav/the_mapper/install/mapper_bringup/share/mapper_bringup//worlds/screenshot.png
[0.350s] -- Up-to-date symlink: /home/pranav/the_mapper/install/mapper_bringup/share/mapper_bringup//worlds/svr.world
[0.350s] -- Up-to-date symlink: /home/pranav/the_mapper/install/mapper_bringup/share/mapper_bringup//worlds/svr/model.config
[0.350s] -- Up-to-date symlink: /home/pranav/the_mapper/install/mapper_bringup/share/mapper_bringup//worlds/svr/model.sdf
[0.350s] -- Up-to-date symlink: /home/pranav/the_mapper/install/mapper_bringup/share/mapper_bringup//worlds/terr
[0.350s] -- Up-to-date symlink: /home/pranav/the_mapper/install/mapper_bringup/share/mapper_bringup//worlds/terr.world
[0.350s] -- Up-to-date symlink: /home/pranav/the_mapper/install/mapper_bringup/share/mapper_bringup//worlds/terrain_1.world
[0.351s] -- Up-to-date symlink: /home/pranav/the_mapper/install/mapper_bringup/share/mapper_bringup//worlds/terrain_1/media/Textures/Grass.png
[0.351s] -- Up-to-date symlink: /home/pranav/the_mapper/install/mapper_bringup/share/mapper_bringup//worlds/terrain_1/media/scripts/repeated.material
[0.351s] -- Up-to-date symlink: /home/pranav/the_mapper/install/mapper_bringup/share/mapper_bringup//worlds/terrain_1/media/terrain_1.dae
[0.351s] -- Up-to-date symlink: /home/pranav/the_mapper/install/mapper_bringup/share/mapper_bringup//worlds/terrain_1/model.config
[0.351s] -- Up-to-date symlink: /home/pranav/the_mapper/install/mapper_bringup/share/mapper_bringup//worlds/terrain_1/model.sdf
[0.352s] -- Up-to-date symlink: /home/pranav/the_mapper/install/mapper_bringup/share/mapper_bringup//worlds/test_world.world
[0.352s] -- Up-to-date symlink: /home/pranav/the_mapper/install/mapper_bringup/share/mapper_bringup//worlds/world.world
[0.353s] -- Up-to-date symlink: /home/pranav/the_mapper/install/mapper_bringup/share/ament_index/resource_index/package_run_dependencies/mapper_bringup
[0.354s] -- Up-to-date symlink: /home/pranav/the_mapper/install/mapper_bringup/share/ament_index/resource_index/parent_prefix_path/mapper_bringup
[0.354s] -- Up-to-date symlink: /home/pranav/the_mapper/install/mapper_bringup/share/mapper_bringup/environment/ament_prefix_path.sh
[0.354s] -- Up-to-date symlink: /home/pranav/the_mapper/install/mapper_bringup/share/mapper_bringup/environment/ament_prefix_path.dsv
[0.355s] -- Up-to-date symlink: /home/pranav/the_mapper/install/mapper_bringup/share/mapper_bringup/environment/path.sh
[0.355s] -- Up-to-date symlink: /home/pranav/the_mapper/install/mapper_bringup/share/mapper_bringup/environment/path.dsv
[0.355s] -- Up-to-date symlink: /home/pranav/the_mapper/install/mapper_bringup/share/mapper_bringup/local_setup.bash
[0.355s] -- Up-to-date symlink: /home/pranav/the_mapper/install/mapper_bringup/share/mapper_bringup/local_setup.sh
[0.356s] -- Up-to-date symlink: /home/pranav/the_mapper/install/mapper_bringup/share/mapper_bringup/local_setup.zsh
[0.356s] -- Up-to-date symlink: /home/pranav/the_mapper/install/mapper_bringup/share/mapper_bringup/local_setup.dsv
[0.356s] -- Symlinking: /home/pranav/the_mapper/install/mapper_bringup/share/mapper_bringup/package.dsv
[0.369s] -- Up-to-date symlink: /home/pranav/the_mapper/install/mapper_bringup/share/ament_index/resource_index/packages/mapper_bringup
[0.369s] -- Up-to-date symlink: /home/pranav/the_mapper/install/mapper_bringup/share/mapper_bringup/cmake/mapper_bringupConfig.cmake
[0.369s] -- Up-to-date symlink: /home/pranav/the_mapper/install/mapper_bringup/share/mapper_bringup/cmake/mapper_bringupConfig-version.cmake
[0.370s] -- Up-to-date symlink: /home/pranav/the_mapper/install/mapper_bringup/share/mapper_bringup/package.xml
[0.373s] Invoked command in '/home/pranav/the_mapper/build/mapper_bringup' returned '0': CMAKE_PREFIX_PATH=/home/pranav/the_mapper/install/mapper_description:/home/pranav/the_mapper/install/mapper_bringup:/home/pranav/the_mapper/install/ground_mapper:/opt/ros/humble /usr/bin/cmake --install /home/pranav/the_mapper/build/mapper_bringup
