[0.102s] DEBUG:colcon:Command line arguments: ['/usr/bin/colcon', 'build', '--symlink-install']
[0.103s] DEBUG:colcon:Parsed command line arguments: Namespace(log_base=None, log_level=None, verb_name='build', build_base='build', install_base='install', merge_install=False, symlink_install=True, test_result_base=None, continue_on_error=False, executor='parallel', parallel_workers=4, event_handlers=None, ignore_user_meta=False, metas=['./colcon.meta'], base_paths=['.'], packages_ignore=None, packages_ignore_regex=None, paths=None, packages_up_to=None, packages_up_to_regex=None, packages_above=None, packages_above_and_dependencies=None, packages_above_depth=None, packages_select_by_dep=None, packages_skip_by_dep=None, packages_skip_up_to=None, packages_select_build_failed=False, packages_skip_build_finished=False, packages_select_test_failures=False, packages_skip_test_passed=False, packages_select=None, packages_skip=None, packages_select_regex=None, packages_skip_regex=None, packages_start=None, packages_end=None, allow_overriding=[], cmake_args=None, cmake_target=None, cmake_target_skip_unavailable=False, cmake_clean_cache=False, cmake_clean_first=False, cmake_force_configure=False, ament_cmake_args=None, catkin_cmake_args=None, catkin_skip_building_tests=False, mixin_files=None, mixin=None, verb_parser=<colcon_mixin.mixin.mixin_argument.MixinArgumentDecorator object at 0x70f908552b90>, verb_extension=<colcon_core.verb.build.BuildVerb object at 0x70f908551cf0>, main=<bound method BuildVerb.main of <colcon_core.verb.build.BuildVerb object at 0x70f908551cf0>>, mixin_verb=('build',))
[0.273s] Level 1:colcon.colcon_core.package_discovery:discover_packages(colcon_meta) check parameters
[0.273s] Level 1:colcon.colcon_core.package_discovery:discover_packages(recursive) check parameters
[0.273s] Level 1:colcon.colcon_core.package_discovery:discover_packages(ignore) check parameters
[0.273s] Level 1:colcon.colcon_core.package_discovery:discover_packages(path) check parameters
[0.273s] Level 1:colcon.colcon_core.package_discovery:discover_packages(colcon_meta) discover
[0.274s] Level 1:colcon.colcon_core.package_discovery:discover_packages(recursive) discover
[0.274s] INFO:colcon.colcon_core.package_discovery:Crawling recursively for packages in '/home/pranav/the_mapper'
[0.274s] Level 1:colcon.colcon_core.package_identification:_identify(.) by extensions ['ignore', 'ignore_ament_install']
[0.274s] Level 1:colcon.colcon_core.package_identification:_identify(.) by extension 'ignore'
[0.274s] Level 1:colcon.colcon_core.package_identification:_identify(.) by extension 'ignore_ament_install'
[0.274s] Level 1:colcon.colcon_core.package_identification:_identify(.) by extensions ['colcon_pkg']
[0.275s] Level 1:colcon.colcon_core.package_identification:_identify(.) by extension 'colcon_pkg'
[0.275s] Level 1:colcon.colcon_core.package_identification:_identify(.) by extensions ['colcon_meta']
[0.275s] Level 1:colcon.colcon_core.package_identification:_identify(.) by extension 'colcon_meta'
[0.275s] Level 1:colcon.colcon_core.package_identification:_identify(.) by extensions ['ros']
[0.275s] Level 1:colcon.colcon_core.package_identification:_identify(.) by extension 'ros'
[0.293s] Level 1:colcon.colcon_core.package_identification:_identify(.) by extensions ['cmake', 'python']
[0.293s] Level 1:colcon.colcon_core.package_identification:_identify(.) by extension 'cmake'
[0.293s] Level 1:colcon.colcon_core.package_identification:_identify(.) by extension 'python'
[0.293s] Level 1:colcon.colcon_core.package_identification:_identify(.) by extensions ['python_setup_py']
[0.293s] Level 1:colcon.colcon_core.package_identification:_identify(.) by extension 'python_setup_py'
[0.293s] Level 1:colcon.colcon_core.package_identification:_identify(build) by extensions ['ignore', 'ignore_ament_install']
[0.293s] Level 1:colcon.colcon_core.package_identification:_identify(build) by extension 'ignore'
[0.293s] Level 1:colcon.colcon_core.package_identification:_identify(build) ignored
[0.294s] Level 1:colcon.colcon_core.package_identification:_identify(install) by extensions ['ignore', 'ignore_ament_install']
[0.294s] Level 1:colcon.colcon_core.package_identification:_identify(install) by extension 'ignore'
[0.294s] Level 1:colcon.colcon_core.package_identification:_identify(install) ignored
[0.294s] Level 1:colcon.colcon_core.package_identification:_identify(log) by extensions ['ignore', 'ignore_ament_install']
[0.294s] Level 1:colcon.colcon_core.package_identification:_identify(log) by extension 'ignore'
[0.294s] Level 1:colcon.colcon_core.package_identification:_identify(log) ignored
[0.294s] Level 1:colcon.colcon_core.package_identification:_identify(src) by extensions ['ignore', 'ignore_ament_install']
[0.294s] Level 1:colcon.colcon_core.package_identification:_identify(src) by extension 'ignore'
[0.294s] Level 1:colcon.colcon_core.package_identification:_identify(src) by extension 'ignore_ament_install'
[0.294s] Level 1:colcon.colcon_core.package_identification:_identify(src) by extensions ['colcon_pkg']
[0.294s] Level 1:colcon.colcon_core.package_identification:_identify(src) by extension 'colcon_pkg'
[0.294s] Level 1:colcon.colcon_core.package_identification:_identify(src) by extensions ['colcon_meta']
[0.294s] Level 1:colcon.colcon_core.package_identification:_identify(src) by extension 'colcon_meta'
[0.294s] Level 1:colcon.colcon_core.package_identification:_identify(src) by extensions ['ros']
[0.294s] Level 1:colcon.colcon_core.package_identification:_identify(src) by extension 'ros'
[0.294s] Level 1:colcon.colcon_core.package_identification:_identify(src) by extensions ['cmake', 'python']
[0.294s] Level 1:colcon.colcon_core.package_identification:_identify(src) by extension 'cmake'
[0.294s] Level 1:colcon.colcon_core.package_identification:_identify(src) by extension 'python'
[0.294s] Level 1:colcon.colcon_core.package_identification:_identify(src) by extensions ['python_setup_py']
[0.294s] Level 1:colcon.colcon_core.package_identification:_identify(src) by extension 'python_setup_py'
[0.295s] Level 1:colcon.colcon_core.package_identification:_identify(src/ground_mapper) by extensions ['ignore', 'ignore_ament_install']
[0.295s] Level 1:colcon.colcon_core.package_identification:_identify(src/ground_mapper) by extension 'ignore'
[0.295s] Level 1:colcon.colcon_core.package_identification:_identify(src/ground_mapper) by extension 'ignore_ament_install'
[0.295s] Level 1:colcon.colcon_core.package_identification:_identify(src/ground_mapper) by extensions ['colcon_pkg']
[0.295s] Level 1:colcon.colcon_core.package_identification:_identify(src/ground_mapper) by extension 'colcon_pkg'
[0.295s] Level 1:colcon.colcon_core.package_identification:_identify(src/ground_mapper) by extensions ['colcon_meta']
[0.295s] Level 1:colcon.colcon_core.package_identification:_identify(src/ground_mapper) by extension 'colcon_meta'
[0.295s] Level 1:colcon.colcon_core.package_identification:_identify(src/ground_mapper) by extensions ['ros']
[0.295s] Level 1:colcon.colcon_core.package_identification:_identify(src/ground_mapper) by extension 'ros'
[0.297s] DEBUG:colcon.colcon_core.package_identification:Package 'src/ground_mapper' with type 'ros.ament_cmake' and name 'ground_mapper'
[0.298s] Level 1:colcon.colcon_core.package_identification:_identify(src/mapper_bringup) by extensions ['ignore', 'ignore_ament_install']
[0.298s] Level 1:colcon.colcon_core.package_identification:_identify(src/mapper_bringup) by extension 'ignore'
[0.298s] Level 1:colcon.colcon_core.package_identification:_identify(src/mapper_bringup) by extension 'ignore_ament_install'
[0.298s] Level 1:colcon.colcon_core.package_identification:_identify(src/mapper_bringup) by extensions ['colcon_pkg']
[0.298s] Level 1:colcon.colcon_core.package_identification:_identify(src/mapper_bringup) by extension 'colcon_pkg'
[0.298s] Level 1:colcon.colcon_core.package_identification:_identify(src/mapper_bringup) by extensions ['colcon_meta']
[0.299s] Level 1:colcon.colcon_core.package_identification:_identify(src/mapper_bringup) by extension 'colcon_meta'
[0.299s] Level 1:colcon.colcon_core.package_identification:_identify(src/mapper_bringup) by extensions ['ros']
[0.299s] Level 1:colcon.colcon_core.package_identification:_identify(src/mapper_bringup) by extension 'ros'
[0.300s] DEBUG:colcon.colcon_core.package_identification:Package 'src/mapper_bringup' with type 'ros.ament_cmake' and name 'mapper_bringup'
[0.300s] Level 1:colcon.colcon_core.package_identification:_identify(src/mapper_description) by extensions ['ignore', 'ignore_ament_install']
[0.300s] Level 1:colcon.colcon_core.package_identification:_identify(src/mapper_description) by extension 'ignore'
[0.300s] Level 1:colcon.colcon_core.package_identification:_identify(src/mapper_description) by extension 'ignore_ament_install'
[0.300s] Level 1:colcon.colcon_core.package_identification:_identify(src/mapper_description) by extensions ['colcon_pkg']
[0.301s] Level 1:colcon.colcon_core.package_identification:_identify(src/mapper_description) by extension 'colcon_pkg'
[0.301s] Level 1:colcon.colcon_core.package_identification:_identify(src/mapper_description) by extensions ['colcon_meta']
[0.301s] Level 1:colcon.colcon_core.package_identification:_identify(src/mapper_description) by extension 'colcon_meta'
[0.301s] Level 1:colcon.colcon_core.package_identification:_identify(src/mapper_description) by extensions ['ros']
[0.301s] Level 1:colcon.colcon_core.package_identification:_identify(src/mapper_description) by extension 'ros'
[0.302s] DEBUG:colcon.colcon_core.package_identification:Package 'src/mapper_description' with type 'ros.ament_cmake' and name 'mapper_description'
[0.302s] Level 1:colcon.colcon_core.package_discovery:discover_packages(recursive) using defaults
[0.302s] Level 1:colcon.colcon_core.package_discovery:discover_packages(ignore) discover
[0.302s] Level 1:colcon.colcon_core.package_discovery:discover_packages(ignore) using defaults
[0.302s] Level 1:colcon.colcon_core.package_discovery:discover_packages(path) discover
[0.302s] Level 1:colcon.colcon_core.package_discovery:discover_packages(path) using defaults
[0.318s] Level 1:colcon.colcon_core.package_discovery:discover_packages(prefix_path) check parameters
[0.318s] Level 1:colcon.colcon_core.package_discovery:discover_packages(prefix_path) discover
[0.320s] DEBUG:colcon.colcon_installed_package_information.package_discovery:Found 3 installed packages in /home/pranav/the_mapper/install
[0.321s] DEBUG:colcon.colcon_installed_package_information.package_discovery:Found 295 installed packages in /opt/ros/humble
[0.323s] Level 1:colcon.colcon_core.package_discovery:discover_packages(prefix_path) using defaults
[0.354s] Level 5:colcon.colcon_core.verb:set package 'ground_mapper' build argument 'cmake_args' from command line to 'None'
[0.355s] Level 5:colcon.colcon_core.verb:set package 'ground_mapper' build argument 'cmake_target' from command line to 'None'
[0.355s] Level 5:colcon.colcon_core.verb:set package 'ground_mapper' build argument 'cmake_target_skip_unavailable' from command line to 'False'
[0.355s] Level 5:colcon.colcon_core.verb:set package 'ground_mapper' build argument 'cmake_clean_cache' from command line to 'False'
[0.355s] Level 5:colcon.colcon_core.verb:set package 'ground_mapper' build argument 'cmake_clean_first' from command line to 'False'
[0.355s] Level 5:colcon.colcon_core.verb:set package 'ground_mapper' build argument 'cmake_force_configure' from command line to 'False'
[0.355s] Level 5:colcon.colcon_core.verb:set package 'ground_mapper' build argument 'ament_cmake_args' from command line to 'None'
[0.356s] Level 5:colcon.colcon_core.verb:set package 'ground_mapper' build argument 'catkin_cmake_args' from command line to 'None'
[0.356s] Level 5:colcon.colcon_core.verb:set package 'ground_mapper' build argument 'catkin_skip_building_tests' from command line to 'False'
[0.356s] DEBUG:colcon.colcon_core.verb:Building package 'ground_mapper' with the following arguments: {'ament_cmake_args': None, 'build_base': '/home/pranav/the_mapper/build/ground_mapper', 'catkin_cmake_args': None, 'catkin_skip_building_tests': False, 'cmake_args': None, 'cmake_clean_cache': False, 'cmake_clean_first': False, 'cmake_force_configure': False, 'cmake_target': None, 'cmake_target_skip_unavailable': False, 'install_base': '/home/pranav/the_mapper/install/ground_mapper', 'merge_install': False, 'path': '/home/pranav/the_mapper/src/ground_mapper', 'symlink_install': True, 'test_result_base': None}
[0.356s] Level 5:colcon.colcon_core.verb:set package 'mapper_description' build argument 'cmake_args' from command line to 'None'
[0.356s] Level 5:colcon.colcon_core.verb:set package 'mapper_description' build argument 'cmake_target' from command line to 'None'
[0.356s] Level 5:colcon.colcon_core.verb:set package 'mapper_description' build argument 'cmake_target_skip_unavailable' from command line to 'False'
[0.356s] Level 5:colcon.colcon_core.verb:set package 'mapper_description' build argument 'cmake_clean_cache' from command line to 'False'
[0.356s] Level 5:colcon.colcon_core.verb:set package 'mapper_description' build argument 'cmake_clean_first' from command line to 'False'
[0.356s] Level 5:colcon.colcon_core.verb:set package 'mapper_description' build argument 'cmake_force_configure' from command line to 'False'
[0.356s] Level 5:colcon.colcon_core.verb:set package 'mapper_description' build argument 'ament_cmake_args' from command line to 'None'
[0.356s] Level 5:colcon.colcon_core.verb:set package 'mapper_description' build argument 'catkin_cmake_args' from command line to 'None'
[0.356s] Level 5:colcon.colcon_core.verb:set package 'mapper_description' build argument 'catkin_skip_building_tests' from command line to 'False'
[0.356s] DEBUG:colcon.colcon_core.verb:Building package 'mapper_description' with the following arguments: {'ament_cmake_args': None, 'build_base': '/home/pranav/the_mapper/build/mapper_description', 'catkin_cmake_args': None, 'catkin_skip_building_tests': False, 'cmake_args': None, 'cmake_clean_cache': False, 'cmake_clean_first': False, 'cmake_force_configure': False, 'cmake_target': None, 'cmake_target_skip_unavailable': False, 'install_base': '/home/pranav/the_mapper/install/mapper_description', 'merge_install': False, 'path': '/home/pranav/the_mapper/src/mapper_description', 'symlink_install': True, 'test_result_base': None}
[0.357s] Level 5:colcon.colcon_core.verb:set package 'mapper_bringup' build argument 'cmake_args' from command line to 'None'
[0.357s] Level 5:colcon.colcon_core.verb:set package 'mapper_bringup' build argument 'cmake_target' from command line to 'None'
[0.357s] Level 5:colcon.colcon_core.verb:set package 'mapper_bringup' build argument 'cmake_target_skip_unavailable' from command line to 'False'
[0.357s] Level 5:colcon.colcon_core.verb:set package 'mapper_bringup' build argument 'cmake_clean_cache' from command line to 'False'
[0.357s] Level 5:colcon.colcon_core.verb:set package 'mapper_bringup' build argument 'cmake_clean_first' from command line to 'False'
[0.357s] Level 5:colcon.colcon_core.verb:set package 'mapper_bringup' build argument 'cmake_force_configure' from command line to 'False'
[0.357s] Level 5:colcon.colcon_core.verb:set package 'mapper_bringup' build argument 'ament_cmake_args' from command line to 'None'
[0.357s] Level 5:colcon.colcon_core.verb:set package 'mapper_bringup' build argument 'catkin_cmake_args' from command line to 'None'
[0.357s] Level 5:colcon.colcon_core.verb:set package 'mapper_bringup' build argument 'catkin_skip_building_tests' from command line to 'False'
[0.357s] DEBUG:colcon.colcon_core.verb:Building package 'mapper_bringup' with the following arguments: {'ament_cmake_args': None, 'build_base': '/home/pranav/the_mapper/build/mapper_bringup', 'catkin_cmake_args': None, 'catkin_skip_building_tests': False, 'cmake_args': None, 'cmake_clean_cache': False, 'cmake_clean_first': False, 'cmake_force_configure': False, 'cmake_target': None, 'cmake_target_skip_unavailable': False, 'install_base': '/home/pranav/the_mapper/install/mapper_bringup', 'merge_install': False, 'path': '/home/pranav/the_mapper/src/mapper_bringup', 'symlink_install': True, 'test_result_base': None}
[0.357s] INFO:colcon.colcon_core.executor:Executing jobs using 'parallel' executor
[0.358s] DEBUG:colcon.colcon_parallel_executor.executor.parallel:run_until_complete
[0.359s] INFO:colcon.colcon_ros.task.ament_cmake.build:Building ROS package in '/home/pranav/the_mapper/src/mapper_description' with build type 'ament_cmake'
[0.359s] INFO:colcon.colcon_cmake.task.cmake.build:Building CMake package in '/home/pranav/the_mapper/src/mapper_description'
[0.361s] INFO:colcon.colcon_core.plugin_system:Skipping extension 'colcon_core.shell.bat': Not used on non-Windows systems
[0.362s] INFO:colcon.colcon_core.shell:Skip shell extension 'powershell' for command environment: Not usable outside of PowerShell
[0.362s] DEBUG:colcon.colcon_core.shell:Skip shell extension 'dsv' for command environment
[0.365s] INFO:colcon.colcon_ros.task.ament_cmake.build:Building ROS package in '/home/pranav/the_mapper/src/ground_mapper' with build type 'ament_cmake'
[0.366s] INFO:colcon.colcon_cmake.task.cmake.build:Building CMake package in '/home/pranav/the_mapper/src/ground_mapper'
[0.366s] INFO:colcon.colcon_core.shell:Skip shell extension 'powershell' for command environment: Not usable outside of PowerShell
[0.366s] DEBUG:colcon.colcon_core.shell:Skip shell extension 'dsv' for command environment
[0.376s] DEBUG:colcon.colcon_core.event_handler.log_command:Invoking command in '/home/pranav/the_mapper/build/mapper_description': CMAKE_PREFIX_PATH=${CMAKE_PREFIX_PATH}:/opt/ros/humble /usr/bin/cmake --build /home/pranav/the_mapper/build/mapper_description -- -j4 -l4
[0.385s] DEBUG:colcon.colcon_core.event_handler.log_command:Invoking command in '/home/pranav/the_mapper/build/ground_mapper': CMAKE_PREFIX_PATH=${CMAKE_PREFIX_PATH}:/opt/ros/humble /usr/bin/cmake --build /home/pranav/the_mapper/build/ground_mapper -- -j4 -l4
[0.427s] DEBUG:colcon.colcon_core.event_handler.log_command:Invoked command in '/home/pranav/the_mapper/build/mapper_description' returned '0': CMAKE_PREFIX_PATH=${CMAKE_PREFIX_PATH}:/opt/ros/humble /usr/bin/cmake --build /home/pranav/the_mapper/build/mapper_description -- -j4 -l4
[0.439s] DEBUG:colcon.colcon_core.event_handler.log_command:Invoking command in '/home/pranav/the_mapper/build/mapper_description': CMAKE_PREFIX_PATH=${CMAKE_PREFIX_PATH}:/opt/ros/humble /usr/bin/cmake --install /home/pranav/the_mapper/build/mapper_description
[0.465s] Level 1:colcon.colcon_core.environment:create_environment_scripts_only(mapper_description)
[0.465s] DEBUG:colcon.colcon_core.event_handler.log_command:Invoked command in '/home/pranav/the_mapper/build/mapper_description' returned '0': CMAKE_PREFIX_PATH=${CMAKE_PREFIX_PATH}:/opt/ros/humble /usr/bin/cmake --install /home/pranav/the_mapper/build/mapper_description
[0.468s] Level 1:colcon.colcon_core.environment:checking '/home/pranav/the_mapper/install/mapper_description' for CMake module files
[0.468s] Level 1:colcon.colcon_core.environment:checking '/home/pranav/the_mapper/install/mapper_description' for CMake config files
[0.469s] Level 1:colcon.colcon_core.shell:create_environment_hook('mapper_description', 'cmake_prefix_path')
[0.469s] INFO:colcon.colcon_core.shell:Creating environment hook '/home/pranav/the_mapper/install/mapper_description/share/mapper_description/hook/cmake_prefix_path.ps1'
[0.470s] INFO:colcon.colcon_core.shell:Creating environment descriptor '/home/pranav/the_mapper/install/mapper_description/share/mapper_description/hook/cmake_prefix_path.dsv'
[0.471s] INFO:colcon.colcon_core.shell:Creating environment hook '/home/pranav/the_mapper/install/mapper_description/share/mapper_description/hook/cmake_prefix_path.sh'
[0.472s] Level 1:colcon.colcon_core.environment:checking '/home/pranav/the_mapper/install/mapper_description/bin'
[0.472s] Level 1:colcon.colcon_core.environment:checking '/home/pranav/the_mapper/install/mapper_description/lib/pkgconfig/mapper_description.pc'
[0.472s] Level 1:colcon.colcon_core.environment:checking '/home/pranav/the_mapper/install/mapper_description/lib/python3.10/site-packages'
[0.472s] Level 1:colcon.colcon_core.environment:checking '/home/pranav/the_mapper/install/mapper_description/bin'
[0.473s] INFO:colcon.colcon_core.shell:Creating package script '/home/pranav/the_mapper/install/mapper_description/share/mapper_description/package.ps1'
[0.473s] INFO:colcon.colcon_core.shell:Creating package descriptor '/home/pranav/the_mapper/install/mapper_description/share/mapper_description/package.dsv'
[0.474s] INFO:colcon.colcon_core.shell:Creating package script '/home/pranav/the_mapper/install/mapper_description/share/mapper_description/package.sh'
[0.475s] INFO:colcon.colcon_core.shell:Creating package script '/home/pranav/the_mapper/install/mapper_description/share/mapper_description/package.bash'
[0.476s] INFO:colcon.colcon_core.shell:Creating package script '/home/pranav/the_mapper/install/mapper_description/share/mapper_description/package.zsh'
[0.477s] Level 1:colcon.colcon_core.environment:create_file_with_runtime_dependencies(/home/pranav/the_mapper/install/mapper_description/share/colcon-core/packages/mapper_description)
[0.478s] Level 1:colcon.colcon_core.environment:create_environment_scripts_only(mapper_description)
[0.478s] Level 1:colcon.colcon_core.environment:checking '/home/pranav/the_mapper/install/mapper_description' for CMake module files
[0.479s] Level 1:colcon.colcon_core.environment:checking '/home/pranav/the_mapper/install/mapper_description' for CMake config files
[0.479s] Level 1:colcon.colcon_core.shell:create_environment_hook('mapper_description', 'cmake_prefix_path')
[0.479s] INFO:colcon.colcon_core.shell:Creating environment hook '/home/pranav/the_mapper/install/mapper_description/share/mapper_description/hook/cmake_prefix_path.ps1'
[0.480s] INFO:colcon.colcon_core.shell:Creating environment descriptor '/home/pranav/the_mapper/install/mapper_description/share/mapper_description/hook/cmake_prefix_path.dsv'
[0.481s] INFO:colcon.colcon_core.shell:Creating environment hook '/home/pranav/the_mapper/install/mapper_description/share/mapper_description/hook/cmake_prefix_path.sh'
[0.482s] Level 1:colcon.colcon_core.environment:checking '/home/pranav/the_mapper/install/mapper_description/bin'
[0.482s] Level 1:colcon.colcon_core.environment:checking '/home/pranav/the_mapper/install/mapper_description/lib/pkgconfig/mapper_description.pc'
[0.482s] Level 1:colcon.colcon_core.environment:checking '/home/pranav/the_mapper/install/mapper_description/lib/python3.10/site-packages'
[0.482s] Level 1:colcon.colcon_core.environment:checking '/home/pranav/the_mapper/install/mapper_description/bin'
[0.482s] INFO:colcon.colcon_core.shell:Creating package script '/home/pranav/the_mapper/install/mapper_description/share/mapper_description/package.ps1'
[0.483s] INFO:colcon.colcon_core.shell:Creating package descriptor '/home/pranav/the_mapper/install/mapper_description/share/mapper_description/package.dsv'
[0.484s] INFO:colcon.colcon_core.shell:Creating package script '/home/pranav/the_mapper/install/mapper_description/share/mapper_description/package.sh'
[0.484s] INFO:colcon.colcon_core.shell:Creating package script '/home/pranav/the_mapper/install/mapper_description/share/mapper_description/package.bash'
[0.485s] INFO:colcon.colcon_core.shell:Creating package script '/home/pranav/the_mapper/install/mapper_description/share/mapper_description/package.zsh'
[0.485s] Level 1:colcon.colcon_core.environment:create_file_with_runtime_dependencies(/home/pranav/the_mapper/install/mapper_description/share/colcon-core/packages/mapper_description)
[0.486s] INFO:colcon.colcon_ros.task.ament_cmake.build:Building ROS package in '/home/pranav/the_mapper/src/mapper_bringup' with build type 'ament_cmake'
[0.486s] INFO:colcon.colcon_cmake.task.cmake.build:Building CMake package in '/home/pranav/the_mapper/src/mapper_bringup'
[0.487s] INFO:colcon.colcon_core.shell:Skip shell extension 'powershell' for command environment: Not usable outside of PowerShell
[0.487s] DEBUG:colcon.colcon_core.shell:Skip shell extension 'dsv' for command environment
[0.501s] DEBUG:colcon.colcon_core.event_handler.log_command:Invoking command in '/home/pranav/the_mapper/build/mapper_bringup': CMAKE_PREFIX_PATH=/home/pranav/the_mapper/install/mapper_description:/home/pranav/the_mapper/install/mapper_bringup:/home/pranav/the_mapper/install/ground_mapper:/opt/ros/humble /usr/bin/cmake --build /home/pranav/the_mapper/build/mapper_bringup -- -j4 -l4
[0.549s] DEBUG:colcon.colcon_core.event_handler.log_command:Invoked command in '/home/pranav/the_mapper/build/mapper_bringup' returned '0': CMAKE_PREFIX_PATH=/home/pranav/the_mapper/install/mapper_description:/home/pranav/the_mapper/install/mapper_bringup:/home/pranav/the_mapper/install/ground_mapper:/opt/ros/humble /usr/bin/cmake --build /home/pranav/the_mapper/build/mapper_bringup -- -j4 -l4
[0.551s] DEBUG:colcon.colcon_core.event_handler.log_command:Invoking command in '/home/pranav/the_mapper/build/mapper_bringup': CMAKE_PREFIX_PATH=/home/pranav/the_mapper/install/mapper_description:/home/pranav/the_mapper/install/mapper_bringup:/home/pranav/the_mapper/install/ground_mapper:/opt/ros/humble /usr/bin/cmake --install /home/pranav/the_mapper/build/mapper_bringup
[0.578s] Level 1:colcon.colcon_core.environment:create_environment_scripts_only(mapper_bringup)
[0.578s] DEBUG:colcon.colcon_core.event_handler.log_command:Invoked command in '/home/pranav/the_mapper/build/mapper_bringup' returned '0': CMAKE_PREFIX_PATH=/home/pranav/the_mapper/install/mapper_description:/home/pranav/the_mapper/install/mapper_bringup:/home/pranav/the_mapper/install/ground_mapper:/opt/ros/humble /usr/bin/cmake --install /home/pranav/the_mapper/build/mapper_bringup
[0.579s] Level 1:colcon.colcon_core.environment:checking '/home/pranav/the_mapper/install/mapper_bringup' for CMake module files
[0.579s] Level 1:colcon.colcon_core.environment:checking '/home/pranav/the_mapper/install/mapper_bringup' for CMake config files
[0.579s] Level 1:colcon.colcon_core.shell:create_environment_hook('mapper_bringup', 'cmake_prefix_path')
[0.580s] INFO:colcon.colcon_core.shell:Creating environment hook '/home/pranav/the_mapper/install/mapper_bringup/share/mapper_bringup/hook/cmake_prefix_path.ps1'
[0.580s] INFO:colcon.colcon_core.shell:Creating environment descriptor '/home/pranav/the_mapper/install/mapper_bringup/share/mapper_bringup/hook/cmake_prefix_path.dsv'
[0.581s] INFO:colcon.colcon_core.shell:Creating environment hook '/home/pranav/the_mapper/install/mapper_bringup/share/mapper_bringup/hook/cmake_prefix_path.sh'
[0.581s] Level 1:colcon.colcon_core.environment:checking '/home/pranav/the_mapper/install/mapper_bringup/bin'
[0.582s] Level 1:colcon.colcon_core.environment:checking '/home/pranav/the_mapper/install/mapper_bringup/lib/pkgconfig/mapper_bringup.pc'
[0.582s] Level 1:colcon.colcon_core.environment:checking '/home/pranav/the_mapper/install/mapper_bringup/lib/python3.10/site-packages'
[0.582s] Level 1:colcon.colcon_core.environment:checking '/home/pranav/the_mapper/install/mapper_bringup/bin'
[0.582s] INFO:colcon.colcon_core.shell:Creating package script '/home/pranav/the_mapper/install/mapper_bringup/share/mapper_bringup/package.ps1'
[0.583s] INFO:colcon.colcon_core.shell:Creating package descriptor '/home/pranav/the_mapper/install/mapper_bringup/share/mapper_bringup/package.dsv'
[0.583s] INFO:colcon.colcon_core.shell:Creating package script '/home/pranav/the_mapper/install/mapper_bringup/share/mapper_bringup/package.sh'
[0.584s] INFO:colcon.colcon_core.shell:Creating package script '/home/pranav/the_mapper/install/mapper_bringup/share/mapper_bringup/package.bash'
[0.585s] INFO:colcon.colcon_core.shell:Creating package script '/home/pranav/the_mapper/install/mapper_bringup/share/mapper_bringup/package.zsh'
[0.585s] Level 1:colcon.colcon_core.environment:create_file_with_runtime_dependencies(/home/pranav/the_mapper/install/mapper_bringup/share/colcon-core/packages/mapper_bringup)
[0.586s] Level 1:colcon.colcon_core.environment:create_environment_scripts_only(mapper_bringup)
[0.586s] Level 1:colcon.colcon_core.environment:checking '/home/pranav/the_mapper/install/mapper_bringup' for CMake module files
[0.587s] Level 1:colcon.colcon_core.environment:checking '/home/pranav/the_mapper/install/mapper_bringup' for CMake config files
[0.588s] Level 1:colcon.colcon_core.shell:create_environment_hook('mapper_bringup', 'cmake_prefix_path')
[0.588s] INFO:colcon.colcon_core.shell:Creating environment hook '/home/pranav/the_mapper/install/mapper_bringup/share/mapper_bringup/hook/cmake_prefix_path.ps1'
[0.588s] INFO:colcon.colcon_core.shell:Creating environment descriptor '/home/pranav/the_mapper/install/mapper_bringup/share/mapper_bringup/hook/cmake_prefix_path.dsv'
[0.589s] INFO:colcon.colcon_core.shell:Creating environment hook '/home/pranav/the_mapper/install/mapper_bringup/share/mapper_bringup/hook/cmake_prefix_path.sh'
[0.590s] Level 1:colcon.colcon_core.environment:checking '/home/pranav/the_mapper/install/mapper_bringup/bin'
[0.590s] Level 1:colcon.colcon_core.environment:checking '/home/pranav/the_mapper/install/mapper_bringup/lib/pkgconfig/mapper_bringup.pc'
[0.590s] Level 1:colcon.colcon_core.environment:checking '/home/pranav/the_mapper/install/mapper_bringup/lib/python3.10/site-packages'
[0.591s] Level 1:colcon.colcon_core.environment:checking '/home/pranav/the_mapper/install/mapper_bringup/bin'
[0.591s] INFO:colcon.colcon_core.shell:Creating package script '/home/pranav/the_mapper/install/mapper_bringup/share/mapper_bringup/package.ps1'
[0.592s] INFO:colcon.colcon_core.shell:Creating package descriptor '/home/pranav/the_mapper/install/mapper_bringup/share/mapper_bringup/package.dsv'
[0.592s] INFO:colcon.colcon_core.shell:Creating package script '/home/pranav/the_mapper/install/mapper_bringup/share/mapper_bringup/package.sh'
[0.593s] INFO:colcon.colcon_core.shell:Creating package script '/home/pranav/the_mapper/install/mapper_bringup/share/mapper_bringup/package.bash'
[0.594s] INFO:colcon.colcon_core.shell:Creating package script '/home/pranav/the_mapper/install/mapper_bringup/share/mapper_bringup/package.zsh'
[0.594s] Level 1:colcon.colcon_core.environment:create_file_with_runtime_dependencies(/home/pranav/the_mapper/install/mapper_bringup/share/colcon-core/packages/mapper_bringup)
[1.278s] DEBUG:colcon.colcon_core.event_handler.log_command:Invoked command in '/home/pranav/the_mapper/build/ground_mapper' returned '2': CMAKE_PREFIX_PATH=${CMAKE_PREFIX_PATH}:/opt/ros/humble /usr/bin/cmake --build /home/pranav/the_mapper/build/ground_mapper -- -j4 -l4
[1.278s] Level 1:colcon.colcon_core.environment:create_environment_scripts_only(ground_mapper)
[1.279s] Level 1:colcon.colcon_core.environment:checking '/home/pranav/the_mapper/install/ground_mapper' for CMake module files
[1.279s] Level 1:colcon.colcon_core.environment:checking '/home/pranav/the_mapper/install/ground_mapper' for CMake config files
[1.279s] Level 1:colcon.colcon_core.shell:create_environment_hook('ground_mapper', 'cmake_prefix_path')
[1.280s] INFO:colcon.colcon_core.shell:Creating environment hook '/home/pranav/the_mapper/install/ground_mapper/share/ground_mapper/hook/cmake_prefix_path.ps1'
[1.280s] INFO:colcon.colcon_core.shell:Creating environment descriptor '/home/pranav/the_mapper/install/ground_mapper/share/ground_mapper/hook/cmake_prefix_path.dsv'
[1.281s] INFO:colcon.colcon_core.shell:Creating environment hook '/home/pranav/the_mapper/install/ground_mapper/share/ground_mapper/hook/cmake_prefix_path.sh'
[1.282s] Level 1:colcon.colcon_core.environment:checking '/home/pranav/the_mapper/install/ground_mapper/lib'
[1.282s] Level 1:colcon.colcon_core.environment:checking '/home/pranav/the_mapper/install/ground_mapper/bin'
[1.282s] Level 1:colcon.colcon_core.environment:checking '/home/pranav/the_mapper/install/ground_mapper/lib/pkgconfig/ground_mapper.pc'
[1.282s] Level 1:colcon.colcon_core.environment:checking '/home/pranav/the_mapper/install/ground_mapper/lib/python3.10/site-packages'
[1.282s] Level 1:colcon.colcon_core.environment:checking '/home/pranav/the_mapper/install/ground_mapper/bin'
[1.283s] INFO:colcon.colcon_core.shell:Creating package script '/home/pranav/the_mapper/install/ground_mapper/share/ground_mapper/package.ps1'
[1.283s] INFO:colcon.colcon_core.shell:Creating package descriptor '/home/pranav/the_mapper/install/ground_mapper/share/ground_mapper/package.dsv'
[1.284s] INFO:colcon.colcon_core.shell:Creating package script '/home/pranav/the_mapper/install/ground_mapper/share/ground_mapper/package.sh'
[1.284s] INFO:colcon.colcon_core.shell:Creating package script '/home/pranav/the_mapper/install/ground_mapper/share/ground_mapper/package.bash'
[1.285s] INFO:colcon.colcon_core.shell:Creating package script '/home/pranav/the_mapper/install/ground_mapper/share/ground_mapper/package.zsh'
[1.285s] Level 1:colcon.colcon_core.environment:create_file_with_runtime_dependencies(/home/pranav/the_mapper/install/ground_mapper/share/colcon-core/packages/ground_mapper)
[1.296s] DEBUG:colcon.colcon_parallel_executor.executor.parallel:closing loop
[1.297s] DEBUG:colcon.colcon_parallel_executor.executor.parallel:loop closed
[1.297s] DEBUG:colcon.colcon_parallel_executor.executor.parallel:run_until_complete finished with '2'
[1.297s] DEBUG:colcon.colcon_core.event_reactor:joining thread
[1.303s] INFO:colcon.colcon_core.plugin_system:Skipping extension 'colcon_notification.desktop_notification.terminal_notifier': Not used on non-Darwin systems
[1.303s] INFO:colcon.colcon_core.plugin_system:Skipping extension 'colcon_notification.desktop_notification.win32': Not used on non-Windows systems
[1.303s] INFO:colcon.colcon_notification.desktop_notification:Sending desktop notification using 'notify2'
[1.314s] DEBUG:colcon.colcon_core.event_reactor:joined thread
[1.315s] INFO:colcon.colcon_core.shell:Creating prefix script '/home/pranav/the_mapper/install/local_setup.ps1'
[1.316s] INFO:colcon.colcon_core.shell:Creating prefix util module '/home/pranav/the_mapper/install/_local_setup_util_ps1.py'
[1.318s] INFO:colcon.colcon_core.shell:Creating prefix chain script '/home/pranav/the_mapper/install/setup.ps1'
[1.319s] INFO:colcon.colcon_core.shell:Creating prefix script '/home/pranav/the_mapper/install/local_setup.sh'
[1.320s] INFO:colcon.colcon_core.shell:Creating prefix util module '/home/pranav/the_mapper/install/_local_setup_util_sh.py'
[1.320s] INFO:colcon.colcon_core.shell:Creating prefix chain script '/home/pranav/the_mapper/install/setup.sh'
[1.321s] INFO:colcon.colcon_core.shell:Creating prefix script '/home/pranav/the_mapper/install/local_setup.bash'
[1.322s] INFO:colcon.colcon_core.shell:Creating prefix chain script '/home/pranav/the_mapper/install/setup.bash'
[1.323s] INFO:colcon.colcon_core.shell:Creating prefix script '/home/pranav/the_mapper/install/local_setup.zsh'
[1.323s] INFO:colcon.colcon_core.shell:Creating prefix chain script '/home/pranav/the_mapper/install/setup.zsh'
