-- Found ament_cmake: 1.3.10 (/opt/ros/humble/share/ament_cmake/cmake)
-- Found rclcpp: 16.0.10 (/opt/ros/humble/share/rclcpp/cmake)
-- Found rosidl_generator_c: 3.1.5 (/opt/ros/humble/share/rosidl_generator_c/cmake)
-- Found rosidl_adapter: 3.1.5 (/opt/ros/humble/share/rosidl_adapter/cmake)
-- Found rosidl_generator_cpp: 3.1.5 (/opt/ros/humble/share/rosidl_generator_cpp/cmake)
-- Using all available rosidl_typesupport_c: rosidl_typesupport_fastrtps_c;rosidl_typesupport_introspection_c
-- Using all available rosidl_typesupport_cpp: rosidl_typesupport_fastrtps_cpp;rosidl_typesupport_introspection_cpp
-- Found rmw_implementation_cmake: 6.1.2 (/opt/ros/humble/share/rmw_implementation_cmake/cmake)
-- Found rmw_cyclonedds_cpp: 1.3.4 (/opt/ros/humble/share/rmw_cyclonedds_cpp/cmake)
-- Using RMW implementation 'rmw_cyclonedds_cpp' as default
-- Found sensor_msgs: 4.2.4 (/opt/ros/humble/share/sensor_msgs/cmake)
-- Found nav_msgs: 4.2.4 (/opt/ros/humble/share/nav_msgs/cmake)
-- Found ament_lint_auto: 0.12.11 (/opt/ros/humble/share/ament_lint_auto/cmake)
-- Added test 'copyright' to check source files copyright and LICENSE
-- Added test 'cppcheck' to perform static code analysis on C / C++ code
-- Configured cppcheck include dirs: 
-- Configured cppcheck exclude dirs and/or files: 
-- Added test 'lint_cmake' to check CMake code style
-- Added test 'uncrustify' to check C / C++ code style
-- Configured uncrustify additional arguments: 
-- Added test 'xmllint' to check XML markup files
-- Configuring done
-- Generating done
-- Build files have been written to: /home/pranav/the_mapper/build/ekf_fusion
[ 50%] [32mBuilding CXX object CMakeFiles/ekf_node.dir/src/ekf_node.cpp.o[0m
[01m[K/home/pranav/the_mapper/src/ekf_fusion/src/ekf_node.cpp:[m[K In member function ‘[01m[Kvoid EKFNode::lidarCallback(sensor_msgs::msg::LaserScan_<std::allocator<void> >::SharedPtr)[m[K’:
[01m[K/home/pranav/the_mapper/src/ekf_fusion/src/ekf_node.cpp:42:26:[m[K [01;31m[Kerror: [m[Kexpected primary-expression before ‘[01m[K...[m[K’ token
   42 |         double lidar_x = [01;31m[K...[m[K;  // Extract from LiDAR processing
      |                          [01;31m[K^~~[m[K
[01m[K/home/pranav/the_mapper/src/ekf_fusion/src/ekf_node.cpp:43:26:[m[K [01;31m[Kerror: [m[Kexpected primary-expression before ‘[01m[K...[m[K’ token
   43 |         double lidar_y = [01;31m[K...[m[K;  // Extract from LiDAR processing
      |                          [01;31m[K^~~[m[K
[01m[K/home/pranav/the_mapper/src/ekf_fusion/src/ekf_node.cpp:40:69:[m[K [01;35m[Kwarning: [m[Kunused parameter ‘[01m[Kmsg[m[K’ [[01;35m[K]8;;https://gcc.gnu.org/onlinedocs/gcc/Warning-Options.html#index-Wunused-parameter-Wunused-parameter]8;;[m[K]
   40 |     void lidarCallback([01;35m[Kconst sensor_msgs::msg::LaserScan::SharedPtr msg[m[K) {
      |                        [01;35m[K~~~~~~~~~~~~~~~~~~~~~~~~~~~~~~~~~~~~~~~~~~~~~^~~[m[K
[01m[K/home/pranav/the_mapper/src/ekf_fusion/src/ekf_node.cpp:[m[K In member function ‘[01m[Kvoid EKFNode::predict(double, double, double, double)[m[K’:
[01m[K/home/pranav/the_mapper/src/ekf_fusion/src/ekf_node.cpp:50:16:[m[K [01;35m[Kwarning: [m[Kunused variable ‘[01m[Kyaw[m[K’ [[01;35m[K]8;;https://gcc.gnu.org/onlinedocs/gcc/Warning-Options.html#index-Wunused-variable-Wunused-variable]8;;[m[K]
   50 |         double [01;35m[Kyaw[m[K = state_(4);
      |                [01;35m[K^~~[m[K
gmake[2]: *** [CMakeFiles/ekf_node.dir/build.make:76: CMakeFiles/ekf_node.dir/src/ekf_node.cpp.o] Error 1
gmake[1]: *** [CMakeFiles/Makefile2:137: CMakeFiles/ekf_node.dir/all] Error 2
gmake: *** [Makefile:146: all] Error 2
