[0.017s] Invoking command in '/home/pranav/the_mapper/build/mapper_description': CMAKE_PREFIX_PATH=${CMAKE_PREFIX_PATH}:/opt/ros/humble /usr/bin/cmake /home/pranav/the_mapper/src/mapper_description -DCMAKE_INSTALL_PREFIX=/home/pranav/the_mapper/install/mapper_description
[0.370s] -- The C compiler identification is GNU 11.4.0
[0.539s] -- The CXX compiler identification is GNU 11.4.0
[0.566s] -- Detecting C compiler ABI info
[0.707s] -- Detecting C compiler ABI info - done
[0.713s] -- Check for working C compiler: /usr/bin/cc - skipped
[0.715s] -- Detecting C compile features
[0.716s] -- Detecting C compile features - done
[0.724s] -- Detecting CXX compiler ABI info
[0.880s] -- Detecting CXX compiler ABI info - done
[0.886s] -- Check for working CXX compiler: /usr/bin/c++ - skipped
[0.886s] -- Detecting CXX compile features
[0.887s] -- Detecting CXX compile features - done
[0.903s] -- Found ament_cmake: 1.3.10 (/opt/ros/humble/share/ament_cmake/cmake)
[1.107s] -- Found Python3: /usr/bin/python3 (found version "3.10.12") found components: Interpreter 
[1.397s] -- Configuring done
[1.399s] -- Generating done
[1.405s] -- Build files have been written to: /home/pranav/the_mapper/build/mapper_description
[1.407s] Invoked command in '/home/pranav/the_mapper/build/mapper_description' returned '0': CMAKE_PREFIX_PATH=${CMAKE_PREFIX_PATH}:/opt/ros/humble /usr/bin/cmake /home/pranav/the_mapper/src/mapper_description -DCMAKE_INSTALL_PREFIX=/home/pranav/the_mapper/install/mapper_description
[1.410s] Invoking command in '/home/pranav/the_mapper/build/mapper_description': CMAKE_PREFIX_PATH=${CMAKE_PREFIX_PATH}:/opt/ros/humble /usr/bin/cmake --build /home/pranav/the_mapper/build/mapper_description -- -j4 -l4
[1.502s] Invoked command in '/home/pranav/the_mapper/build/mapper_description' returned '0': CMAKE_PREFIX_PATH=${CMAKE_PREFIX_PATH}:/opt/ros/humble /usr/bin/cmake --build /home/pranav/the_mapper/build/mapper_description -- -j4 -l4
[1.548s] Invoking command in '/home/pranav/the_mapper/build/mapper_description': CMAKE_PREFIX_PATH=${CMAKE_PREFIX_PATH}:/opt/ros/humble /usr/bin/cmake --install /home/pranav/the_mapper/build/mapper_description
[1.561s] -- Install configuration: ""
[1.561s] -- Installing: /home/pranav/the_mapper/install/mapper_description/share/mapper_description//urdf
[1.561s] -- Installing: /home/pranav/the_mapper/install/mapper_description/share/mapper_description//urdf/sensors.xacro
[1.562s] -- Installing: /home/pranav/the_mapper/install/mapper_description/share/mapper_description//urdf/mobile_base_gazebo.xacro
[1.562s] -- Installing: /home/pranav/the_mapper/install/mapper_description/share/mapper_description//urdf/mapper.urdf.xacro
[1.562s] -- Installing: /home/pranav/the_mapper/install/mapper_description/share/mapper_description//urdf/common_properties.xacro
[1.564s] -- Installing: /home/pranav/the_mapper/install/mapper_description/share/mapper_description//urdf/mobile_base.xacro
[1.564s] -- Installing: /home/pranav/the_mapper/install/mapper_description/share/mapper_description//launch
[1.564s] -- Installing: /home/pranav/the_mapper/install/mapper_description/share/mapper_description//launch/display.launch.xml
[1.564s] -- Installing: /home/pranav/the_mapper/install/mapper_description/share/mapper_description//launch/display.launch.py
[1.564s] -- Installing: /home/pranav/the_mapper/install/mapper_description/share/mapper_description//rviz
[1.565s] -- Installing: /home/pranav/the_mapper/install/mapper_description/share/mapper_description//rviz/urdf_config.rviz
[1.565s] -- Installing: /home/pranav/the_mapper/install/mapper_description/share/ament_index/resource_index/package_run_dependencies/mapper_description
[1.565s] -- Installing: /home/pranav/the_mapper/install/mapper_description/share/ament_index/resource_index/parent_prefix_path/mapper_description
[1.565s] -- Installing: /home/pranav/the_mapper/install/mapper_description/share/mapper_description/environment/ament_prefix_path.sh
[1.565s] -- Installing: /home/pranav/the_mapper/install/mapper_description/share/mapper_description/environment/ament_prefix_path.dsv
[1.567s] -- Installing: /home/pranav/the_mapper/install/mapper_description/share/mapper_description/environment/path.sh
[1.568s] -- Installing: /home/pranav/the_mapper/install/mapper_description/share/mapper_description/environment/path.dsv
[1.568s] -- Installing: /home/pranav/the_mapper/install/mapper_description/share/mapper_description/local_setup.bash
[1.568s] -- Installing: /home/pranav/the_mapper/install/mapper_description/share/mapper_description/local_setup.sh
[1.568s] -- Installing: /home/pranav/the_mapper/install/mapper_description/share/mapper_description/local_setup.zsh
[1.568s] -- Installing: /home/pranav/the_mapper/install/mapper_description/share/mapper_description/local_setup.dsv
[1.569s] -- Installing: /home/pranav/the_mapper/install/mapper_description/share/mapper_description/package.dsv
[1.569s] -- Installing: /home/pranav/the_mapper/install/mapper_description/share/ament_index/resource_index/packages/mapper_description
[1.569s] -- Installing: /home/pranav/the_mapper/install/mapper_description/share/mapper_description/cmake/mapper_descriptionConfig.cmake
[1.570s] -- Installing: /home/pranav/the_mapper/install/mapper_description/share/mapper_description/cmake/mapper_descriptionConfig-version.cmake
[1.571s] -- Installing: /home/pranav/the_mapper/install/mapper_description/share/mapper_description/package.xml
[1.572s] Invoked command in '/home/pranav/the_mapper/build/mapper_description' returned '0': CMAKE_PREFIX_PATH=${CMAKE_PREFIX_PATH}:/opt/ros/humble /usr/bin/cmake --install /home/pranav/the_mapper/build/mapper_description
