[0.025s] Invoking command in '/home/pranav/the_mapper/build/ground_mapper': CMAKE_PREFIX_PATH=${CMAKE_PREFIX_PATH}:/opt/ros/humble /usr/bin/cmake --build /home/pranav/the_mapper/build/ground_mapper -- -j4 -l4
[0.112s] [35m[1mConsolidate compiler generated dependencies of target mapping_node[0m
[0.112s] [35m[1mConsolidate compiler generated dependencies of target pointcloud_saver[0m
[0.153s] [ 50%] Built target mapping_node
[0.161s] [100%] Built target pointcloud_saver
[0.206s] Invoked command in '/home/pranav/the_mapper/build/ground_mapper' returned '0': CMAKE_PREFIX_PATH=${CMAKE_PREFIX_PATH}:/opt/ros/humble /usr/bin/cmake --build /home/pranav/the_mapper/build/ground_mapper -- -j4 -l4
[0.278s] Invoking command in '/home/pranav/the_mapper/build/ground_mapper': CMAKE_PREFIX_PATH=${CMAKE_PREFIX_PATH}:/opt/ros/humble /usr/bin/cmake --install /home/pranav/the_mapper/build/ground_mapper
[0.299s] -- Install configuration: ""
[0.300s] -- Up-to-date: /home/pranav/the_mapper/install/ground_mapper/lib/ground_mapper/pointcloud_saver
[0.300s] -- Up-to-date: /home/pranav/the_mapper/install/ground_mapper/lib/ground_mapper/mapping_node
[0.301s] -- Up-to-date: /home/pranav/the_mapper/install/ground_mapper/share/ground_mapper/launch
[0.301s] -- Up-to-date: /home/pranav/the_mapper/install/ground_mapper/share/ground_mapper/launch/octomap_server.launch.py
[0.302s] -- Up-to-date: /home/pranav/the_mapper/install/ground_mapper/share/ground_mapper/launch/ground_mapping.launch.py
[0.303s] -- Up-to-date: /home/pranav/the_mapper/install/ground_mapper/share/ament_index/resource_index/package_run_dependencies/ground_mapper
[0.303s] -- Up-to-date: /home/pranav/the_mapper/install/ground_mapper/share/ament_index/resource_index/parent_prefix_path/ground_mapper
[0.304s] -- Up-to-date: /home/pranav/the_mapper/install/ground_mapper/share/ground_mapper/environment/ament_prefix_path.sh
[0.304s] -- Up-to-date: /home/pranav/the_mapper/install/ground_mapper/share/ground_mapper/environment/ament_prefix_path.dsv
[0.304s] -- Up-to-date: /home/pranav/the_mapper/install/ground_mapper/share/ground_mapper/environment/path.sh
[0.305s] -- Up-to-date: /home/pranav/the_mapper/install/ground_mapper/share/ground_mapper/environment/path.dsv
[0.305s] -- Up-to-date: /home/pranav/the_mapper/install/ground_mapper/share/ground_mapper/local_setup.bash
[0.305s] -- Up-to-date: /home/pranav/the_mapper/install/ground_mapper/share/ground_mapper/local_setup.sh
[0.305s] -- Up-to-date: /home/pranav/the_mapper/install/ground_mapper/share/ground_mapper/local_setup.zsh
[0.305s] -- Up-to-date: /home/pranav/the_mapper/install/ground_mapper/share/ground_mapper/local_setup.dsv
[0.305s] -- Installing: /home/pranav/the_mapper/install/ground_mapper/share/ground_mapper/package.dsv
[0.305s] -- Up-to-date: /home/pranav/the_mapper/install/ground_mapper/share/ament_index/resource_index/packages/ground_mapper
[0.305s] -- Up-to-date: /home/pranav/the_mapper/install/ground_mapper/share/ground_mapper/cmake/ground_mapperConfig.cmake
[0.305s] -- Up-to-date: /home/pranav/the_mapper/install/ground_mapper/share/ground_mapper/cmake/ground_mapperConfig-version.cmake
[0.306s] -- Up-to-date: /home/pranav/the_mapper/install/ground_mapper/share/ground_mapper/package.xml
[0.310s] Invoked command in '/home/pranav/the_mapper/build/ground_mapper' returned '0': CMAKE_PREFIX_PATH=${CMAKE_PREFIX_PATH}:/opt/ros/humble /usr/bin/cmake --install /home/pranav/the_mapper/build/ground_mapper
