-- Install configuration: ""
-- Up-to-date: /home/pranav/the_mapper/install/mapper_bringup/share/mapper_bringup//launch
-- Up-to-date: /home/pranav/the_mapper/install/mapper_bringup/share/mapper_bringup//launch/gazebo.launch.xml
-- Up-to-date: /home/pranav/the_mapper/install/mapper_bringup/share/mapper_bringup//launch/mapper_gazebo.launch.xml
-- Up-to-date: /home/pranav/the_mapper/install/mapper_bringup/share/mapper_bringup//rviz
-- Up-to-date: /home/pranav/the_mapper/install/mapper_bringup/share/mapper_bringup//rviz/urdf_config.rviz
-- Up-to-date: /home/pranav/the_mapper/install/mapper_bringup/share/mapper_bringup//worlds
-- Up-to-date: /home/pranav/the_mapper/install/mapper_bringup/share/mapper_bringup//worlds/svr.world
-- Up-to-date: /home/pranav/the_mapper/install/mapper_bringup/share/mapper_bringup//worlds/test_world.world
-- Up-to-date: /home/pranav/the_mapper/install/mapper_bringup/share/mapper_bringup//worlds/svr
-- Up-to-date: /home/pranav/the_mapper/install/mapper_bringup/share/mapper_bringup//worlds/svr/model.sdf
-- Up-to-date: /home/pranav/the_mapper/install/mapper_bringup/share/mapper_bringup//worlds/svr/model.config
-- Up-to-date: /home/pranav/the_mapper/install/mapper_bringup/share/ament_index/resource_index/package_run_dependencies/mapper_bringup
-- Up-to-date: /home/pranav/the_mapper/install/mapper_bringup/share/ament_index/resource_index/parent_prefix_path/mapper_bringup
-- Up-to-date: /home/pranav/the_mapper/install/mapper_bringup/share/mapper_bringup/environment/ament_prefix_path.sh
-- Up-to-date: /home/pranav/the_mapper/install/mapper_bringup/share/mapper_bringup/environment/ament_prefix_path.dsv
-- Up-to-date: /home/pranav/the_mapper/install/mapper_bringup/share/mapper_bringup/environment/path.sh
-- Up-to-date: /home/pranav/the_mapper/install/mapper_bringup/share/mapper_bringup/environment/path.dsv
-- Up-to-date: /home/pranav/the_mapper/install/mapper_bringup/share/mapper_bringup/local_setup.bash
-- Up-to-date: /home/pranav/the_mapper/install/mapper_bringup/share/mapper_bringup/local_setup.sh
-- Up-to-date: /home/pranav/the_mapper/install/mapper_bringup/share/mapper_bringup/local_setup.zsh
-- Up-to-date: /home/pranav/the_mapper/install/mapper_bringup/share/mapper_bringup/local_setup.dsv
-- Installing: /home/pranav/the_mapper/install/mapper_bringup/share/mapper_bringup/package.dsv
-- Up-to-date: /home/pranav/the_mapper/install/mapper_bringup/share/ament_index/resource_index/packages/mapper_bringup
-- Up-to-date: /home/pranav/the_mapper/install/mapper_bringup/share/mapper_bringup/cmake/mapper_bringupConfig.cmake
-- Up-to-date: /home/pranav/the_mapper/install/mapper_bringup/share/mapper_bringup/cmake/mapper_bringupConfig-version.cmake
-- Up-to-date: /home/pranav/the_mapper/install/mapper_bringup/share/mapper_bringup/package.xml
