[0.023s] Invoking command in '/home/pranav/the_mapper/build/mapper_bringup': CMAKE_PREFIX_PATH=/home/pranav/the_mapper/install/mapper_description:/home/pranav/the_mapper/install/mapper_bringup:/home/pranav/the_mapper/install/ekf_fusion:/home/pranav/amr/install/amr_bringup:/home/pranav/amr/install/amr_description:/home/pranav/ws/install/usb_cam:/home/pranav/ws/install/my_robot_bringup:/home/pranav/ws/install/my_robot_interfaces:/home/pranav/ws/install/my_cpp_pkg:/home/pranav/project_robot_ws/install/project_robot_description:/home/pranav/project_robot_ws/install/my_robot_bringup:/home/pranav/ws/src/my_robot_interfaces/install/my_robot_interfaces:/home/pranav/ws/install/mypkg:/home/pranav/learning_ws/install/mypkg:/opt/ros/humble /usr/bin/cmake --build /home/pranav/the_mapper/build/mapper_bringup -- -j4 -l4
[0.092s] Invoked command in '/home/pranav/the_mapper/build/mapper_bringup' returned '0': CMAKE_PREFIX_PATH=/home/pranav/the_mapper/install/mapper_description:/home/pranav/the_mapper/install/mapper_bringup:/home/pranav/the_mapper/install/ekf_fusion:/home/pranav/amr/install/amr_bringup:/home/pranav/amr/install/amr_description:/home/pranav/ws/install/usb_cam:/home/pranav/ws/install/my_robot_bringup:/home/pranav/ws/install/my_robot_interfaces:/home/pranav/ws/install/my_cpp_pkg:/home/pranav/project_robot_ws/install/project_robot_description:/home/pranav/project_robot_ws/install/my_robot_bringup:/home/pranav/ws/src/my_robot_interfaces/install/my_robot_interfaces:/home/pranav/ws/install/mypkg:/home/pranav/learning_ws/install/mypkg:/opt/ros/humble /usr/bin/cmake --build /home/pranav/the_mapper/build/mapper_bringup -- -j4 -l4
[0.129s] Invoking command in '/home/pranav/the_mapper/build/mapper_bringup': CMAKE_PREFIX_PATH=/home/pranav/the_mapper/install/mapper_description:/home/pranav/the_mapper/install/mapper_bringup:/home/pranav/the_mapper/install/ekf_fusion:/home/pranav/amr/install/amr_bringup:/home/pranav/amr/install/amr_description:/home/pranav/ws/install/usb_cam:/home/pranav/ws/install/my_robot_bringup:/home/pranav/ws/install/my_robot_interfaces:/home/pranav/ws/install/my_cpp_pkg:/home/pranav/project_robot_ws/install/project_robot_description:/home/pranav/project_robot_ws/install/my_robot_bringup:/home/pranav/ws/src/my_robot_interfaces/install/my_robot_interfaces:/home/pranav/ws/install/mypkg:/home/pranav/learning_ws/install/mypkg:/opt/ros/humble /usr/bin/cmake --install /home/pranav/the_mapper/build/mapper_bringup
[0.141s] -- Install configuration: ""
[0.142s] -- Up-to-date: /home/pranav/the_mapper/install/mapper_bringup/share/mapper_bringup//launch
[0.143s] -- Up-to-date: /home/pranav/the_mapper/install/mapper_bringup/share/mapper_bringup//launch/gazebo.launch.xml
[0.143s] -- Up-to-date: /home/pranav/the_mapper/install/mapper_bringup/share/mapper_bringup//launch/mapper_gazebo.launch.xml
[0.144s] -- Up-to-date: /home/pranav/the_mapper/install/mapper_bringup/share/mapper_bringup//rviz
[0.144s] -- Up-to-date: /home/pranav/the_mapper/install/mapper_bringup/share/mapper_bringup//rviz/urdf_config.rviz
[0.145s] -- Up-to-date: /home/pranav/the_mapper/install/mapper_bringup/share/mapper_bringup//worlds
[0.145s] -- Up-to-date: /home/pranav/the_mapper/install/mapper_bringup/share/mapper_bringup//worlds/svr.world
[0.145s] -- Up-to-date: /home/pranav/the_mapper/install/mapper_bringup/share/mapper_bringup//worlds/test_world.world
[0.146s] -- Up-to-date: /home/pranav/the_mapper/install/mapper_bringup/share/mapper_bringup//worlds/svr
[0.146s] -- Up-to-date: /home/pranav/the_mapper/install/mapper_bringup/share/mapper_bringup//worlds/svr/model.sdf
[0.146s] -- Up-to-date: /home/pranav/the_mapper/install/mapper_bringup/share/mapper_bringup//worlds/svr/model.config
[0.146s] -- Up-to-date: /home/pranav/the_mapper/install/mapper_bringup/share/ament_index/resource_index/package_run_dependencies/mapper_bringup
[0.146s] -- Up-to-date: /home/pranav/the_mapper/install/mapper_bringup/share/ament_index/resource_index/parent_prefix_path/mapper_bringup
[0.147s] -- Up-to-date: /home/pranav/the_mapper/install/mapper_bringup/share/mapper_bringup/environment/ament_prefix_path.sh
[0.148s] -- Up-to-date: /home/pranav/the_mapper/install/mapper_bringup/share/mapper_bringup/environment/ament_prefix_path.dsv
[0.148s] -- Up-to-date: /home/pranav/the_mapper/install/mapper_bringup/share/mapper_bringup/environment/path.sh
[0.149s] -- Up-to-date: /home/pranav/the_mapper/install/mapper_bringup/share/mapper_bringup/environment/path.dsv
[0.149s] -- Up-to-date: /home/pranav/the_mapper/install/mapper_bringup/share/mapper_bringup/local_setup.bash
[0.149s] -- Up-to-date: /home/pranav/the_mapper/install/mapper_bringup/share/mapper_bringup/local_setup.sh
[0.149s] -- Up-to-date: /home/pranav/the_mapper/install/mapper_bringup/share/mapper_bringup/local_setup.zsh
[0.149s] -- Up-to-date: /home/pranav/the_mapper/install/mapper_bringup/share/mapper_bringup/local_setup.dsv
[0.149s] -- Installing: /home/pranav/the_mapper/install/mapper_bringup/share/mapper_bringup/package.dsv
[0.150s] -- Up-to-date: /home/pranav/the_mapper/install/mapper_bringup/share/ament_index/resource_index/packages/mapper_bringup
[0.150s] -- Up-to-date: /home/pranav/the_mapper/install/mapper_bringup/share/mapper_bringup/cmake/mapper_bringupConfig.cmake
[0.150s] -- Up-to-date: /home/pranav/the_mapper/install/mapper_bringup/share/mapper_bringup/cmake/mapper_bringupConfig-version.cmake
[0.153s] -- Up-to-date: /home/pranav/the_mapper/install/mapper_bringup/share/mapper_bringup/package.xml
[0.154s] Invoked command in '/home/pranav/the_mapper/build/mapper_bringup' returned '0': CMAKE_PREFIX_PATH=/home/pranav/the_mapper/install/mapper_description:/home/pranav/the_mapper/install/mapper_bringup:/home/pranav/the_mapper/install/ekf_fusion:/home/pranav/amr/install/amr_bringup:/home/pranav/amr/install/amr_description:/home/pranav/ws/install/usb_cam:/home/pranav/ws/install/my_robot_bringup:/home/pranav/ws/install/my_robot_interfaces:/home/pranav/ws/install/my_cpp_pkg:/home/pranav/project_robot_ws/install/project_robot_description:/home/pranav/project_robot_ws/install/my_robot_bringup:/home/pranav/ws/src/my_robot_interfaces/install/my_robot_interfaces:/home/pranav/ws/install/mypkg:/home/pranav/learning_ws/install/mypkg:/opt/ros/humble /usr/bin/cmake --install /home/pranav/the_mapper/build/mapper_bringup
