[0.025s] Invoking command in '/home/pranav/the_mapper/build/mapper_description': CMAKE_PREFIX_PATH=${CMAKE_PREFIX_PATH}:/opt/ros/humble /usr/bin/cmake /home/pranav/the_mapper/src/mapper_description -DCMAKE_INSTALL_PREFIX=/home/pranav/the_mapper/install/mapper_description
[0.070s] -- Found ament_cmake: 1.3.11 (/opt/ros/humble/share/ament_cmake/cmake)
[0.304s] -- Override CMake install command with custom implementation using symlinks instead of copying resources
[0.512s] -- Configuring done
[0.532s] -- Generating done
[0.541s] -- Build files have been written to: /home/pranav/the_mapper/build/mapper_description
[0.550s] Invoked command in '/home/pranav/the_mapper/build/mapper_description' returned '0': CMAKE_PREFIX_PATH=${CMAKE_PREFIX_PATH}:/opt/ros/humble /usr/bin/cmake /home/pranav/the_mapper/src/mapper_description -DCMAKE_INSTALL_PREFIX=/home/pranav/the_mapper/install/mapper_description
[0.551s] Invoking command in '/home/pranav/the_mapper/build/mapper_description': CMAKE_PREFIX_PATH=${CMAKE_PREFIX_PATH}:/opt/ros/humble /usr/bin/cmake --build /home/pranav/the_mapper/build/mapper_description -- -j4 -l4
[0.645s] Invoked command in '/home/pranav/the_mapper/build/mapper_description' returned '0': CMAKE_PREFIX_PATH=${CMAKE_PREFIX_PATH}:/opt/ros/humble /usr/bin/cmake --build /home/pranav/the_mapper/build/mapper_description -- -j4 -l4
[0.666s] Invoking command in '/home/pranav/the_mapper/build/mapper_description': CMAKE_PREFIX_PATH=${CMAKE_PREFIX_PATH}:/opt/ros/humble /usr/bin/cmake --install /home/pranav/the_mapper/build/mapper_description
[0.684s] -- Install configuration: ""
[0.685s] -- Execute custom install script
[0.686s] -- Up-to-date symlink: /home/pranav/the_mapper/install/mapper_description/share/mapper_description//urdf/common_properties.xacro
[0.686s] -- Up-to-date symlink: /home/pranav/the_mapper/install/mapper_description/share/mapper_description//urdf/mapper.urdf.xacro
[0.686s] -- Up-to-date symlink: /home/pranav/the_mapper/install/mapper_description/share/mapper_description//urdf/mobile_base.xacro
[0.686s] -- Up-to-date symlink: /home/pranav/the_mapper/install/mapper_description/share/mapper_description//urdf/mobile_base_gazebo.xacro
[0.686s] -- Up-to-date symlink: /home/pranav/the_mapper/install/mapper_description/share/mapper_description//urdf/sensors.xacro
[0.686s] -- Up-to-date symlink: /home/pranav/the_mapper/install/mapper_description/share/mapper_description//launch/display.launch.py
[0.687s] -- Up-to-date symlink: /home/pranav/the_mapper/install/mapper_description/share/mapper_description//launch/display.launch.xml
[0.687s] -- Up-to-date symlink: /home/pranav/the_mapper/install/mapper_description/share/mapper_description//rviz/urdf_config.rviz
[0.687s] -- Up-to-date symlink: /home/pranav/the_mapper/install/mapper_description/share/ament_index/resource_index/package_run_dependencies/mapper_description
[0.690s] -- Up-to-date symlink: /home/pranav/the_mapper/install/mapper_description/share/ament_index/resource_index/parent_prefix_path/mapper_description
[0.690s] -- Up-to-date symlink: /home/pranav/the_mapper/install/mapper_description/share/mapper_description/environment/ament_prefix_path.sh
[0.690s] -- Up-to-date symlink: /home/pranav/the_mapper/install/mapper_description/share/mapper_description/environment/ament_prefix_path.dsv
[0.690s] -- Up-to-date symlink: /home/pranav/the_mapper/install/mapper_description/share/mapper_description/environment/path.sh
[0.690s] -- Up-to-date symlink: /home/pranav/the_mapper/install/mapper_description/share/mapper_description/environment/path.dsv
[0.690s] -- Up-to-date symlink: /home/pranav/the_mapper/install/mapper_description/share/mapper_description/local_setup.bash
[0.691s] -- Up-to-date symlink: /home/pranav/the_mapper/install/mapper_description/share/mapper_description/local_setup.sh
[0.691s] -- Up-to-date symlink: /home/pranav/the_mapper/install/mapper_description/share/mapper_description/local_setup.zsh
[0.691s] -- Up-to-date symlink: /home/pranav/the_mapper/install/mapper_description/share/mapper_description/local_setup.dsv
[0.691s] -- Symlinking: /home/pranav/the_mapper/install/mapper_description/share/mapper_description/package.dsv
[0.713s] -- Up-to-date symlink: /home/pranav/the_mapper/install/mapper_description/share/ament_index/resource_index/packages/mapper_description
[0.713s] -- Up-to-date symlink: /home/pranav/the_mapper/install/mapper_description/share/mapper_description/cmake/mapper_descriptionConfig.cmake
[0.713s] -- Up-to-date symlink: /home/pranav/the_mapper/install/mapper_description/share/mapper_description/cmake/mapper_descriptionConfig-version.cmake
[0.714s] -- Up-to-date symlink: /home/pranav/the_mapper/install/mapper_description/share/mapper_description/package.xml
[0.721s] Invoked command in '/home/pranav/the_mapper/build/mapper_description' returned '0': CMAKE_PREFIX_PATH=${CMAKE_PREFIX_PATH}:/opt/ros/humble /usr/bin/cmake --install /home/pranav/the_mapper/build/mapper_description
