[0.015s] Invoking command in '/home/pranav/the_mapper/build/ground_mapper': CMAKE_PREFIX_PATH=${CMAKE_PREFIX_PATH}:/opt/ros/humble /usr/bin/cmake --build /home/pranav/the_mapper/build/ground_mapper -- -j4 -l4
[0.055s] -- Found ament_cmake: 1.3.11 (/opt/ros/humble/share/ament_cmake/cmake)
[0.213s] -- Override CMake install command with custom implementation using symlinks instead of copying resources
[0.248s] -- Found rclcpp: 16.0.11 (/opt/ros/humble/share/rclcpp/cmake)
[0.301s] -- Found rosidl_generator_c: 3.1.6 (/opt/ros/humble/share/rosidl_generator_c/cmake)
[0.306s] -- Found rosidl_adapter: 3.1.6 (/opt/ros/humble/share/rosidl_adapter/cmake)
[0.316s] -- Found rosidl_generator_cpp: 3.1.6 (/opt/ros/humble/share/rosidl_generator_cpp/cmake)
[0.337s] -- Using all available rosidl_typesupport_c: rosidl_typesupport_fastrtps_c;rosidl_typesupport_introspection_c
[0.362s] -- Using all available rosidl_typesupport_cpp: rosidl_typesupport_fastrtps_cpp;rosidl_typesupport_introspection_cpp
[0.414s] -- Found rmw_implementation_cmake: 6.1.2 (/opt/ros/humble/share/rmw_implementation_cmake/cmake)
[0.417s] -- Found rmw_fastrtps_cpp: 6.2.7 (/opt/ros/humble/share/rmw_fastrtps_cpp/cmake)
[0.548s] -- Using RMW implementation 'rmw_fastrtps_cpp' as default
[0.614s] -- Found sensor_msgs: 4.2.4 (/opt/ros/humble/share/sensor_msgs/cmake)
[0.650s] -- Found nav_msgs: 4.2.4 (/opt/ros/humble/share/nav_msgs/cmake)
[0.668s] -- Found tf2: 0.25.9 (/opt/ros/humble/share/tf2/cmake)
[0.675s] -- Found tf2_ros: 0.25.9 (/opt/ros/humble/share/tf2_ros/cmake)
[0.792s] -- Eigen found (include: /usr/include/eigen3, version: 3.4.0)
[0.819s] -- OpenNI found (version: 1.5.4.0, include: /usr/include/ni, lib: /usr/lib/libOpenNI.so;libusb::libusb)
[0.829s] -- OpenNI2 found (version: 2.2.0.33, include: /usr/include/openni2, lib: /usr/lib/x86_64-linux-gnu/libOpenNI2.so;libusb::libusb)
[0.829s] [0m** WARNING ** io features related to pcap will be disabled[0m
[0.829s] [0m** WARNING ** io features related to png will be disabled[0m
[1.272s] -- Eigen found (include: /usr/include/eigen3, version: 3.4.0)
[1.272s] -- looking for PCL_COMMON
[1.272s] -- looking for PCL_OCTREE
[1.273s] -- looking for PCL_IO
[1.275s] -- Found pcl_conversions: 2.4.5 (/opt/ros/humble/share/pcl_conversions/cmake)
[1.386s] -- Configuring done
[1.394s] [31mCMake Error at CMakeLists.txt:19 (add_executable):
[1.394s]   Cannot find source file:
[1.394s] 
[1.394s]     src/test1.py
[1.394s] 
[1.394s]   Tried extensions .c .C .c++ .cc .cpp .cxx .cu .mpp .m .M .mm .ixx .cppm .h
[1.394s]   .hh .h++ .hm .hpp .hxx .in .txx .f .F .for .f77 .f90 .f95 .f03 .hip .ispc
[1.394s] 
[1.395s] [0m
[1.395s] [31mCMake Error at CMakeLists.txt:19 (add_executable):
[1.395s]   No SOURCES given to target: test1
[1.396s] 
[1.396s] [0m
[1.396s] [0mCMake Generate step failed.  Build files cannot be regenerated correctly.[0m
[1.409s] gmake: *** [Makefile:322: cmake_check_build_system] Error 1
[1.412s] Invoked command in '/home/pranav/the_mapper/build/ground_mapper' returned '2': CMAKE_PREFIX_PATH=${CMAKE_PREFIX_PATH}:/opt/ros/humble /usr/bin/cmake --build /home/pranav/the_mapper/build/ground_mapper -- -j4 -l4
