[0.028s] Invoking command in '/home/pranav/the_mapper/build/mapper_description': CMAKE_PREFIX_PATH=/opt/ros/humble /usr/bin/cmake /home/pranav/the_mapper/src/mapper_description -DAMENT_CMAKE_SYMLINK_INSTALL=1 -DCMAKE_INSTALL_PREFIX=/home/pranav/the_mapper/install/mapper_description
[0.101s] -- Found ament_cmake: 1.3.10 (/opt/ros/humble/share/ament_cmake/cmake)
[0.325s] -- Override CMake install command with custom implementation using symlinks instead of copying resources
[0.493s] -- Configuring done
[0.507s] -- Generating done
[0.509s] -- Build files have been written to: /home/pranav/the_mapper/build/mapper_description
[0.516s] Invoked command in '/home/pranav/the_mapper/build/mapper_description' returned '0': CMAKE_PREFIX_PATH=/opt/ros/humble /usr/bin/cmake /home/pranav/the_mapper/src/mapper_description -DAMENT_CMAKE_SYMLINK_INSTALL=1 -DCMAKE_INSTALL_PREFIX=/home/pranav/the_mapper/install/mapper_description
[0.519s] Invoking command in '/home/pranav/the_mapper/build/mapper_description': CMAKE_PREFIX_PATH=/opt/ros/humble /usr/bin/cmake --build /home/pranav/the_mapper/build/mapper_description -- -j4 -l4
[0.601s] Invoked command in '/home/pranav/the_mapper/build/mapper_description' returned '0': CMAKE_PREFIX_PATH=/opt/ros/humble /usr/bin/cmake --build /home/pranav/the_mapper/build/mapper_description -- -j4 -l4
[0.657s] Invoking command in '/home/pranav/the_mapper/build/mapper_description': CMAKE_PREFIX_PATH=/opt/ros/humble /usr/bin/cmake --install /home/pranav/the_mapper/build/mapper_description
[0.671s] -- Install configuration: ""
[0.671s] -- Execute custom install script
[0.672s] -- Symlinking: /home/pranav/the_mapper/install/mapper_description/share/mapper_description//urdf/common_properties.xacro
[0.687s] -- Symlinking: /home/pranav/the_mapper/install/mapper_description/share/mapper_description//urdf/mapper.urdf.xacro
[0.701s] -- Symlinking: /home/pranav/the_mapper/install/mapper_description/share/mapper_description//urdf/mobile_base.xacro
[0.715s] -- Symlinking: /home/pranav/the_mapper/install/mapper_description/share/mapper_description//urdf/mobile_base_gazebo.xacro
[0.730s] -- Symlinking: /home/pranav/the_mapper/install/mapper_description/share/mapper_description//urdf/sensors.xacro
[0.750s] -- Symlinking: /home/pranav/the_mapper/install/mapper_description/share/mapper_description//launch/display.launch.py
[0.765s] -- Symlinking: /home/pranav/the_mapper/install/mapper_description/share/mapper_description//launch/display.launch.xml
[0.779s] -- Symlinking: /home/pranav/the_mapper/install/mapper_description/share/mapper_description//rviz/urdf_config.rviz
[0.790s] -- Symlinking: /home/pranav/the_mapper/install/mapper_description/share/ament_index/resource_index/package_run_dependencies/mapper_description
[0.802s] -- Symlinking: /home/pranav/the_mapper/install/mapper_description/share/ament_index/resource_index/parent_prefix_path/mapper_description
[0.814s] -- Symlinking: /home/pranav/the_mapper/install/mapper_description/share/mapper_description/environment/ament_prefix_path.sh
[0.826s] -- Symlinking: /home/pranav/the_mapper/install/mapper_description/share/mapper_description/environment/ament_prefix_path.dsv
[0.839s] -- Symlinking: /home/pranav/the_mapper/install/mapper_description/share/mapper_description/environment/path.sh
[0.854s] -- Symlinking: /home/pranav/the_mapper/install/mapper_description/share/mapper_description/environment/path.dsv
[0.865s] -- Symlinking: /home/pranav/the_mapper/install/mapper_description/share/mapper_description/local_setup.bash
[0.880s] -- Symlinking: /home/pranav/the_mapper/install/mapper_description/share/mapper_description/local_setup.sh
[0.896s] -- Symlinking: /home/pranav/the_mapper/install/mapper_description/share/mapper_description/local_setup.zsh
[0.910s] -- Symlinking: /home/pranav/the_mapper/install/mapper_description/share/mapper_description/local_setup.dsv
[0.925s] -- Symlinking: /home/pranav/the_mapper/install/mapper_description/share/mapper_description/package.dsv
[0.939s] -- Symlinking: /home/pranav/the_mapper/install/mapper_description/share/ament_index/resource_index/packages/mapper_description
[0.958s] -- Symlinking: /home/pranav/the_mapper/install/mapper_description/share/mapper_description/cmake/mapper_descriptionConfig.cmake
[0.973s] -- Symlinking: /home/pranav/the_mapper/install/mapper_description/share/mapper_description/cmake/mapper_descriptionConfig-version.cmake
[0.991s] -- Symlinking: /home/pranav/the_mapper/install/mapper_description/share/mapper_description/package.xml
[1.007s] Invoked command in '/home/pranav/the_mapper/build/mapper_description' returned '0': CMAKE_PREFIX_PATH=/opt/ros/humble /usr/bin/cmake --install /home/pranav/the_mapper/build/mapper_description
