-- Found ament_cmake: 1.3.10 (/opt/ros/humble/share/ament_cmake/cmake)
-- Override CMake install command with custom implementation using symlinks instead of copying resources
-- Configuring done
-- Generating done
-- Build files have been written to: /home/pranav/the_mapper/build/mapper_description
-- Install configuration: ""
-- Execute custom install script
-- Symlinking: /home/pranav/the_mapper/install/mapper_description/share/mapper_description//urdf/common_properties.xacro
-- Symlinking: /home/pranav/the_mapper/install/mapper_description/share/mapper_description//urdf/mapper.urdf.xacro
-- Symlinking: /home/pranav/the_mapper/install/mapper_description/share/mapper_description//urdf/mobile_base.xacro
-- Symlinking: /home/pranav/the_mapper/install/mapper_description/share/mapper_description//urdf/mobile_base_gazebo.xacro
-- Symlinking: /home/pranav/the_mapper/install/mapper_description/share/mapper_description//urdf/sensors.xacro
-- Symlinking: /home/pranav/the_mapper/install/mapper_description/share/mapper_description//launch/display.launch.py
-- Symlinking: /home/pranav/the_mapper/install/mapper_description/share/mapper_description//launch/display.launch.xml
-- Symlinking: /home/pranav/the_mapper/install/mapper_description/share/mapper_description//rviz/urdf_config.rviz
-- Symlinking: /home/pranav/the_mapper/install/mapper_description/share/ament_index/resource_index/package_run_dependencies/mapper_description
-- Symlinking: /home/pranav/the_mapper/install/mapper_description/share/ament_index/resource_index/parent_prefix_path/mapper_description
-- Symlinking: /home/pranav/the_mapper/install/mapper_description/share/mapper_description/environment/ament_prefix_path.sh
-- Symlinking: /home/pranav/the_mapper/install/mapper_description/share/mapper_description/environment/ament_prefix_path.dsv
-- Symlinking: /home/pranav/the_mapper/install/mapper_description/share/mapper_description/environment/path.sh
-- Symlinking: /home/pranav/the_mapper/install/mapper_description/share/mapper_description/environment/path.dsv
-- Symlinking: /home/pranav/the_mapper/install/mapper_description/share/mapper_description/local_setup.bash
-- Symlinking: /home/pranav/the_mapper/install/mapper_description/share/mapper_description/local_setup.sh
-- Symlinking: /home/pranav/the_mapper/install/mapper_description/share/mapper_description/local_setup.zsh
-- Symlinking: /home/pranav/the_mapper/install/mapper_description/share/mapper_description/local_setup.dsv
-- Symlinking: /home/pranav/the_mapper/install/mapper_description/share/mapper_description/package.dsv
-- Symlinking: /home/pranav/the_mapper/install/mapper_description/share/ament_index/resource_index/packages/mapper_description
-- Symlinking: /home/pranav/the_mapper/install/mapper_description/share/mapper_description/cmake/mapper_descriptionConfig.cmake
-- Symlinking: /home/pranav/the_mapper/install/mapper_description/share/mapper_description/cmake/mapper_descriptionConfig-version.cmake
-- Symlinking: /home/pranav/the_mapper/install/mapper_description/share/mapper_description/package.xml
