[0.027s] Invoking command in '/home/pranav/the_mapper/build/mapper_description': CMAKE_PREFIX_PATH=${CMAKE_PREFIX_PATH}:/opt/ros/humble /usr/bin/cmake /home/pranav/the_mapper/src/mapper_description -DAMENT_CMAKE_SYMLINK_INSTALL=1 -DCMAKE_INSTALL_PREFIX=/home/pranav/the_mapper/install/mapper_description
[0.063s] -- Found ament_cmake: 1.3.10 (/opt/ros/humble/share/ament_cmake/cmake)
[0.242s] -- Override CMake install command with custom implementation using symlinks instead of copying resources
[0.384s] -- Configuring done
[0.393s] -- Generating done
[0.395s] -- Build files have been written to: /home/pranav/the_mapper/build/mapper_description
[0.402s] Invoked command in '/home/pranav/the_mapper/build/mapper_description' returned '0': CMAKE_PREFIX_PATH=${CMAKE_PREFIX_PATH}:/opt/ros/humble /usr/bin/cmake /home/pranav/the_mapper/src/mapper_description -DAMENT_CMAKE_SYMLINK_INSTALL=1 -DCMAKE_INSTALL_PREFIX=/home/pranav/the_mapper/install/mapper_description
[0.408s] Invoking command in '/home/pranav/the_mapper/build/mapper_description': CMAKE_PREFIX_PATH=${CMAKE_PREFIX_PATH}:/opt/ros/humble /usr/bin/cmake --build /home/pranav/the_mapper/build/mapper_description -- -j4 -l4
[0.493s] Invoked command in '/home/pranav/the_mapper/build/mapper_description' returned '0': CMAKE_PREFIX_PATH=${CMAKE_PREFIX_PATH}:/opt/ros/humble /usr/bin/cmake --build /home/pranav/the_mapper/build/mapper_description -- -j4 -l4
[0.551s] Invoking command in '/home/pranav/the_mapper/build/mapper_description': CMAKE_PREFIX_PATH=${CMAKE_PREFIX_PATH}:/opt/ros/humble /usr/bin/cmake --install /home/pranav/the_mapper/build/mapper_description
[0.563s] -- Install configuration: ""
[0.564s] -- Execute custom install script
[0.564s] -- Symlinking: /home/pranav/the_mapper/install/mapper_description/share/mapper_description//urdf/common_properties.xacro
[0.584s] -- Symlinking: /home/pranav/the_mapper/install/mapper_description/share/mapper_description//urdf/mapper.urdf.xacro
[0.602s] -- Symlinking: /home/pranav/the_mapper/install/mapper_description/share/mapper_description//urdf/mobile_base.xacro
[0.615s] -- Symlinking: /home/pranav/the_mapper/install/mapper_description/share/mapper_description//urdf/mobile_base_gazebo.xacro
[0.632s] -- Symlinking: /home/pranav/the_mapper/install/mapper_description/share/mapper_description//urdf/sensors.xacro
[0.647s] -- Symlinking: /home/pranav/the_mapper/install/mapper_description/share/mapper_description//launch/display.launch.py
[0.660s] -- Symlinking: /home/pranav/the_mapper/install/mapper_description/share/mapper_description//launch/display.launch.xml
[0.677s] -- Symlinking: /home/pranav/the_mapper/install/mapper_description/share/mapper_description//rviz/urdf_config.rviz
[0.689s] -- Symlinking: /home/pranav/the_mapper/install/mapper_description/share/ament_index/resource_index/package_run_dependencies/mapper_description
[0.705s] -- Symlinking: /home/pranav/the_mapper/install/mapper_description/share/ament_index/resource_index/parent_prefix_path/mapper_description
[0.720s] -- Symlinking: /home/pranav/the_mapper/install/mapper_description/share/mapper_description/environment/ament_prefix_path.sh
[0.737s] -- Symlinking: /home/pranav/the_mapper/install/mapper_description/share/mapper_description/environment/ament_prefix_path.dsv
[0.751s] -- Symlinking: /home/pranav/the_mapper/install/mapper_description/share/mapper_description/environment/path.sh
[0.765s] -- Symlinking: /home/pranav/the_mapper/install/mapper_description/share/mapper_description/environment/path.dsv
[0.780s] -- Symlinking: /home/pranav/the_mapper/install/mapper_description/share/mapper_description/local_setup.bash
[0.792s] -- Symlinking: /home/pranav/the_mapper/install/mapper_description/share/mapper_description/local_setup.sh
[0.805s] -- Symlinking: /home/pranav/the_mapper/install/mapper_description/share/mapper_description/local_setup.zsh
[0.821s] -- Symlinking: /home/pranav/the_mapper/install/mapper_description/share/mapper_description/local_setup.dsv
[0.837s] -- Symlinking: /home/pranav/the_mapper/install/mapper_description/share/mapper_description/package.dsv
[0.850s] -- Symlinking: /home/pranav/the_mapper/install/mapper_description/share/ament_index/resource_index/packages/mapper_description
[0.863s] -- Symlinking: /home/pranav/the_mapper/install/mapper_description/share/mapper_description/cmake/mapper_descriptionConfig.cmake
[0.876s] -- Symlinking: /home/pranav/the_mapper/install/mapper_description/share/mapper_description/cmake/mapper_descriptionConfig-version.cmake
[0.891s] -- Symlinking: /home/pranav/the_mapper/install/mapper_description/share/mapper_description/package.xml
[0.909s] Invoked command in '/home/pranav/the_mapper/build/mapper_description' returned '0': CMAKE_PREFIX_PATH=${CMAKE_PREFIX_PATH}:/opt/ros/humble /usr/bin/cmake --install /home/pranav/the_mapper/build/mapper_description
