[0.309s] DEBUG:colcon:Command line arguments: ['/usr/bin/colcon', 'build', '--symlink-install']
[0.310s] DEBUG:colcon:Parsed command line arguments: Namespace(log_base=None, log_level=None, verb_name='build', build_base='build', install_base='install', merge_install=False, symlink_install=True, test_result_base=None, continue_on_error=False, executor='parallel', parallel_workers=4, event_handlers=None, ignore_user_meta=False, metas=['./colcon.meta'], base_paths=['.'], packages_ignore=None, packages_ignore_regex=None, paths=None, packages_up_to=None, packages_up_to_regex=None, packages_above=None, packages_above_and_dependencies=None, packages_above_depth=None, packages_select_by_dep=None, packages_skip_by_dep=None, packages_skip_up_to=None, packages_select_build_failed=False, packages_skip_build_finished=False, packages_select_test_failures=False, packages_skip_test_passed=False, packages_select=None, packages_skip=None, packages_select_regex=None, packages_skip_regex=None, packages_start=None, packages_end=None, allow_overriding=[], cmake_args=None, cmake_target=None, cmake_target_skip_unavailable=False, cmake_clean_cache=False, cmake_clean_first=False, cmake_force_configure=False, ament_cmake_args=None, catkin_cmake_args=None, catkin_skip_building_tests=False, mixin_files=None, mixin=None, verb_parser=<colcon_mixin.mixin.mixin_argument.MixinArgumentDecorator object at 0x776da574ace0>, verb_extension=<colcon_core.verb.build.BuildVerb object at 0x776da5749e40>, main=<bound method BuildVerb.main of <colcon_core.verb.build.BuildVerb object at 0x776da5749e40>>, mixin_verb=('build',))
[0.714s] Level 1:colcon.colcon_core.package_discovery:discover_packages(colcon_meta) check parameters
[0.715s] Level 1:colcon.colcon_core.package_discovery:discover_packages(recursive) check parameters
[0.715s] Level 1:colcon.colcon_core.package_discovery:discover_packages(ignore) check parameters
[0.715s] Level 1:colcon.colcon_core.package_discovery:discover_packages(path) check parameters
[0.715s] Level 1:colcon.colcon_core.package_discovery:discover_packages(colcon_meta) discover
[0.715s] Level 1:colcon.colcon_core.package_discovery:discover_packages(recursive) discover
[0.715s] INFO:colcon.colcon_core.package_discovery:Crawling recursively for packages in '/home/pranav/the_mapper'
[0.715s] Level 1:colcon.colcon_core.package_identification:_identify(.) by extensions ['ignore', 'ignore_ament_install']
[0.715s] Level 1:colcon.colcon_core.package_identification:_identify(.) by extension 'ignore'
[0.715s] Level 1:colcon.colcon_core.package_identification:_identify(.) by extension 'ignore_ament_install'
[0.715s] Level 1:colcon.colcon_core.package_identification:_identify(.) by extensions ['colcon_pkg']
[0.715s] Level 1:colcon.colcon_core.package_identification:_identify(.) by extension 'colcon_pkg'
[0.715s] Level 1:colcon.colcon_core.package_identification:_identify(.) by extensions ['colcon_meta']
[0.715s] Level 1:colcon.colcon_core.package_identification:_identify(.) by extension 'colcon_meta'
[0.715s] Level 1:colcon.colcon_core.package_identification:_identify(.) by extensions ['ros']
[0.716s] Level 1:colcon.colcon_core.package_identification:_identify(.) by extension 'ros'
[0.736s] Level 1:colcon.colcon_core.package_identification:_identify(.) by extensions ['cmake', 'python']
[0.736s] Level 1:colcon.colcon_core.package_identification:_identify(.) by extension 'cmake'
[0.737s] Level 1:colcon.colcon_core.package_identification:_identify(.) by extension 'python'
[0.737s] Level 1:colcon.colcon_core.package_identification:_identify(.) by extensions ['python_setup_py']
[0.737s] Level 1:colcon.colcon_core.package_identification:_identify(.) by extension 'python_setup_py'
[0.737s] Level 1:colcon.colcon_core.package_identification:_identify(build) by extensions ['ignore', 'ignore_ament_install']
[0.737s] Level 1:colcon.colcon_core.package_identification:_identify(build) by extension 'ignore'
[0.737s] Level 1:colcon.colcon_core.package_identification:_identify(build) ignored
[0.737s] Level 1:colcon.colcon_core.package_identification:_identify(install) by extensions ['ignore', 'ignore_ament_install']
[0.738s] Level 1:colcon.colcon_core.package_identification:_identify(install) by extension 'ignore'
[0.738s] Level 1:colcon.colcon_core.package_identification:_identify(install) ignored
[0.738s] Level 1:colcon.colcon_core.package_identification:_identify(log) by extensions ['ignore', 'ignore_ament_install']
[0.738s] Level 1:colcon.colcon_core.package_identification:_identify(log) by extension 'ignore'
[0.738s] Level 1:colcon.colcon_core.package_identification:_identify(log) ignored
[0.738s] Level 1:colcon.colcon_core.package_identification:_identify(src) by extensions ['ignore', 'ignore_ament_install']
[0.738s] Level 1:colcon.colcon_core.package_identification:_identify(src) by extension 'ignore'
[0.738s] Level 1:colcon.colcon_core.package_identification:_identify(src) by extension 'ignore_ament_install'
[0.739s] Level 1:colcon.colcon_core.package_identification:_identify(src) by extensions ['colcon_pkg']
[0.739s] Level 1:colcon.colcon_core.package_identification:_identify(src) by extension 'colcon_pkg'
[0.739s] Level 1:colcon.colcon_core.package_identification:_identify(src) by extensions ['colcon_meta']
[0.739s] Level 1:colcon.colcon_core.package_identification:_identify(src) by extension 'colcon_meta'
[0.739s] Level 1:colcon.colcon_core.package_identification:_identify(src) by extensions ['ros']
[0.739s] Level 1:colcon.colcon_core.package_identification:_identify(src) by extension 'ros'
[0.739s] Level 1:colcon.colcon_core.package_identification:_identify(src) by extensions ['cmake', 'python']
[0.739s] Level 1:colcon.colcon_core.package_identification:_identify(src) by extension 'cmake'
[0.739s] Level 1:colcon.colcon_core.package_identification:_identify(src) by extension 'python'
[0.739s] Level 1:colcon.colcon_core.package_identification:_identify(src) by extensions ['python_setup_py']
[0.739s] Level 1:colcon.colcon_core.package_identification:_identify(src) by extension 'python_setup_py'
[0.739s] Level 1:colcon.colcon_core.package_identification:_identify(src/ground_mapper) by extensions ['ignore', 'ignore_ament_install']
[0.739s] Level 1:colcon.colcon_core.package_identification:_identify(src/ground_mapper) by extension 'ignore'
[0.739s] Level 1:colcon.colcon_core.package_identification:_identify(src/ground_mapper) by extension 'ignore_ament_install'
[0.739s] Level 1:colcon.colcon_core.package_identification:_identify(src/ground_mapper) by extensions ['colcon_pkg']
[0.740s] Level 1:colcon.colcon_core.package_identification:_identify(src/ground_mapper) by extension 'colcon_pkg'
[0.740s] Level 1:colcon.colcon_core.package_identification:_identify(src/ground_mapper) by extensions ['colcon_meta']
[0.740s] Level 1:colcon.colcon_core.package_identification:_identify(src/ground_mapper) by extension 'colcon_meta'
[0.740s] Level 1:colcon.colcon_core.package_identification:_identify(src/ground_mapper) by extensions ['ros']
[0.740s] Level 1:colcon.colcon_core.package_identification:_identify(src/ground_mapper) by extension 'ros'
[0.743s] DEBUG:colcon.colcon_core.package_identification:Package 'src/ground_mapper' with type 'ros.ament_cmake' and name 'ground_mapper'
[0.743s] Level 1:colcon.colcon_core.package_identification:_identify(src/mapper_bringup) by extensions ['ignore', 'ignore_ament_install']
[0.744s] Level 1:colcon.colcon_core.package_identification:_identify(src/mapper_bringup) by extension 'ignore'
[0.744s] Level 1:colcon.colcon_core.package_identification:_identify(src/mapper_bringup) by extension 'ignore_ament_install'
[0.744s] Level 1:colcon.colcon_core.package_identification:_identify(src/mapper_bringup) by extensions ['colcon_pkg']
[0.744s] Level 1:colcon.colcon_core.package_identification:_identify(src/mapper_bringup) by extension 'colcon_pkg'
[0.744s] Level 1:colcon.colcon_core.package_identification:_identify(src/mapper_bringup) by extensions ['colcon_meta']
[0.744s] Level 1:colcon.colcon_core.package_identification:_identify(src/mapper_bringup) by extension 'colcon_meta'
[0.744s] Level 1:colcon.colcon_core.package_identification:_identify(src/mapper_bringup) by extensions ['ros']
[0.744s] Level 1:colcon.colcon_core.package_identification:_identify(src/mapper_bringup) by extension 'ros'
[0.745s] DEBUG:colcon.colcon_core.package_identification:Package 'src/mapper_bringup' with type 'ros.ament_cmake' and name 'mapper_bringup'
[0.745s] Level 1:colcon.colcon_core.package_identification:_identify(src/mapper_description) by extensions ['ignore', 'ignore_ament_install']
[0.745s] Level 1:colcon.colcon_core.package_identification:_identify(src/mapper_description) by extension 'ignore'
[0.745s] Level 1:colcon.colcon_core.package_identification:_identify(src/mapper_description) by extension 'ignore_ament_install'
[0.745s] Level 1:colcon.colcon_core.package_identification:_identify(src/mapper_description) by extensions ['colcon_pkg']
[0.746s] Level 1:colcon.colcon_core.package_identification:_identify(src/mapper_description) by extension 'colcon_pkg'
[0.746s] Level 1:colcon.colcon_core.package_identification:_identify(src/mapper_description) by extensions ['colcon_meta']
[0.746s] Level 1:colcon.colcon_core.package_identification:_identify(src/mapper_description) by extension 'colcon_meta'
[0.746s] Level 1:colcon.colcon_core.package_identification:_identify(src/mapper_description) by extensions ['ros']
[0.746s] Level 1:colcon.colcon_core.package_identification:_identify(src/mapper_description) by extension 'ros'
[0.747s] DEBUG:colcon.colcon_core.package_identification:Package 'src/mapper_description' with type 'ros.ament_cmake' and name 'mapper_description'
[0.747s] Level 1:colcon.colcon_core.package_discovery:discover_packages(recursive) using defaults
[0.747s] Level 1:colcon.colcon_core.package_discovery:discover_packages(ignore) discover
[0.747s] Level 1:colcon.colcon_core.package_discovery:discover_packages(ignore) using defaults
[0.747s] Level 1:colcon.colcon_core.package_discovery:discover_packages(path) discover
[0.747s] Level 1:colcon.colcon_core.package_discovery:discover_packages(path) using defaults
[0.776s] Level 1:colcon.colcon_core.package_discovery:discover_packages(prefix_path) check parameters
[0.776s] Level 1:colcon.colcon_core.package_discovery:discover_packages(prefix_path) discover
[0.780s] DEBUG:colcon.colcon_installed_package_information.package_discovery:Found 302 installed packages in /opt/ros/humble
[0.782s] Level 1:colcon.colcon_core.package_discovery:discover_packages(prefix_path) using defaults
[0.817s] Level 5:colcon.colcon_core.verb:set package 'ground_mapper' build argument 'cmake_args' from command line to 'None'
[0.818s] Level 5:colcon.colcon_core.verb:set package 'ground_mapper' build argument 'cmake_target' from command line to 'None'
[0.818s] Level 5:colcon.colcon_core.verb:set package 'ground_mapper' build argument 'cmake_target_skip_unavailable' from command line to 'False'
[0.818s] Level 5:colcon.colcon_core.verb:set package 'ground_mapper' build argument 'cmake_clean_cache' from command line to 'False'
[0.818s] Level 5:colcon.colcon_core.verb:set package 'ground_mapper' build argument 'cmake_clean_first' from command line to 'False'
[0.818s] Level 5:colcon.colcon_core.verb:set package 'ground_mapper' build argument 'cmake_force_configure' from command line to 'False'
[0.818s] Level 5:colcon.colcon_core.verb:set package 'ground_mapper' build argument 'ament_cmake_args' from command line to 'None'
[0.818s] Level 5:colcon.colcon_core.verb:set package 'ground_mapper' build argument 'catkin_cmake_args' from command line to 'None'
[0.818s] Level 5:colcon.colcon_core.verb:set package 'ground_mapper' build argument 'catkin_skip_building_tests' from command line to 'False'
[0.818s] DEBUG:colcon.colcon_core.verb:Building package 'ground_mapper' with the following arguments: {'ament_cmake_args': None, 'build_base': '/home/pranav/the_mapper/build/ground_mapper', 'catkin_cmake_args': None, 'catkin_skip_building_tests': False, 'cmake_args': None, 'cmake_clean_cache': False, 'cmake_clean_first': False, 'cmake_force_configure': False, 'cmake_target': None, 'cmake_target_skip_unavailable': False, 'install_base': '/home/pranav/the_mapper/install/ground_mapper', 'merge_install': False, 'path': '/home/pranav/the_mapper/src/ground_mapper', 'symlink_install': True, 'test_result_base': None}
[0.818s] Level 5:colcon.colcon_core.verb:set package 'mapper_description' build argument 'cmake_args' from command line to 'None'
[0.818s] Level 5:colcon.colcon_core.verb:set package 'mapper_description' build argument 'cmake_target' from command line to 'None'
[0.818s] Level 5:colcon.colcon_core.verb:set package 'mapper_description' build argument 'cmake_target_skip_unavailable' from command line to 'False'
[0.818s] Level 5:colcon.colcon_core.verb:set package 'mapper_description' build argument 'cmake_clean_cache' from command line to 'False'
[0.818s] Level 5:colcon.colcon_core.verb:set package 'mapper_description' build argument 'cmake_clean_first' from command line to 'False'
[0.818s] Level 5:colcon.colcon_core.verb:set package 'mapper_description' build argument 'cmake_force_configure' from command line to 'False'
[0.818s] Level 5:colcon.colcon_core.verb:set package 'mapper_description' build argument 'ament_cmake_args' from command line to 'None'
[0.819s] Level 5:colcon.colcon_core.verb:set package 'mapper_description' build argument 'catkin_cmake_args' from command line to 'None'
[0.819s] Level 5:colcon.colcon_core.verb:set package 'mapper_description' build argument 'catkin_skip_building_tests' from command line to 'False'
[0.819s] DEBUG:colcon.colcon_core.verb:Building package 'mapper_description' with the following arguments: {'ament_cmake_args': None, 'build_base': '/home/pranav/the_mapper/build/mapper_description', 'catkin_cmake_args': None, 'catkin_skip_building_tests': False, 'cmake_args': None, 'cmake_clean_cache': False, 'cmake_clean_first': False, 'cmake_force_configure': False, 'cmake_target': None, 'cmake_target_skip_unavailable': False, 'install_base': '/home/pranav/the_mapper/install/mapper_description', 'merge_install': False, 'path': '/home/pranav/the_mapper/src/mapper_description', 'symlink_install': True, 'test_result_base': None}
[0.819s] Level 5:colcon.colcon_core.verb:set package 'mapper_bringup' build argument 'cmake_args' from command line to 'None'
[0.819s] Level 5:colcon.colcon_core.verb:set package 'mapper_bringup' build argument 'cmake_target' from command line to 'None'
[0.819s] Level 5:colcon.colcon_core.verb:set package 'mapper_bringup' build argument 'cmake_target_skip_unavailable' from command line to 'False'
[0.819s] Level 5:colcon.colcon_core.verb:set package 'mapper_bringup' build argument 'cmake_clean_cache' from command line to 'False'
[0.819s] Level 5:colcon.colcon_core.verb:set package 'mapper_bringup' build argument 'cmake_clean_first' from command line to 'False'
[0.819s] Level 5:colcon.colcon_core.verb:set package 'mapper_bringup' build argument 'cmake_force_configure' from command line to 'False'
[0.819s] Level 5:colcon.colcon_core.verb:set package 'mapper_bringup' build argument 'ament_cmake_args' from command line to 'None'
[0.819s] Level 5:colcon.colcon_core.verb:set package 'mapper_bringup' build argument 'catkin_cmake_args' from command line to 'None'
[0.819s] Level 5:colcon.colcon_core.verb:set package 'mapper_bringup' build argument 'catkin_skip_building_tests' from command line to 'False'
[0.819s] DEBUG:colcon.colcon_core.verb:Building package 'mapper_bringup' with the following arguments: {'ament_cmake_args': None, 'build_base': '/home/pranav/the_mapper/build/mapper_bringup', 'catkin_cmake_args': None, 'catkin_skip_building_tests': False, 'cmake_args': None, 'cmake_clean_cache': False, 'cmake_clean_first': False, 'cmake_force_configure': False, 'cmake_target': None, 'cmake_target_skip_unavailable': False, 'install_base': '/home/pranav/the_mapper/install/mapper_bringup', 'merge_install': False, 'path': '/home/pranav/the_mapper/src/mapper_bringup', 'symlink_install': True, 'test_result_base': None}
[0.819s] INFO:colcon.colcon_core.executor:Executing jobs using 'parallel' executor
[0.821s] DEBUG:colcon.colcon_parallel_executor.executor.parallel:run_until_complete
[0.821s] INFO:colcon.colcon_ros.task.ament_cmake.build:Building ROS package in '/home/pranav/the_mapper/src/mapper_description' with build type 'ament_cmake'
[0.821s] INFO:colcon.colcon_cmake.task.cmake.build:Building CMake package in '/home/pranav/the_mapper/src/mapper_description'
[0.828s] INFO:colcon.colcon_core.plugin_system:Skipping extension 'colcon_core.shell.bat': Not used on non-Windows systems
[0.828s] INFO:colcon.colcon_core.shell:Skip shell extension 'powershell' for command environment: Not usable outside of PowerShell
[0.828s] DEBUG:colcon.colcon_core.shell:Skip shell extension 'dsv' for command environment
[0.832s] INFO:colcon.colcon_ros.task.ament_cmake.build:Building ROS package in '/home/pranav/the_mapper/src/ground_mapper' with build type 'ament_cmake'
[0.832s] INFO:colcon.colcon_cmake.task.cmake.build:Building CMake package in '/home/pranav/the_mapper/src/ground_mapper'
[0.833s] INFO:colcon.colcon_core.shell:Skip shell extension 'powershell' for command environment: Not usable outside of PowerShell
[0.833s] DEBUG:colcon.colcon_core.shell:Skip shell extension 'dsv' for command environment
[0.846s] DEBUG:colcon.colcon_core.event_handler.log_command:Invoking command in '/home/pranav/the_mapper/build/mapper_description': CMAKE_PREFIX_PATH=/opt/ros/humble /usr/bin/cmake --build /home/pranav/the_mapper/build/mapper_description -- -j4 -l4
[0.849s] DEBUG:colcon.colcon_core.event_handler.log_command:Invoking command in '/home/pranav/the_mapper/build/ground_mapper': CMAKE_PREFIX_PATH=/opt/ros/humble /usr/bin/cmake --build /home/pranav/the_mapper/build/ground_mapper -- -j4 -l4
[0.966s] DEBUG:colcon.colcon_core.event_handler.log_command:Invoked command in '/home/pranav/the_mapper/build/mapper_description' returned '0': CMAKE_PREFIX_PATH=/opt/ros/humble /usr/bin/cmake --build /home/pranav/the_mapper/build/mapper_description -- -j4 -l4
[0.982s] DEBUG:colcon.colcon_core.event_handler.log_command:Invoking command in '/home/pranav/the_mapper/build/mapper_description': CMAKE_PREFIX_PATH=/opt/ros/humble /usr/bin/cmake --install /home/pranav/the_mapper/build/mapper_description
[1.044s] Level 1:colcon.colcon_core.environment:create_environment_scripts_only(mapper_description)
[1.044s] DEBUG:colcon.colcon_core.event_handler.log_command:Invoked command in '/home/pranav/the_mapper/build/mapper_description' returned '0': CMAKE_PREFIX_PATH=/opt/ros/humble /usr/bin/cmake --install /home/pranav/the_mapper/build/mapper_description
[1.057s] Level 1:colcon.colcon_core.environment:checking '/home/pranav/the_mapper/install/mapper_description' for CMake module files
[1.058s] Level 1:colcon.colcon_core.environment:checking '/home/pranav/the_mapper/install/mapper_description' for CMake config files
[1.059s] Level 1:colcon.colcon_core.shell:create_environment_hook('mapper_description', 'cmake_prefix_path')
[1.059s] INFO:colcon.colcon_core.shell:Creating environment hook '/home/pranav/the_mapper/install/mapper_description/share/mapper_description/hook/cmake_prefix_path.ps1'
[1.060s] INFO:colcon.colcon_core.shell:Creating environment descriptor '/home/pranav/the_mapper/install/mapper_description/share/mapper_description/hook/cmake_prefix_path.dsv'
[1.061s] INFO:colcon.colcon_core.shell:Creating environment hook '/home/pranav/the_mapper/install/mapper_description/share/mapper_description/hook/cmake_prefix_path.sh'
[1.063s] Level 1:colcon.colcon_core.environment:checking '/home/pranav/the_mapper/install/mapper_description/bin'
[1.063s] Level 1:colcon.colcon_core.environment:checking '/home/pranav/the_mapper/install/mapper_description/lib/pkgconfig/mapper_description.pc'
[1.063s] Level 1:colcon.colcon_core.environment:checking '/home/pranav/the_mapper/install/mapper_description/lib/python3.10/site-packages'
[1.064s] Level 1:colcon.colcon_core.environment:checking '/home/pranav/the_mapper/install/mapper_description/bin'
[1.064s] INFO:colcon.colcon_core.shell:Creating package script '/home/pranav/the_mapper/install/mapper_description/share/mapper_description/package.ps1'
[1.065s] INFO:colcon.colcon_core.shell:Creating package descriptor '/home/pranav/the_mapper/install/mapper_description/share/mapper_description/package.dsv'
[1.066s] INFO:colcon.colcon_core.shell:Creating package script '/home/pranav/the_mapper/install/mapper_description/share/mapper_description/package.sh'
[1.068s] INFO:colcon.colcon_core.shell:Creating package script '/home/pranav/the_mapper/install/mapper_description/share/mapper_description/package.bash'
[1.070s] INFO:colcon.colcon_core.shell:Creating package script '/home/pranav/the_mapper/install/mapper_description/share/mapper_description/package.zsh'
[1.072s] Level 1:colcon.colcon_core.environment:create_file_with_runtime_dependencies(/home/pranav/the_mapper/install/mapper_description/share/colcon-core/packages/mapper_description)
[1.072s] Level 1:colcon.colcon_core.environment:create_environment_scripts_only(mapper_description)
[1.073s] Level 1:colcon.colcon_core.environment:checking '/home/pranav/the_mapper/install/mapper_description' for CMake module files
[1.073s] Level 1:colcon.colcon_core.environment:checking '/home/pranav/the_mapper/install/mapper_description' for CMake config files
[1.074s] Level 1:colcon.colcon_core.shell:create_environment_hook('mapper_description', 'cmake_prefix_path')
[1.074s] INFO:colcon.colcon_core.shell:Creating environment hook '/home/pranav/the_mapper/install/mapper_description/share/mapper_description/hook/cmake_prefix_path.ps1'
[1.075s] INFO:colcon.colcon_core.shell:Creating environment descriptor '/home/pranav/the_mapper/install/mapper_description/share/mapper_description/hook/cmake_prefix_path.dsv'
[1.075s] INFO:colcon.colcon_core.shell:Creating environment hook '/home/pranav/the_mapper/install/mapper_description/share/mapper_description/hook/cmake_prefix_path.sh'
[1.076s] Level 1:colcon.colcon_core.environment:checking '/home/pranav/the_mapper/install/mapper_description/bin'
[1.076s] Level 1:colcon.colcon_core.environment:checking '/home/pranav/the_mapper/install/mapper_description/lib/pkgconfig/mapper_description.pc'
[1.076s] Level 1:colcon.colcon_core.environment:checking '/home/pranav/the_mapper/install/mapper_description/lib/python3.10/site-packages'
[1.076s] Level 1:colcon.colcon_core.environment:checking '/home/pranav/the_mapper/install/mapper_description/bin'
[1.076s] INFO:colcon.colcon_core.shell:Creating package script '/home/pranav/the_mapper/install/mapper_description/share/mapper_description/package.ps1'
[1.077s] INFO:colcon.colcon_core.shell:Creating package descriptor '/home/pranav/the_mapper/install/mapper_description/share/mapper_description/package.dsv'
[1.078s] INFO:colcon.colcon_core.shell:Creating package script '/home/pranav/the_mapper/install/mapper_description/share/mapper_description/package.sh'
[1.078s] INFO:colcon.colcon_core.shell:Creating package script '/home/pranav/the_mapper/install/mapper_description/share/mapper_description/package.bash'
[1.079s] INFO:colcon.colcon_core.shell:Creating package script '/home/pranav/the_mapper/install/mapper_description/share/mapper_description/package.zsh'
[1.079s] Level 1:colcon.colcon_core.environment:create_file_with_runtime_dependencies(/home/pranav/the_mapper/install/mapper_description/share/colcon-core/packages/mapper_description)
[1.079s] INFO:colcon.colcon_ros.task.ament_cmake.build:Building ROS package in '/home/pranav/the_mapper/src/mapper_bringup' with build type 'ament_cmake'
[1.080s] INFO:colcon.colcon_cmake.task.cmake.build:Building CMake package in '/home/pranav/the_mapper/src/mapper_bringup'
[1.080s] INFO:colcon.colcon_core.shell:Skip shell extension 'powershell' for command environment: Not usable outside of PowerShell
[1.080s] DEBUG:colcon.colcon_core.shell:Skip shell extension 'dsv' for command environment
[1.097s] DEBUG:colcon.colcon_core.event_handler.log_command:Invoking command in '/home/pranav/the_mapper/build/mapper_bringup': AMENT_PREFIX_PATH=/home/pranav/the_mapper/install/mapper_description:${AMENT_PREFIX_PATH} CMAKE_PREFIX_PATH=/home/pranav/the_mapper/install/mapper_description:/opt/ros/humble /usr/bin/cmake --build /home/pranav/the_mapper/build/mapper_bringup -- -j4 -l4
[1.156s] DEBUG:colcon.colcon_core.event_handler.log_command:Invoked command in '/home/pranav/the_mapper/build/mapper_bringup' returned '0': AMENT_PREFIX_PATH=/home/pranav/the_mapper/install/mapper_description:${AMENT_PREFIX_PATH} CMAKE_PREFIX_PATH=/home/pranav/the_mapper/install/mapper_description:/opt/ros/humble /usr/bin/cmake --build /home/pranav/the_mapper/build/mapper_bringup -- -j4 -l4
[1.159s] DEBUG:colcon.colcon_core.event_handler.log_command:Invoking command in '/home/pranav/the_mapper/build/mapper_bringup': AMENT_PREFIX_PATH=/home/pranav/the_mapper/install/mapper_description:${AMENT_PREFIX_PATH} CMAKE_PREFIX_PATH=/home/pranav/the_mapper/install/mapper_description:/opt/ros/humble /usr/bin/cmake --install /home/pranav/the_mapper/build/mapper_bringup
[1.165s] DEBUG:colcon.colcon_core.event_handler.log_command:Invoked command in '/home/pranav/the_mapper/build/ground_mapper' returned '0': CMAKE_PREFIX_PATH=/opt/ros/humble /usr/bin/cmake --build /home/pranav/the_mapper/build/ground_mapper -- -j4 -l4
[1.169s] DEBUG:colcon.colcon_core.event_handler.log_command:Invoking command in '/home/pranav/the_mapper/build/ground_mapper': CMAKE_PREFIX_PATH=/opt/ros/humble /usr/bin/cmake --install /home/pranav/the_mapper/build/ground_mapper
[1.208s] Level 1:colcon.colcon_core.environment:create_environment_scripts_only(ground_mapper)
[1.208s] Level 1:colcon.colcon_core.environment:checking '/home/pranav/the_mapper/install/ground_mapper' for CMake module files
[1.209s] DEBUG:colcon.colcon_core.event_handler.log_command:Invoked command in '/home/pranav/the_mapper/build/ground_mapper' returned '0': CMAKE_PREFIX_PATH=/opt/ros/humble /usr/bin/cmake --install /home/pranav/the_mapper/build/ground_mapper
[1.210s] Level 1:colcon.colcon_core.environment:checking '/home/pranav/the_mapper/install/ground_mapper' for CMake config files
[1.210s] Level 1:colcon.colcon_core.shell:create_environment_hook('ground_mapper', 'cmake_prefix_path')
[1.210s] INFO:colcon.colcon_core.shell:Creating environment hook '/home/pranav/the_mapper/install/ground_mapper/share/ground_mapper/hook/cmake_prefix_path.ps1'
[1.211s] INFO:colcon.colcon_core.shell:Creating environment descriptor '/home/pranav/the_mapper/install/ground_mapper/share/ground_mapper/hook/cmake_prefix_path.dsv'
[1.211s] INFO:colcon.colcon_core.shell:Creating environment hook '/home/pranav/the_mapper/install/ground_mapper/share/ground_mapper/hook/cmake_prefix_path.sh'
[1.212s] Level 1:colcon.colcon_core.environment:checking '/home/pranav/the_mapper/install/ground_mapper/lib'
[1.212s] Level 1:colcon.colcon_core.environment:checking '/home/pranav/the_mapper/install/ground_mapper/bin'
[1.213s] Level 1:colcon.colcon_core.environment:checking '/home/pranav/the_mapper/install/ground_mapper/lib/pkgconfig/ground_mapper.pc'
[1.213s] Level 1:colcon.colcon_core.environment:checking '/home/pranav/the_mapper/install/ground_mapper/lib/python3.10/site-packages'
[1.213s] Level 1:colcon.colcon_core.environment:checking '/home/pranav/the_mapper/install/ground_mapper/bin'
[1.213s] INFO:colcon.colcon_core.shell:Creating package script '/home/pranav/the_mapper/install/ground_mapper/share/ground_mapper/package.ps1'
[1.214s] INFO:colcon.colcon_core.shell:Creating package descriptor '/home/pranav/the_mapper/install/ground_mapper/share/ground_mapper/package.dsv'
[1.214s] INFO:colcon.colcon_core.shell:Creating package script '/home/pranav/the_mapper/install/ground_mapper/share/ground_mapper/package.sh'
[1.215s] INFO:colcon.colcon_core.shell:Creating package script '/home/pranav/the_mapper/install/ground_mapper/share/ground_mapper/package.bash'
[1.216s] INFO:colcon.colcon_core.shell:Creating package script '/home/pranav/the_mapper/install/ground_mapper/share/ground_mapper/package.zsh'
[1.216s] Level 1:colcon.colcon_core.environment:create_file_with_runtime_dependencies(/home/pranav/the_mapper/install/ground_mapper/share/colcon-core/packages/ground_mapper)
[1.217s] Level 1:colcon.colcon_core.environment:create_environment_scripts_only(ground_mapper)
[1.217s] Level 1:colcon.colcon_core.environment:checking '/home/pranav/the_mapper/install/ground_mapper' for CMake module files
[1.218s] Level 1:colcon.colcon_core.environment:checking '/home/pranav/the_mapper/install/ground_mapper' for CMake config files
[1.218s] Level 1:colcon.colcon_core.shell:create_environment_hook('ground_mapper', 'cmake_prefix_path')
[1.218s] INFO:colcon.colcon_core.shell:Creating environment hook '/home/pranav/the_mapper/install/ground_mapper/share/ground_mapper/hook/cmake_prefix_path.ps1'
[1.219s] INFO:colcon.colcon_core.shell:Creating environment descriptor '/home/pranav/the_mapper/install/ground_mapper/share/ground_mapper/hook/cmake_prefix_path.dsv'
[1.219s] INFO:colcon.colcon_core.shell:Creating environment hook '/home/pranav/the_mapper/install/ground_mapper/share/ground_mapper/hook/cmake_prefix_path.sh'
[1.220s] Level 1:colcon.colcon_core.environment:checking '/home/pranav/the_mapper/install/ground_mapper/lib'
[1.220s] Level 1:colcon.colcon_core.environment:checking '/home/pranav/the_mapper/install/ground_mapper/bin'
[1.220s] Level 1:colcon.colcon_core.environment:checking '/home/pranav/the_mapper/install/ground_mapper/lib/pkgconfig/ground_mapper.pc'
[1.220s] Level 1:colcon.colcon_core.environment:checking '/home/pranav/the_mapper/install/ground_mapper/lib/python3.10/site-packages'
[1.220s] Level 1:colcon.colcon_core.environment:checking '/home/pranav/the_mapper/install/ground_mapper/bin'
[1.221s] INFO:colcon.colcon_core.shell:Creating package script '/home/pranav/the_mapper/install/ground_mapper/share/ground_mapper/package.ps1'
[1.226s] INFO:colcon.colcon_core.shell:Creating package descriptor '/home/pranav/the_mapper/install/ground_mapper/share/ground_mapper/package.dsv'
[1.227s] INFO:colcon.colcon_core.shell:Creating package script '/home/pranav/the_mapper/install/ground_mapper/share/ground_mapper/package.sh'
[1.228s] INFO:colcon.colcon_core.shell:Creating package script '/home/pranav/the_mapper/install/ground_mapper/share/ground_mapper/package.bash'
[1.228s] INFO:colcon.colcon_core.shell:Creating package script '/home/pranav/the_mapper/install/ground_mapper/share/ground_mapper/package.zsh'
[1.229s] Level 1:colcon.colcon_core.environment:create_file_with_runtime_dependencies(/home/pranav/the_mapper/install/ground_mapper/share/colcon-core/packages/ground_mapper)
[1.231s] Level 1:colcon.colcon_core.environment:create_environment_scripts_only(mapper_bringup)
[1.232s] Level 1:colcon.colcon_core.environment:checking '/home/pranav/the_mapper/install/mapper_bringup' for CMake module files
[1.232s] DEBUG:colcon.colcon_core.event_handler.log_command:Invoked command in '/home/pranav/the_mapper/build/mapper_bringup' returned '0': AMENT_PREFIX_PATH=/home/pranav/the_mapper/install/mapper_description:${AMENT_PREFIX_PATH} CMAKE_PREFIX_PATH=/home/pranav/the_mapper/install/mapper_description:/opt/ros/humble /usr/bin/cmake --install /home/pranav/the_mapper/build/mapper_bringup
[1.233s] Level 1:colcon.colcon_core.environment:checking '/home/pranav/the_mapper/install/mapper_bringup' for CMake config files
[1.233s] Level 1:colcon.colcon_core.shell:create_environment_hook('mapper_bringup', 'cmake_prefix_path')
[1.234s] INFO:colcon.colcon_core.shell:Creating environment hook '/home/pranav/the_mapper/install/mapper_bringup/share/mapper_bringup/hook/cmake_prefix_path.ps1'
[1.234s] INFO:colcon.colcon_core.shell:Creating environment descriptor '/home/pranav/the_mapper/install/mapper_bringup/share/mapper_bringup/hook/cmake_prefix_path.dsv'
[1.235s] INFO:colcon.colcon_core.shell:Creating environment hook '/home/pranav/the_mapper/install/mapper_bringup/share/mapper_bringup/hook/cmake_prefix_path.sh'
[1.236s] Level 1:colcon.colcon_core.environment:checking '/home/pranav/the_mapper/install/mapper_bringup/bin'
[1.236s] Level 1:colcon.colcon_core.environment:checking '/home/pranav/the_mapper/install/mapper_bringup/lib/pkgconfig/mapper_bringup.pc'
[1.236s] Level 1:colcon.colcon_core.environment:checking '/home/pranav/the_mapper/install/mapper_bringup/lib/python3.10/site-packages'
[1.236s] Level 1:colcon.colcon_core.environment:checking '/home/pranav/the_mapper/install/mapper_bringup/bin'
[1.237s] INFO:colcon.colcon_core.shell:Creating package script '/home/pranav/the_mapper/install/mapper_bringup/share/mapper_bringup/package.ps1'
[1.237s] INFO:colcon.colcon_core.shell:Creating package descriptor '/home/pranav/the_mapper/install/mapper_bringup/share/mapper_bringup/package.dsv'
[1.238s] INFO:colcon.colcon_core.shell:Creating package script '/home/pranav/the_mapper/install/mapper_bringup/share/mapper_bringup/package.sh'
[1.238s] INFO:colcon.colcon_core.shell:Creating package script '/home/pranav/the_mapper/install/mapper_bringup/share/mapper_bringup/package.bash'
[1.239s] INFO:colcon.colcon_core.shell:Creating package script '/home/pranav/the_mapper/install/mapper_bringup/share/mapper_bringup/package.zsh'
[1.239s] Level 1:colcon.colcon_core.environment:create_file_with_runtime_dependencies(/home/pranav/the_mapper/install/mapper_bringup/share/colcon-core/packages/mapper_bringup)
[1.240s] Level 1:colcon.colcon_core.environment:create_environment_scripts_only(mapper_bringup)
[1.240s] Level 1:colcon.colcon_core.environment:checking '/home/pranav/the_mapper/install/mapper_bringup' for CMake module files
[1.241s] Level 1:colcon.colcon_core.environment:checking '/home/pranav/the_mapper/install/mapper_bringup' for CMake config files
[1.241s] Level 1:colcon.colcon_core.shell:create_environment_hook('mapper_bringup', 'cmake_prefix_path')
[1.241s] INFO:colcon.colcon_core.shell:Creating environment hook '/home/pranav/the_mapper/install/mapper_bringup/share/mapper_bringup/hook/cmake_prefix_path.ps1'
[1.242s] INFO:colcon.colcon_core.shell:Creating environment descriptor '/home/pranav/the_mapper/install/mapper_bringup/share/mapper_bringup/hook/cmake_prefix_path.dsv'
[1.242s] INFO:colcon.colcon_core.shell:Creating environment hook '/home/pranav/the_mapper/install/mapper_bringup/share/mapper_bringup/hook/cmake_prefix_path.sh'
[1.243s] Level 1:colcon.colcon_core.environment:checking '/home/pranav/the_mapper/install/mapper_bringup/bin'
[1.243s] Level 1:colcon.colcon_core.environment:checking '/home/pranav/the_mapper/install/mapper_bringup/lib/pkgconfig/mapper_bringup.pc'
[1.243s] Level 1:colcon.colcon_core.environment:checking '/home/pranav/the_mapper/install/mapper_bringup/lib/python3.10/site-packages'
[1.244s] Level 1:colcon.colcon_core.environment:checking '/home/pranav/the_mapper/install/mapper_bringup/bin'
[1.244s] INFO:colcon.colcon_core.shell:Creating package script '/home/pranav/the_mapper/install/mapper_bringup/share/mapper_bringup/package.ps1'
[1.245s] INFO:colcon.colcon_core.shell:Creating package descriptor '/home/pranav/the_mapper/install/mapper_bringup/share/mapper_bringup/package.dsv'
[1.245s] INFO:colcon.colcon_core.shell:Creating package script '/home/pranav/the_mapper/install/mapper_bringup/share/mapper_bringup/package.sh'
[1.246s] INFO:colcon.colcon_core.shell:Creating package script '/home/pranav/the_mapper/install/mapper_bringup/share/mapper_bringup/package.bash'
[1.246s] INFO:colcon.colcon_core.shell:Creating package script '/home/pranav/the_mapper/install/mapper_bringup/share/mapper_bringup/package.zsh'
[1.247s] Level 1:colcon.colcon_core.environment:create_file_with_runtime_dependencies(/home/pranav/the_mapper/install/mapper_bringup/share/colcon-core/packages/mapper_bringup)
[1.248s] DEBUG:colcon.colcon_parallel_executor.executor.parallel:closing loop
[1.248s] DEBUG:colcon.colcon_parallel_executor.executor.parallel:loop closed
[1.249s] DEBUG:colcon.colcon_parallel_executor.executor.parallel:run_until_complete finished with '0'
[1.249s] DEBUG:colcon.colcon_core.event_reactor:joining thread
[1.255s] INFO:colcon.colcon_core.plugin_system:Skipping extension 'colcon_notification.desktop_notification.terminal_notifier': Not used on non-Darwin systems
[1.255s] INFO:colcon.colcon_core.plugin_system:Skipping extension 'colcon_notification.desktop_notification.win32': Not used on non-Windows systems
[1.256s] INFO:colcon.colcon_notification.desktop_notification:Sending desktop notification using 'notify2'
[1.344s] DEBUG:colcon.colcon_core.event_reactor:joined thread
[1.345s] INFO:colcon.colcon_core.shell:Creating prefix script '/home/pranav/the_mapper/install/local_setup.ps1'
[1.346s] INFO:colcon.colcon_core.shell:Creating prefix util module '/home/pranav/the_mapper/install/_local_setup_util_ps1.py'
[1.348s] INFO:colcon.colcon_core.shell:Creating prefix chain script '/home/pranav/the_mapper/install/setup.ps1'
[1.349s] INFO:colcon.colcon_core.shell:Creating prefix script '/home/pranav/the_mapper/install/local_setup.sh'
[1.350s] INFO:colcon.colcon_core.shell:Creating prefix util module '/home/pranav/the_mapper/install/_local_setup_util_sh.py'
[1.351s] INFO:colcon.colcon_core.shell:Creating prefix chain script '/home/pranav/the_mapper/install/setup.sh'
[1.353s] INFO:colcon.colcon_core.shell:Creating prefix script '/home/pranav/the_mapper/install/local_setup.bash'
[1.354s] INFO:colcon.colcon_core.shell:Creating prefix chain script '/home/pranav/the_mapper/install/setup.bash'
[1.355s] INFO:colcon.colcon_core.shell:Creating prefix script '/home/pranav/the_mapper/install/local_setup.zsh'
[1.356s] INFO:colcon.colcon_core.shell:Creating prefix chain script '/home/pranav/the_mapper/install/setup.zsh'
