[0.019s] Invoking command in '/home/pranav/the_mapper/build/mapper_description': CMAKE_PREFIX_PATH=/opt/ros/humble /usr/bin/cmake --build /home/pranav/the_mapper/build/mapper_description -- -j4 -l4
[0.137s] Invoked command in '/home/pranav/the_mapper/build/mapper_description' returned '0': CMAKE_PREFIX_PATH=/opt/ros/humble /usr/bin/cmake --build /home/pranav/the_mapper/build/mapper_description -- -j4 -l4
[0.156s] Invoking command in '/home/pranav/the_mapper/build/mapper_description': CMAKE_PREFIX_PATH=/opt/ros/humble /usr/bin/cmake --install /home/pranav/the_mapper/build/mapper_description
[0.166s] -- Install configuration: ""
[0.168s] -- Execute custom install script
[0.171s] -- Up-to-date symlink: /home/pranav/the_mapper/install/mapper_description/share/mapper_description//urdf/common_properties.xacro
[0.171s] -- Up-to-date symlink: /home/pranav/the_mapper/install/mapper_description/share/mapper_description//urdf/mapper.urdf.xacro
[0.172s] -- Up-to-date symlink: /home/pranav/the_mapper/install/mapper_description/share/mapper_description//urdf/mobile_base.xacro
[0.172s] -- Up-to-date symlink: /home/pranav/the_mapper/install/mapper_description/share/mapper_description//urdf/mobile_base_gazebo.xacro
[0.173s] -- Up-to-date symlink: /home/pranav/the_mapper/install/mapper_description/share/mapper_description//urdf/sensors.xacro
[0.174s] -- Up-to-date symlink: /home/pranav/the_mapper/install/mapper_description/share/mapper_description//launch/display.launch.py
[0.174s] -- Up-to-date symlink: /home/pranav/the_mapper/install/mapper_description/share/mapper_description//launch/display.launch.xml
[0.176s] -- Up-to-date symlink: /home/pranav/the_mapper/install/mapper_description/share/mapper_description//rviz/urdf_config.rviz
[0.177s] -- Up-to-date symlink: /home/pranav/the_mapper/install/mapper_description/share/ament_index/resource_index/package_run_dependencies/mapper_description
[0.178s] -- Up-to-date symlink: /home/pranav/the_mapper/install/mapper_description/share/ament_index/resource_index/parent_prefix_path/mapper_description
[0.179s] -- Up-to-date symlink: /home/pranav/the_mapper/install/mapper_description/share/mapper_description/environment/ament_prefix_path.sh
[0.179s] -- Up-to-date symlink: /home/pranav/the_mapper/install/mapper_description/share/mapper_description/environment/ament_prefix_path.dsv
[0.180s] -- Up-to-date symlink: /home/pranav/the_mapper/install/mapper_description/share/mapper_description/environment/path.sh
[0.180s] -- Up-to-date symlink: /home/pranav/the_mapper/install/mapper_description/share/mapper_description/environment/path.dsv
[0.181s] -- Up-to-date symlink: /home/pranav/the_mapper/install/mapper_description/share/mapper_description/local_setup.bash
[0.181s] -- Up-to-date symlink: /home/pranav/the_mapper/install/mapper_description/share/mapper_description/local_setup.sh
[0.182s] -- Up-to-date symlink: /home/pranav/the_mapper/install/mapper_description/share/mapper_description/local_setup.zsh
[0.183s] -- Up-to-date symlink: /home/pranav/the_mapper/install/mapper_description/share/mapper_description/local_setup.dsv
[0.183s] -- Symlinking: /home/pranav/the_mapper/install/mapper_description/share/mapper_description/package.dsv
[0.197s] -- Up-to-date symlink: /home/pranav/the_mapper/install/mapper_description/share/ament_index/resource_index/packages/mapper_description
[0.198s] -- Up-to-date symlink: /home/pranav/the_mapper/install/mapper_description/share/mapper_description/cmake/mapper_descriptionConfig.cmake
[0.199s] -- Up-to-date symlink: /home/pranav/the_mapper/install/mapper_description/share/mapper_description/cmake/mapper_descriptionConfig-version.cmake
[0.200s] -- Up-to-date symlink: /home/pranav/the_mapper/install/mapper_description/share/mapper_description/package.xml
[0.202s] Invoked command in '/home/pranav/the_mapper/build/mapper_description' returned '0': CMAKE_PREFIX_PATH=/opt/ros/humble /usr/bin/cmake --install /home/pranav/the_mapper/build/mapper_description
